<?xml version="1.0" encoding="UTF-8"?>
<testsuite name="com.revolut.controller.ApplicationIntegrationTest" tests="3" skipped="0" failures="0" errors="0" timestamp="2019-09-22T13:17:11" hostname="Home-Lenovo" time="0.452">
  <properties/>
  <testcase name="testAccountNotExist" classname="com.revolut.controller.ApplicationIntegrationTest" time="0.126"/>
  <testcase name="testBalanceTransfer" classname="com.revolut.controller.ApplicationIntegrationTest" time="0.236"/>
  <testcase name="testInsufficientFunds" classname="com.revolut.controller.ApplicationIntegrationTest" time="0.09"/>
  <system-out><![CDATA[14:17:09.412 [Test worker] DEBUG com.revolut.Application - config tree:
??? merge of system properties
 ??? args
  ??? org/jooby/spi/server.conf @ jar:file:/C:/Users/hiran/.gradle/caches/modules-2/files-2.1/org.jooby/jooby-jetty/1.1.3/5e5db5c91a2a25eac189efc4a3a570f62cffa01a/jooby-jetty-1.1.3.jar!/org/jooby/spi/server.conf
   ??? org/jooby/mime.properties @ jar:file:/C:/Users/hiran/.gradle/caches/modules-2/files-2.1/org.jooby/jooby/1.1.3/22aefe616c6679d308c1e7930b60137aafe68257/jooby-1.1.3.jar!/org/jooby/mime.properties
    ??? org/jooby/jooby.conf @ jar:file:/C:/Users/hiran/.gradle/caches/modules-2/files-2.1/org.jooby/jooby/1.1.3/22aefe616c6679d308c1e7930b60137aafe68257/jooby-1.1.3.jar!/org/jooby/jooby.conf: 1

14:17:09.448 [Test worker] DEBUG org.eclipse.jetty.util.log - Logging to Logger[org.eclipse.jetty.util.log] via org.eclipse.jetty.util.log.Slf4jLog
14:17:09.451 [Test worker] INFO org.eclipse.jetty.util.log - Logging initialized @1473ms to org.eclipse.jetty.util.log.Slf4jLog
14:17:09.460 [Test worker] DEBUG org.jooby.spi.Server - QueuedThreadPool.setMinThreads(4)
14:17:09.461 [Test worker] DEBUG org.jooby.spi.Server - QueuedThreadPool.setIdleTimeout(60000)
14:17:09.461 [Test worker] DEBUG org.jooby.spi.Server - QueuedThreadPool.setMaxThreads(32)
14:17:09.461 [Test worker] DEBUG org.jooby.spi.Server - QueuedThreadPool.setName(jetty task)
14:17:09.471 [Test worker] DEBUG org.eclipse.jetty.util.component.ContainerLifeCycle - org.eclipse.jetty.server.Server@11daaf added {jetty task{STOPPED,4<=0<=32,i=0,q=0},AUTO}
14:17:09.484 [Test worker] DEBUG org.jooby.spi.Server - HttpConfiguration.setRequestHeaderSize(8192)
14:17:09.485 [Test worker] DEBUG org.jooby.spi.Server - HttpConfiguration.setSendXPoweredBy(false)
14:17:09.485 [Test worker] DEBUG org.jooby.spi.Server - HttpConfiguration.setHeaderCacheSize(8192)
14:17:09.485 [Test worker] DEBUG org.jooby.spi.Server - HttpConfiguration.setSendServerVersion(false)
14:17:09.485 [Test worker] DEBUG org.jooby.spi.Server - HttpConfiguration.setSendDateHeader(false)
14:17:09.485 [Test worker] DEBUG org.jooby.spi.Server - HttpConfiguration.setOutputBufferSize(16384)
14:17:09.486 [Test worker] DEBUG org.jooby.spi.Server - HttpConfiguration.setResponseHeaderSize(8192)
14:17:09.498 [Test worker] DEBUG org.eclipse.jetty.util.component.ContainerLifeCycle - HttpConnectionFactory@4edb3e8d[HTTP/1.1] added {HttpConfiguration@496e26f3{16384/4096,8192/8192,https://:0,[]},POJO}
14:17:09.501 [Test worker] DEBUG org.eclipse.jetty.util.component.ContainerLifeCycle - ServerConnector@53bd4614{null,[]}{0.0.0.0:0} added {org.eclipse.jetty.server.Server@11daaf,UNMANAGED}
14:17:09.502 [Test worker] DEBUG org.eclipse.jetty.util.component.ContainerLifeCycle - ServerConnector@53bd4614{null,[]}{0.0.0.0:0} added {jetty task{STOPPED,4<=0<=32,i=0,q=0},AUTO}
14:17:09.503 [Test worker] DEBUG org.eclipse.jetty.util.component.ContainerLifeCycle - ServerConnector@53bd4614{null,[]}{0.0.0.0:0} added {org.eclipse.jetty.util.thread.ScheduledExecutorScheduler@47909c2d,AUTO}
14:17:09.503 [Test worker] DEBUG org.eclipse.jetty.util.component.ContainerLifeCycle - ServerConnector@53bd4614{null,[]}{0.0.0.0:0} added {org.eclipse.jetty.io.ArrayByteBufferPool@3407398a,POJO}
14:17:09.504 [Test worker] DEBUG org.eclipse.jetty.util.component.ContainerLifeCycle - ServerConnector@53bd4614{null,[http/1.1]}{0.0.0.0:0} added {HttpConnectionFactory@4edb3e8d[HTTP/1.1],AUTO}
14:17:09.505 [Test worker] DEBUG org.eclipse.jetty.server.AbstractConnector - ServerConnector@53bd4614{HTTP/1.1,[http/1.1]}{0.0.0.0:0} added HttpConnectionFactory@4edb3e8d[HTTP/1.1]
14:17:09.506 [Test worker] DEBUG org.eclipse.jetty.util.component.ContainerLifeCycle - ServerConnector@53bd4614{HTTP/1.1,[http/1.1]}{0.0.0.0:0} added {org.eclipse.jetty.server.ServerConnector$ServerConnectorManager@30ab28be,MANAGED}
14:17:09.508 [Test worker] DEBUG org.jooby.spi.Server - ServerConnector.setSoLingerTime(-1)
14:17:09.508 [Test worker] DEBUG org.jooby.spi.Server - ServerConnector.setIdleTimeout(0)
14:17:09.509 [Test worker] DEBUG org.jooby.spi.Server - ServerConnector.setStopTimeout(30000)
14:17:09.509 [Test worker] DEBUG org.jooby.spi.Server - ServerConnector.setAcceptQueueSize(0)
14:17:09.509 [Test worker] DEBUG org.eclipse.jetty.util.component.ContainerLifeCycle - org.eclipse.jetty.server.Server@11daaf added {ServerConnector@53bd4614{HTTP/1.1,[http/1.1]}{localhost:8080},AUTO}
14:17:09.518 [Test worker] DEBUG org.jooby.spi.Server - WebSocketPolicy.setAsyncWriteTimeout(60000)
14:17:09.518 [Test worker] DEBUG org.jooby.spi.Server - WebSocketPolicy.setIdleTimeout(300000)
14:17:09.519 [Test worker] DEBUG org.jooby.spi.Server - WebSocketPolicy.setMaxBinaryMessageBufferSize(32768)
14:17:09.519 [Test worker] DEBUG org.jooby.spi.Server - WebSocketPolicy.setMaxTextMessageSize(16384)
14:17:09.519 [Test worker] DEBUG org.jooby.spi.Server - WebSocketPolicy.setMaxBinaryMessageSize(16384)
14:17:09.519 [Test worker] DEBUG org.jooby.spi.Server - WebSocketPolicy.setMaxTextMessageBufferSize(32768)
14:17:09.520 [Test worker] DEBUG org.jooby.spi.Server - WebSocketPolicy.setInputBufferSize(4096)
14:17:09.528 [Test worker] DEBUG org.eclipse.jetty.util.component.ContainerLifeCycle - org.eclipse.jetty.websocket.server.WebSocketServerFactory@762f7b73 added {org.eclipse.jetty.util.thread.ScheduledExecutorScheduler@3e2dfe61,AUTO}
14:17:09.529 [Test worker] DEBUG org.eclipse.jetty.util.component.ContainerLifeCycle - org.eclipse.jetty.websocket.server.WebSocketServerFactory@762f7b73 added {org.eclipse.jetty.io.MappedByteBufferPool@10935129,POJO}
14:17:09.548 [Test worker] DEBUG org.eclipse.jetty.util.component.ContainerLifeCycle - org.jooby.internal.jetty.JettyHandler@3f024c6a added {org.eclipse.jetty.websocket.server.WebSocketServerFactory@762f7b73,MANAGED}
14:17:09.548 [Test worker] DEBUG org.eclipse.jetty.util.component.ContainerLifeCycle - o.e.j.s.h.ContextHandler@38453928{/,null,null} added {org.jooby.internal.jetty.JettyHandler@3f024c6a,MANAGED}
14:17:09.549 [Test worker] DEBUG org.eclipse.jetty.util.component.ContainerLifeCycle - org.eclipse.jetty.server.Server@11daaf added {o.e.j.s.h.ContextHandler@38453928{/,null,null},MANAGED}
14:17:09.549 [Test worker] DEBUG org.eclipse.jetty.util.component.AbstractLifeCycle - starting org.eclipse.jetty.server.Server@11daaf
14:17:09.551 [Test worker] DEBUG org.eclipse.jetty.util.component.ContainerLifeCycle - org.eclipse.jetty.server.Server@11daaf added {org.eclipse.jetty.server.handler.ErrorHandler@2f7963f8,AUTO}
14:17:09.552 [Test worker] INFO org.eclipse.jetty.server.Server - jetty-9.4.3.v20170317
14:17:09.563 [Test worker] DEBUG org.eclipse.jetty.server.handler.AbstractHandler - starting org.eclipse.jetty.server.Server@11daaf
14:17:09.563 [Test worker] DEBUG org.eclipse.jetty.util.component.AbstractLifeCycle - starting jetty task{STOPPED,4<=0<=32,i=0,q=0}
14:17:09.564 [Test worker] DEBUG org.eclipse.jetty.util.component.AbstractLifeCycle - STARTED @1586ms jetty task{STARTED,4<=4<=32,i=0,q=0}
14:17:09.564 [Test worker] DEBUG org.eclipse.jetty.util.component.AbstractLifeCycle - starting o.e.j.s.h.ContextHandler@38453928{/,null,null}
14:17:09.573 [Test worker] DEBUG org.eclipse.jetty.http.PreEncodedHttpField - HttpField encoders loaded: [org.eclipse.jetty.http.Http1FieldPreEncoder@fe39984, org.eclipse.jetty.http2.hpack.HpackFieldPreEncoder@52ef0b21]
14:17:09.585 [Test worker] DEBUG org.eclipse.jetty.server.handler.AbstractHandler - starting o.e.j.s.h.ContextHandler@38453928{/,null,STARTING}
14:17:09.585 [Test worker] DEBUG org.eclipse.jetty.util.component.AbstractLifeCycle - starting org.jooby.internal.jetty.JettyHandler@3f024c6a
14:17:09.585 [Test worker] DEBUG org.eclipse.jetty.server.handler.AbstractHandler - starting org.jooby.internal.jetty.JettyHandler@3f024c6a
14:17:09.585 [Test worker] DEBUG org.eclipse.jetty.util.component.AbstractLifeCycle - starting org.eclipse.jetty.websocket.server.WebSocketServerFactory@762f7b73
14:17:09.585 [Test worker] DEBUG org.eclipse.jetty.util.component.AbstractLifeCycle - starting org.eclipse.jetty.util.thread.ScheduledExecutorScheduler@3e2dfe61
14:17:09.586 [Test worker] DEBUG org.eclipse.jetty.util.component.AbstractLifeCycle - STARTED @1609ms org.eclipse.jetty.util.thread.ScheduledExecutorScheduler@3e2dfe61
14:17:09.587 [Test worker] DEBUG org.eclipse.jetty.util.component.AbstractLifeCycle - STARTED @1609ms org.eclipse.jetty.websocket.server.WebSocketServerFactory@762f7b73
14:17:09.587 [Test worker] DEBUG org.eclipse.jetty.util.component.AbstractLifeCycle - STARTED @1609ms org.jooby.internal.jetty.JettyHandler@3f024c6a
14:17:09.587 [Test worker] INFO org.eclipse.jetty.server.handler.ContextHandler - Started o.e.j.s.h.ContextHandler@38453928{/,null,AVAILABLE}
14:17:09.587 [Test worker] DEBUG org.eclipse.jetty.util.component.AbstractLifeCycle - STARTED @1610ms o.e.j.s.h.ContextHandler@38453928{/,null,AVAILABLE}
14:17:09.587 [Test worker] DEBUG org.eclipse.jetty.util.component.AbstractLifeCycle - starting org.eclipse.jetty.server.handler.ErrorHandler@2f7963f8
14:17:09.587 [Test worker] DEBUG org.eclipse.jetty.server.handler.AbstractHandler - starting org.eclipse.jetty.server.handler.ErrorHandler@2f7963f8
14:17:09.587 [Test worker] DEBUG org.eclipse.jetty.util.component.AbstractLifeCycle - STARTED @1610ms org.eclipse.jetty.server.handler.ErrorHandler@2f7963f8
14:17:09.587 [Test worker] DEBUG org.eclipse.jetty.util.component.AbstractLifeCycle - starting ServerConnector@53bd4614{HTTP/1.1,[http/1.1]}{localhost:8080}
14:17:09.588 [Test worker] DEBUG org.eclipse.jetty.util.component.ContainerLifeCycle - ServerConnector@53bd4614{HTTP/1.1,[http/1.1]}{localhost:8080} added {sun.nio.ch.ServerSocketChannelImpl[/127.0.0.1:8080],POJO}
14:17:09.589 [Test worker] DEBUG org.eclipse.jetty.util.component.AbstractLifeCycle - starting org.eclipse.jetty.util.thread.ScheduledExecutorScheduler@47909c2d
14:17:09.589 [Test worker] DEBUG org.eclipse.jetty.util.component.AbstractLifeCycle - STARTED @1612ms org.eclipse.jetty.util.thread.ScheduledExecutorScheduler@47909c2d
14:17:09.589 [Test worker] DEBUG org.eclipse.jetty.util.component.AbstractLifeCycle - starting HttpConnectionFactory@4edb3e8d[HTTP/1.1]
14:17:09.590 [Test worker] DEBUG org.eclipse.jetty.util.component.AbstractLifeCycle - STARTED @1612ms HttpConnectionFactory@4edb3e8d[HTTP/1.1]
14:17:09.590 [Test worker] DEBUG org.eclipse.jetty.util.component.AbstractLifeCycle - starting org.eclipse.jetty.server.ServerConnector$ServerConnectorManager@30ab28be
14:17:09.594 [Test worker] DEBUG org.eclipse.jetty.util.component.ContainerLifeCycle - org.eclipse.jetty.server.ServerConnector$ServerConnectorManager@30ab28be added {org.eclipse.jetty.io.ManagedSelector@584047b5 id=0 keys=-1 selected=-1,AUTO}
14:17:09.594 [Test worker] DEBUG org.eclipse.jetty.util.component.ContainerLifeCycle - org.eclipse.jetty.server.ServerConnector$ServerConnectorManager@30ab28be added {org.eclipse.jetty.io.ManagedSelector@3803d43d id=1 keys=-1 selected=-1,AUTO}
14:17:09.594 [Test worker] DEBUG org.eclipse.jetty.util.component.AbstractLifeCycle - starting org.eclipse.jetty.io.ManagedSelector@584047b5 id=0 keys=-1 selected=-1
14:17:09.595 [Test worker] DEBUG org.eclipse.jetty.util.thread.QueuedThreadPool - queue org.eclipse.jetty.io.ManagedSelector$$Lambda$111/715904797@c2f5c49
14:17:09.596 [jetty task-16] DEBUG org.eclipse.jetty.util.thread.QueuedThreadPool - run org.eclipse.jetty.io.ManagedSelector$$Lambda$111/715904797@c2f5c49
14:17:09.596 [Test worker] DEBUG org.eclipse.jetty.util.thread.QueuedThreadPool - queue org.eclipse.jetty.io.ManagedSelector$$Lambda$112/443976155@6e91a6b7
14:17:09.596 [jetty task-16] DEBUG org.eclipse.jetty.util.thread.strategy.ExecuteProduceConsume - EPC Idle/org.eclipse.jetty.io.ManagedSelector$SelectorProducer@6ec67bbc execute
14:17:09.596 [jetty task-17] DEBUG org.eclipse.jetty.util.thread.QueuedThreadPool - run org.eclipse.jetty.io.ManagedSelector$$Lambda$112/443976155@6e91a6b7
14:17:09.596 [Test worker] DEBUG org.eclipse.jetty.util.component.AbstractLifeCycle - STARTED @1619ms org.eclipse.jetty.io.ManagedSelector@584047b5 id=0 keys=0 selected=0
14:17:09.596 [jetty task-16] DEBUG org.eclipse.jetty.util.thread.strategy.ExecuteProduceConsume - EPC Prod/org.eclipse.jetty.io.ManagedSelector$SelectorProducer@6ec67bbc produce enter
14:17:09.596 [jetty task-16] DEBUG org.eclipse.jetty.util.thread.strategy.ExecuteProduceConsume - EPC Prod/org.eclipse.jetty.io.ManagedSelector$SelectorProducer@6ec67bbc producing
14:17:09.596 [Test worker] DEBUG org.eclipse.jetty.util.component.AbstractLifeCycle - starting org.eclipse.jetty.io.ManagedSelector@3803d43d id=1 keys=-1 selected=-1
14:17:09.597 [jetty task-16] DEBUG org.eclipse.jetty.io.ManagedSelector - Selector loop waiting on select
14:17:09.598 [Test worker] DEBUG org.eclipse.jetty.util.thread.QueuedThreadPool - queue org.eclipse.jetty.io.ManagedSelector$$Lambda$111/715904797@18aa6238
14:17:09.598 [Test worker] DEBUG org.eclipse.jetty.util.thread.QueuedThreadPool - queue org.eclipse.jetty.io.ManagedSelector$$Lambda$112/443976155@12a5df8
14:17:09.598 [jetty task-18] DEBUG org.eclipse.jetty.util.thread.QueuedThreadPool - run org.eclipse.jetty.io.ManagedSelector$$Lambda$111/715904797@18aa6238
14:17:09.598 [Test worker] DEBUG org.eclipse.jetty.util.component.AbstractLifeCycle - STARTED @1621ms org.eclipse.jetty.io.ManagedSelector@3803d43d id=1 keys=0 selected=0
14:17:09.598 [jetty task-18] DEBUG org.eclipse.jetty.util.thread.strategy.ExecuteProduceConsume - EPC Idle/org.eclipse.jetty.io.ManagedSelector$SelectorProducer@6f90d7cf execute
14:17:09.598 [Test worker] DEBUG org.eclipse.jetty.util.component.AbstractLifeCycle - STARTED @1621ms org.eclipse.jetty.server.ServerConnector$ServerConnectorManager@30ab28be
14:17:09.598 [jetty task-19] DEBUG org.eclipse.jetty.util.thread.QueuedThreadPool - run org.eclipse.jetty.io.ManagedSelector$$Lambda$112/443976155@12a5df8
14:17:09.598 [jetty task-18] DEBUG org.eclipse.jetty.util.thread.strategy.ExecuteProduceConsume - EPC Prod/org.eclipse.jetty.io.ManagedSelector$SelectorProducer@6f90d7cf produce enter
14:17:09.599 [jetty task-18] DEBUG org.eclipse.jetty.util.thread.strategy.ExecuteProduceConsume - EPC Prod/org.eclipse.jetty.io.ManagedSelector$SelectorProducer@6f90d7cf producing
14:17:09.599 [jetty task-18] DEBUG org.eclipse.jetty.io.ManagedSelector - Selector loop waiting on select
14:17:09.600 [Test worker] DEBUG org.eclipse.jetty.util.component.ContainerLifeCycle - ServerConnector@53bd4614{HTTP/1.1,[http/1.1]}{localhost:8080} added {acceptor-0@78b9b1c,POJO}
14:17:09.600 [Test worker] DEBUG org.eclipse.jetty.util.thread.QueuedThreadPool - queue acceptor-0@78b9b1c
14:17:09.600 [Test worker] INFO org.eclipse.jetty.server.AbstractConnector - Started ServerConnector@53bd4614{HTTP/1.1,[http/1.1]}{localhost:8080}
14:17:09.600 [Test worker] DEBUG org.eclipse.jetty.util.component.AbstractLifeCycle - STARTED @1623ms ServerConnector@53bd4614{HTTP/1.1,[http/1.1]}{localhost:8080}
14:17:09.600 [Test worker] INFO org.eclipse.jetty.server.Server - Started @1623ms
14:17:09.600 [Test worker] DEBUG org.eclipse.jetty.util.component.AbstractLifeCycle - STARTED @1623ms org.eclipse.jetty.server.Server@11daaf
14:17:09.601 [jetty task-20] DEBUG org.eclipse.jetty.util.thread.QueuedThreadPool - run acceptor-0@78b9b1c
14:17:09.601 [Test worker] INFO com.revolut.Application - [dev@jetty]: Server started in 829ms

  POST /transaction           [*/*]     [*/*]    (/TransactionController.transaction)
  GET  /balance/:accountId    [*/*]     [*/*]    (/BalanceController.balance)
  POST /account/create        [*/*]     [*/*]    (/AccountController.createAccount)

listening on:
  http://localhost:8080/

14:17:10.949 [jetty task-20-acceptor-0@78b9b1c-ServerConnector@53bd4614{HTTP/1.1,[http/1.1]}{localhost:8080}] DEBUG org.eclipse.jetty.io.ManagedSelector - Queued change org.eclipse.jetty.io.ManagedSelector$Accept@53d14eb8 on org.eclipse.jetty.io.ManagedSelector@584047b5 id=0 keys=0 selected=0
14:17:10.950 [jetty task-16] DEBUG org.eclipse.jetty.io.ManagedSelector - Selector loop woken up from select, 0/0 selected
14:17:10.950 [jetty task-16] DEBUG org.eclipse.jetty.io.ManagedSelector - Running action org.eclipse.jetty.io.ManagedSelector$Accept@53d14eb8
14:17:10.950 [jetty task-16] DEBUG org.eclipse.jetty.io.ManagedSelector - Queued change org.eclipse.jetty.io.ManagedSelector$CreateEndPoint@7c7a162f on org.eclipse.jetty.io.ManagedSelector@584047b5 id=0 keys=1 selected=0
14:17:10.951 [jetty task-16] DEBUG org.eclipse.jetty.util.thread.strategy.ExecuteProduceConsume - EPC Prod/org.eclipse.jetty.io.ManagedSelector$SelectorProducer@6ec67bbc produced org.eclipse.jetty.io.ManagedSelector$CreateEndPoint@7c7a162f
14:17:10.951 [jetty task-16] DEBUG org.eclipse.jetty.util.thread.strategy.ExecuteProduceConsume - EPC Pend/org.eclipse.jetty.io.ManagedSelector$SelectorProducer@6ec67bbc dispatch
14:17:10.951 [jetty task-16] DEBUG org.eclipse.jetty.util.thread.QueuedThreadPool - queue EPC Pend/org.eclipse.jetty.io.ManagedSelector$SelectorProducer@6ec67bbc
14:17:10.951 [jetty task-16] DEBUG org.eclipse.jetty.util.thread.strategy.ExecuteProduceConsume - EPC Pend/org.eclipse.jetty.io.ManagedSelector$SelectorProducer@6ec67bbc run org.eclipse.jetty.io.ManagedSelector$CreateEndPoint@7c7a162f
14:17:10.951 [jetty task-16] DEBUG org.eclipse.jetty.util.thread.strategy.ExecutingExecutionStrategy - EPC Pend/org.eclipse.jetty.io.ManagedSelector$SelectorProducer@6ec67bbc invoke  org.eclipse.jetty.io.ManagedSelector$CreateEndPoint@7c7a162f
14:17:10.958 [jetty task-22] DEBUG org.eclipse.jetty.util.thread.QueuedThreadPool - run EPC Pend/org.eclipse.jetty.io.ManagedSelector$SelectorProducer@6ec67bbc
14:17:10.958 [jetty task-22] DEBUG org.eclipse.jetty.util.thread.strategy.ExecuteProduceConsume - EPC Pend/org.eclipse.jetty.io.ManagedSelector$SelectorProducer@6ec67bbc run
14:17:10.958 [jetty task-22] DEBUG org.eclipse.jetty.util.thread.strategy.ExecuteProduceConsume - EPC Prod/org.eclipse.jetty.io.ManagedSelector$SelectorProducer@6ec67bbc produce enter
14:17:10.962 [jetty task-16] DEBUG org.eclipse.jetty.io.AbstractEndPoint - onOpen SocketChannelEndPoint@2e1031fa{/127.0.0.1:55859<->/127.0.0.1:8080,OPEN,fill=-,flush=-,to=7/0}{io=0/0,kio=0,kro=0}-><null>
14:17:10.962 [jetty task-22] DEBUG org.eclipse.jetty.util.thread.strategy.ExecuteProduceConsume - EPC Prod/org.eclipse.jetty.io.ManagedSelector$SelectorProducer@6ec67bbc producing
14:17:10.966 [jetty task-22] DEBUG org.eclipse.jetty.io.ManagedSelector - Selector loop waiting on select
14:17:10.995 [jetty task-16] DEBUG org.eclipse.jetty.server.HttpChannel - new HttpChannelOverHttp@a42a012{r=0,c=false,a=IDLE,uri=null} -> SocketChannelEndPoint@2e1031fa{/127.0.0.1:55859<->/127.0.0.1:8080,OPEN,fill=-,flush=-,to=40/0}{io=0/0,kio=0,kro=0}-><null>,null,HttpChannelState@4ace7209{s=IDLE a=NOT_ASYNC i=true r=NONE/false w=false}
14:17:11.002 [jetty task-16] DEBUG org.eclipse.jetty.server.HttpConnection - New HTTP Connection HttpConnection@330fe33[p=HttpParser{s=START,0 of 0},g=HttpGenerator@1e749c33{s=START}]=>HttpChannelOverHttp@a42a012{r=0,c=false,a=IDLE,uri=null}<-SocketChannelEndPoint@2e1031fa{/127.0.0.1:55859<->/127.0.0.1:8080,OPEN,fill=-,flush=-,to=47/0}{io=0/0,kio=0,kro=0}-><null>
14:17:11.003 [jetty task-16] DEBUG org.eclipse.jetty.io.AbstractConnection - onOpen HttpConnection@330fe33[p=HttpParser{s=START,0 of 0},g=HttpGenerator@1e749c33{s=START}]=>HttpChannelOverHttp@a42a012{r=0,c=false,a=IDLE,uri=null}<-SocketChannelEndPoint@2e1031fa{/127.0.0.1:55859<->/127.0.0.1:8080,OPEN,fill=-,flush=-,to=47/0}{io=0/0,kio=0,kro=0}->HttpConnection@330fe33[p=HttpParser{s=START,0 of 0},g=HttpGenerator@1e749c33{s=START}]=>HttpChannelOverHttp@a42a012{r=0,c=false,a=IDLE,uri=null}
14:17:11.003 [jetty task-16] DEBUG org.eclipse.jetty.io.AbstractConnection - fillInterested HttpConnection@330fe33[p=HttpParser{s=START,0 of 0},g=HttpGenerator@1e749c33{s=START}]=>HttpChannelOverHttp@a42a012{r=0,c=false,a=IDLE,uri=null}<-SocketChannelEndPoint@2e1031fa{/127.0.0.1:55859<->/127.0.0.1:8080,OPEN,fill=-,flush=-,to=48/0}{io=0/0,kio=0,kro=0}->HttpConnection@330fe33[p=HttpParser{s=START,0 of 0},g=HttpGenerator@1e749c33{s=START}]=>HttpChannelOverHttp@a42a012{r=0,c=false,a=IDLE,uri=null}
14:17:11.005 [jetty task-16] DEBUG org.eclipse.jetty.io.FillInterest - FillInterest@9a44aa1{true,AC.ReadCB@330fe33{HttpConnection@330fe33[p=HttpParser{s=START,0 of 0},g=HttpGenerator@1e749c33{s=START}]=>HttpChannelOverHttp@a42a012{r=0,c=false,a=IDLE,uri=null}<-SocketChannelEndPoint@2e1031fa{/127.0.0.1:55859<->/127.0.0.1:8080,OPEN,fill=FI,flush=-,to=1/0}{io=0/0,kio=0,kro=0}->HttpConnection@330fe33[p=HttpParser{s=START,0 of 0},g=HttpGenerator@1e749c33{s=START}]=>HttpChannelOverHttp@a42a012{r=0,c=false,a=IDLE,uri=null}}} register AC.ReadCB@330fe33{HttpConnection@330fe33[p=HttpParser{s=START,0 of 0},g=HttpGenerator@1e749c33{s=START}]=>HttpChannelOverHttp@a42a012{r=0,c=false,a=IDLE,uri=null}<-SocketChannelEndPoint@2e1031fa{/127.0.0.1:55859<->/127.0.0.1:8080,OPEN,fill=FI,flush=-,to=1/0}{io=0/0,kio=0,kro=0}->HttpConnection@330fe33[p=HttpParser{s=START,0 of 0},g=HttpGenerator@1e749c33{s=START}]=>HttpChannelOverHttp@a42a012{r=0,c=false,a=IDLE,uri=null}}
14:17:11.005 [jetty task-16] DEBUG org.eclipse.jetty.io.ChannelEndPoint - changeInterests p=false 0->1 for SocketChannelEndPoint@2e1031fa{/127.0.0.1:55859<->/127.0.0.1:8080,OPEN,fill=FI,flush=-,to=2/0}{io=0/1,kio=0,kro=0}->HttpConnection@330fe33[p=HttpParser{s=START,0 of 0},g=HttpGenerator@1e749c33{s=START}]=>HttpChannelOverHttp@a42a012{r=0,c=false,a=IDLE,uri=null}
14:17:11.006 [jetty task-16] DEBUG org.eclipse.jetty.io.ManagedSelector - Queued change CEP:SocketChannelEndPoint@2e1031fa{/127.0.0.1:55859<->/127.0.0.1:8080,OPEN,fill=FI,flush=-,to=2/0}{io=0/1,kio=0,kro=0}->HttpConnection@330fe33[p=HttpParser{s=START,0 of 0},g=HttpGenerator@1e749c33{s=START}]=>HttpChannelOverHttp@a42a012{r=0,c=false,a=IDLE,uri=null}:runUpdateKey:NON_BLOCKING on org.eclipse.jetty.io.ManagedSelector@584047b5 id=0 keys=1 selected=0
14:17:11.006 [jetty task-22] DEBUG org.eclipse.jetty.io.ManagedSelector - Selector loop woken up from select, 0/1 selected
14:17:11.007 [jetty task-22] DEBUG org.eclipse.jetty.io.ManagedSelector - Running action CEP:SocketChannelEndPoint@2e1031fa{/127.0.0.1:55859<->/127.0.0.1:8080,OPEN,fill=FI,flush=-,to=4/0}{io=0/1,kio=0,kro=0}->HttpConnection@330fe33[p=HttpParser{s=START,0 of 0},g=HttpGenerator@1e749c33{s=START}]=>HttpChannelOverHttp@a42a012{r=0,c=false,a=IDLE,uri=null}:runUpdateKey:NON_BLOCKING
14:17:11.007 [jetty task-22] DEBUG org.eclipse.jetty.io.ChannelEndPoint - Key interests updated 0 -> 1 on SocketChannelEndPoint@2e1031fa{/127.0.0.1:55859<->/127.0.0.1:8080,OPEN,fill=FI,flush=-,to=4/0}{io=1/1,kio=1,kro=0}->HttpConnection@330fe33[p=HttpParser{s=START,0 of 0},g=HttpGenerator@1e749c33{s=START}]=>HttpChannelOverHttp@a42a012{r=0,c=false,a=IDLE,uri=null}
14:17:11.007 [jetty task-16] DEBUG org.eclipse.jetty.io.ManagedSelector - Created SocketChannelEndPoint@2e1031fa{/127.0.0.1:55859<->/127.0.0.1:8080,OPEN,fill=FI,flush=-,to=4/0}{io=1/1,kio=0,kro=0}->HttpConnection@330fe33[p=HttpParser{s=START,0 of 0},g=HttpGenerator@1e749c33{s=START}]=>HttpChannelOverHttp@a42a012{r=0,c=false,a=IDLE,uri=null}
14:17:11.007 [jetty task-22] DEBUG org.eclipse.jetty.io.ManagedSelector - Selector loop waiting on select
14:17:11.007 [jetty task-16] DEBUG org.eclipse.jetty.util.thread.strategy.ExecutingExecutionStrategy - EPC Prod/org.eclipse.jetty.io.ManagedSelector$SelectorProducer@6ec67bbc invoked org.eclipse.jetty.io.ManagedSelector$CreateEndPoint@7c7a162f
14:17:11.007 [jetty task-22] DEBUG org.eclipse.jetty.io.ManagedSelector - Selector loop woken up from select, 1/1 selected
14:17:11.007 [jetty task-16] DEBUG org.eclipse.jetty.util.thread.strategy.ExecuteProduceConsume - EPC Prod/org.eclipse.jetty.io.ManagedSelector$SelectorProducer@6ec67bbc ran org.eclipse.jetty.io.ManagedSelector$CreateEndPoint@7c7a162f
14:17:11.008 [jetty task-22] DEBUG org.eclipse.jetty.io.ManagedSelector - selected sun.nio.ch.SelectionKeyImpl@60018814 SocketChannelEndPoint@2e1031fa{/127.0.0.1:55859<->/127.0.0.1:8080,OPEN,fill=FI,flush=-,to=5/0}{io=1/1,kio=1,kro=1}->HttpConnection@330fe33[p=HttpParser{s=START,0 of 0},g=HttpGenerator@1e749c33{s=START}]=>HttpChannelOverHttp@a42a012{r=0,c=false,a=IDLE,uri=null} 
14:17:11.009 [jetty task-22] DEBUG org.eclipse.jetty.io.ChannelEndPoint - onSelected 1->0 r=true w=false for SocketChannelEndPoint@2e1031fa{/127.0.0.1:55859<->/127.0.0.1:8080,OPEN,fill=FI,flush=-,to=6/0}{io=1/0,kio=1,kro=1}->HttpConnection@330fe33[p=HttpParser{s=START,0 of 0},g=HttpGenerator@1e749c33{s=START}]=>HttpChannelOverHttp@a42a012{r=0,c=false,a=IDLE,uri=null}
14:17:11.009 [jetty task-16] DEBUG org.eclipse.jetty.util.thread.strategy.ExecuteProduceConsume - EPC Prod/org.eclipse.jetty.io.ManagedSelector$SelectorProducer@6ec67bbc produce exit
14:17:11.009 [jetty task-16] DEBUG org.eclipse.jetty.util.thread.QueuedThreadPool - ran org.eclipse.jetty.io.ManagedSelector$$Lambda$111/715904797@c2f5c49
14:17:11.009 [jetty task-22] DEBUG org.eclipse.jetty.io.ChannelEndPoint - task CEP:SocketChannelEndPoint@2e1031fa{/127.0.0.1:55859<->/127.0.0.1:8080,OPEN,fill=FI,flush=-,to=6/0}{io=1/0,kio=1,kro=1}->HttpConnection@330fe33[p=HttpParser{s=START,0 of 0},g=HttpGenerator@1e749c33{s=START}]=>HttpChannelOverHttp@a42a012{r=0,c=false,a=IDLE,uri=null}:runFillable:BLOCKING
14:17:11.010 [jetty task-22] DEBUG org.eclipse.jetty.util.thread.strategy.ExecuteProduceConsume - EPC Prod/org.eclipse.jetty.io.ManagedSelector$SelectorProducer@6ec67bbc produced CEP:SocketChannelEndPoint@2e1031fa{/127.0.0.1:55859<->/127.0.0.1:8080,OPEN,fill=FI,flush=-,to=7/0}{io=1/0,kio=1,kro=1}->HttpConnection@330fe33[p=HttpParser{s=START,0 of 0},g=HttpGenerator@1e749c33{s=START}]=>HttpChannelOverHttp@a42a012{r=0,c=false,a=IDLE,uri=null}:runFillable:BLOCKING
14:17:11.010 [jetty task-22] DEBUG org.eclipse.jetty.util.thread.strategy.ExecuteProduceConsume - EPC Pend/org.eclipse.jetty.io.ManagedSelector$SelectorProducer@6ec67bbc dispatch
14:17:11.010 [jetty task-22] DEBUG org.eclipse.jetty.util.thread.QueuedThreadPool - queue EPC Pend/org.eclipse.jetty.io.ManagedSelector$SelectorProducer@6ec67bbc
14:17:11.010 [jetty task-22] DEBUG org.eclipse.jetty.util.thread.strategy.ExecuteProduceConsume - EPC Pend/org.eclipse.jetty.io.ManagedSelector$SelectorProducer@6ec67bbc run CEP:SocketChannelEndPoint@2e1031fa{/127.0.0.1:55859<->/127.0.0.1:8080,OPEN,fill=FI,flush=-,to=7/0}{io=1/0,kio=1,kro=1}->HttpConnection@330fe33[p=HttpParser{s=START,0 of 0},g=HttpGenerator@1e749c33{s=START}]=>HttpChannelOverHttp@a42a012{r=0,c=false,a=IDLE,uri=null}:runFillable:BLOCKING
14:17:11.011 [jetty task-22] DEBUG org.eclipse.jetty.util.thread.strategy.ExecutingExecutionStrategy - EPC Pend/org.eclipse.jetty.io.ManagedSelector$SelectorProducer@6ec67bbc invoke  CEP:SocketChannelEndPoint@2e1031fa{/127.0.0.1:55859<->/127.0.0.1:8080,OPEN,fill=FI,flush=-,to=8/0}{io=1/0,kio=1,kro=1}->HttpConnection@330fe33[p=HttpParser{s=START,0 of 0},g=HttpGenerator@1e749c33{s=START}]=>HttpChannelOverHttp@a42a012{r=0,c=false,a=IDLE,uri=null}:runFillable:BLOCKING
14:17:11.012 [jetty task-22] DEBUG org.eclipse.jetty.io.FillInterest - FillInterest@9a44aa1{true,AC.ReadCB@330fe33{HttpConnection@330fe33[p=HttpParser{s=START,0 of 0},g=HttpGenerator@1e749c33{s=START}]=>HttpChannelOverHttp@a42a012{r=0,c=false,a=IDLE,uri=null}<-SocketChannelEndPoint@2e1031fa{/127.0.0.1:55859<->/127.0.0.1:8080,OPEN,fill=FI,flush=-,to=8/0}{io=1/0,kio=1,kro=1}->HttpConnection@330fe33[p=HttpParser{s=START,0 of 0},g=HttpGenerator@1e749c33{s=START}]=>HttpChannelOverHttp@a42a012{r=0,c=false,a=IDLE,uri=null}}} fillable AC.ReadCB@330fe33{HttpConnection@330fe33[p=HttpParser{s=START,0 of 0},g=HttpGenerator@1e749c33{s=START}]=>HttpChannelOverHttp@a42a012{r=0,c=false,a=IDLE,uri=null}<-SocketChannelEndPoint@2e1031fa{/127.0.0.1:55859<->/127.0.0.1:8080,OPEN,fill=FI,flush=-,to=8/0}{io=1/0,kio=1,kro=1}->HttpConnection@330fe33[p=HttpParser{s=START,0 of 0},g=HttpGenerator@1e749c33{s=START}]=>HttpChannelOverHttp@a42a012{r=0,c=false,a=IDLE,uri=null}}
14:17:11.012 [jetty task-22] DEBUG org.eclipse.jetty.server.HttpConnection - HttpConnection@330fe33[p=HttpParser{s=START,0 of 0},g=HttpGenerator@1e749c33{s=START}]=>HttpChannelOverHttp@a42a012{r=0,c=false,a=IDLE,uri=null}<-SocketChannelEndPoint@2e1031fa{/127.0.0.1:55859<->/127.0.0.1:8080,OPEN,fill=-,flush=-,to=9/0}{io=1/0,kio=1,kro=1}->HttpConnection@330fe33[p=HttpParser{s=START,0 of 0},g=HttpGenerator@1e749c33{s=START}]=>HttpChannelOverHttp@a42a012{r=0,c=false,a=IDLE,uri=null} onFillable enter HttpChannelState@4ace7209{s=IDLE a=NOT_ASYNC i=true r=NONE/false w=false} null
14:17:11.014 [jetty task-22] DEBUG org.eclipse.jetty.io.ChannelEndPoint - filled 343 SocketChannelEndPoint@2e1031fa{/127.0.0.1:55859<->/127.0.0.1:8080,OPEN,fill=-,flush=-,to=10/0}{io=1/0,kio=1,kro=1}->HttpConnection@330fe33[p=HttpParser{s=START,0 of 0},g=HttpGenerator@1e749c33{s=START}]=>HttpChannelOverHttp@a42a012{r=0,c=false,a=IDLE,uri=null}
14:17:11.015 [jetty task-23] DEBUG org.eclipse.jetty.util.thread.QueuedThreadPool - run EPC Pend/org.eclipse.jetty.io.ManagedSelector$SelectorProducer@6ec67bbc
14:17:11.017 [jetty task-23] DEBUG org.eclipse.jetty.util.thread.strategy.ExecuteProduceConsume - EPC Pend/org.eclipse.jetty.io.ManagedSelector$SelectorProducer@6ec67bbc run
14:17:11.017 [jetty task-22] DEBUG org.eclipse.jetty.server.HttpConnection - HttpConnection@330fe33[p=HttpParser{s=START,0 of 0},g=HttpGenerator@1e749c33{s=START}]=>HttpChannelOverHttp@a42a012{r=0,c=false,a=IDLE,uri=null}<-SocketChannelEndPoint@2e1031fa{/127.0.0.1:55859<->/127.0.0.1:8080,OPEN,fill=-,flush=-,to=3/0}{io=1/0,kio=1,kro=1}->HttpConnection@330fe33[p=HttpParser{s=START,0 of 0},g=HttpGenerator@1e749c33{s=START}]=>HttpChannelOverHttp@a42a012{r=0,c=false,a=IDLE,uri=null} filled 343 HeapByteBuffer@5a112485[p=0,l=343,c=8192,r=343]={<<<POST /account/cre...\n\r\nbalance=1000>>>\x00\x00\x00\x00\x00\x00\x00\x00\x00\x00\x00\x00\x00\x00\x00\x00\x00...\x00\x00\x00\x00\x00\x00\x00\x00\x00\x00\x00\x00\x00\x00\x00}
14:17:11.018 [jetty task-23] DEBUG org.eclipse.jetty.util.thread.strategy.ExecuteProduceConsume - EPC Prod/org.eclipse.jetty.io.ManagedSelector$SelectorProducer@6ec67bbc produce enter
14:17:11.018 [jetty task-23] DEBUG org.eclipse.jetty.util.thread.strategy.ExecuteProduceConsume - EPC Prod/org.eclipse.jetty.io.ManagedSelector$SelectorProducer@6ec67bbc producing
14:17:11.018 [jetty task-22] DEBUG org.eclipse.jetty.server.HttpConnection - HttpConnection@330fe33[p=HttpParser{s=START,0 of 0},g=HttpGenerator@1e749c33{s=START}]=>HttpChannelOverHttp@a42a012{r=0,c=false,a=IDLE,uri=null}<-SocketChannelEndPoint@2e1031fa{/127.0.0.1:55859<->/127.0.0.1:8080,OPEN,fill=-,flush=-,to=4/0}{io=1/0,kio=1,kro=1}->HttpConnection@330fe33[p=HttpParser{s=START,0 of 0},g=HttpGenerator@1e749c33{s=START}]=>HttpChannelOverHttp@a42a012{r=0,c=false,a=IDLE,uri=null} parse HeapByteBuffer@5a112485[p=0,l=343,c=8192,r=343]={<<<POST /account/cre...\n\r\nbalance=1000>>>\x00\x00\x00\x00\x00\x00\x00\x00\x00\x00\x00\x00\x00\x00\x00\x00\x00...\x00\x00\x00\x00\x00\x00\x00\x00\x00\x00\x00\x00\x00\x00\x00} {}
14:17:11.018 [jetty task-22] DEBUG org.eclipse.jetty.http.HttpParser - parseNext s=START HeapByteBuffer@5a112485[p=0,l=343,c=8192,r=343]={<<<POST /account/cre...\n\r\nbalance=1000>>>\x00\x00\x00\x00\x00\x00\x00\x00\x00\x00\x00\x00\x00\x00\x00\x00\x00...\x00\x00\x00\x00\x00\x00\x00\x00\x00\x00\x00\x00\x00\x00\x00}
14:17:11.018 [jetty task-22] DEBUG org.eclipse.jetty.http.HttpParser - START --> SPACE1
14:17:11.018 [jetty task-23] DEBUG org.eclipse.jetty.io.ChannelEndPoint - Key interests updated 1 -> 0 on SocketChannelEndPoint@2e1031fa{/127.0.0.1:55859<->/127.0.0.1:8080,OPEN,fill=-,flush=-,to=4/0}{io=0/0,kio=0,kro=1}->HttpConnection@330fe33[p=HttpParser{s=START,0 of 0},g=HttpGenerator@1e749c33{s=START}]=>HttpChannelOverHttp@a42a012{r=0,c=false,a=IDLE,uri=null}
14:17:11.018 [jetty task-23] DEBUG org.eclipse.jetty.io.ManagedSelector - Selector loop waiting on select
14:17:11.019 [jetty task-22] DEBUG org.eclipse.jetty.http.HttpParser - SPACE1 --> URI
14:17:11.019 [jetty task-22] DEBUG org.eclipse.jetty.http.HttpParser - URI --> SPACE2
14:17:11.020 [jetty task-22] DEBUG org.eclipse.jetty.http.HttpParser - SPACE2 --> REQUEST_VERSION
14:17:11.020 [jetty task-22] DEBUG org.eclipse.jetty.http.HttpParser - REQUEST_VERSION --> HEADER
14:17:11.021 [jetty task-22] DEBUG org.eclipse.jetty.http.HttpParser - HEADER:null --> VALUE
14:17:11.021 [jetty task-22] DEBUG org.eclipse.jetty.http.HttpParser - HEADER:null --> IN_VALUE
14:17:11.021 [jetty task-22] DEBUG org.eclipse.jetty.http.HttpParser - HEADER:null --> FIELD
14:17:11.022 [jetty task-22] DEBUG org.eclipse.jetty.http.HttpParser - HEADER:Content-Type: application/x-www-form-urlencoded; charset=ISO-8859-1 --> IN_VALUE
14:17:11.022 [jetty task-22] DEBUG org.eclipse.jetty.http.HttpParser - HEADER:Content-Type: application/x-www-form-urlencoded; charset=ISO-8859-1 --> FIELD
14:17:11.022 [jetty task-22] DEBUG org.eclipse.jetty.http.HttpParser - HEADER:null --> VALUE
14:17:11.022 [jetty task-22] DEBUG org.eclipse.jetty.http.HttpParser - HEADER:null --> IN_VALUE
14:17:11.022 [jetty task-22] DEBUG org.eclipse.jetty.http.HttpParser - HEADER:null --> FIELD
14:17:11.022 [jetty task-22] DEBUG org.eclipse.jetty.http.HttpParser - HEADER:null --> VALUE
14:17:11.022 [jetty task-22] DEBUG org.eclipse.jetty.http.HttpParser - HEADER:null --> IN_VALUE
14:17:11.022 [jetty task-22] DEBUG org.eclipse.jetty.http.HttpParser - HEADER:null --> FIELD
14:17:11.023 [jetty task-22] DEBUG org.eclipse.jetty.http.HttpParser - HEADER:Connection: keep-alive --> IN_VALUE
14:17:11.023 [jetty task-22] DEBUG org.eclipse.jetty.http.HttpParser - HEADER:Connection: keep-alive --> FIELD
14:17:11.024 [jetty task-22] DEBUG org.eclipse.jetty.http.HttpParser - HEADER:null --> VALUE
14:17:11.024 [jetty task-22] DEBUG org.eclipse.jetty.http.HttpParser - HEADER:null --> IN_VALUE
14:17:11.024 [jetty task-22] DEBUG org.eclipse.jetty.http.HttpParser - HEADER:null --> FIELD
14:17:11.024 [jetty task-22] DEBUG org.eclipse.jetty.http.HttpParser - HEADER:null --> IN_VALUE
14:17:11.024 [jetty task-22] DEBUG org.eclipse.jetty.http.HttpParser - HEADER:null --> FIELD
14:17:11.024 [jetty task-22] DEBUG org.eclipse.jetty.http.HttpParser - HEADER --> CONTENT
14:17:11.025 [jetty task-22] DEBUG org.eclipse.jetty.server.HttpChannel - REQUEST for //localhost:8080/account/create on HttpChannelOverHttp@a42a012{r=1,c=false,a=IDLE,uri=//localhost:8080/account/create}
POST //localhost:8080/account/create HTTP/1.1
Accept: application/json, application/javascript, text/javascript, text/json
Content-Type: application/x-www-form-urlencoded; charset=ISO-8859-1
Content-Length: 12
Host: localhost:8080
Connection: keep-alive
User-Agent: Apache-HttpClient/4.5.3 (Java/1.8.0_121)
Accept-Encoding: gzip,deflate


14:17:11.026 [jetty task-22] DEBUG org.eclipse.jetty.server.HttpConnection - HttpConnection@330fe33[p=HttpParser{s=CONTENT,0 of 12},g=HttpGenerator@1e749c33{s=START}]=>HttpChannelOverHttp@a42a012{r=1,c=false,a=IDLE,uri=//localhost:8080/account/create}<-SocketChannelEndPoint@2e1031fa{/127.0.0.1:55859<->/127.0.0.1:8080,OPEN,fill=-,flush=-,to=11/0}{io=0/0,kio=0,kro=1}->HttpConnection@330fe33[p=HttpParser{s=CONTENT,0 of 12},g=HttpGenerator@1e749c33{s=START}]=>HttpChannelOverHttp@a42a012{r=1,c=false,a=IDLE,uri=//localhost:8080/account/create} parsed true HttpParser{s=CONTENT,0 of 12}
14:17:11.026 [jetty task-22] DEBUG org.eclipse.jetty.server.HttpChannel - HttpChannelOverHttp@a42a012{r=1,c=false,a=IDLE,uri=//localhost:8080/account/create} handle //localhost:8080/account/create 
14:17:11.026 [jetty task-22] DEBUG org.eclipse.jetty.server.HttpChannelState - handling HttpChannelState@4ace7209{s=IDLE a=NOT_ASYNC i=true r=NONE/false w=false}
14:17:11.027 [jetty task-22] DEBUG org.eclipse.jetty.server.HttpChannel - HttpChannelOverHttp@a42a012{r=1,c=false,a=DISPATCHED,uri=//localhost:8080/account/create} action DISPATCH
14:17:11.028 [jetty task-22] DEBUG org.eclipse.jetty.server.Server - REQUEST POST /account/create on HttpChannelOverHttp@a42a012{r=1,c=false,a=DISPATCHED,uri=//localhost:8080/account/create}
14:17:11.028 [jetty task-22] DEBUG org.eclipse.jetty.server.handler.ContextHandler - scope null||/account/create @ o.e.j.s.h.ContextHandler@38453928{/,null,AVAILABLE}
14:17:11.029 [jetty task-22] DEBUG org.eclipse.jetty.server.handler.ContextHandler - context=||/account/create @ o.e.j.s.h.ContextHandler@38453928{/,null,AVAILABLE}
14:17:11.054 [jetty task-22] DEBUG org.eclipse.jetty.server.HttpConnection - HttpConnection@330fe33[p=HttpParser{s=CONTENT,0 of 12},g=HttpGenerator@1e749c33{s=START}]=>HttpChannelOverHttp@a42a012{r=1,c=false,a=DISPATCHED,uri=//localhost:8080/account/create}<-SocketChannelEndPoint@2e1031fa{/127.0.0.1:55859<->/127.0.0.1:8080,OPEN,fill=-,flush=-,to=40/0}{io=0/0,kio=0,kro=1}->HttpConnection@330fe33[p=HttpParser{s=CONTENT,0 of 12},g=HttpGenerator@1e749c33{s=START}]=>HttpChannelOverHttp@a42a012{r=1,c=false,a=DISPATCHED,uri=//localhost:8080/account/create} parse HeapByteBuffer@5a112485[p=331,l=343,c=8192,r=12]={POST /account/cre...zip,deflate\r\n\r\n<<<balance=1000>>>\x00\x00\x00\x00\x00\x00\x00\x00\x00\x00\x00\x00\x00\x00\x00\x00\x00...\x00\x00\x00\x00\x00\x00\x00\x00\x00\x00\x00\x00\x00\x00\x00} {}
14:17:11.054 [jetty task-22] DEBUG org.eclipse.jetty.http.HttpParser - parseNext s=CONTENT HeapByteBuffer@5a112485[p=331,l=343,c=8192,r=12]={POST /account/cre...zip,deflate\r\n\r\n<<<balance=1000>>>\x00\x00\x00\x00\x00\x00\x00\x00\x00\x00\x00\x00\x00\x00\x00\x00\x00...\x00\x00\x00\x00\x00\x00\x00\x00\x00\x00\x00\x00\x00\x00\x00}
14:17:11.054 [jetty task-22] DEBUG org.eclipse.jetty.server.HttpChannel - HttpChannelOverHttp@a42a012{r=1,c=false,a=DISPATCHED,uri=//localhost:8080/account/create} onContent Content@5fa95229{HeapByteBufferR@5537c73b[p=331,l=343,c=8192,r=12]={POST /account/cre...zip,deflate\r\n\r\n<<<balance=1000>>>\x00\x00\x00\x00\x00\x00\x00\x00\x00\x00\x00\x00\x00\x00\x00\x00\x00...\x00\x00\x00\x00\x00\x00\x00\x00\x00\x00\x00\x00\x00\x00\x00}}
14:17:11.055 [jetty task-22] DEBUG org.eclipse.jetty.server.HttpInput - HttpInputOverHTTP@7f015c15[c=0,q=0,[0]=null,s=STREAM] addContent Content@5fa95229{HeapByteBufferR@5537c73b[p=331,l=343,c=8192,r=12]={POST /account/cre...zip,deflate\r\n\r\n<<<balance=1000>>>\x00\x00\x00\x00\x00\x00\x00\x00\x00\x00\x00\x00\x00\x00\x00\x00\x00...\x00\x00\x00\x00\x00\x00\x00\x00\x00\x00\x00\x00\x00\x00\x00}}
14:17:11.055 [jetty task-22] DEBUG org.eclipse.jetty.http.HttpParser - CONTENT --> END
14:17:11.055 [jetty task-22] DEBUG org.eclipse.jetty.server.HttpChannel - HttpChannelOverHttp@a42a012{r=1,c=false,a=DISPATCHED,uri=//localhost:8080/account/create} onContentComplete
14:17:11.055 [jetty task-22] DEBUG org.eclipse.jetty.server.HttpChannel - HttpChannelOverHttp@a42a012{r=1,c=false,a=DISPATCHED,uri=//localhost:8080/account/create} onRequestComplete
14:17:11.055 [jetty task-22] DEBUG org.eclipse.jetty.server.HttpInput - HttpInputOverHTTP@7f015c15[c=0,q=1,[0]=EOF,s=STREAM] addContent EOF
14:17:11.056 [jetty task-22] DEBUG org.eclipse.jetty.server.HttpConnection - HttpConnection@330fe33[p=HttpParser{s=END,12 of 12},g=HttpGenerator@1e749c33{s=START}]=>HttpChannelOverHttp@a42a012{r=1,c=false,a=DISPATCHED,uri=//localhost:8080/account/create}<-SocketChannelEndPoint@2e1031fa{/127.0.0.1:55859<->/127.0.0.1:8080,OPEN,fill=-,flush=-,to=41/0}{io=0/0,kio=0,kro=1}->HttpConnection@330fe33[p=HttpParser{s=END,12 of 12},g=HttpGenerator@1e749c33{s=START}]=>HttpChannelOverHttp@a42a012{r=1,c=false,a=DISPATCHED,uri=//localhost:8080/account/create} parsed false HttpParser{s=END,12 of 12}
14:17:11.056 [jetty task-22] DEBUG org.eclipse.jetty.server.HttpInput - HttpInputOverHTTP@7f015c15[c=1,q=1,[0]=EOF,s=STREAM] read 1 from Content@5fa95229{HeapByteBufferR@5537c73b[p=332,l=343,c=8192,r=11]={POST /account/cre...ip,deflate\r\n\r\nb<<<alance=1000>>>\x00\x00\x00\x00\x00\x00\x00\x00\x00\x00\x00\x00\x00\x00\x00\x00\x00...\x00\x00\x00\x00\x00\x00\x00\x00\x00\x00\x00\x00\x00\x00\x00}}
14:17:11.056 [jetty task-22] DEBUG org.eclipse.jetty.server.HttpInput - HttpInputOverHTTP@7f015c15[c=2,q=1,[0]=EOF,s=STREAM] read 1 from Content@5fa95229{HeapByteBufferR@5537c73b[p=333,l=343,c=8192,r=10]={POST /account/cre...p,deflate\r\n\r\nba<<<lance=1000>>>\x00\x00\x00\x00\x00\x00\x00\x00\x00\x00\x00\x00\x00\x00\x00\x00\x00...\x00\x00\x00\x00\x00\x00\x00\x00\x00\x00\x00\x00\x00\x00\x00}}
14:17:11.057 [jetty task-22] DEBUG org.eclipse.jetty.server.HttpInput - HttpInputOverHTTP@7f015c15[c=3,q=1,[0]=EOF,s=STREAM] read 1 from Content@5fa95229{HeapByteBufferR@5537c73b[p=334,l=343,c=8192,r=9]={POST /account/cre...,deflate\r\n\r\nbal<<<ance=1000>>>\x00\x00\x00\x00\x00\x00\x00\x00\x00\x00\x00\x00\x00\x00\x00\x00\x00...\x00\x00\x00\x00\x00\x00\x00\x00\x00\x00\x00\x00\x00\x00\x00}}
14:17:11.057 [jetty task-22] DEBUG org.eclipse.jetty.server.HttpInput - HttpInputOverHTTP@7f015c15[c=4,q=1,[0]=EOF,s=STREAM] read 1 from Content@5fa95229{HeapByteBufferR@5537c73b[p=335,l=343,c=8192,r=8]={POST /account/cre...deflate\r\n\r\nbala<<<nce=1000>>>\x00\x00\x00\x00\x00\x00\x00\x00\x00\x00\x00\x00\x00\x00\x00\x00\x00...\x00\x00\x00\x00\x00\x00\x00\x00\x00\x00\x00\x00\x00\x00\x00}}
14:17:11.057 [jetty task-22] DEBUG org.eclipse.jetty.server.HttpInput - HttpInputOverHTTP@7f015c15[c=5,q=1,[0]=EOF,s=STREAM] read 1 from Content@5fa95229{HeapByteBufferR@5537c73b[p=336,l=343,c=8192,r=7]={POST /account/cre...eflate\r\n\r\nbalan<<<ce=1000>>>\x00\x00\x00\x00\x00\x00\x00\x00\x00\x00\x00\x00\x00\x00\x00\x00\x00...\x00\x00\x00\x00\x00\x00\x00\x00\x00\x00\x00\x00\x00\x00\x00}}
14:17:11.057 [jetty task-22] DEBUG org.eclipse.jetty.server.HttpInput - HttpInputOverHTTP@7f015c15[c=6,q=1,[0]=EOF,s=STREAM] read 1 from Content@5fa95229{HeapByteBufferR@5537c73b[p=337,l=343,c=8192,r=6]={POST /account/cre...flate\r\n\r\nbalanc<<<e=1000>>>\x00\x00\x00\x00\x00\x00\x00\x00\x00\x00\x00\x00\x00\x00\x00\x00\x00...\x00\x00\x00\x00\x00\x00\x00\x00\x00\x00\x00\x00\x00\x00\x00}}
14:17:11.058 [jetty task-22] DEBUG org.eclipse.jetty.server.HttpInput - HttpInputOverHTTP@7f015c15[c=7,q=1,[0]=EOF,s=STREAM] read 1 from Content@5fa95229{HeapByteBufferR@5537c73b[p=338,l=343,c=8192,r=5]={POST /account/cre...late\r\n\r\nbalance<<<=1000>>>\x00\x00\x00\x00\x00\x00\x00\x00\x00\x00\x00\x00\x00\x00\x00\x00\x00...\x00\x00\x00\x00\x00\x00\x00\x00\x00\x00\x00\x00\x00\x00\x00}}
14:17:11.058 [jetty task-22] DEBUG org.eclipse.jetty.server.HttpInput - HttpInputOverHTTP@7f015c15[c=8,q=1,[0]=EOF,s=STREAM] read 1 from Content@5fa95229{HeapByteBufferR@5537c73b[p=339,l=343,c=8192,r=4]={POST /account/cre...ate\r\n\r\nbalance=<<<1000>>>\x00\x00\x00\x00\x00\x00\x00\x00\x00\x00\x00\x00\x00\x00\x00\x00\x00...\x00\x00\x00\x00\x00\x00\x00\x00\x00\x00\x00\x00\x00\x00\x00}}
14:17:11.058 [jetty task-22] DEBUG org.eclipse.jetty.server.HttpInput - HttpInputOverHTTP@7f015c15[c=9,q=1,[0]=EOF,s=STREAM] read 1 from Content@5fa95229{HeapByteBufferR@5537c73b[p=340,l=343,c=8192,r=3]={POST /account/cre...te\r\n\r\nbalance=1<<<000>>>\x00\x00\x00\x00\x00\x00\x00\x00\x00\x00\x00\x00\x00\x00\x00\x00\x00...\x00\x00\x00\x00\x00\x00\x00\x00\x00\x00\x00\x00\x00\x00\x00}}
14:17:11.058 [jetty task-22] DEBUG org.eclipse.jetty.server.HttpInput - HttpInputOverHTTP@7f015c15[c=10,q=1,[0]=EOF,s=STREAM] read 1 from Content@5fa95229{HeapByteBufferR@5537c73b[p=341,l=343,c=8192,r=2]={POST /account/cre...e\r\n\r\nbalance=10<<<00>>>\x00\x00\x00\x00\x00\x00\x00\x00\x00\x00\x00\x00\x00\x00\x00\x00\x00...\x00\x00\x00\x00\x00\x00\x00\x00\x00\x00\x00\x00\x00\x00\x00}}
14:17:11.058 [jetty task-22] DEBUG org.eclipse.jetty.server.HttpInput - HttpInputOverHTTP@7f015c15[c=11,q=1,[0]=EOF,s=STREAM] read 1 from Content@5fa95229{HeapByteBufferR@5537c73b[p=342,l=343,c=8192,r=1]={POST /account/cre...\r\n\r\nbalance=100<<<0>>>\x00\x00\x00\x00\x00\x00\x00\x00\x00\x00\x00\x00\x00\x00\x00\x00\x00...\x00\x00\x00\x00\x00\x00\x00\x00\x00\x00\x00\x00\x00\x00\x00}}
14:17:11.059 [jetty task-22] DEBUG org.eclipse.jetty.server.HttpInput - HttpInputOverHTTP@7f015c15[c=12,q=1,[0]=EOF,s=STREAM] read 1 from Content@5fa95229{HeapByteBufferR@5537c73b[p=343,l=343,c=8192,r=0]={POST /account/cre...\n\r\nbalance=1000<<<>>>\x00\x00\x00\x00\x00\x00\x00\x00\x00\x00\x00\x00\x00\x00\x00\x00\x00...\x00\x00\x00\x00\x00\x00\x00\x00\x00\x00\x00\x00\x00\x00\x00}}
14:17:11.072 [jetty task-22] DEBUG org.eclipse.jetty.server.HttpConnection - releaseRequestBuffer HttpConnection@330fe33[p=HttpParser{s=END,12 of 12},g=HttpGenerator@1e749c33{s=START}]=>HttpChannelOverHttp@a42a012{r=1,c=false,a=DISPATCHED,uri=//localhost:8080/account/create}<-SocketChannelEndPoint@2e1031fa{/127.0.0.1:55859<->/127.0.0.1:8080,OPEN,fill=-,flush=-,to=58/0}{io=0/0,kio=0,kro=1}->HttpConnection@330fe33[p=HttpParser{s=END,12 of 12},g=HttpGenerator@1e749c33{s=START}]=>HttpChannelOverHttp@a42a012{r=1,c=false,a=DISPATCHED,uri=//localhost:8080/account/create}
14:17:11.073 [jetty task-22] DEBUG org.eclipse.jetty.server.HttpChannelState - onEof HttpChannelState@4ace7209{s=DISPATCHED a=NOT_ASYNC i=true r=NONE/false w=false}
14:17:11.086 [jetty task-22] DEBUG org.eclipse.jetty.server.HttpOutput - sendContent(HeapByteBuffer@2d23ac87[p=0,l=1,c=1,r=1]={<<<1>>>})
14:17:11.086 [jetty task-22] DEBUG org.eclipse.jetty.server.HttpChannel - sendResponse info=null content=HeapByteBuffer@2d23ac87[p=0,l=1,c=1,r=1]={<<<1>>>} complete=true committing=true callback=Blocker@27d2fd2f{null}
14:17:11.086 [jetty task-22] DEBUG org.eclipse.jetty.server.HttpChannel - COMMIT for /account/create on HttpChannelOverHttp@a42a012{r=1,c=true,a=DISPATCHED,uri=//localhost:8080/account/create}
200 null HTTP/1.1
Content-Type: application/json;charset=iso-8859-1
Content-Length: 1


14:17:11.089 [jetty task-22] DEBUG org.eclipse.jetty.server.HttpConnection - org.eclipse.jetty.server.HttpConnection$SendCallback@5225d7bc[PROCESSING][i=HTTP/1.1{s=200,h=2,cl=1},cb=org.eclipse.jetty.server.HttpChannel$CommitCallback@156d9c9a] generate: NEED_HEADER (null,[p=0,l=1,c=1,r=1],true)@START
14:17:11.089 [jetty task-22] DEBUG org.eclipse.jetty.http.HttpGenerator - generateHeaders HTTP/1.1{s=200,h=2,cl=1} last=true content=HeapByteBuffer@2d23ac87[p=0,l=1,c=1,r=1]={<<<1>>>}
14:17:11.089 [jetty task-22] DEBUG org.eclipse.jetty.http.HttpGenerator - Content-Type: application/json;charset=iso-8859-1
Content-Length: 1


14:17:11.090 [jetty task-22] DEBUG org.eclipse.jetty.http.HttpGenerator - CONTENT_LENGTH
14:17:11.090 [jetty task-22] DEBUG org.eclipse.jetty.server.HttpConnection - org.eclipse.jetty.server.HttpConnection$SendCallback@5225d7bc[PROCESSING][i=HTTP/1.1{s=200,h=2,cl=1},cb=org.eclipse.jetty.server.HttpChannel$CommitCallback@156d9c9a] generate: FLUSH ([p=0,l=89,c=8192,r=89],[p=0,l=1,c=1,r=1],true)@COMPLETING
14:17:11.091 [jetty task-22] DEBUG org.eclipse.jetty.io.WriteFlusher - write: WriteFlusher@35cc5cbf{IDLE}->null [HeapByteBuffer@5a112485[p=0,l=89,c=8192,r=89]={<<<HTTP/1.1 200 OK\r\n...t-Length: 1\r\n\r\n>>>ascript, text/jso...\x00\x00\x00\x00\x00\x00\x00\x00\x00\x00\x00\x00\x00\x00\x00},HeapByteBuffer@2d23ac87[p=0,l=1,c=1,r=1]={<<<1>>>}]
14:17:11.091 [jetty task-22] DEBUG org.eclipse.jetty.io.WriteFlusher - update WriteFlusher@35cc5cbf{WRITING}->null:IDLE-->WRITING
14:17:11.092 [jetty task-22] DEBUG org.eclipse.jetty.io.ChannelEndPoint - flushed 90 SocketChannelEndPoint@2e1031fa{/127.0.0.1:55859<->/127.0.0.1:8080,OPEN,fill=-,flush=W,to=78/0}{io=0/0,kio=0,kro=1}->HttpConnection@330fe33[p=HttpParser{s=END,12 of 12},g=HttpGenerator@1e749c33{s=COMPLETING}]=>HttpChannelOverHttp@a42a012{r=1,c=true,a=DISPATCHED,uri=//localhost:8080/account/create}
14:17:11.092 [jetty task-22] DEBUG org.eclipse.jetty.io.WriteFlusher - Flushed=true 89/89+1 WriteFlusher@35cc5cbf{WRITING}->null
14:17:11.092 [jetty task-22] DEBUG org.eclipse.jetty.io.WriteFlusher - update WriteFlusher@35cc5cbf{IDLE}->null:WRITING-->IDLE
14:17:11.093 [jetty task-22] DEBUG org.eclipse.jetty.server.HttpConnection - org.eclipse.jetty.server.HttpConnection$SendCallback@5225d7bc[PROCESSING][i=HTTP/1.1{s=200,h=2,cl=1},cb=org.eclipse.jetty.server.HttpChannel$CommitCallback@156d9c9a] generate: DONE ([p=89,l=89,c=8192,r=0],[p=1,l=1,c=1,r=0],true)@END
14:17:11.094 [jetty task-22] DEBUG org.eclipse.jetty.server.Server - handled=true async=false committed=true on HttpChannelOverHttp@a42a012{r=1,c=true,a=DISPATCHED,uri=//localhost:8080/account/create}
14:17:11.094 [jetty task-22] DEBUG org.eclipse.jetty.server.HttpChannelState - unhandle HttpChannelState@4ace7209{s=DISPATCHED a=NOT_ASYNC i=true r=REGISTERED/true w=false}
14:17:11.094 [jetty task-22] DEBUG org.eclipse.jetty.server.HttpChannel - HttpChannelOverHttp@a42a012{r=1,c=true,a=COMPLETING,uri=//localhost:8080/account/create} action COMPLETE
14:17:11.095 [jetty task-22] DEBUG org.eclipse.jetty.server.HttpChannelState - onComplete HttpChannelState@4ace7209{s=COMPLETING a=NOT_ASYNC i=false r=REGISTERED/true w=false}
14:17:11.095 [jetty task-22] DEBUG org.eclipse.jetty.server.HttpChannel - COMPLETE for /account/create written=1
14:17:11.101 [jetty task-22] DEBUG org.eclipse.jetty.server.HttpChannelState - recycle HttpChannelState@4ace7209{s=COMPLETED a=NOT_ASYNC i=false r=REGISTERED/true w=false}
14:17:11.101 [jetty task-22] DEBUG org.eclipse.jetty.http.HttpParser - reset HttpParser{s=END,12 of 12}
14:17:11.104 [jetty task-22] DEBUG org.eclipse.jetty.http.HttpParser - END --> START
14:17:11.109 [jetty task-22] DEBUG org.eclipse.jetty.server.HttpChannel - HttpChannelOverHttp@a42a012{r=1,c=false,a=IDLE,uri=null} handle exit, result COMPLETE
14:17:11.111 [jetty task-22] DEBUG org.eclipse.jetty.io.ChannelEndPoint - filled 0 SocketChannelEndPoint@2e1031fa{/127.0.0.1:55859<->/127.0.0.1:8080,OPEN,fill=-,flush=-,to=18/0}{io=0/0,kio=0,kro=1}->HttpConnection@330fe33[p=HttpParser{s=START,0 of -1},g=HttpGenerator@1e749c33{s=START}]=>HttpChannelOverHttp@a42a012{r=1,c=false,a=IDLE,uri=null}
14:17:11.112 [jetty task-22] DEBUG org.eclipse.jetty.io.ChannelEndPoint - filled 0 SocketChannelEndPoint@2e1031fa{/127.0.0.1:55859<->/127.0.0.1:8080,OPEN,fill=-,flush=-,to=19/0}{io=0/0,kio=0,kro=1}->HttpConnection@330fe33[p=HttpParser{s=START,0 of -1},g=HttpGenerator@1e749c33{s=START}]=>HttpChannelOverHttp@a42a012{r=1,c=false,a=IDLE,uri=null}
14:17:11.113 [jetty task-22] DEBUG org.eclipse.jetty.server.HttpConnection - HttpConnection@330fe33[p=HttpParser{s=START,0 of -1},g=HttpGenerator@1e749c33{s=START}]=>HttpChannelOverHttp@a42a012{r=1,c=false,a=IDLE,uri=null}<-SocketChannelEndPoint@2e1031fa{/127.0.0.1:55859<->/127.0.0.1:8080,OPEN,fill=-,flush=-,to=20/0}{io=0/0,kio=0,kro=1}->HttpConnection@330fe33[p=HttpParser{s=START,0 of -1},g=HttpGenerator@1e749c33{s=START}]=>HttpChannelOverHttp@a42a012{r=1,c=false,a=IDLE,uri=null} filled 0 HeapByteBuffer@5a112485[p=0,l=0,c=8192,r=0]={<<<>>>HTTP/1.1 200 OK\r\n...\x00\x00\x00\x00\x00\x00\x00\x00\x00\x00\x00\x00\x00\x00\x00}
14:17:11.115 [jetty task-22] DEBUG org.eclipse.jetty.server.HttpConnection - HttpConnection@330fe33[p=HttpParser{s=START,0 of -1},g=HttpGenerator@1e749c33{s=START}]=>HttpChannelOverHttp@a42a012{r=1,c=false,a=IDLE,uri=null}<-SocketChannelEndPoint@2e1031fa{/127.0.0.1:55859<->/127.0.0.1:8080,OPEN,fill=-,flush=-,to=22/0}{io=0/0,kio=0,kro=1}->HttpConnection@330fe33[p=HttpParser{s=START,0 of -1},g=HttpGenerator@1e749c33{s=START}]=>HttpChannelOverHttp@a42a012{r=1,c=false,a=IDLE,uri=null} parse HeapByteBuffer@5a112485[p=0,l=0,c=8192,r=0]={<<<>>>HTTP/1.1 200 OK\r\n...\x00\x00\x00\x00\x00\x00\x00\x00\x00\x00\x00\x00\x00\x00\x00} {}
14:17:11.116 [jetty task-22] DEBUG org.eclipse.jetty.http.HttpParser - parseNext s=START HeapByteBuffer@5a112485[p=0,l=0,c=8192,r=0]={<<<>>>HTTP/1.1 200 OK\r\n...\x00\x00\x00\x00\x00\x00\x00\x00\x00\x00\x00\x00\x00\x00\x00}
14:17:11.116 [jetty task-22] DEBUG org.eclipse.jetty.server.HttpConnection - HttpConnection@330fe33[p=HttpParser{s=START,0 of -1},g=HttpGenerator@1e749c33{s=START}]=>HttpChannelOverHttp@a42a012{r=1,c=false,a=IDLE,uri=null}<-SocketChannelEndPoint@2e1031fa{/127.0.0.1:55859<->/127.0.0.1:8080,OPEN,fill=-,flush=-,to=24/0}{io=0/0,kio=0,kro=1}->HttpConnection@330fe33[p=HttpParser{s=START,0 of -1},g=HttpGenerator@1e749c33{s=START}]=>HttpChannelOverHttp@a42a012{r=1,c=false,a=IDLE,uri=null} parsed false HttpParser{s=START,0 of -1}
14:17:11.116 [jetty task-22] DEBUG org.eclipse.jetty.server.HttpConnection - releaseRequestBuffer HttpConnection@330fe33[p=HttpParser{s=START,0 of -1},g=HttpGenerator@1e749c33{s=START}]=>HttpChannelOverHttp@a42a012{r=1,c=false,a=IDLE,uri=null}<-SocketChannelEndPoint@2e1031fa{/127.0.0.1:55859<->/127.0.0.1:8080,OPEN,fill=-,flush=-,to=24/0}{io=0/0,kio=0,kro=1}->HttpConnection@330fe33[p=HttpParser{s=START,0 of -1},g=HttpGenerator@1e749c33{s=START}]=>HttpChannelOverHttp@a42a012{r=1,c=false,a=IDLE,uri=null}
14:17:11.117 [jetty task-22] DEBUG org.eclipse.jetty.io.AbstractConnection - fillInterested HttpConnection@330fe33[p=HttpParser{s=START,0 of -1},g=HttpGenerator@1e749c33{s=START}]=>HttpChannelOverHttp@a42a012{r=1,c=false,a=IDLE,uri=null}<-SocketChannelEndPoint@2e1031fa{/127.0.0.1:55859<->/127.0.0.1:8080,OPEN,fill=-,flush=-,to=24/0}{io=0/0,kio=0,kro=1}->HttpConnection@330fe33[p=HttpParser{s=START,0 of -1},g=HttpGenerator@1e749c33{s=START}]=>HttpChannelOverHttp@a42a012{r=1,c=false,a=IDLE,uri=null}
14:17:11.117 [jetty task-22] DEBUG org.eclipse.jetty.io.FillInterest - FillInterest@9a44aa1{true,AC.ReadCB@330fe33{HttpConnection@330fe33[p=HttpParser{s=START,0 of -1},g=HttpGenerator@1e749c33{s=START}]=>HttpChannelOverHttp@a42a012{r=1,c=false,a=IDLE,uri=null}<-SocketChannelEndPoint@2e1031fa{/127.0.0.1:55859<->/127.0.0.1:8080,OPEN,fill=FI,flush=-,to=0/0}{io=0/0,kio=0,kro=1}->HttpConnection@330fe33[p=HttpParser{s=START,0 of -1},g=HttpGenerator@1e749c33{s=START}]=>HttpChannelOverHttp@a42a012{r=1,c=false,a=IDLE,uri=null}}} register AC.ReadCB@330fe33{HttpConnection@330fe33[p=HttpParser{s=START,0 of -1},g=HttpGenerator@1e749c33{s=START}]=>HttpChannelOverHttp@a42a012{r=1,c=false,a=IDLE,uri=null}<-SocketChannelEndPoint@2e1031fa{/127.0.0.1:55859<->/127.0.0.1:8080,OPEN,fill=FI,flush=-,to=0/0}{io=0/0,kio=0,kro=1}->HttpConnection@330fe33[p=HttpParser{s=START,0 of -1},g=HttpGenerator@1e749c33{s=START}]=>HttpChannelOverHttp@a42a012{r=1,c=false,a=IDLE,uri=null}}
14:17:11.118 [jetty task-22] DEBUG org.eclipse.jetty.io.ChannelEndPoint - changeInterests p=false 0->1 for SocketChannelEndPoint@2e1031fa{/127.0.0.1:55859<->/127.0.0.1:8080,OPEN,fill=FI,flush=-,to=0/0}{io=0/1,kio=0,kro=1}->HttpConnection@330fe33[p=HttpParser{s=START,0 of -1},g=HttpGenerator@1e749c33{s=START}]=>HttpChannelOverHttp@a42a012{r=1,c=false,a=IDLE,uri=null}
14:17:11.118 [jetty task-22] DEBUG org.eclipse.jetty.io.ManagedSelector - Queued change CEP:SocketChannelEndPoint@2e1031fa{/127.0.0.1:55859<->/127.0.0.1:8080,OPEN,fill=FI,flush=-,to=1/0}{io=0/1,kio=0,kro=1}->HttpConnection@330fe33[p=HttpParser{s=START,0 of -1},g=HttpGenerator@1e749c33{s=START}]=>HttpChannelOverHttp@a42a012{r=1,c=false,a=IDLE,uri=null}:runUpdateKey:NON_BLOCKING on org.eclipse.jetty.io.ManagedSelector@584047b5 id=0 keys=1 selected=0
14:17:11.118 [jetty task-23] DEBUG org.eclipse.jetty.io.ManagedSelector - Selector loop woken up from select, 0/1 selected
14:17:11.118 [jetty task-23] DEBUG org.eclipse.jetty.io.ManagedSelector - Running action CEP:SocketChannelEndPoint@2e1031fa{/127.0.0.1:55859<->/127.0.0.1:8080,OPEN,fill=FI,flush=-,to=1/0}{io=0/1,kio=0,kro=1}->HttpConnection@330fe33[p=HttpParser{s=START,0 of -1},g=HttpGenerator@1e749c33{s=START}]=>HttpChannelOverHttp@a42a012{r=1,c=false,a=IDLE,uri=null}:runUpdateKey:NON_BLOCKING
14:17:11.118 [jetty task-23] DEBUG org.eclipse.jetty.io.ChannelEndPoint - Key interests updated 0 -> 1 on SocketChannelEndPoint@2e1031fa{/127.0.0.1:55859<->/127.0.0.1:8080,OPEN,fill=FI,flush=-,to=1/0}{io=1/1,kio=1,kro=1}->HttpConnection@330fe33[p=HttpParser{s=START,0 of -1},g=HttpGenerator@1e749c33{s=START}]=>HttpChannelOverHttp@a42a012{r=1,c=false,a=IDLE,uri=null}
14:17:11.119 [jetty task-23] DEBUG org.eclipse.jetty.io.ManagedSelector - Selector loop waiting on select
14:17:11.119 [jetty task-22] DEBUG org.eclipse.jetty.server.HttpConnection - HttpConnection@330fe33[p=HttpParser{s=START,0 of -1},g=HttpGenerator@1e749c33{s=START}]=>HttpChannelOverHttp@a42a012{r=1,c=false,a=IDLE,uri=null}<-SocketChannelEndPoint@2e1031fa{/127.0.0.1:55859<->/127.0.0.1:8080,OPEN,fill=FI,flush=-,to=2/0}{io=1/1,kio=1,kro=1}->HttpConnection@330fe33[p=HttpParser{s=START,0 of -1},g=HttpGenerator@1e749c33{s=START}]=>HttpChannelOverHttp@a42a012{r=1,c=false,a=IDLE,uri=null} onFillable exit HttpChannelState@4ace7209{s=IDLE a=NOT_ASYNC i=true r=NONE/false w=false} null
14:17:11.119 [jetty task-22] DEBUG org.eclipse.jetty.util.thread.strategy.ExecutingExecutionStrategy - EPC Prod/org.eclipse.jetty.io.ManagedSelector$SelectorProducer@6ec67bbc invoked CEP:SocketChannelEndPoint@2e1031fa{/127.0.0.1:55859<->/127.0.0.1:8080,OPEN,fill=FI,flush=-,to=2/0}{io=1/1,kio=1,kro=1}->HttpConnection@330fe33[p=HttpParser{s=START,0 of -1},g=HttpGenerator@1e749c33{s=START}]=>HttpChannelOverHttp@a42a012{r=1,c=false,a=IDLE,uri=null}:runFillable:BLOCKING
14:17:11.125 [jetty task-22] DEBUG org.eclipse.jetty.util.thread.strategy.ExecuteProduceConsume - EPC Prod/org.eclipse.jetty.io.ManagedSelector$SelectorProducer@6ec67bbc ran CEP:SocketChannelEndPoint@2e1031fa{/127.0.0.1:55859<->/127.0.0.1:8080,OPEN,fill=FI,flush=-,to=8/0}{io=1/1,kio=1,kro=1}->HttpConnection@330fe33[p=HttpParser{s=START,0 of -1},g=HttpGenerator@1e749c33{s=START}]=>HttpChannelOverHttp@a42a012{r=1,c=false,a=IDLE,uri=null}:runFillable:BLOCKING
14:17:11.125 [jetty task-22] DEBUG org.eclipse.jetty.util.thread.strategy.ExecuteProduceConsume - EPC Prod/org.eclipse.jetty.io.ManagedSelector$SelectorProducer@6ec67bbc produce exit
14:17:11.125 [jetty task-22] DEBUG org.eclipse.jetty.util.thread.QueuedThreadPool - ran EPC Prod/org.eclipse.jetty.io.ManagedSelector$SelectorProducer@6ec67bbc
14:17:11.237 [jetty task-20-acceptor-0@78b9b1c-ServerConnector@53bd4614{HTTP/1.1,[http/1.1]}{localhost:8080}] DEBUG org.eclipse.jetty.io.ManagedSelector - Queued change org.eclipse.jetty.io.ManagedSelector$Accept@2dd7a4af on org.eclipse.jetty.io.ManagedSelector@3803d43d id=1 keys=0 selected=0
14:17:11.237 [jetty task-18] DEBUG org.eclipse.jetty.io.ManagedSelector - Selector loop woken up from select, 0/0 selected
14:17:11.237 [jetty task-18] DEBUG org.eclipse.jetty.io.ManagedSelector - Running action org.eclipse.jetty.io.ManagedSelector$Accept@2dd7a4af
14:17:11.237 [jetty task-18] DEBUG org.eclipse.jetty.io.ManagedSelector - Queued change org.eclipse.jetty.io.ManagedSelector$CreateEndPoint@6568bcbf on org.eclipse.jetty.io.ManagedSelector@3803d43d id=1 keys=1 selected=0
14:17:11.237 [jetty task-18] DEBUG org.eclipse.jetty.util.thread.strategy.ExecuteProduceConsume - EPC Prod/org.eclipse.jetty.io.ManagedSelector$SelectorProducer@6f90d7cf produced org.eclipse.jetty.io.ManagedSelector$CreateEndPoint@6568bcbf
14:17:11.237 [jetty task-18] DEBUG org.eclipse.jetty.util.thread.strategy.ExecuteProduceConsume - EPC Pend/org.eclipse.jetty.io.ManagedSelector$SelectorProducer@6f90d7cf dispatch
14:17:11.237 [jetty task-18] DEBUG org.eclipse.jetty.util.thread.QueuedThreadPool - queue EPC Pend/org.eclipse.jetty.io.ManagedSelector$SelectorProducer@6f90d7cf
14:17:11.237 [jetty task-18] DEBUG org.eclipse.jetty.util.thread.strategy.ExecuteProduceConsume - EPC Pend/org.eclipse.jetty.io.ManagedSelector$SelectorProducer@6f90d7cf run org.eclipse.jetty.io.ManagedSelector$CreateEndPoint@6568bcbf
14:17:11.237 [jetty task-18] DEBUG org.eclipse.jetty.util.thread.strategy.ExecutingExecutionStrategy - EPC Pend/org.eclipse.jetty.io.ManagedSelector$SelectorProducer@6f90d7cf invoke  org.eclipse.jetty.io.ManagedSelector$CreateEndPoint@6568bcbf
14:17:11.238 [jetty task-18] DEBUG org.eclipse.jetty.io.AbstractEndPoint - onOpen SocketChannelEndPoint@206a2e76{/127.0.0.1:55860<->/127.0.0.1:8080,OPEN,fill=-,flush=-,to=0/0}{io=0/0,kio=0,kro=0}-><null>
14:17:11.238 [jetty task-18] DEBUG org.eclipse.jetty.server.HttpChannel - new HttpChannelOverHttp@49adbb1b{r=0,c=false,a=IDLE,uri=null} -> SocketChannelEndPoint@206a2e76{/127.0.0.1:55860<->/127.0.0.1:8080,OPEN,fill=-,flush=-,to=1/0}{io=0/0,kio=0,kro=0}-><null>,null,HttpChannelState@11808b2f{s=IDLE a=NOT_ASYNC i=true r=NONE/false w=false}
14:17:11.238 [jetty task-18] DEBUG org.eclipse.jetty.server.HttpConnection - New HTTP Connection HttpConnection@31ad40e4[p=HttpParser{s=START,0 of 0},g=HttpGenerator@4045d139{s=START}]=>HttpChannelOverHttp@49adbb1b{r=0,c=false,a=IDLE,uri=null}<-SocketChannelEndPoint@206a2e76{/127.0.0.1:55860<->/127.0.0.1:8080,OPEN,fill=-,flush=-,to=1/0}{io=0/0,kio=0,kro=0}-><null>
14:17:11.238 [jetty task-18] DEBUG org.eclipse.jetty.io.AbstractConnection - onOpen HttpConnection@31ad40e4[p=HttpParser{s=START,0 of 0},g=HttpGenerator@4045d139{s=START}]=>HttpChannelOverHttp@49adbb1b{r=0,c=false,a=IDLE,uri=null}<-SocketChannelEndPoint@206a2e76{/127.0.0.1:55860<->/127.0.0.1:8080,OPEN,fill=-,flush=-,to=1/0}{io=0/0,kio=0,kro=0}->HttpConnection@31ad40e4[p=HttpParser{s=START,0 of 0},g=HttpGenerator@4045d139{s=START}]=>HttpChannelOverHttp@49adbb1b{r=0,c=false,a=IDLE,uri=null}
14:17:11.238 [jetty task-18] DEBUG org.eclipse.jetty.io.AbstractConnection - fillInterested HttpConnection@31ad40e4[p=HttpParser{s=START,0 of 0},g=HttpGenerator@4045d139{s=START}]=>HttpChannelOverHttp@49adbb1b{r=0,c=false,a=IDLE,uri=null}<-SocketChannelEndPoint@206a2e76{/127.0.0.1:55860<->/127.0.0.1:8080,OPEN,fill=-,flush=-,to=1/0}{io=0/0,kio=0,kro=0}->HttpConnection@31ad40e4[p=HttpParser{s=START,0 of 0},g=HttpGenerator@4045d139{s=START}]=>HttpChannelOverHttp@49adbb1b{r=0,c=false,a=IDLE,uri=null}
14:17:11.239 [jetty task-18] DEBUG org.eclipse.jetty.io.FillInterest - FillInterest@6414cf49{true,AC.ReadCB@31ad40e4{HttpConnection@31ad40e4[p=HttpParser{s=START,0 of 0},g=HttpGenerator@4045d139{s=START}]=>HttpChannelOverHttp@49adbb1b{r=0,c=false,a=IDLE,uri=null}<-SocketChannelEndPoint@206a2e76{/127.0.0.1:55860<->/127.0.0.1:8080,OPEN,fill=FI,flush=-,to=0/0}{io=0/0,kio=0,kro=0}->HttpConnection@31ad40e4[p=HttpParser{s=START,0 of 0},g=HttpGenerator@4045d139{s=START}]=>HttpChannelOverHttp@49adbb1b{r=0,c=false,a=IDLE,uri=null}}} register AC.ReadCB@31ad40e4{HttpConnection@31ad40e4[p=HttpParser{s=START,0 of 0},g=HttpGenerator@4045d139{s=START}]=>HttpChannelOverHttp@49adbb1b{r=0,c=false,a=IDLE,uri=null}<-SocketChannelEndPoint@206a2e76{/127.0.0.1:55860<->/127.0.0.1:8080,OPEN,fill=FI,flush=-,to=1/0}{io=0/0,kio=0,kro=0}->HttpConnection@31ad40e4[p=HttpParser{s=START,0 of 0},g=HttpGenerator@4045d139{s=START}]=>HttpChannelOverHttp@49adbb1b{r=0,c=false,a=IDLE,uri=null}}
14:17:11.239 [jetty task-18] DEBUG org.eclipse.jetty.io.ChannelEndPoint - changeInterests p=false 0->1 for SocketChannelEndPoint@206a2e76{/127.0.0.1:55860<->/127.0.0.1:8080,OPEN,fill=FI,flush=-,to=1/0}{io=0/1,kio=0,kro=0}->HttpConnection@31ad40e4[p=HttpParser{s=START,0 of 0},g=HttpGenerator@4045d139{s=START}]=>HttpChannelOverHttp@49adbb1b{r=0,c=false,a=IDLE,uri=null}
14:17:11.239 [jetty task-18] DEBUG org.eclipse.jetty.io.ManagedSelector - Queued change CEP:SocketChannelEndPoint@206a2e76{/127.0.0.1:55860<->/127.0.0.1:8080,OPEN,fill=FI,flush=-,to=1/0}{io=0/1,kio=0,kro=0}->HttpConnection@31ad40e4[p=HttpParser{s=START,0 of 0},g=HttpGenerator@4045d139{s=START}]=>HttpChannelOverHttp@49adbb1b{r=0,c=false,a=IDLE,uri=null}:runUpdateKey:NON_BLOCKING on org.eclipse.jetty.io.ManagedSelector@3803d43d id=1 keys=1 selected=0
14:17:11.239 [jetty task-18] DEBUG org.eclipse.jetty.io.ManagedSelector - Created SocketChannelEndPoint@206a2e76{/127.0.0.1:55860<->/127.0.0.1:8080,OPEN,fill=FI,flush=-,to=1/0}{io=0/1,kio=0,kro=0}->HttpConnection@31ad40e4[p=HttpParser{s=START,0 of 0},g=HttpGenerator@4045d139{s=START}]=>HttpChannelOverHttp@49adbb1b{r=0,c=false,a=IDLE,uri=null}
14:17:11.239 [jetty task-18] DEBUG org.eclipse.jetty.util.thread.strategy.ExecutingExecutionStrategy - EPC Pend/org.eclipse.jetty.io.ManagedSelector$SelectorProducer@6f90d7cf invoked org.eclipse.jetty.io.ManagedSelector$CreateEndPoint@6568bcbf
14:17:11.240 [jetty task-18] DEBUG org.eclipse.jetty.util.thread.strategy.ExecuteProduceConsume - EPC Pend/org.eclipse.jetty.io.ManagedSelector$SelectorProducer@6f90d7cf ran org.eclipse.jetty.io.ManagedSelector$CreateEndPoint@6568bcbf
14:17:11.240 [jetty task-18] DEBUG org.eclipse.jetty.util.thread.strategy.ExecuteProduceConsume - EPC Prod/Pend/org.eclipse.jetty.io.ManagedSelector$SelectorProducer@6f90d7cf producing
14:17:11.240 [jetty task-18] DEBUG org.eclipse.jetty.io.ManagedSelector - Running action CEP:SocketChannelEndPoint@206a2e76{/127.0.0.1:55860<->/127.0.0.1:8080,OPEN,fill=FI,flush=-,to=2/0}{io=0/1,kio=0,kro=0}->HttpConnection@31ad40e4[p=HttpParser{s=START,0 of 0},g=HttpGenerator@4045d139{s=START}]=>HttpChannelOverHttp@49adbb1b{r=0,c=false,a=IDLE,uri=null}:runUpdateKey:NON_BLOCKING
14:17:11.240 [jetty task-18] DEBUG org.eclipse.jetty.io.ChannelEndPoint - Key interests updated 0 -> 1 on SocketChannelEndPoint@206a2e76{/127.0.0.1:55860<->/127.0.0.1:8080,OPEN,fill=FI,flush=-,to=2/0}{io=1/1,kio=1,kro=0}->HttpConnection@31ad40e4[p=HttpParser{s=START,0 of 0},g=HttpGenerator@4045d139{s=START}]=>HttpChannelOverHttp@49adbb1b{r=0,c=false,a=IDLE,uri=null}
14:17:11.240 [jetty task-18] DEBUG org.eclipse.jetty.io.ManagedSelector - Selector loop waiting on select
14:17:11.241 [jetty task-16] DEBUG org.eclipse.jetty.util.thread.QueuedThreadPool - run EPC Prod/Pend/org.eclipse.jetty.io.ManagedSelector$SelectorProducer@6f90d7cf
14:17:11.242 [jetty task-16] DEBUG org.eclipse.jetty.util.thread.strategy.ExecuteProduceConsume - EPC Prod/Pend/org.eclipse.jetty.io.ManagedSelector$SelectorProducer@6f90d7cf run
14:17:11.242 [jetty task-16] DEBUG org.eclipse.jetty.util.thread.QueuedThreadPool - ran EPC Prod/org.eclipse.jetty.io.ManagedSelector$SelectorProducer@6f90d7cf
14:17:11.243 [jetty task-18] DEBUG org.eclipse.jetty.io.ManagedSelector - Selector loop woken up from select, 1/1 selected
14:17:11.244 [jetty task-18] DEBUG org.eclipse.jetty.io.ManagedSelector - selected sun.nio.ch.SelectionKeyImpl@6157244d SocketChannelEndPoint@206a2e76{/127.0.0.1:55860<->/127.0.0.1:8080,OPEN,fill=FI,flush=-,to=5/0}{io=1/1,kio=1,kro=1}->HttpConnection@31ad40e4[p=HttpParser{s=START,0 of 0},g=HttpGenerator@4045d139{s=START}]=>HttpChannelOverHttp@49adbb1b{r=0,c=false,a=IDLE,uri=null} 
14:17:11.244 [jetty task-18] DEBUG org.eclipse.jetty.io.ChannelEndPoint - onSelected 1->0 r=true w=false for SocketChannelEndPoint@206a2e76{/127.0.0.1:55860<->/127.0.0.1:8080,OPEN,fill=FI,flush=-,to=6/0}{io=1/0,kio=1,kro=1}->HttpConnection@31ad40e4[p=HttpParser{s=START,0 of 0},g=HttpGenerator@4045d139{s=START}]=>HttpChannelOverHttp@49adbb1b{r=0,c=false,a=IDLE,uri=null}
14:17:11.245 [jetty task-18] DEBUG org.eclipse.jetty.io.ChannelEndPoint - task CEP:SocketChannelEndPoint@206a2e76{/127.0.0.1:55860<->/127.0.0.1:8080,OPEN,fill=FI,flush=-,to=7/0}{io=1/0,kio=1,kro=1}->HttpConnection@31ad40e4[p=HttpParser{s=START,0 of 0},g=HttpGenerator@4045d139{s=START}]=>HttpChannelOverHttp@49adbb1b{r=0,c=false,a=IDLE,uri=null}:runFillable:BLOCKING
14:17:11.246 [jetty task-18] DEBUG org.eclipse.jetty.util.thread.strategy.ExecuteProduceConsume - EPC Prod/org.eclipse.jetty.io.ManagedSelector$SelectorProducer@6f90d7cf produced CEP:SocketChannelEndPoint@206a2e76{/127.0.0.1:55860<->/127.0.0.1:8080,OPEN,fill=FI,flush=-,to=8/0}{io=1/0,kio=1,kro=1}->HttpConnection@31ad40e4[p=HttpParser{s=START,0 of 0},g=HttpGenerator@4045d139{s=START}]=>HttpChannelOverHttp@49adbb1b{r=0,c=false,a=IDLE,uri=null}:runFillable:BLOCKING
14:17:11.246 [jetty task-18] DEBUG org.eclipse.jetty.util.thread.strategy.ExecuteProduceConsume - EPC Pend/org.eclipse.jetty.io.ManagedSelector$SelectorProducer@6f90d7cf dispatch
14:17:11.246 [jetty task-18] DEBUG org.eclipse.jetty.util.thread.QueuedThreadPool - queue EPC Pend/org.eclipse.jetty.io.ManagedSelector$SelectorProducer@6f90d7cf
14:17:11.246 [jetty task-18] DEBUG org.eclipse.jetty.util.thread.strategy.ExecuteProduceConsume - EPC Pend/org.eclipse.jetty.io.ManagedSelector$SelectorProducer@6f90d7cf run CEP:SocketChannelEndPoint@206a2e76{/127.0.0.1:55860<->/127.0.0.1:8080,OPEN,fill=FI,flush=-,to=8/0}{io=1/0,kio=1,kro=1}->HttpConnection@31ad40e4[p=HttpParser{s=START,0 of 0},g=HttpGenerator@4045d139{s=START}]=>HttpChannelOverHttp@49adbb1b{r=0,c=false,a=IDLE,uri=null}:runFillable:BLOCKING
14:17:11.247 [jetty task-18] DEBUG org.eclipse.jetty.util.thread.strategy.ExecutingExecutionStrategy - EPC Pend/org.eclipse.jetty.io.ManagedSelector$SelectorProducer@6f90d7cf invoke  CEP:SocketChannelEndPoint@206a2e76{/127.0.0.1:55860<->/127.0.0.1:8080,OPEN,fill=FI,flush=-,to=8/0}{io=1/0,kio=1,kro=1}->HttpConnection@31ad40e4[p=HttpParser{s=START,0 of 0},g=HttpGenerator@4045d139{s=START}]=>HttpChannelOverHttp@49adbb1b{r=0,c=false,a=IDLE,uri=null}:runFillable:BLOCKING
14:17:11.247 [jetty task-18] DEBUG org.eclipse.jetty.io.FillInterest - FillInterest@6414cf49{true,AC.ReadCB@31ad40e4{HttpConnection@31ad40e4[p=HttpParser{s=START,0 of 0},g=HttpGenerator@4045d139{s=START}]=>HttpChannelOverHttp@49adbb1b{r=0,c=false,a=IDLE,uri=null}<-SocketChannelEndPoint@206a2e76{/127.0.0.1:55860<->/127.0.0.1:8080,OPEN,fill=FI,flush=-,to=9/0}{io=1/0,kio=1,kro=1}->HttpConnection@31ad40e4[p=HttpParser{s=START,0 of 0},g=HttpGenerator@4045d139{s=START}]=>HttpChannelOverHttp@49adbb1b{r=0,c=false,a=IDLE,uri=null}}} fillable AC.ReadCB@31ad40e4{HttpConnection@31ad40e4[p=HttpParser{s=START,0 of 0},g=HttpGenerator@4045d139{s=START}]=>HttpChannelOverHttp@49adbb1b{r=0,c=false,a=IDLE,uri=null}<-SocketChannelEndPoint@206a2e76{/127.0.0.1:55860<->/127.0.0.1:8080,OPEN,fill=FI,flush=-,to=9/0}{io=1/0,kio=1,kro=1}->HttpConnection@31ad40e4[p=HttpParser{s=START,0 of 0},g=HttpGenerator@4045d139{s=START}]=>HttpChannelOverHttp@49adbb1b{r=0,c=false,a=IDLE,uri=null}}
14:17:11.248 [jetty task-18] DEBUG org.eclipse.jetty.server.HttpConnection - HttpConnection@31ad40e4[p=HttpParser{s=START,0 of 0},g=HttpGenerator@4045d139{s=START}]=>HttpChannelOverHttp@49adbb1b{r=0,c=false,a=IDLE,uri=null}<-SocketChannelEndPoint@206a2e76{/127.0.0.1:55860<->/127.0.0.1:8080,OPEN,fill=-,flush=-,to=10/0}{io=1/0,kio=1,kro=1}->HttpConnection@31ad40e4[p=HttpParser{s=START,0 of 0},g=HttpGenerator@4045d139{s=START}]=>HttpChannelOverHttp@49adbb1b{r=0,c=false,a=IDLE,uri=null} onFillable enter HttpChannelState@11808b2f{s=IDLE a=NOT_ASYNC i=true r=NONE/false w=false} null
14:17:11.248 [jetty task-18] DEBUG org.eclipse.jetty.io.ChannelEndPoint - filled 343 SocketChannelEndPoint@206a2e76{/127.0.0.1:55860<->/127.0.0.1:8080,OPEN,fill=-,flush=-,to=10/0}{io=1/0,kio=1,kro=1}->HttpConnection@31ad40e4[p=HttpParser{s=START,0 of 0},g=HttpGenerator@4045d139{s=START}]=>HttpChannelOverHttp@49adbb1b{r=0,c=false,a=IDLE,uri=null}
14:17:11.248 [jetty task-18] DEBUG org.eclipse.jetty.server.HttpConnection - HttpConnection@31ad40e4[p=HttpParser{s=START,0 of 0},g=HttpGenerator@4045d139{s=START}]=>HttpChannelOverHttp@49adbb1b{r=0,c=false,a=IDLE,uri=null}<-SocketChannelEndPoint@206a2e76{/127.0.0.1:55860<->/127.0.0.1:8080,OPEN,fill=-,flush=-,to=0/0}{io=1/0,kio=1,kro=1}->HttpConnection@31ad40e4[p=HttpParser{s=START,0 of 0},g=HttpGenerator@4045d139{s=START}]=>HttpChannelOverHttp@49adbb1b{r=0,c=false,a=IDLE,uri=null} filled 343 HeapByteBuffer@5a112485[p=0,l=343,c=8192,r=343]={<<<POST /account/cre...\n\r\nbalance=5000>>>\x00\x00\x00\x00\x00\x00\x00\x00\x00\x00\x00\x00\x00\x00\x00\x00\x00...\x00\x00\x00\x00\x00\x00\x00\x00\x00\x00\x00\x00\x00\x00\x00}
14:17:11.249 [jetty task-18] DEBUG org.eclipse.jetty.server.HttpConnection - HttpConnection@31ad40e4[p=HttpParser{s=START,0 of 0},g=HttpGenerator@4045d139{s=START}]=>HttpChannelOverHttp@49adbb1b{r=0,c=false,a=IDLE,uri=null}<-SocketChannelEndPoint@206a2e76{/127.0.0.1:55860<->/127.0.0.1:8080,OPEN,fill=-,flush=-,to=0/0}{io=1/0,kio=1,kro=1}->HttpConnection@31ad40e4[p=HttpParser{s=START,0 of 0},g=HttpGenerator@4045d139{s=START}]=>HttpChannelOverHttp@49adbb1b{r=0,c=false,a=IDLE,uri=null} parse HeapByteBuffer@5a112485[p=0,l=343,c=8192,r=343]={<<<POST /account/cre...\n\r\nbalance=5000>>>\x00\x00\x00\x00\x00\x00\x00\x00\x00\x00\x00\x00\x00\x00\x00\x00\x00...\x00\x00\x00\x00\x00\x00\x00\x00\x00\x00\x00\x00\x00\x00\x00} {}
14:17:11.249 [jetty task-18] DEBUG org.eclipse.jetty.http.HttpParser - parseNext s=START HeapByteBuffer@5a112485[p=0,l=343,c=8192,r=343]={<<<POST /account/cre...\n\r\nbalance=5000>>>\x00\x00\x00\x00\x00\x00\x00\x00\x00\x00\x00\x00\x00\x00\x00\x00\x00...\x00\x00\x00\x00\x00\x00\x00\x00\x00\x00\x00\x00\x00\x00\x00}
14:17:11.249 [jetty task-18] DEBUG org.eclipse.jetty.http.HttpParser - START --> SPACE1
14:17:11.249 [jetty task-18] DEBUG org.eclipse.jetty.http.HttpParser - SPACE1 --> URI
14:17:11.249 [jetty task-18] DEBUG org.eclipse.jetty.http.HttpParser - URI --> SPACE2
14:17:11.249 [jetty task-18] DEBUG org.eclipse.jetty.http.HttpParser - SPACE2 --> REQUEST_VERSION
14:17:11.249 [jetty task-18] DEBUG org.eclipse.jetty.http.HttpParser - REQUEST_VERSION --> HEADER
14:17:11.249 [jetty task-18] DEBUG org.eclipse.jetty.http.HttpParser - HEADER:null --> VALUE
14:17:11.249 [jetty task-18] DEBUG org.eclipse.jetty.http.HttpParser - HEADER:null --> IN_VALUE
14:17:11.249 [jetty task-18] DEBUG org.eclipse.jetty.http.HttpParser - HEADER:null --> FIELD
14:17:11.249 [jetty task-18] DEBUG org.eclipse.jetty.http.HttpParser - HEADER:Content-Type: application/x-www-form-urlencoded; charset=ISO-8859-1 --> IN_VALUE
14:17:11.249 [jetty task-18] DEBUG org.eclipse.jetty.http.HttpParser - HEADER:Content-Type: application/x-www-form-urlencoded; charset=ISO-8859-1 --> FIELD
14:17:11.249 [jetty task-18] DEBUG org.eclipse.jetty.http.HttpParser - HEADER:null --> VALUE
14:17:11.250 [jetty task-18] DEBUG org.eclipse.jetty.http.HttpParser - HEADER:null --> IN_VALUE
14:17:11.250 [jetty task-18] DEBUG org.eclipse.jetty.http.HttpParser - HEADER:null --> FIELD
14:17:11.250 [jetty task-18] DEBUG org.eclipse.jetty.http.HttpParser - HEADER:null --> VALUE
14:17:11.251 [jetty task-18] DEBUG org.eclipse.jetty.http.HttpParser - HEADER:null --> IN_VALUE
14:17:11.251 [jetty task-18] DEBUG org.eclipse.jetty.http.HttpParser - HEADER:null --> FIELD
14:17:11.251 [jetty task-18] DEBUG org.eclipse.jetty.http.HttpParser - HEADER:Connection: keep-alive --> IN_VALUE
14:17:11.251 [jetty task-18] DEBUG org.eclipse.jetty.http.HttpParser - HEADER:Connection: keep-alive --> FIELD
14:17:11.251 [jetty task-18] DEBUG org.eclipse.jetty.http.HttpParser - HEADER:null --> VALUE
14:17:11.251 [jetty task-18] DEBUG org.eclipse.jetty.http.HttpParser - HEADER:null --> IN_VALUE
14:17:11.252 [jetty task-18] DEBUG org.eclipse.jetty.http.HttpParser - HEADER:null --> FIELD
14:17:11.252 [jetty task-18] DEBUG org.eclipse.jetty.http.HttpParser - HEADER:null --> IN_VALUE
14:17:11.252 [jetty task-18] DEBUG org.eclipse.jetty.http.HttpParser - HEADER:null --> FIELD
14:17:11.252 [jetty task-18] DEBUG org.eclipse.jetty.http.HttpParser - HEADER --> CONTENT
14:17:11.253 [jetty task-18] DEBUG org.eclipse.jetty.server.HttpChannel - REQUEST for //localhost:8080/account/create on HttpChannelOverHttp@49adbb1b{r=1,c=false,a=IDLE,uri=//localhost:8080/account/create}
POST //localhost:8080/account/create HTTP/1.1
Accept: application/json, application/javascript, text/javascript, text/json
Content-Type: application/x-www-form-urlencoded; charset=ISO-8859-1
Content-Length: 12
Host: localhost:8080
Connection: keep-alive
User-Agent: Apache-HttpClient/4.5.3 (Java/1.8.0_121)
Accept-Encoding: gzip,deflate


14:17:11.253 [jetty task-18] DEBUG org.eclipse.jetty.server.HttpConnection - HttpConnection@31ad40e4[p=HttpParser{s=CONTENT,0 of 12},g=HttpGenerator@4045d139{s=START}]=>HttpChannelOverHttp@49adbb1b{r=1,c=false,a=IDLE,uri=//localhost:8080/account/create}<-SocketChannelEndPoint@206a2e76{/127.0.0.1:55860<->/127.0.0.1:8080,OPEN,fill=-,flush=-,to=5/0}{io=1/0,kio=1,kro=1}->HttpConnection@31ad40e4[p=HttpParser{s=CONTENT,0 of 12},g=HttpGenerator@4045d139{s=START}]=>HttpChannelOverHttp@49adbb1b{r=1,c=false,a=IDLE,uri=//localhost:8080/account/create} parsed true HttpParser{s=CONTENT,0 of 12}
14:17:11.253 [jetty task-18] DEBUG org.eclipse.jetty.server.HttpChannel - HttpChannelOverHttp@49adbb1b{r=1,c=false,a=IDLE,uri=//localhost:8080/account/create} handle //localhost:8080/account/create 
14:17:11.253 [jetty task-18] DEBUG org.eclipse.jetty.server.HttpChannelState - handling HttpChannelState@11808b2f{s=IDLE a=NOT_ASYNC i=true r=NONE/false w=false}
14:17:11.253 [jetty task-18] DEBUG org.eclipse.jetty.server.HttpChannel - HttpChannelOverHttp@49adbb1b{r=1,c=false,a=DISPATCHED,uri=//localhost:8080/account/create} action DISPATCH
14:17:11.253 [jetty task-18] DEBUG org.eclipse.jetty.server.Server - REQUEST POST /account/create on HttpChannelOverHttp@49adbb1b{r=1,c=false,a=DISPATCHED,uri=//localhost:8080/account/create}
14:17:11.253 [jetty task-18] DEBUG org.eclipse.jetty.server.handler.ContextHandler - scope null||/account/create @ o.e.j.s.h.ContextHandler@38453928{/,null,AVAILABLE}
14:17:11.253 [jetty task-18] DEBUG org.eclipse.jetty.server.handler.ContextHandler - context=||/account/create @ o.e.j.s.h.ContextHandler@38453928{/,null,AVAILABLE}
14:17:11.255 [jetty task-18] DEBUG org.eclipse.jetty.server.HttpConnection - HttpConnection@31ad40e4[p=HttpParser{s=CONTENT,0 of 12},g=HttpGenerator@4045d139{s=START}]=>HttpChannelOverHttp@49adbb1b{r=1,c=false,a=DISPATCHED,uri=//localhost:8080/account/create}<-SocketChannelEndPoint@206a2e76{/127.0.0.1:55860<->/127.0.0.1:8080,OPEN,fill=-,flush=-,to=7/0}{io=1/0,kio=1,kro=1}->HttpConnection@31ad40e4[p=HttpParser{s=CONTENT,0 of 12},g=HttpGenerator@4045d139{s=START}]=>HttpChannelOverHttp@49adbb1b{r=1,c=false,a=DISPATCHED,uri=//localhost:8080/account/create} parse HeapByteBuffer@5a112485[p=331,l=343,c=8192,r=12]={POST /account/cre...zip,deflate\r\n\r\n<<<balance=5000>>>\x00\x00\x00\x00\x00\x00\x00\x00\x00\x00\x00\x00\x00\x00\x00\x00\x00...\x00\x00\x00\x00\x00\x00\x00\x00\x00\x00\x00\x00\x00\x00\x00} {}
14:17:11.255 [jetty task-18] DEBUG org.eclipse.jetty.http.HttpParser - parseNext s=CONTENT HeapByteBuffer@5a112485[p=331,l=343,c=8192,r=12]={POST /account/cre...zip,deflate\r\n\r\n<<<balance=5000>>>\x00\x00\x00\x00\x00\x00\x00\x00\x00\x00\x00\x00\x00\x00\x00\x00\x00...\x00\x00\x00\x00\x00\x00\x00\x00\x00\x00\x00\x00\x00\x00\x00}
14:17:11.255 [jetty task-18] DEBUG org.eclipse.jetty.server.HttpChannel - HttpChannelOverHttp@49adbb1b{r=1,c=false,a=DISPATCHED,uri=//localhost:8080/account/create} onContent Content@71d8e917{HeapByteBufferR@2aa92da8[p=331,l=343,c=8192,r=12]={POST /account/cre...zip,deflate\r\n\r\n<<<balance=5000>>>\x00\x00\x00\x00\x00\x00\x00\x00\x00\x00\x00\x00\x00\x00\x00\x00\x00...\x00\x00\x00\x00\x00\x00\x00\x00\x00\x00\x00\x00\x00\x00\x00}}
14:17:11.255 [jetty task-18] DEBUG org.eclipse.jetty.server.HttpInput - HttpInputOverHTTP@440beddd[c=0,q=0,[0]=null,s=STREAM] addContent Content@71d8e917{HeapByteBufferR@2aa92da8[p=331,l=343,c=8192,r=12]={POST /account/cre...zip,deflate\r\n\r\n<<<balance=5000>>>\x00\x00\x00\x00\x00\x00\x00\x00\x00\x00\x00\x00\x00\x00\x00\x00\x00...\x00\x00\x00\x00\x00\x00\x00\x00\x00\x00\x00\x00\x00\x00\x00}}
14:17:11.255 [jetty task-18] DEBUG org.eclipse.jetty.http.HttpParser - CONTENT --> END
14:17:11.255 [jetty task-18] DEBUG org.eclipse.jetty.server.HttpChannel - HttpChannelOverHttp@49adbb1b{r=1,c=false,a=DISPATCHED,uri=//localhost:8080/account/create} onContentComplete
14:17:11.255 [jetty task-18] DEBUG org.eclipse.jetty.server.HttpChannel - HttpChannelOverHttp@49adbb1b{r=1,c=false,a=DISPATCHED,uri=//localhost:8080/account/create} onRequestComplete
14:17:11.255 [jetty task-18] DEBUG org.eclipse.jetty.server.HttpInput - HttpInputOverHTTP@440beddd[c=0,q=1,[0]=EOF,s=STREAM] addContent EOF
14:17:11.256 [jetty task-18] DEBUG org.eclipse.jetty.server.HttpConnection - HttpConnection@31ad40e4[p=HttpParser{s=END,12 of 12},g=HttpGenerator@4045d139{s=START}]=>HttpChannelOverHttp@49adbb1b{r=1,c=false,a=DISPATCHED,uri=//localhost:8080/account/create}<-SocketChannelEndPoint@206a2e76{/127.0.0.1:55860<->/127.0.0.1:8080,OPEN,fill=-,flush=-,to=7/0}{io=1/0,kio=1,kro=1}->HttpConnection@31ad40e4[p=HttpParser{s=END,12 of 12},g=HttpGenerator@4045d139{s=START}]=>HttpChannelOverHttp@49adbb1b{r=1,c=false,a=DISPATCHED,uri=//localhost:8080/account/create} parsed false HttpParser{s=END,12 of 12}
14:17:11.256 [jetty task-18] DEBUG org.eclipse.jetty.server.HttpInput - HttpInputOverHTTP@440beddd[c=1,q=1,[0]=EOF,s=STREAM] read 1 from Content@71d8e917{HeapByteBufferR@2aa92da8[p=332,l=343,c=8192,r=11]={POST /account/cre...ip,deflate\r\n\r\nb<<<alance=5000>>>\x00\x00\x00\x00\x00\x00\x00\x00\x00\x00\x00\x00\x00\x00\x00\x00\x00...\x00\x00\x00\x00\x00\x00\x00\x00\x00\x00\x00\x00\x00\x00\x00}}
14:17:11.256 [jetty task-18] DEBUG org.eclipse.jetty.server.HttpInput - HttpInputOverHTTP@440beddd[c=2,q=1,[0]=EOF,s=STREAM] read 1 from Content@71d8e917{HeapByteBufferR@2aa92da8[p=333,l=343,c=8192,r=10]={POST /account/cre...p,deflate\r\n\r\nba<<<lance=5000>>>\x00\x00\x00\x00\x00\x00\x00\x00\x00\x00\x00\x00\x00\x00\x00\x00\x00...\x00\x00\x00\x00\x00\x00\x00\x00\x00\x00\x00\x00\x00\x00\x00}}
14:17:11.256 [jetty task-18] DEBUG org.eclipse.jetty.server.HttpInput - HttpInputOverHTTP@440beddd[c=3,q=1,[0]=EOF,s=STREAM] read 1 from Content@71d8e917{HeapByteBufferR@2aa92da8[p=334,l=343,c=8192,r=9]={POST /account/cre...,deflate\r\n\r\nbal<<<ance=5000>>>\x00\x00\x00\x00\x00\x00\x00\x00\x00\x00\x00\x00\x00\x00\x00\x00\x00...\x00\x00\x00\x00\x00\x00\x00\x00\x00\x00\x00\x00\x00\x00\x00}}
14:17:11.256 [jetty task-18] DEBUG org.eclipse.jetty.server.HttpInput - HttpInputOverHTTP@440beddd[c=4,q=1,[0]=EOF,s=STREAM] read 1 from Content@71d8e917{HeapByteBufferR@2aa92da8[p=335,l=343,c=8192,r=8]={POST /account/cre...deflate\r\n\r\nbala<<<nce=5000>>>\x00\x00\x00\x00\x00\x00\x00\x00\x00\x00\x00\x00\x00\x00\x00\x00\x00...\x00\x00\x00\x00\x00\x00\x00\x00\x00\x00\x00\x00\x00\x00\x00}}
14:17:11.256 [jetty task-18] DEBUG org.eclipse.jetty.server.HttpInput - HttpInputOverHTTP@440beddd[c=5,q=1,[0]=EOF,s=STREAM] read 1 from Content@71d8e917{HeapByteBufferR@2aa92da8[p=336,l=343,c=8192,r=7]={POST /account/cre...eflate\r\n\r\nbalan<<<ce=5000>>>\x00\x00\x00\x00\x00\x00\x00\x00\x00\x00\x00\x00\x00\x00\x00\x00\x00...\x00\x00\x00\x00\x00\x00\x00\x00\x00\x00\x00\x00\x00\x00\x00}}
14:17:11.256 [jetty task-18] DEBUG org.eclipse.jetty.server.HttpInput - HttpInputOverHTTP@440beddd[c=6,q=1,[0]=EOF,s=STREAM] read 1 from Content@71d8e917{HeapByteBufferR@2aa92da8[p=337,l=343,c=8192,r=6]={POST /account/cre...flate\r\n\r\nbalanc<<<e=5000>>>\x00\x00\x00\x00\x00\x00\x00\x00\x00\x00\x00\x00\x00\x00\x00\x00\x00...\x00\x00\x00\x00\x00\x00\x00\x00\x00\x00\x00\x00\x00\x00\x00}}
14:17:11.256 [jetty task-18] DEBUG org.eclipse.jetty.server.HttpInput - HttpInputOverHTTP@440beddd[c=7,q=1,[0]=EOF,s=STREAM] read 1 from Content@71d8e917{HeapByteBufferR@2aa92da8[p=338,l=343,c=8192,r=5]={POST /account/cre...late\r\n\r\nbalance<<<=5000>>>\x00\x00\x00\x00\x00\x00\x00\x00\x00\x00\x00\x00\x00\x00\x00\x00\x00...\x00\x00\x00\x00\x00\x00\x00\x00\x00\x00\x00\x00\x00\x00\x00}}
14:17:11.256 [jetty task-18] DEBUG org.eclipse.jetty.server.HttpInput - HttpInputOverHTTP@440beddd[c=8,q=1,[0]=EOF,s=STREAM] read 1 from Content@71d8e917{HeapByteBufferR@2aa92da8[p=339,l=343,c=8192,r=4]={POST /account/cre...ate\r\n\r\nbalance=<<<5000>>>\x00\x00\x00\x00\x00\x00\x00\x00\x00\x00\x00\x00\x00\x00\x00\x00\x00...\x00\x00\x00\x00\x00\x00\x00\x00\x00\x00\x00\x00\x00\x00\x00}}
14:17:11.256 [jetty task-18] DEBUG org.eclipse.jetty.server.HttpInput - HttpInputOverHTTP@440beddd[c=9,q=1,[0]=EOF,s=STREAM] read 1 from Content@71d8e917{HeapByteBufferR@2aa92da8[p=340,l=343,c=8192,r=3]={POST /account/cre...te\r\n\r\nbalance=5<<<000>>>\x00\x00\x00\x00\x00\x00\x00\x00\x00\x00\x00\x00\x00\x00\x00\x00\x00...\x00\x00\x00\x00\x00\x00\x00\x00\x00\x00\x00\x00\x00\x00\x00}}
14:17:11.257 [jetty task-18] DEBUG org.eclipse.jetty.server.HttpInput - HttpInputOverHTTP@440beddd[c=10,q=1,[0]=EOF,s=STREAM] read 1 from Content@71d8e917{HeapByteBufferR@2aa92da8[p=341,l=343,c=8192,r=2]={POST /account/cre...e\r\n\r\nbalance=50<<<00>>>\x00\x00\x00\x00\x00\x00\x00\x00\x00\x00\x00\x00\x00\x00\x00\x00\x00...\x00\x00\x00\x00\x00\x00\x00\x00\x00\x00\x00\x00\x00\x00\x00}}
14:17:11.257 [jetty task-18] DEBUG org.eclipse.jetty.server.HttpInput - HttpInputOverHTTP@440beddd[c=11,q=1,[0]=EOF,s=STREAM] read 1 from Content@71d8e917{HeapByteBufferR@2aa92da8[p=342,l=343,c=8192,r=1]={POST /account/cre...\r\n\r\nbalance=500<<<0>>>\x00\x00\x00\x00\x00\x00\x00\x00\x00\x00\x00\x00\x00\x00\x00\x00\x00...\x00\x00\x00\x00\x00\x00\x00\x00\x00\x00\x00\x00\x00\x00\x00}}
14:17:11.257 [jetty task-18] DEBUG org.eclipse.jetty.server.HttpInput - HttpInputOverHTTP@440beddd[c=12,q=1,[0]=EOF,s=STREAM] read 1 from Content@71d8e917{HeapByteBufferR@2aa92da8[p=343,l=343,c=8192,r=0]={POST /account/cre...\n\r\nbalance=5000<<<>>>\x00\x00\x00\x00\x00\x00\x00\x00\x00\x00\x00\x00\x00\x00\x00\x00\x00...\x00\x00\x00\x00\x00\x00\x00\x00\x00\x00\x00\x00\x00\x00\x00}}
14:17:11.257 [jetty task-18] DEBUG org.eclipse.jetty.server.HttpConnection - releaseRequestBuffer HttpConnection@31ad40e4[p=HttpParser{s=END,12 of 12},g=HttpGenerator@4045d139{s=START}]=>HttpChannelOverHttp@49adbb1b{r=1,c=false,a=DISPATCHED,uri=//localhost:8080/account/create}<-SocketChannelEndPoint@206a2e76{/127.0.0.1:55860<->/127.0.0.1:8080,OPEN,fill=-,flush=-,to=9/0}{io=1/0,kio=1,kro=1}->HttpConnection@31ad40e4[p=HttpParser{s=END,12 of 12},g=HttpGenerator@4045d139{s=START}]=>HttpChannelOverHttp@49adbb1b{r=1,c=false,a=DISPATCHED,uri=//localhost:8080/account/create}
14:17:11.257 [jetty task-18] DEBUG org.eclipse.jetty.server.HttpChannelState - onEof HttpChannelState@11808b2f{s=DISPATCHED a=NOT_ASYNC i=true r=NONE/false w=false}
14:17:11.257 [jetty task-18] DEBUG org.eclipse.jetty.server.HttpOutput - sendContent(HeapByteBuffer@6a71c92[p=0,l=1,c=1,r=1]={<<<2>>>})
14:17:11.258 [jetty task-18] DEBUG org.eclipse.jetty.server.HttpChannel - sendResponse info=null content=HeapByteBuffer@6a71c92[p=0,l=1,c=1,r=1]={<<<2>>>} complete=true committing=true callback=Blocker@3081dd00{null}
14:17:11.258 [jetty task-18] DEBUG org.eclipse.jetty.server.HttpChannel - COMMIT for /account/create on HttpChannelOverHttp@49adbb1b{r=1,c=true,a=DISPATCHED,uri=//localhost:8080/account/create}
200 null HTTP/1.1
Content-Type: application/json;charset=iso-8859-1
Content-Length: 1


14:17:11.258 [jetty task-18] DEBUG org.eclipse.jetty.server.HttpConnection - org.eclipse.jetty.server.HttpConnection$SendCallback@53a662d5[PROCESSING][i=HTTP/1.1{s=200,h=2,cl=1},cb=org.eclipse.jetty.server.HttpChannel$CommitCallback@48580879] generate: NEED_HEADER (null,[p=0,l=1,c=1,r=1],true)@START
14:17:11.258 [jetty task-18] DEBUG org.eclipse.jetty.http.HttpGenerator - generateHeaders HTTP/1.1{s=200,h=2,cl=1} last=true content=HeapByteBuffer@6a71c92[p=0,l=1,c=1,r=1]={<<<2>>>}
14:17:11.258 [jetty task-18] DEBUG org.eclipse.jetty.http.HttpGenerator - Content-Type: application/json;charset=iso-8859-1
Content-Length: 1


14:17:11.258 [jetty task-18] DEBUG org.eclipse.jetty.http.HttpGenerator - CONTENT_LENGTH
14:17:11.258 [jetty task-18] DEBUG org.eclipse.jetty.server.HttpConnection - org.eclipse.jetty.server.HttpConnection$SendCallback@53a662d5[PROCESSING][i=HTTP/1.1{s=200,h=2,cl=1},cb=org.eclipse.jetty.server.HttpChannel$CommitCallback@48580879] generate: FLUSH ([p=0,l=89,c=8192,r=89],[p=0,l=1,c=1,r=1],true)@COMPLETING
14:17:11.258 [jetty task-18] DEBUG org.eclipse.jetty.io.WriteFlusher - write: WriteFlusher@7625de6c{IDLE}->null [HeapByteBuffer@5a112485[p=0,l=89,c=8192,r=89]={<<<HTTP/1.1 200 OK\r\n...t-Length: 1\r\n\r\n>>>ascript, text/jso...\x00\x00\x00\x00\x00\x00\x00\x00\x00\x00\x00\x00\x00\x00\x00},HeapByteBuffer@6a71c92[p=0,l=1,c=1,r=1]={<<<2>>>}]
14:17:11.258 [jetty task-18] DEBUG org.eclipse.jetty.io.WriteFlusher - update WriteFlusher@7625de6c{WRITING}->null:IDLE-->WRITING
14:17:11.259 [jetty task-18] DEBUG org.eclipse.jetty.io.ChannelEndPoint - flushed 90 SocketChannelEndPoint@206a2e76{/127.0.0.1:55860<->/127.0.0.1:8080,OPEN,fill=-,flush=W,to=11/0}{io=1/0,kio=1,kro=1}->HttpConnection@31ad40e4[p=HttpParser{s=END,12 of 12},g=HttpGenerator@4045d139{s=COMPLETING}]=>HttpChannelOverHttp@49adbb1b{r=1,c=true,a=DISPATCHED,uri=//localhost:8080/account/create}
14:17:11.259 [jetty task-18] DEBUG org.eclipse.jetty.io.WriteFlusher - Flushed=true 89/89+1 WriteFlusher@7625de6c{WRITING}->null
14:17:11.259 [jetty task-18] DEBUG org.eclipse.jetty.io.WriteFlusher - update WriteFlusher@7625de6c{IDLE}->null:WRITING-->IDLE
14:17:11.259 [jetty task-18] DEBUG org.eclipse.jetty.server.HttpConnection - org.eclipse.jetty.server.HttpConnection$SendCallback@53a662d5[PROCESSING][i=HTTP/1.1{s=200,h=2,cl=1},cb=org.eclipse.jetty.server.HttpChannel$CommitCallback@48580879] generate: DONE ([p=89,l=89,c=8192,r=0],[p=1,l=1,c=1,r=0],true)@END
14:17:11.259 [jetty task-18] DEBUG org.eclipse.jetty.server.Server - handled=true async=false committed=true on HttpChannelOverHttp@49adbb1b{r=1,c=true,a=DISPATCHED,uri=//localhost:8080/account/create}
14:17:11.259 [jetty task-18] DEBUG org.eclipse.jetty.server.HttpChannelState - unhandle HttpChannelState@11808b2f{s=DISPATCHED a=NOT_ASYNC i=true r=REGISTERED/true w=false}
14:17:11.259 [jetty task-18] DEBUG org.eclipse.jetty.server.HttpChannel - HttpChannelOverHttp@49adbb1b{r=1,c=true,a=COMPLETING,uri=//localhost:8080/account/create} action COMPLETE
14:17:11.259 [jetty task-18] DEBUG org.eclipse.jetty.server.HttpChannelState - onComplete HttpChannelState@11808b2f{s=COMPLETING a=NOT_ASYNC i=false r=REGISTERED/true w=false}
14:17:11.259 [jetty task-18] DEBUG org.eclipse.jetty.server.HttpChannel - COMPLETE for /account/create written=1
14:17:11.259 [jetty task-18] DEBUG org.eclipse.jetty.server.HttpChannelState - recycle HttpChannelState@11808b2f{s=COMPLETED a=NOT_ASYNC i=false r=REGISTERED/true w=false}
14:17:11.259 [jetty task-18] DEBUG org.eclipse.jetty.http.HttpParser - reset HttpParser{s=END,12 of 12}
14:17:11.259 [jetty task-18] DEBUG org.eclipse.jetty.http.HttpParser - END --> START
14:17:11.259 [jetty task-18] DEBUG org.eclipse.jetty.server.HttpChannel - HttpChannelOverHttp@49adbb1b{r=1,c=false,a=IDLE,uri=null} handle exit, result COMPLETE
14:17:11.260 [jetty task-18] DEBUG org.eclipse.jetty.io.ChannelEndPoint - filled 0 SocketChannelEndPoint@206a2e76{/127.0.0.1:55860<->/127.0.0.1:8080,OPEN,fill=-,flush=-,to=1/0}{io=1/0,kio=1,kro=1}->HttpConnection@31ad40e4[p=HttpParser{s=START,0 of -1},g=HttpGenerator@4045d139{s=START}]=>HttpChannelOverHttp@49adbb1b{r=1,c=false,a=IDLE,uri=null}
14:17:11.260 [jetty task-18] DEBUG org.eclipse.jetty.io.ChannelEndPoint - filled 0 SocketChannelEndPoint@206a2e76{/127.0.0.1:55860<->/127.0.0.1:8080,OPEN,fill=-,flush=-,to=1/0}{io=1/0,kio=1,kro=1}->HttpConnection@31ad40e4[p=HttpParser{s=START,0 of -1},g=HttpGenerator@4045d139{s=START}]=>HttpChannelOverHttp@49adbb1b{r=1,c=false,a=IDLE,uri=null}
14:17:11.260 [jetty task-18] DEBUG org.eclipse.jetty.server.HttpConnection - HttpConnection@31ad40e4[p=HttpParser{s=START,0 of -1},g=HttpGenerator@4045d139{s=START}]=>HttpChannelOverHttp@49adbb1b{r=1,c=false,a=IDLE,uri=null}<-SocketChannelEndPoint@206a2e76{/127.0.0.1:55860<->/127.0.0.1:8080,OPEN,fill=-,flush=-,to=1/0}{io=1/0,kio=1,kro=1}->HttpConnection@31ad40e4[p=HttpParser{s=START,0 of -1},g=HttpGenerator@4045d139{s=START}]=>HttpChannelOverHttp@49adbb1b{r=1,c=false,a=IDLE,uri=null} filled 0 HeapByteBuffer@5a112485[p=0,l=0,c=8192,r=0]={<<<>>>HTTP/1.1 200 OK\r\n...\x00\x00\x00\x00\x00\x00\x00\x00\x00\x00\x00\x00\x00\x00\x00}
14:17:11.260 [jetty task-18] DEBUG org.eclipse.jetty.server.HttpConnection - HttpConnection@31ad40e4[p=HttpParser{s=START,0 of -1},g=HttpGenerator@4045d139{s=START}]=>HttpChannelOverHttp@49adbb1b{r=1,c=false,a=IDLE,uri=null}<-SocketChannelEndPoint@206a2e76{/127.0.0.1:55860<->/127.0.0.1:8080,OPEN,fill=-,flush=-,to=1/0}{io=1/0,kio=1,kro=1}->HttpConnection@31ad40e4[p=HttpParser{s=START,0 of -1},g=HttpGenerator@4045d139{s=START}]=>HttpChannelOverHttp@49adbb1b{r=1,c=false,a=IDLE,uri=null} parse HeapByteBuffer@5a112485[p=0,l=0,c=8192,r=0]={<<<>>>HTTP/1.1 200 OK\r\n...\x00\x00\x00\x00\x00\x00\x00\x00\x00\x00\x00\x00\x00\x00\x00} {}
14:17:11.260 [jetty task-18] DEBUG org.eclipse.jetty.http.HttpParser - parseNext s=START HeapByteBuffer@5a112485[p=0,l=0,c=8192,r=0]={<<<>>>HTTP/1.1 200 OK\r\n...\x00\x00\x00\x00\x00\x00\x00\x00\x00\x00\x00\x00\x00\x00\x00}
14:17:11.260 [jetty task-18] DEBUG org.eclipse.jetty.server.HttpConnection - HttpConnection@31ad40e4[p=HttpParser{s=START,0 of -1},g=HttpGenerator@4045d139{s=START}]=>HttpChannelOverHttp@49adbb1b{r=1,c=false,a=IDLE,uri=null}<-SocketChannelEndPoint@206a2e76{/127.0.0.1:55860<->/127.0.0.1:8080,OPEN,fill=-,flush=-,to=1/0}{io=1/0,kio=1,kro=1}->HttpConnection@31ad40e4[p=HttpParser{s=START,0 of -1},g=HttpGenerator@4045d139{s=START}]=>HttpChannelOverHttp@49adbb1b{r=1,c=false,a=IDLE,uri=null} parsed false HttpParser{s=START,0 of -1}
14:17:11.261 [jetty task-18] DEBUG org.eclipse.jetty.server.HttpConnection - releaseRequestBuffer HttpConnection@31ad40e4[p=HttpParser{s=START,0 of -1},g=HttpGenerator@4045d139{s=START}]=>HttpChannelOverHttp@49adbb1b{r=1,c=false,a=IDLE,uri=null}<-SocketChannelEndPoint@206a2e76{/127.0.0.1:55860<->/127.0.0.1:8080,OPEN,fill=-,flush=-,to=2/0}{io=1/0,kio=1,kro=1}->HttpConnection@31ad40e4[p=HttpParser{s=START,0 of -1},g=HttpGenerator@4045d139{s=START}]=>HttpChannelOverHttp@49adbb1b{r=1,c=false,a=IDLE,uri=null}
14:17:11.261 [jetty task-18] DEBUG org.eclipse.jetty.io.AbstractConnection - fillInterested HttpConnection@31ad40e4[p=HttpParser{s=START,0 of -1},g=HttpGenerator@4045d139{s=START}]=>HttpChannelOverHttp@49adbb1b{r=1,c=false,a=IDLE,uri=null}<-SocketChannelEndPoint@206a2e76{/127.0.0.1:55860<->/127.0.0.1:8080,OPEN,fill=-,flush=-,to=2/0}{io=1/0,kio=1,kro=1}->HttpConnection@31ad40e4[p=HttpParser{s=START,0 of -1},g=HttpGenerator@4045d139{s=START}]=>HttpChannelOverHttp@49adbb1b{r=1,c=false,a=IDLE,uri=null}
14:17:11.261 [jetty task-18] DEBUG org.eclipse.jetty.io.FillInterest - FillInterest@6414cf49{true,AC.ReadCB@31ad40e4{HttpConnection@31ad40e4[p=HttpParser{s=START,0 of -1},g=HttpGenerator@4045d139{s=START}]=>HttpChannelOverHttp@49adbb1b{r=1,c=false,a=IDLE,uri=null}<-SocketChannelEndPoint@206a2e76{/127.0.0.1:55860<->/127.0.0.1:8080,OPEN,fill=FI,flush=-,to=0/0}{io=1/0,kio=1,kro=1}->HttpConnection@31ad40e4[p=HttpParser{s=START,0 of -1},g=HttpGenerator@4045d139{s=START}]=>HttpChannelOverHttp@49adbb1b{r=1,c=false,a=IDLE,uri=null}}} register AC.ReadCB@31ad40e4{HttpConnection@31ad40e4[p=HttpParser{s=START,0 of -1},g=HttpGenerator@4045d139{s=START}]=>HttpChannelOverHttp@49adbb1b{r=1,c=false,a=IDLE,uri=null}<-SocketChannelEndPoint@206a2e76{/127.0.0.1:55860<->/127.0.0.1:8080,OPEN,fill=FI,flush=-,to=0/0}{io=1/0,kio=1,kro=1}->HttpConnection@31ad40e4[p=HttpParser{s=START,0 of -1},g=HttpGenerator@4045d139{s=START}]=>HttpChannelOverHttp@49adbb1b{r=1,c=false,a=IDLE,uri=null}}
14:17:11.262 [jetty task-18] DEBUG org.eclipse.jetty.io.ChannelEndPoint - changeInterests p=true 0->1 for SocketChannelEndPoint@206a2e76{/127.0.0.1:55860<->/127.0.0.1:8080,OPEN,fill=FI,flush=-,to=1/0}{io=1/1,kio=1,kro=1}->HttpConnection@31ad40e4[p=HttpParser{s=START,0 of -1},g=HttpGenerator@4045d139{s=START}]=>HttpChannelOverHttp@49adbb1b{r=1,c=false,a=IDLE,uri=null}
14:17:11.262 [jetty task-18] DEBUG org.eclipse.jetty.server.HttpConnection - HttpConnection@31ad40e4[p=HttpParser{s=START,0 of -1},g=HttpGenerator@4045d139{s=START}]=>HttpChannelOverHttp@49adbb1b{r=1,c=false,a=IDLE,uri=null}<-SocketChannelEndPoint@206a2e76{/127.0.0.1:55860<->/127.0.0.1:8080,OPEN,fill=FI,flush=-,to=1/0}{io=1/1,kio=1,kro=1}->HttpConnection@31ad40e4[p=HttpParser{s=START,0 of -1},g=HttpGenerator@4045d139{s=START}]=>HttpChannelOverHttp@49adbb1b{r=1,c=false,a=IDLE,uri=null} onFillable exit HttpChannelState@11808b2f{s=IDLE a=NOT_ASYNC i=true r=NONE/false w=false} null
14:17:11.262 [jetty task-18] DEBUG org.eclipse.jetty.util.thread.strategy.ExecutingExecutionStrategy - EPC Pend/org.eclipse.jetty.io.ManagedSelector$SelectorProducer@6f90d7cf invoked CEP:SocketChannelEndPoint@206a2e76{/127.0.0.1:55860<->/127.0.0.1:8080,OPEN,fill=FI,flush=-,to=1/0}{io=1/1,kio=1,kro=1}->HttpConnection@31ad40e4[p=HttpParser{s=START,0 of -1},g=HttpGenerator@4045d139{s=START}]=>HttpChannelOverHttp@49adbb1b{r=1,c=false,a=IDLE,uri=null}:runFillable:BLOCKING
14:17:11.262 [jetty task-18] DEBUG org.eclipse.jetty.util.thread.strategy.ExecuteProduceConsume - EPC Pend/org.eclipse.jetty.io.ManagedSelector$SelectorProducer@6f90d7cf ran CEP:SocketChannelEndPoint@206a2e76{/127.0.0.1:55860<->/127.0.0.1:8080,OPEN,fill=FI,flush=-,to=1/0}{io=1/1,kio=1,kro=1}->HttpConnection@31ad40e4[p=HttpParser{s=START,0 of -1},g=HttpGenerator@4045d139{s=START}]=>HttpChannelOverHttp@49adbb1b{r=1,c=false,a=IDLE,uri=null}:runFillable:BLOCKING
14:17:11.262 [jetty task-18] DEBUG org.eclipse.jetty.util.thread.strategy.ExecuteProduceConsume - EPC Prod/Pend/org.eclipse.jetty.io.ManagedSelector$SelectorProducer@6f90d7cf producing
14:17:11.262 [jetty task-18] DEBUG org.eclipse.jetty.io.ChannelEndPoint - Key interests updated 1 -> 1 on SocketChannelEndPoint@206a2e76{/127.0.0.1:55860<->/127.0.0.1:8080,OPEN,fill=FI,flush=-,to=1/0}{io=1/1,kio=1,kro=1}->HttpConnection@31ad40e4[p=HttpParser{s=START,0 of -1},g=HttpGenerator@4045d139{s=START}]=>HttpChannelOverHttp@49adbb1b{r=1,c=false,a=IDLE,uri=null}
14:17:11.262 [jetty task-18] DEBUG org.eclipse.jetty.io.ManagedSelector - Selector loop waiting on select
14:17:11.275 [jetty task-22] DEBUG org.eclipse.jetty.util.thread.QueuedThreadPool - run EPC Prod/Pend/org.eclipse.jetty.io.ManagedSelector$SelectorProducer@6f90d7cf
14:17:11.275 [jetty task-22] DEBUG org.eclipse.jetty.util.thread.strategy.ExecuteProduceConsume - EPC Prod/Pend/org.eclipse.jetty.io.ManagedSelector$SelectorProducer@6f90d7cf run
14:17:11.275 [jetty task-22] DEBUG org.eclipse.jetty.util.thread.QueuedThreadPool - ran EPC Prod/org.eclipse.jetty.io.ManagedSelector$SelectorProducer@6f90d7cf
14:17:11.337 [jetty task-20-acceptor-0@78b9b1c-ServerConnector@53bd4614{HTTP/1.1,[http/1.1]}{localhost:8080}] DEBUG org.eclipse.jetty.io.ManagedSelector - Queued change org.eclipse.jetty.io.ManagedSelector$Accept@2d655b1 on org.eclipse.jetty.io.ManagedSelector@3803d43d id=1 keys=1 selected=0
14:17:11.337 [jetty task-18] DEBUG org.eclipse.jetty.io.ManagedSelector - Selector loop woken up from select, 0/1 selected
14:17:11.337 [jetty task-18] DEBUG org.eclipse.jetty.io.ManagedSelector - Running action org.eclipse.jetty.io.ManagedSelector$Accept@2d655b1
14:17:11.337 [jetty task-18] DEBUG org.eclipse.jetty.io.ManagedSelector - Queued change org.eclipse.jetty.io.ManagedSelector$CreateEndPoint@28220774 on org.eclipse.jetty.io.ManagedSelector@3803d43d id=1 keys=2 selected=0
14:17:11.338 [jetty task-18] DEBUG org.eclipse.jetty.util.thread.strategy.ExecuteProduceConsume - EPC Prod/org.eclipse.jetty.io.ManagedSelector$SelectorProducer@6f90d7cf produced org.eclipse.jetty.io.ManagedSelector$CreateEndPoint@28220774
14:17:11.338 [jetty task-18] DEBUG org.eclipse.jetty.util.thread.strategy.ExecuteProduceConsume - EPC Pend/org.eclipse.jetty.io.ManagedSelector$SelectorProducer@6f90d7cf dispatch
14:17:11.338 [jetty task-18] DEBUG org.eclipse.jetty.util.thread.QueuedThreadPool - queue EPC Pend/org.eclipse.jetty.io.ManagedSelector$SelectorProducer@6f90d7cf
14:17:11.338 [jetty task-18] DEBUG org.eclipse.jetty.util.thread.strategy.ExecuteProduceConsume - EPC Pend/org.eclipse.jetty.io.ManagedSelector$SelectorProducer@6f90d7cf run org.eclipse.jetty.io.ManagedSelector$CreateEndPoint@28220774
14:17:11.338 [jetty task-18] DEBUG org.eclipse.jetty.util.thread.strategy.ExecutingExecutionStrategy - EPC Pend/org.eclipse.jetty.io.ManagedSelector$SelectorProducer@6f90d7cf invoke  org.eclipse.jetty.io.ManagedSelector$CreateEndPoint@28220774
14:17:11.338 [jetty task-18] DEBUG org.eclipse.jetty.io.AbstractEndPoint - onOpen SocketChannelEndPoint@2031d9c9{/127.0.0.1:55861<->/127.0.0.1:8080,OPEN,fill=-,flush=-,to=0/0}{io=0/0,kio=0,kro=0}-><null>
14:17:11.339 [jetty task-18] DEBUG org.eclipse.jetty.server.HttpChannel - new HttpChannelOverHttp@783fb51d{r=0,c=false,a=IDLE,uri=null} -> SocketChannelEndPoint@2031d9c9{/127.0.0.1:55861<->/127.0.0.1:8080,OPEN,fill=-,flush=-,to=0/0}{io=0/0,kio=0,kro=0}-><null>,null,HttpChannelState@23b527b3{s=IDLE a=NOT_ASYNC i=true r=NONE/false w=false}
14:17:11.339 [jetty task-18] DEBUG org.eclipse.jetty.server.HttpConnection - New HTTP Connection HttpConnection@1b949d16[p=HttpParser{s=START,0 of 0},g=HttpGenerator@35c5f03c{s=START}]=>HttpChannelOverHttp@783fb51d{r=0,c=false,a=IDLE,uri=null}<-SocketChannelEndPoint@2031d9c9{/127.0.0.1:55861<->/127.0.0.1:8080,OPEN,fill=-,flush=-,to=1/0}{io=0/0,kio=0,kro=0}-><null>
14:17:11.339 [jetty task-18] DEBUG org.eclipse.jetty.io.AbstractConnection - onOpen HttpConnection@1b949d16[p=HttpParser{s=START,0 of 0},g=HttpGenerator@35c5f03c{s=START}]=>HttpChannelOverHttp@783fb51d{r=0,c=false,a=IDLE,uri=null}<-SocketChannelEndPoint@2031d9c9{/127.0.0.1:55861<->/127.0.0.1:8080,OPEN,fill=-,flush=-,to=1/0}{io=0/0,kio=0,kro=0}->HttpConnection@1b949d16[p=HttpParser{s=START,0 of 0},g=HttpGenerator@35c5f03c{s=START}]=>HttpChannelOverHttp@783fb51d{r=0,c=false,a=IDLE,uri=null}
14:17:11.339 [jetty task-18] DEBUG org.eclipse.jetty.io.AbstractConnection - fillInterested HttpConnection@1b949d16[p=HttpParser{s=START,0 of 0},g=HttpGenerator@35c5f03c{s=START}]=>HttpChannelOverHttp@783fb51d{r=0,c=false,a=IDLE,uri=null}<-SocketChannelEndPoint@2031d9c9{/127.0.0.1:55861<->/127.0.0.1:8080,OPEN,fill=-,flush=-,to=1/0}{io=0/0,kio=0,kro=0}->HttpConnection@1b949d16[p=HttpParser{s=START,0 of 0},g=HttpGenerator@35c5f03c{s=START}]=>HttpChannelOverHttp@783fb51d{r=0,c=false,a=IDLE,uri=null}
14:17:11.340 [jetty task-18] DEBUG org.eclipse.jetty.io.FillInterest - FillInterest@30572cc4{true,AC.ReadCB@1b949d16{HttpConnection@1b949d16[p=HttpParser{s=START,0 of 0},g=HttpGenerator@35c5f03c{s=START}]=>HttpChannelOverHttp@783fb51d{r=0,c=false,a=IDLE,uri=null}<-SocketChannelEndPoint@2031d9c9{/127.0.0.1:55861<->/127.0.0.1:8080,OPEN,fill=FI,flush=-,to=0/0}{io=0/0,kio=0,kro=0}->HttpConnection@1b949d16[p=HttpParser{s=START,0 of 0},g=HttpGenerator@35c5f03c{s=START}]=>HttpChannelOverHttp@783fb51d{r=0,c=false,a=IDLE,uri=null}}} register AC.ReadCB@1b949d16{HttpConnection@1b949d16[p=HttpParser{s=START,0 of 0},g=HttpGenerator@35c5f03c{s=START}]=>HttpChannelOverHttp@783fb51d{r=0,c=false,a=IDLE,uri=null}<-SocketChannelEndPoint@2031d9c9{/127.0.0.1:55861<->/127.0.0.1:8080,OPEN,fill=FI,flush=-,to=1/0}{io=0/0,kio=0,kro=0}->HttpConnection@1b949d16[p=HttpParser{s=START,0 of 0},g=HttpGenerator@35c5f03c{s=START}]=>HttpChannelOverHttp@783fb51d{r=0,c=false,a=IDLE,uri=null}}
14:17:11.340 [jetty task-18] DEBUG org.eclipse.jetty.io.ChannelEndPoint - changeInterests p=false 0->1 for SocketChannelEndPoint@2031d9c9{/127.0.0.1:55861<->/127.0.0.1:8080,OPEN,fill=FI,flush=-,to=1/0}{io=0/1,kio=0,kro=0}->HttpConnection@1b949d16[p=HttpParser{s=START,0 of 0},g=HttpGenerator@35c5f03c{s=START}]=>HttpChannelOverHttp@783fb51d{r=0,c=false,a=IDLE,uri=null}
14:17:11.340 [jetty task-18] DEBUG org.eclipse.jetty.io.ManagedSelector - Queued change CEP:SocketChannelEndPoint@2031d9c9{/127.0.0.1:55861<->/127.0.0.1:8080,OPEN,fill=FI,flush=-,to=1/0}{io=0/1,kio=0,kro=0}->HttpConnection@1b949d16[p=HttpParser{s=START,0 of 0},g=HttpGenerator@35c5f03c{s=START}]=>HttpChannelOverHttp@783fb51d{r=0,c=false,a=IDLE,uri=null}:runUpdateKey:NON_BLOCKING on org.eclipse.jetty.io.ManagedSelector@3803d43d id=1 keys=2 selected=0
14:17:11.341 [jetty task-18] DEBUG org.eclipse.jetty.io.ManagedSelector - Created SocketChannelEndPoint@2031d9c9{/127.0.0.1:55861<->/127.0.0.1:8080,OPEN,fill=FI,flush=-,to=2/0}{io=0/1,kio=0,kro=0}->HttpConnection@1b949d16[p=HttpParser{s=START,0 of 0},g=HttpGenerator@35c5f03c{s=START}]=>HttpChannelOverHttp@783fb51d{r=0,c=false,a=IDLE,uri=null}
14:17:11.343 [jetty task-18] DEBUG org.eclipse.jetty.util.thread.strategy.ExecutingExecutionStrategy - EPC Pend/org.eclipse.jetty.io.ManagedSelector$SelectorProducer@6f90d7cf invoked org.eclipse.jetty.io.ManagedSelector$CreateEndPoint@28220774
14:17:11.343 [jetty task-18] DEBUG org.eclipse.jetty.util.thread.strategy.ExecuteProduceConsume - EPC Pend/org.eclipse.jetty.io.ManagedSelector$SelectorProducer@6f90d7cf ran org.eclipse.jetty.io.ManagedSelector$CreateEndPoint@28220774
14:17:11.343 [jetty task-18] DEBUG org.eclipse.jetty.util.thread.strategy.ExecuteProduceConsume - EPC Prod/Pend/org.eclipse.jetty.io.ManagedSelector$SelectorProducer@6f90d7cf producing
14:17:11.343 [jetty task-18] DEBUG org.eclipse.jetty.io.ManagedSelector - Running action CEP:SocketChannelEndPoint@2031d9c9{/127.0.0.1:55861<->/127.0.0.1:8080,OPEN,fill=FI,flush=-,to=4/0}{io=0/1,kio=0,kro=0}->HttpConnection@1b949d16[p=HttpParser{s=START,0 of 0},g=HttpGenerator@35c5f03c{s=START}]=>HttpChannelOverHttp@783fb51d{r=0,c=false,a=IDLE,uri=null}:runUpdateKey:NON_BLOCKING
14:17:11.344 [jetty task-18] DEBUG org.eclipse.jetty.io.ChannelEndPoint - Key interests updated 0 -> 1 on SocketChannelEndPoint@2031d9c9{/127.0.0.1:55861<->/127.0.0.1:8080,OPEN,fill=FI,flush=-,to=5/0}{io=1/1,kio=1,kro=0}->HttpConnection@1b949d16[p=HttpParser{s=START,0 of 0},g=HttpGenerator@35c5f03c{s=START}]=>HttpChannelOverHttp@783fb51d{r=0,c=false,a=IDLE,uri=null}
14:17:11.344 [jetty task-18] DEBUG org.eclipse.jetty.io.ManagedSelector - Selector loop waiting on select
14:17:11.350 [jetty task-16] DEBUG org.eclipse.jetty.util.thread.QueuedThreadPool - run EPC Prod/Pend/org.eclipse.jetty.io.ManagedSelector$SelectorProducer@6f90d7cf
14:17:11.350 [jetty task-16] DEBUG org.eclipse.jetty.util.thread.strategy.ExecuteProduceConsume - EPC Prod/Pend/org.eclipse.jetty.io.ManagedSelector$SelectorProducer@6f90d7cf run
14:17:11.350 [jetty task-16] DEBUG org.eclipse.jetty.util.thread.QueuedThreadPool - ran EPC Prod/org.eclipse.jetty.io.ManagedSelector$SelectorProducer@6f90d7cf
14:17:11.353 [jetty task-18] DEBUG org.eclipse.jetty.io.ManagedSelector - Selector loop woken up from select, 1/2 selected
14:17:11.353 [jetty task-18] DEBUG org.eclipse.jetty.io.ManagedSelector - selected sun.nio.ch.SelectionKeyImpl@48f27475 SocketChannelEndPoint@2031d9c9{/127.0.0.1:55861<->/127.0.0.1:8080,OPEN,fill=FI,flush=-,to=14/0}{io=1/1,kio=1,kro=1}->HttpConnection@1b949d16[p=HttpParser{s=START,0 of 0},g=HttpGenerator@35c5f03c{s=START}]=>HttpChannelOverHttp@783fb51d{r=0,c=false,a=IDLE,uri=null} 
14:17:11.353 [jetty task-18] DEBUG org.eclipse.jetty.io.ChannelEndPoint - onSelected 1->0 r=true w=false for SocketChannelEndPoint@2031d9c9{/127.0.0.1:55861<->/127.0.0.1:8080,OPEN,fill=FI,flush=-,to=14/0}{io=1/0,kio=1,kro=1}->HttpConnection@1b949d16[p=HttpParser{s=START,0 of 0},g=HttpGenerator@35c5f03c{s=START}]=>HttpChannelOverHttp@783fb51d{r=0,c=false,a=IDLE,uri=null}
14:17:11.354 [jetty task-18] DEBUG org.eclipse.jetty.io.ChannelEndPoint - task CEP:SocketChannelEndPoint@2031d9c9{/127.0.0.1:55861<->/127.0.0.1:8080,OPEN,fill=FI,flush=-,to=14/0}{io=1/0,kio=1,kro=1}->HttpConnection@1b949d16[p=HttpParser{s=START,0 of 0},g=HttpGenerator@35c5f03c{s=START}]=>HttpChannelOverHttp@783fb51d{r=0,c=false,a=IDLE,uri=null}:runFillable:BLOCKING
14:17:11.354 [jetty task-18] DEBUG org.eclipse.jetty.util.thread.strategy.ExecuteProduceConsume - EPC Prod/org.eclipse.jetty.io.ManagedSelector$SelectorProducer@6f90d7cf produced CEP:SocketChannelEndPoint@2031d9c9{/127.0.0.1:55861<->/127.0.0.1:8080,OPEN,fill=FI,flush=-,to=15/0}{io=1/0,kio=1,kro=1}->HttpConnection@1b949d16[p=HttpParser{s=START,0 of 0},g=HttpGenerator@35c5f03c{s=START}]=>HttpChannelOverHttp@783fb51d{r=0,c=false,a=IDLE,uri=null}:runFillable:BLOCKING
14:17:11.354 [jetty task-18] DEBUG org.eclipse.jetty.util.thread.strategy.ExecuteProduceConsume - EPC Pend/org.eclipse.jetty.io.ManagedSelector$SelectorProducer@6f90d7cf dispatch
14:17:11.354 [jetty task-18] DEBUG org.eclipse.jetty.util.thread.QueuedThreadPool - queue EPC Pend/org.eclipse.jetty.io.ManagedSelector$SelectorProducer@6f90d7cf
14:17:11.354 [jetty task-18] DEBUG org.eclipse.jetty.util.thread.strategy.ExecuteProduceConsume - EPC Pend/org.eclipse.jetty.io.ManagedSelector$SelectorProducer@6f90d7cf run CEP:SocketChannelEndPoint@2031d9c9{/127.0.0.1:55861<->/127.0.0.1:8080,OPEN,fill=FI,flush=-,to=15/0}{io=1/0,kio=1,kro=1}->HttpConnection@1b949d16[p=HttpParser{s=START,0 of 0},g=HttpGenerator@35c5f03c{s=START}]=>HttpChannelOverHttp@783fb51d{r=0,c=false,a=IDLE,uri=null}:runFillable:BLOCKING
14:17:11.354 [jetty task-18] DEBUG org.eclipse.jetty.util.thread.strategy.ExecutingExecutionStrategy - EPC Pend/org.eclipse.jetty.io.ManagedSelector$SelectorProducer@6f90d7cf invoke  CEP:SocketChannelEndPoint@2031d9c9{/127.0.0.1:55861<->/127.0.0.1:8080,OPEN,fill=FI,flush=-,to=15/0}{io=1/0,kio=1,kro=1}->HttpConnection@1b949d16[p=HttpParser{s=START,0 of 0},g=HttpGenerator@35c5f03c{s=START}]=>HttpChannelOverHttp@783fb51d{r=0,c=false,a=IDLE,uri=null}:runFillable:BLOCKING
14:17:11.354 [jetty task-18] DEBUG org.eclipse.jetty.io.FillInterest - FillInterest@30572cc4{true,AC.ReadCB@1b949d16{HttpConnection@1b949d16[p=HttpParser{s=START,0 of 0},g=HttpGenerator@35c5f03c{s=START}]=>HttpChannelOverHttp@783fb51d{r=0,c=false,a=IDLE,uri=null}<-SocketChannelEndPoint@2031d9c9{/127.0.0.1:55861<->/127.0.0.1:8080,OPEN,fill=FI,flush=-,to=15/0}{io=1/0,kio=1,kro=1}->HttpConnection@1b949d16[p=HttpParser{s=START,0 of 0},g=HttpGenerator@35c5f03c{s=START}]=>HttpChannelOverHttp@783fb51d{r=0,c=false,a=IDLE,uri=null}}} fillable AC.ReadCB@1b949d16{HttpConnection@1b949d16[p=HttpParser{s=START,0 of 0},g=HttpGenerator@35c5f03c{s=START}]=>HttpChannelOverHttp@783fb51d{r=0,c=false,a=IDLE,uri=null}<-SocketChannelEndPoint@2031d9c9{/127.0.0.1:55861<->/127.0.0.1:8080,OPEN,fill=FI,flush=-,to=15/0}{io=1/0,kio=1,kro=1}->HttpConnection@1b949d16[p=HttpParser{s=START,0 of 0},g=HttpGenerator@35c5f03c{s=START}]=>HttpChannelOverHttp@783fb51d{r=0,c=false,a=IDLE,uri=null}}
14:17:11.355 [jetty task-18] DEBUG org.eclipse.jetty.server.HttpConnection - HttpConnection@1b949d16[p=HttpParser{s=START,0 of 0},g=HttpGenerator@35c5f03c{s=START}]=>HttpChannelOverHttp@783fb51d{r=0,c=false,a=IDLE,uri=null}<-SocketChannelEndPoint@2031d9c9{/127.0.0.1:55861<->/127.0.0.1:8080,OPEN,fill=-,flush=-,to=15/0}{io=1/0,kio=1,kro=1}->HttpConnection@1b949d16[p=HttpParser{s=START,0 of 0},g=HttpGenerator@35c5f03c{s=START}]=>HttpChannelOverHttp@783fb51d{r=0,c=false,a=IDLE,uri=null} onFillable enter HttpChannelState@23b527b3{s=IDLE a=NOT_ASYNC i=true r=NONE/false w=false} null
14:17:11.355 [jetty task-18] DEBUG org.eclipse.jetty.io.ChannelEndPoint - filled 343 SocketChannelEndPoint@2031d9c9{/127.0.0.1:55861<->/127.0.0.1:8080,OPEN,fill=-,flush=-,to=16/0}{io=1/0,kio=1,kro=1}->HttpConnection@1b949d16[p=HttpParser{s=START,0 of 0},g=HttpGenerator@35c5f03c{s=START}]=>HttpChannelOverHttp@783fb51d{r=0,c=false,a=IDLE,uri=null}
14:17:11.355 [jetty task-18] DEBUG org.eclipse.jetty.server.HttpConnection - HttpConnection@1b949d16[p=HttpParser{s=START,0 of 0},g=HttpGenerator@35c5f03c{s=START}]=>HttpChannelOverHttp@783fb51d{r=0,c=false,a=IDLE,uri=null}<-SocketChannelEndPoint@2031d9c9{/127.0.0.1:55861<->/127.0.0.1:8080,OPEN,fill=-,flush=-,to=0/0}{io=1/0,kio=1,kro=1}->HttpConnection@1b949d16[p=HttpParser{s=START,0 of 0},g=HttpGenerator@35c5f03c{s=START}]=>HttpChannelOverHttp@783fb51d{r=0,c=false,a=IDLE,uri=null} filled 343 HeapByteBuffer@5a112485[p=0,l=343,c=8192,r=343]={<<<POST /account/cre...\n\r\nbalance=1000>>>\x00\x00\x00\x00\x00\x00\x00\x00\x00\x00\x00\x00\x00\x00\x00\x00\x00...\x00\x00\x00\x00\x00\x00\x00\x00\x00\x00\x00\x00\x00\x00\x00}
14:17:11.355 [jetty task-18] DEBUG org.eclipse.jetty.server.HttpConnection - HttpConnection@1b949d16[p=HttpParser{s=START,0 of 0},g=HttpGenerator@35c5f03c{s=START}]=>HttpChannelOverHttp@783fb51d{r=0,c=false,a=IDLE,uri=null}<-SocketChannelEndPoint@2031d9c9{/127.0.0.1:55861<->/127.0.0.1:8080,OPEN,fill=-,flush=-,to=0/0}{io=1/0,kio=1,kro=1}->HttpConnection@1b949d16[p=HttpParser{s=START,0 of 0},g=HttpGenerator@35c5f03c{s=START}]=>HttpChannelOverHttp@783fb51d{r=0,c=false,a=IDLE,uri=null} parse HeapByteBuffer@5a112485[p=0,l=343,c=8192,r=343]={<<<POST /account/cre...\n\r\nbalance=1000>>>\x00\x00\x00\x00\x00\x00\x00\x00\x00\x00\x00\x00\x00\x00\x00\x00\x00...\x00\x00\x00\x00\x00\x00\x00\x00\x00\x00\x00\x00\x00\x00\x00} {}
14:17:11.355 [jetty task-18] DEBUG org.eclipse.jetty.http.HttpParser - parseNext s=START HeapByteBuffer@5a112485[p=0,l=343,c=8192,r=343]={<<<POST /account/cre...\n\r\nbalance=1000>>>\x00\x00\x00\x00\x00\x00\x00\x00\x00\x00\x00\x00\x00\x00\x00\x00\x00...\x00\x00\x00\x00\x00\x00\x00\x00\x00\x00\x00\x00\x00\x00\x00}
14:17:11.355 [jetty task-18] DEBUG org.eclipse.jetty.http.HttpParser - START --> SPACE1
14:17:11.355 [jetty task-18] DEBUG org.eclipse.jetty.http.HttpParser - SPACE1 --> URI
14:17:11.355 [jetty task-18] DEBUG org.eclipse.jetty.http.HttpParser - URI --> SPACE2
14:17:11.355 [jetty task-18] DEBUG org.eclipse.jetty.http.HttpParser - SPACE2 --> REQUEST_VERSION
14:17:11.355 [jetty task-18] DEBUG org.eclipse.jetty.http.HttpParser - REQUEST_VERSION --> HEADER
14:17:11.356 [jetty task-18] DEBUG org.eclipse.jetty.http.HttpParser - HEADER:null --> VALUE
14:17:11.356 [jetty task-18] DEBUG org.eclipse.jetty.http.HttpParser - HEADER:null --> IN_VALUE
14:17:11.356 [jetty task-18] DEBUG org.eclipse.jetty.http.HttpParser - HEADER:null --> FIELD
14:17:11.356 [jetty task-18] DEBUG org.eclipse.jetty.http.HttpParser - HEADER:Content-Type: application/x-www-form-urlencoded; charset=ISO-8859-1 --> IN_VALUE
14:17:11.356 [jetty task-18] DEBUG org.eclipse.jetty.http.HttpParser - HEADER:Content-Type: application/x-www-form-urlencoded; charset=ISO-8859-1 --> FIELD
14:17:11.356 [jetty task-18] DEBUG org.eclipse.jetty.http.HttpParser - HEADER:null --> VALUE
14:17:11.356 [jetty task-18] DEBUG org.eclipse.jetty.http.HttpParser - HEADER:null --> IN_VALUE
14:17:11.356 [jetty task-18] DEBUG org.eclipse.jetty.http.HttpParser - HEADER:null --> FIELD
14:17:11.356 [jetty task-18] DEBUG org.eclipse.jetty.http.HttpParser - HEADER:null --> VALUE
14:17:11.356 [jetty task-18] DEBUG org.eclipse.jetty.http.HttpParser - HEADER:null --> IN_VALUE
14:17:11.356 [jetty task-18] DEBUG org.eclipse.jetty.http.HttpParser - HEADER:null --> FIELD
14:17:11.356 [jetty task-18] DEBUG org.eclipse.jetty.http.HttpParser - HEADER:Connection: keep-alive --> IN_VALUE
14:17:11.356 [jetty task-18] DEBUG org.eclipse.jetty.http.HttpParser - HEADER:Connection: keep-alive --> FIELD
14:17:11.356 [jetty task-18] DEBUG org.eclipse.jetty.http.HttpParser - HEADER:null --> VALUE
14:17:11.356 [jetty task-18] DEBUG org.eclipse.jetty.http.HttpParser - HEADER:null --> IN_VALUE
14:17:11.356 [jetty task-18] DEBUG org.eclipse.jetty.http.HttpParser - HEADER:null --> FIELD
14:17:11.356 [jetty task-18] DEBUG org.eclipse.jetty.http.HttpParser - HEADER:null --> IN_VALUE
14:17:11.356 [jetty task-18] DEBUG org.eclipse.jetty.http.HttpParser - HEADER:null --> FIELD
14:17:11.356 [jetty task-18] DEBUG org.eclipse.jetty.http.HttpParser - HEADER --> CONTENT
14:17:11.356 [jetty task-18] DEBUG org.eclipse.jetty.server.HttpChannel - REQUEST for //localhost:8080/account/create on HttpChannelOverHttp@783fb51d{r=1,c=false,a=IDLE,uri=//localhost:8080/account/create}
POST //localhost:8080/account/create HTTP/1.1
Accept: application/json, application/javascript, text/javascript, text/json
Content-Type: application/x-www-form-urlencoded; charset=ISO-8859-1
Content-Length: 12
Host: localhost:8080
Connection: keep-alive
User-Agent: Apache-HttpClient/4.5.3 (Java/1.8.0_121)
Accept-Encoding: gzip,deflate


14:17:11.357 [jetty task-18] DEBUG org.eclipse.jetty.server.HttpConnection - HttpConnection@1b949d16[p=HttpParser{s=CONTENT,0 of 12},g=HttpGenerator@35c5f03c{s=START}]=>HttpChannelOverHttp@783fb51d{r=1,c=false,a=IDLE,uri=//localhost:8080/account/create}<-SocketChannelEndPoint@2031d9c9{/127.0.0.1:55861<->/127.0.0.1:8080,OPEN,fill=-,flush=-,to=2/0}{io=1/0,kio=1,kro=1}->HttpConnection@1b949d16[p=HttpParser{s=CONTENT,0 of 12},g=HttpGenerator@35c5f03c{s=START}]=>HttpChannelOverHttp@783fb51d{r=1,c=false,a=IDLE,uri=//localhost:8080/account/create} parsed true HttpParser{s=CONTENT,0 of 12}
14:17:11.357 [jetty task-18] DEBUG org.eclipse.jetty.server.HttpChannel - HttpChannelOverHttp@783fb51d{r=1,c=false,a=IDLE,uri=//localhost:8080/account/create} handle //localhost:8080/account/create 
14:17:11.357 [jetty task-18] DEBUG org.eclipse.jetty.server.HttpChannelState - handling HttpChannelState@23b527b3{s=IDLE a=NOT_ASYNC i=true r=NONE/false w=false}
14:17:11.357 [jetty task-18] DEBUG org.eclipse.jetty.server.HttpChannel - HttpChannelOverHttp@783fb51d{r=1,c=false,a=DISPATCHED,uri=//localhost:8080/account/create} action DISPATCH
14:17:11.357 [jetty task-18] DEBUG org.eclipse.jetty.server.Server - REQUEST POST /account/create on HttpChannelOverHttp@783fb51d{r=1,c=false,a=DISPATCHED,uri=//localhost:8080/account/create}
14:17:11.357 [jetty task-18] DEBUG org.eclipse.jetty.server.handler.ContextHandler - scope null||/account/create @ o.e.j.s.h.ContextHandler@38453928{/,null,AVAILABLE}
14:17:11.357 [jetty task-18] DEBUG org.eclipse.jetty.server.handler.ContextHandler - context=||/account/create @ o.e.j.s.h.ContextHandler@38453928{/,null,AVAILABLE}
14:17:11.358 [jetty task-18] DEBUG org.eclipse.jetty.server.HttpConnection - HttpConnection@1b949d16[p=HttpParser{s=CONTENT,0 of 12},g=HttpGenerator@35c5f03c{s=START}]=>HttpChannelOverHttp@783fb51d{r=1,c=false,a=DISPATCHED,uri=//localhost:8080/account/create}<-SocketChannelEndPoint@2031d9c9{/127.0.0.1:55861<->/127.0.0.1:8080,OPEN,fill=-,flush=-,to=3/0}{io=1/0,kio=1,kro=1}->HttpConnection@1b949d16[p=HttpParser{s=CONTENT,0 of 12},g=HttpGenerator@35c5f03c{s=START}]=>HttpChannelOverHttp@783fb51d{r=1,c=false,a=DISPATCHED,uri=//localhost:8080/account/create} parse HeapByteBuffer@5a112485[p=331,l=343,c=8192,r=12]={POST /account/cre...zip,deflate\r\n\r\n<<<balance=1000>>>\x00\x00\x00\x00\x00\x00\x00\x00\x00\x00\x00\x00\x00\x00\x00\x00\x00...\x00\x00\x00\x00\x00\x00\x00\x00\x00\x00\x00\x00\x00\x00\x00} {}
14:17:11.359 [jetty task-18] DEBUG org.eclipse.jetty.http.HttpParser - parseNext s=CONTENT HeapByteBuffer@5a112485[p=331,l=343,c=8192,r=12]={POST /account/cre...zip,deflate\r\n\r\n<<<balance=1000>>>\x00\x00\x00\x00\x00\x00\x00\x00\x00\x00\x00\x00\x00\x00\x00\x00\x00...\x00\x00\x00\x00\x00\x00\x00\x00\x00\x00\x00\x00\x00\x00\x00}
14:17:11.359 [jetty task-18] DEBUG org.eclipse.jetty.server.HttpChannel - HttpChannelOverHttp@783fb51d{r=1,c=false,a=DISPATCHED,uri=//localhost:8080/account/create} onContent Content@3a550dc2{HeapByteBufferR@5965bb3[p=331,l=343,c=8192,r=12]={POST /account/cre...zip,deflate\r\n\r\n<<<balance=1000>>>\x00\x00\x00\x00\x00\x00\x00\x00\x00\x00\x00\x00\x00\x00\x00\x00\x00...\x00\x00\x00\x00\x00\x00\x00\x00\x00\x00\x00\x00\x00\x00\x00}}
14:17:11.359 [jetty task-18] DEBUG org.eclipse.jetty.server.HttpInput - HttpInputOverHTTP@1f481f2d[c=0,q=0,[0]=null,s=STREAM] addContent Content@3a550dc2{HeapByteBufferR@5965bb3[p=331,l=343,c=8192,r=12]={POST /account/cre...zip,deflate\r\n\r\n<<<balance=1000>>>\x00\x00\x00\x00\x00\x00\x00\x00\x00\x00\x00\x00\x00\x00\x00\x00\x00...\x00\x00\x00\x00\x00\x00\x00\x00\x00\x00\x00\x00\x00\x00\x00}}
14:17:11.359 [jetty task-18] DEBUG org.eclipse.jetty.http.HttpParser - CONTENT --> END
14:17:11.359 [jetty task-18] DEBUG org.eclipse.jetty.server.HttpChannel - HttpChannelOverHttp@783fb51d{r=1,c=false,a=DISPATCHED,uri=//localhost:8080/account/create} onContentComplete
14:17:11.359 [jetty task-18] DEBUG org.eclipse.jetty.server.HttpChannel - HttpChannelOverHttp@783fb51d{r=1,c=false,a=DISPATCHED,uri=//localhost:8080/account/create} onRequestComplete
14:17:11.359 [jetty task-18] DEBUG org.eclipse.jetty.server.HttpInput - HttpInputOverHTTP@1f481f2d[c=0,q=1,[0]=EOF,s=STREAM] addContent EOF
14:17:11.359 [jetty task-18] DEBUG org.eclipse.jetty.server.HttpConnection - HttpConnection@1b949d16[p=HttpParser{s=END,12 of 12},g=HttpGenerator@35c5f03c{s=START}]=>HttpChannelOverHttp@783fb51d{r=1,c=false,a=DISPATCHED,uri=//localhost:8080/account/create}<-SocketChannelEndPoint@2031d9c9{/127.0.0.1:55861<->/127.0.0.1:8080,OPEN,fill=-,flush=-,to=4/0}{io=1/0,kio=1,kro=1}->HttpConnection@1b949d16[p=HttpParser{s=END,12 of 12},g=HttpGenerator@35c5f03c{s=START}]=>HttpChannelOverHttp@783fb51d{r=1,c=false,a=DISPATCHED,uri=//localhost:8080/account/create} parsed false HttpParser{s=END,12 of 12}
14:17:11.360 [jetty task-18] DEBUG org.eclipse.jetty.server.HttpInput - HttpInputOverHTTP@1f481f2d[c=1,q=1,[0]=EOF,s=STREAM] read 1 from Content@3a550dc2{HeapByteBufferR@5965bb3[p=332,l=343,c=8192,r=11]={POST /account/cre...ip,deflate\r\n\r\nb<<<alance=1000>>>\x00\x00\x00\x00\x00\x00\x00\x00\x00\x00\x00\x00\x00\x00\x00\x00\x00...\x00\x00\x00\x00\x00\x00\x00\x00\x00\x00\x00\x00\x00\x00\x00}}
14:17:11.360 [jetty task-18] DEBUG org.eclipse.jetty.server.HttpInput - HttpInputOverHTTP@1f481f2d[c=2,q=1,[0]=EOF,s=STREAM] read 1 from Content@3a550dc2{HeapByteBufferR@5965bb3[p=333,l=343,c=8192,r=10]={POST /account/cre...p,deflate\r\n\r\nba<<<lance=1000>>>\x00\x00\x00\x00\x00\x00\x00\x00\x00\x00\x00\x00\x00\x00\x00\x00\x00...\x00\x00\x00\x00\x00\x00\x00\x00\x00\x00\x00\x00\x00\x00\x00}}
14:17:11.360 [jetty task-18] DEBUG org.eclipse.jetty.server.HttpInput - HttpInputOverHTTP@1f481f2d[c=3,q=1,[0]=EOF,s=STREAM] read 1 from Content@3a550dc2{HeapByteBufferR@5965bb3[p=334,l=343,c=8192,r=9]={POST /account/cre...,deflate\r\n\r\nbal<<<ance=1000>>>\x00\x00\x00\x00\x00\x00\x00\x00\x00\x00\x00\x00\x00\x00\x00\x00\x00...\x00\x00\x00\x00\x00\x00\x00\x00\x00\x00\x00\x00\x00\x00\x00}}
14:17:11.360 [jetty task-18] DEBUG org.eclipse.jetty.server.HttpInput - HttpInputOverHTTP@1f481f2d[c=4,q=1,[0]=EOF,s=STREAM] read 1 from Content@3a550dc2{HeapByteBufferR@5965bb3[p=335,l=343,c=8192,r=8]={POST /account/cre...deflate\r\n\r\nbala<<<nce=1000>>>\x00\x00\x00\x00\x00\x00\x00\x00\x00\x00\x00\x00\x00\x00\x00\x00\x00...\x00\x00\x00\x00\x00\x00\x00\x00\x00\x00\x00\x00\x00\x00\x00}}
14:17:11.360 [jetty task-18] DEBUG org.eclipse.jetty.server.HttpInput - HttpInputOverHTTP@1f481f2d[c=5,q=1,[0]=EOF,s=STREAM] read 1 from Content@3a550dc2{HeapByteBufferR@5965bb3[p=336,l=343,c=8192,r=7]={POST /account/cre...eflate\r\n\r\nbalan<<<ce=1000>>>\x00\x00\x00\x00\x00\x00\x00\x00\x00\x00\x00\x00\x00\x00\x00\x00\x00...\x00\x00\x00\x00\x00\x00\x00\x00\x00\x00\x00\x00\x00\x00\x00}}
14:17:11.360 [jetty task-18] DEBUG org.eclipse.jetty.server.HttpInput - HttpInputOverHTTP@1f481f2d[c=6,q=1,[0]=EOF,s=STREAM] read 1 from Content@3a550dc2{HeapByteBufferR@5965bb3[p=337,l=343,c=8192,r=6]={POST /account/cre...flate\r\n\r\nbalanc<<<e=1000>>>\x00\x00\x00\x00\x00\x00\x00\x00\x00\x00\x00\x00\x00\x00\x00\x00\x00...\x00\x00\x00\x00\x00\x00\x00\x00\x00\x00\x00\x00\x00\x00\x00}}
14:17:11.360 [jetty task-18] DEBUG org.eclipse.jetty.server.HttpInput - HttpInputOverHTTP@1f481f2d[c=7,q=1,[0]=EOF,s=STREAM] read 1 from Content@3a550dc2{HeapByteBufferR@5965bb3[p=338,l=343,c=8192,r=5]={POST /account/cre...late\r\n\r\nbalance<<<=1000>>>\x00\x00\x00\x00\x00\x00\x00\x00\x00\x00\x00\x00\x00\x00\x00\x00\x00...\x00\x00\x00\x00\x00\x00\x00\x00\x00\x00\x00\x00\x00\x00\x00}}
14:17:11.360 [jetty task-18] DEBUG org.eclipse.jetty.server.HttpInput - HttpInputOverHTTP@1f481f2d[c=8,q=1,[0]=EOF,s=STREAM] read 1 from Content@3a550dc2{HeapByteBufferR@5965bb3[p=339,l=343,c=8192,r=4]={POST /account/cre...ate\r\n\r\nbalance=<<<1000>>>\x00\x00\x00\x00\x00\x00\x00\x00\x00\x00\x00\x00\x00\x00\x00\x00\x00...\x00\x00\x00\x00\x00\x00\x00\x00\x00\x00\x00\x00\x00\x00\x00}}
14:17:11.360 [jetty task-18] DEBUG org.eclipse.jetty.server.HttpInput - HttpInputOverHTTP@1f481f2d[c=9,q=1,[0]=EOF,s=STREAM] read 1 from Content@3a550dc2{HeapByteBufferR@5965bb3[p=340,l=343,c=8192,r=3]={POST /account/cre...te\r\n\r\nbalance=1<<<000>>>\x00\x00\x00\x00\x00\x00\x00\x00\x00\x00\x00\x00\x00\x00\x00\x00\x00...\x00\x00\x00\x00\x00\x00\x00\x00\x00\x00\x00\x00\x00\x00\x00}}
14:17:11.360 [jetty task-18] DEBUG org.eclipse.jetty.server.HttpInput - HttpInputOverHTTP@1f481f2d[c=10,q=1,[0]=EOF,s=STREAM] read 1 from Content@3a550dc2{HeapByteBufferR@5965bb3[p=341,l=343,c=8192,r=2]={POST /account/cre...e\r\n\r\nbalance=10<<<00>>>\x00\x00\x00\x00\x00\x00\x00\x00\x00\x00\x00\x00\x00\x00\x00\x00\x00...\x00\x00\x00\x00\x00\x00\x00\x00\x00\x00\x00\x00\x00\x00\x00}}
14:17:11.360 [jetty task-18] DEBUG org.eclipse.jetty.server.HttpInput - HttpInputOverHTTP@1f481f2d[c=11,q=1,[0]=EOF,s=STREAM] read 1 from Content@3a550dc2{HeapByteBufferR@5965bb3[p=342,l=343,c=8192,r=1]={POST /account/cre...\r\n\r\nbalance=100<<<0>>>\x00\x00\x00\x00\x00\x00\x00\x00\x00\x00\x00\x00\x00\x00\x00\x00\x00...\x00\x00\x00\x00\x00\x00\x00\x00\x00\x00\x00\x00\x00\x00\x00}}
14:17:11.360 [jetty task-18] DEBUG org.eclipse.jetty.server.HttpInput - HttpInputOverHTTP@1f481f2d[c=12,q=1,[0]=EOF,s=STREAM] read 1 from Content@3a550dc2{HeapByteBufferR@5965bb3[p=343,l=343,c=8192,r=0]={POST /account/cre...\n\r\nbalance=1000<<<>>>\x00\x00\x00\x00\x00\x00\x00\x00\x00\x00\x00\x00\x00\x00\x00\x00\x00...\x00\x00\x00\x00\x00\x00\x00\x00\x00\x00\x00\x00\x00\x00\x00}}
14:17:11.361 [jetty task-18] DEBUG org.eclipse.jetty.server.HttpConnection - releaseRequestBuffer HttpConnection@1b949d16[p=HttpParser{s=END,12 of 12},g=HttpGenerator@35c5f03c{s=START}]=>HttpChannelOverHttp@783fb51d{r=1,c=false,a=DISPATCHED,uri=//localhost:8080/account/create}<-SocketChannelEndPoint@2031d9c9{/127.0.0.1:55861<->/127.0.0.1:8080,OPEN,fill=-,flush=-,to=5/0}{io=1/0,kio=1,kro=1}->HttpConnection@1b949d16[p=HttpParser{s=END,12 of 12},g=HttpGenerator@35c5f03c{s=START}]=>HttpChannelOverHttp@783fb51d{r=1,c=false,a=DISPATCHED,uri=//localhost:8080/account/create}
14:17:11.361 [jetty task-18] DEBUG org.eclipse.jetty.server.HttpChannelState - onEof HttpChannelState@23b527b3{s=DISPATCHED a=NOT_ASYNC i=true r=NONE/false w=false}
14:17:11.361 [jetty task-18] DEBUG org.eclipse.jetty.server.HttpOutput - sendContent(HeapByteBuffer@1670210c[p=0,l=1,c=1,r=1]={<<<3>>>})
14:17:11.361 [jetty task-18] DEBUG org.eclipse.jetty.server.HttpChannel - sendResponse info=null content=HeapByteBuffer@1670210c[p=0,l=1,c=1,r=1]={<<<3>>>} complete=true committing=true callback=Blocker@4d9051d{null}
14:17:11.361 [jetty task-18] DEBUG org.eclipse.jetty.server.HttpChannel - COMMIT for /account/create on HttpChannelOverHttp@783fb51d{r=1,c=true,a=DISPATCHED,uri=//localhost:8080/account/create}
200 null HTTP/1.1
Content-Type: application/json;charset=iso-8859-1
Content-Length: 1


14:17:11.361 [jetty task-18] DEBUG org.eclipse.jetty.server.HttpConnection - org.eclipse.jetty.server.HttpConnection$SendCallback@33a59df6[PROCESSING][i=HTTP/1.1{s=200,h=2,cl=1},cb=org.eclipse.jetty.server.HttpChannel$CommitCallback@6c4b4dd8] generate: NEED_HEADER (null,[p=0,l=1,c=1,r=1],true)@START
14:17:11.361 [jetty task-18] DEBUG org.eclipse.jetty.http.HttpGenerator - generateHeaders HTTP/1.1{s=200,h=2,cl=1} last=true content=HeapByteBuffer@1670210c[p=0,l=1,c=1,r=1]={<<<3>>>}
14:17:11.361 [jetty task-18] DEBUG org.eclipse.jetty.http.HttpGenerator - Content-Type: application/json;charset=iso-8859-1
Content-Length: 1


14:17:11.361 [jetty task-18] DEBUG org.eclipse.jetty.http.HttpGenerator - CONTENT_LENGTH
14:17:11.361 [jetty task-18] DEBUG org.eclipse.jetty.server.HttpConnection - org.eclipse.jetty.server.HttpConnection$SendCallback@33a59df6[PROCESSING][i=HTTP/1.1{s=200,h=2,cl=1},cb=org.eclipse.jetty.server.HttpChannel$CommitCallback@6c4b4dd8] generate: FLUSH ([p=0,l=89,c=8192,r=89],[p=0,l=1,c=1,r=1],true)@COMPLETING
14:17:11.361 [jetty task-18] DEBUG org.eclipse.jetty.io.WriteFlusher - write: WriteFlusher@7ba4691c{IDLE}->null [HeapByteBuffer@5a112485[p=0,l=89,c=8192,r=89]={<<<HTTP/1.1 200 OK\r\n...t-Length: 1\r\n\r\n>>>ascript, text/jso...\x00\x00\x00\x00\x00\x00\x00\x00\x00\x00\x00\x00\x00\x00\x00},HeapByteBuffer@1670210c[p=0,l=1,c=1,r=1]={<<<3>>>}]
14:17:11.361 [jetty task-18] DEBUG org.eclipse.jetty.io.WriteFlusher - update WriteFlusher@7ba4691c{WRITING}->null:IDLE-->WRITING
14:17:11.362 [jetty task-18] DEBUG org.eclipse.jetty.io.ChannelEndPoint - flushed 90 SocketChannelEndPoint@2031d9c9{/127.0.0.1:55861<->/127.0.0.1:8080,OPEN,fill=-,flush=W,to=7/0}{io=1/0,kio=1,kro=1}->HttpConnection@1b949d16[p=HttpParser{s=END,12 of 12},g=HttpGenerator@35c5f03c{s=COMPLETING}]=>HttpChannelOverHttp@783fb51d{r=1,c=true,a=DISPATCHED,uri=//localhost:8080/account/create}
14:17:11.362 [jetty task-18] DEBUG org.eclipse.jetty.io.WriteFlusher - Flushed=true 89/89+1 WriteFlusher@7ba4691c{WRITING}->null
14:17:11.362 [jetty task-18] DEBUG org.eclipse.jetty.io.WriteFlusher - update WriteFlusher@7ba4691c{IDLE}->null:WRITING-->IDLE
14:17:11.362 [jetty task-18] DEBUG org.eclipse.jetty.server.HttpConnection - org.eclipse.jetty.server.HttpConnection$SendCallback@33a59df6[PROCESSING][i=HTTP/1.1{s=200,h=2,cl=1},cb=org.eclipse.jetty.server.HttpChannel$CommitCallback@6c4b4dd8] generate: DONE ([p=89,l=89,c=8192,r=0],[p=1,l=1,c=1,r=0],true)@END
14:17:11.362 [jetty task-18] DEBUG org.eclipse.jetty.server.Server - handled=true async=false committed=true on HttpChannelOverHttp@783fb51d{r=1,c=true,a=DISPATCHED,uri=//localhost:8080/account/create}
14:17:11.362 [jetty task-18] DEBUG org.eclipse.jetty.server.HttpChannelState - unhandle HttpChannelState@23b527b3{s=DISPATCHED a=NOT_ASYNC i=true r=REGISTERED/true w=false}
14:17:11.362 [jetty task-18] DEBUG org.eclipse.jetty.server.HttpChannel - HttpChannelOverHttp@783fb51d{r=1,c=true,a=COMPLETING,uri=//localhost:8080/account/create} action COMPLETE
14:17:11.362 [jetty task-18] DEBUG org.eclipse.jetty.server.HttpChannelState - onComplete HttpChannelState@23b527b3{s=COMPLETING a=NOT_ASYNC i=false r=REGISTERED/true w=false}
14:17:11.362 [jetty task-18] DEBUG org.eclipse.jetty.server.HttpChannel - COMPLETE for /account/create written=1
14:17:11.362 [jetty task-18] DEBUG org.eclipse.jetty.server.HttpChannelState - recycle HttpChannelState@23b527b3{s=COMPLETED a=NOT_ASYNC i=false r=REGISTERED/true w=false}
14:17:11.362 [jetty task-18] DEBUG org.eclipse.jetty.http.HttpParser - reset HttpParser{s=END,12 of 12}
14:17:11.362 [jetty task-18] DEBUG org.eclipse.jetty.http.HttpParser - END --> START
14:17:11.362 [jetty task-18] DEBUG org.eclipse.jetty.server.HttpChannel - HttpChannelOverHttp@783fb51d{r=1,c=false,a=IDLE,uri=null} handle exit, result COMPLETE
14:17:11.362 [jetty task-18] DEBUG org.eclipse.jetty.io.ChannelEndPoint - filled 0 SocketChannelEndPoint@2031d9c9{/127.0.0.1:55861<->/127.0.0.1:8080,OPEN,fill=-,flush=-,to=0/0}{io=1/0,kio=1,kro=1}->HttpConnection@1b949d16[p=HttpParser{s=START,0 of -1},g=HttpGenerator@35c5f03c{s=START}]=>HttpChannelOverHttp@783fb51d{r=1,c=false,a=IDLE,uri=null}
14:17:11.362 [jetty task-18] DEBUG org.eclipse.jetty.io.ChannelEndPoint - filled 0 SocketChannelEndPoint@2031d9c9{/127.0.0.1:55861<->/127.0.0.1:8080,OPEN,fill=-,flush=-,to=0/0}{io=1/0,kio=1,kro=1}->HttpConnection@1b949d16[p=HttpParser{s=START,0 of -1},g=HttpGenerator@35c5f03c{s=START}]=>HttpChannelOverHttp@783fb51d{r=1,c=false,a=IDLE,uri=null}
14:17:11.363 [jetty task-18] DEBUG org.eclipse.jetty.server.HttpConnection - HttpConnection@1b949d16[p=HttpParser{s=START,0 of -1},g=HttpGenerator@35c5f03c{s=START}]=>HttpChannelOverHttp@783fb51d{r=1,c=false,a=IDLE,uri=null}<-SocketChannelEndPoint@2031d9c9{/127.0.0.1:55861<->/127.0.0.1:8080,OPEN,fill=-,flush=-,to=1/0}{io=1/0,kio=1,kro=1}->HttpConnection@1b949d16[p=HttpParser{s=START,0 of -1},g=HttpGenerator@35c5f03c{s=START}]=>HttpChannelOverHttp@783fb51d{r=1,c=false,a=IDLE,uri=null} filled 0 HeapByteBuffer@5a112485[p=0,l=0,c=8192,r=0]={<<<>>>HTTP/1.1 200 OK\r\n...\x00\x00\x00\x00\x00\x00\x00\x00\x00\x00\x00\x00\x00\x00\x00}
14:17:11.363 [jetty task-18] DEBUG org.eclipse.jetty.server.HttpConnection - HttpConnection@1b949d16[p=HttpParser{s=START,0 of -1},g=HttpGenerator@35c5f03c{s=START}]=>HttpChannelOverHttp@783fb51d{r=1,c=false,a=IDLE,uri=null}<-SocketChannelEndPoint@2031d9c9{/127.0.0.1:55861<->/127.0.0.1:8080,OPEN,fill=-,flush=-,to=1/0}{io=1/0,kio=1,kro=1}->HttpConnection@1b949d16[p=HttpParser{s=START,0 of -1},g=HttpGenerator@35c5f03c{s=START}]=>HttpChannelOverHttp@783fb51d{r=1,c=false,a=IDLE,uri=null} parse HeapByteBuffer@5a112485[p=0,l=0,c=8192,r=0]={<<<>>>HTTP/1.1 200 OK\r\n...\x00\x00\x00\x00\x00\x00\x00\x00\x00\x00\x00\x00\x00\x00\x00} {}
14:17:11.363 [jetty task-18] DEBUG org.eclipse.jetty.http.HttpParser - parseNext s=START HeapByteBuffer@5a112485[p=0,l=0,c=8192,r=0]={<<<>>>HTTP/1.1 200 OK\r\n...\x00\x00\x00\x00\x00\x00\x00\x00\x00\x00\x00\x00\x00\x00\x00}
14:17:11.363 [jetty task-18] DEBUG org.eclipse.jetty.server.HttpConnection - HttpConnection@1b949d16[p=HttpParser{s=START,0 of -1},g=HttpGenerator@35c5f03c{s=START}]=>HttpChannelOverHttp@783fb51d{r=1,c=false,a=IDLE,uri=null}<-SocketChannelEndPoint@2031d9c9{/127.0.0.1:55861<->/127.0.0.1:8080,OPEN,fill=-,flush=-,to=1/0}{io=1/0,kio=1,kro=1}->HttpConnection@1b949d16[p=HttpParser{s=START,0 of -1},g=HttpGenerator@35c5f03c{s=START}]=>HttpChannelOverHttp@783fb51d{r=1,c=false,a=IDLE,uri=null} parsed false HttpParser{s=START,0 of -1}
14:17:11.363 [jetty task-18] DEBUG org.eclipse.jetty.server.HttpConnection - releaseRequestBuffer HttpConnection@1b949d16[p=HttpParser{s=START,0 of -1},g=HttpGenerator@35c5f03c{s=START}]=>HttpChannelOverHttp@783fb51d{r=1,c=false,a=IDLE,uri=null}<-SocketChannelEndPoint@2031d9c9{/127.0.0.1:55861<->/127.0.0.1:8080,OPEN,fill=-,flush=-,to=1/0}{io=1/0,kio=1,kro=1}->HttpConnection@1b949d16[p=HttpParser{s=START,0 of -1},g=HttpGenerator@35c5f03c{s=START}]=>HttpChannelOverHttp@783fb51d{r=1,c=false,a=IDLE,uri=null}
14:17:11.364 [jetty task-18] DEBUG org.eclipse.jetty.io.AbstractConnection - fillInterested HttpConnection@1b949d16[p=HttpParser{s=START,0 of -1},g=HttpGenerator@35c5f03c{s=START}]=>HttpChannelOverHttp@783fb51d{r=1,c=false,a=IDLE,uri=null}<-SocketChannelEndPoint@2031d9c9{/127.0.0.1:55861<->/127.0.0.1:8080,OPEN,fill=-,flush=-,to=1/0}{io=1/0,kio=1,kro=1}->HttpConnection@1b949d16[p=HttpParser{s=START,0 of -1},g=HttpGenerator@35c5f03c{s=START}]=>HttpChannelOverHttp@783fb51d{r=1,c=false,a=IDLE,uri=null}
14:17:11.364 [jetty task-18] DEBUG org.eclipse.jetty.io.FillInterest - FillInterest@30572cc4{true,AC.ReadCB@1b949d16{HttpConnection@1b949d16[p=HttpParser{s=START,0 of -1},g=HttpGenerator@35c5f03c{s=START}]=>HttpChannelOverHttp@783fb51d{r=1,c=false,a=IDLE,uri=null}<-SocketChannelEndPoint@2031d9c9{/127.0.0.1:55861<->/127.0.0.1:8080,OPEN,fill=FI,flush=-,to=0/0}{io=1/0,kio=1,kro=1}->HttpConnection@1b949d16[p=HttpParser{s=START,0 of -1},g=HttpGenerator@35c5f03c{s=START}]=>HttpChannelOverHttp@783fb51d{r=1,c=false,a=IDLE,uri=null}}} register AC.ReadCB@1b949d16{HttpConnection@1b949d16[p=HttpParser{s=START,0 of -1},g=HttpGenerator@35c5f03c{s=START}]=>HttpChannelOverHttp@783fb51d{r=1,c=false,a=IDLE,uri=null}<-SocketChannelEndPoint@2031d9c9{/127.0.0.1:55861<->/127.0.0.1:8080,OPEN,fill=FI,flush=-,to=0/0}{io=1/0,kio=1,kro=1}->HttpConnection@1b949d16[p=HttpParser{s=START,0 of -1},g=HttpGenerator@35c5f03c{s=START}]=>HttpChannelOverHttp@783fb51d{r=1,c=false,a=IDLE,uri=null}}
14:17:11.364 [jetty task-18] DEBUG org.eclipse.jetty.io.ChannelEndPoint - changeInterests p=true 0->1 for SocketChannelEndPoint@2031d9c9{/127.0.0.1:55861<->/127.0.0.1:8080,OPEN,fill=FI,flush=-,to=0/0}{io=1/1,kio=1,kro=1}->HttpConnection@1b949d16[p=HttpParser{s=START,0 of -1},g=HttpGenerator@35c5f03c{s=START}]=>HttpChannelOverHttp@783fb51d{r=1,c=false,a=IDLE,uri=null}
14:17:11.364 [jetty task-18] DEBUG org.eclipse.jetty.server.HttpConnection - HttpConnection@1b949d16[p=HttpParser{s=START,0 of -1},g=HttpGenerator@35c5f03c{s=START}]=>HttpChannelOverHttp@783fb51d{r=1,c=false,a=IDLE,uri=null}<-SocketChannelEndPoint@2031d9c9{/127.0.0.1:55861<->/127.0.0.1:8080,OPEN,fill=FI,flush=-,to=0/0}{io=1/1,kio=1,kro=1}->HttpConnection@1b949d16[p=HttpParser{s=START,0 of -1},g=HttpGenerator@35c5f03c{s=START}]=>HttpChannelOverHttp@783fb51d{r=1,c=false,a=IDLE,uri=null} onFillable exit HttpChannelState@23b527b3{s=IDLE a=NOT_ASYNC i=true r=NONE/false w=false} null
14:17:11.364 [jetty task-18] DEBUG org.eclipse.jetty.util.thread.strategy.ExecutingExecutionStrategy - EPC Pend/org.eclipse.jetty.io.ManagedSelector$SelectorProducer@6f90d7cf invoked CEP:SocketChannelEndPoint@2031d9c9{/127.0.0.1:55861<->/127.0.0.1:8080,OPEN,fill=FI,flush=-,to=0/0}{io=1/1,kio=1,kro=1}->HttpConnection@1b949d16[p=HttpParser{s=START,0 of -1},g=HttpGenerator@35c5f03c{s=START}]=>HttpChannelOverHttp@783fb51d{r=1,c=false,a=IDLE,uri=null}:runFillable:BLOCKING
14:17:11.365 [jetty task-18] DEBUG org.eclipse.jetty.util.thread.strategy.ExecuteProduceConsume - EPC Pend/org.eclipse.jetty.io.ManagedSelector$SelectorProducer@6f90d7cf ran CEP:SocketChannelEndPoint@2031d9c9{/127.0.0.1:55861<->/127.0.0.1:8080,OPEN,fill=FI,flush=-,to=1/0}{io=1/1,kio=1,kro=1}->HttpConnection@1b949d16[p=HttpParser{s=START,0 of -1},g=HttpGenerator@35c5f03c{s=START}]=>HttpChannelOverHttp@783fb51d{r=1,c=false,a=IDLE,uri=null}:runFillable:BLOCKING
14:17:11.365 [jetty task-18] DEBUG org.eclipse.jetty.util.thread.strategy.ExecuteProduceConsume - EPC Prod/Pend/org.eclipse.jetty.io.ManagedSelector$SelectorProducer@6f90d7cf producing
14:17:11.365 [jetty task-18] DEBUG org.eclipse.jetty.io.ChannelEndPoint - Key interests updated 1 -> 1 on SocketChannelEndPoint@2031d9c9{/127.0.0.1:55861<->/127.0.0.1:8080,OPEN,fill=FI,flush=-,to=1/0}{io=1/1,kio=1,kro=1}->HttpConnection@1b949d16[p=HttpParser{s=START,0 of -1},g=HttpGenerator@35c5f03c{s=START}]=>HttpChannelOverHttp@783fb51d{r=1,c=false,a=IDLE,uri=null}
14:17:11.365 [jetty task-18] DEBUG org.eclipse.jetty.io.ManagedSelector - Selector loop waiting on select
14:17:11.379 [jetty task-22] DEBUG org.eclipse.jetty.util.thread.QueuedThreadPool - run EPC Prod/Pend/org.eclipse.jetty.io.ManagedSelector$SelectorProducer@6f90d7cf
14:17:11.379 [jetty task-22] DEBUG org.eclipse.jetty.util.thread.strategy.ExecuteProduceConsume - EPC Prod/Pend/org.eclipse.jetty.io.ManagedSelector$SelectorProducer@6f90d7cf run
14:17:11.379 [jetty task-22] DEBUG org.eclipse.jetty.util.thread.QueuedThreadPool - ran EPC Prod/org.eclipse.jetty.io.ManagedSelector$SelectorProducer@6f90d7cf
14:17:11.422 [jetty task-20-acceptor-0@78b9b1c-ServerConnector@53bd4614{HTTP/1.1,[http/1.1]}{localhost:8080}] DEBUG org.eclipse.jetty.io.ManagedSelector - Queued change org.eclipse.jetty.io.ManagedSelector$Accept@7f4c041a on org.eclipse.jetty.io.ManagedSelector@3803d43d id=1 keys=2 selected=0
14:17:11.422 [jetty task-18] DEBUG org.eclipse.jetty.io.ManagedSelector - Selector loop woken up from select, 0/2 selected
14:17:11.422 [jetty task-18] DEBUG org.eclipse.jetty.io.ManagedSelector - Running action org.eclipse.jetty.io.ManagedSelector$Accept@7f4c041a
14:17:11.422 [jetty task-18] DEBUG org.eclipse.jetty.io.ManagedSelector - Queued change org.eclipse.jetty.io.ManagedSelector$CreateEndPoint@28cc1ba0 on org.eclipse.jetty.io.ManagedSelector@3803d43d id=1 keys=3 selected=0
14:17:11.422 [jetty task-18] DEBUG org.eclipse.jetty.util.thread.strategy.ExecuteProduceConsume - EPC Prod/org.eclipse.jetty.io.ManagedSelector$SelectorProducer@6f90d7cf produced org.eclipse.jetty.io.ManagedSelector$CreateEndPoint@28cc1ba0
14:17:11.422 [jetty task-18] DEBUG org.eclipse.jetty.util.thread.strategy.ExecuteProduceConsume - EPC Pend/org.eclipse.jetty.io.ManagedSelector$SelectorProducer@6f90d7cf dispatch
14:17:11.422 [jetty task-18] DEBUG org.eclipse.jetty.util.thread.QueuedThreadPool - queue EPC Pend/org.eclipse.jetty.io.ManagedSelector$SelectorProducer@6f90d7cf
14:17:11.422 [jetty task-18] DEBUG org.eclipse.jetty.util.thread.strategy.ExecuteProduceConsume - EPC Pend/org.eclipse.jetty.io.ManagedSelector$SelectorProducer@6f90d7cf run org.eclipse.jetty.io.ManagedSelector$CreateEndPoint@28cc1ba0
14:17:11.422 [jetty task-18] DEBUG org.eclipse.jetty.util.thread.strategy.ExecutingExecutionStrategy - EPC Pend/org.eclipse.jetty.io.ManagedSelector$SelectorProducer@6f90d7cf invoke  org.eclipse.jetty.io.ManagedSelector$CreateEndPoint@28cc1ba0
14:17:11.422 [jetty task-18] DEBUG org.eclipse.jetty.io.AbstractEndPoint - onOpen SocketChannelEndPoint@1e5fa6ec{/127.0.0.1:55862<->/127.0.0.1:8080,OPEN,fill=-,flush=-,to=0/0}{io=0/0,kio=0,kro=0}-><null>
14:17:11.422 [jetty task-18] DEBUG org.eclipse.jetty.server.HttpChannel - new HttpChannelOverHttp@46ebc0b2{r=0,c=false,a=IDLE,uri=null} -> SocketChannelEndPoint@1e5fa6ec{/127.0.0.1:55862<->/127.0.0.1:8080,OPEN,fill=-,flush=-,to=0/0}{io=0/0,kio=0,kro=0}-><null>,null,HttpChannelState@3adabf4d{s=IDLE a=NOT_ASYNC i=true r=NONE/false w=false}
14:17:11.423 [jetty task-18] DEBUG org.eclipse.jetty.server.HttpConnection - New HTTP Connection HttpConnection@7203a2ad[p=HttpParser{s=START,0 of 0},g=HttpGenerator@118802c7{s=START}]=>HttpChannelOverHttp@46ebc0b2{r=0,c=false,a=IDLE,uri=null}<-SocketChannelEndPoint@1e5fa6ec{/127.0.0.1:55862<->/127.0.0.1:8080,OPEN,fill=-,flush=-,to=1/0}{io=0/0,kio=0,kro=0}-><null>
14:17:11.423 [jetty task-18] DEBUG org.eclipse.jetty.io.AbstractConnection - onOpen HttpConnection@7203a2ad[p=HttpParser{s=START,0 of 0},g=HttpGenerator@118802c7{s=START}]=>HttpChannelOverHttp@46ebc0b2{r=0,c=false,a=IDLE,uri=null}<-SocketChannelEndPoint@1e5fa6ec{/127.0.0.1:55862<->/127.0.0.1:8080,OPEN,fill=-,flush=-,to=1/0}{io=0/0,kio=0,kro=0}->HttpConnection@7203a2ad[p=HttpParser{s=START,0 of 0},g=HttpGenerator@118802c7{s=START}]=>HttpChannelOverHttp@46ebc0b2{r=0,c=false,a=IDLE,uri=null}
14:17:11.423 [jetty task-18] DEBUG org.eclipse.jetty.io.AbstractConnection - fillInterested HttpConnection@7203a2ad[p=HttpParser{s=START,0 of 0},g=HttpGenerator@118802c7{s=START}]=>HttpChannelOverHttp@46ebc0b2{r=0,c=false,a=IDLE,uri=null}<-SocketChannelEndPoint@1e5fa6ec{/127.0.0.1:55862<->/127.0.0.1:8080,OPEN,fill=-,flush=-,to=1/0}{io=0/0,kio=0,kro=0}->HttpConnection@7203a2ad[p=HttpParser{s=START,0 of 0},g=HttpGenerator@118802c7{s=START}]=>HttpChannelOverHttp@46ebc0b2{r=0,c=false,a=IDLE,uri=null}
14:17:11.423 [jetty task-18] DEBUG org.eclipse.jetty.io.FillInterest - FillInterest@97eae14{true,AC.ReadCB@7203a2ad{HttpConnection@7203a2ad[p=HttpParser{s=START,0 of 0},g=HttpGenerator@118802c7{s=START}]=>HttpChannelOverHttp@46ebc0b2{r=0,c=false,a=IDLE,uri=null}<-SocketChannelEndPoint@1e5fa6ec{/127.0.0.1:55862<->/127.0.0.1:8080,OPEN,fill=FI,flush=-,to=0/0}{io=0/0,kio=0,kro=0}->HttpConnection@7203a2ad[p=HttpParser{s=START,0 of 0},g=HttpGenerator@118802c7{s=START}]=>HttpChannelOverHttp@46ebc0b2{r=0,c=false,a=IDLE,uri=null}}} register AC.ReadCB@7203a2ad{HttpConnection@7203a2ad[p=HttpParser{s=START,0 of 0},g=HttpGenerator@118802c7{s=START}]=>HttpChannelOverHttp@46ebc0b2{r=0,c=false,a=IDLE,uri=null}<-SocketChannelEndPoint@1e5fa6ec{/127.0.0.1:55862<->/127.0.0.1:8080,OPEN,fill=FI,flush=-,to=0/0}{io=0/0,kio=0,kro=0}->HttpConnection@7203a2ad[p=HttpParser{s=START,0 of 0},g=HttpGenerator@118802c7{s=START}]=>HttpChannelOverHttp@46ebc0b2{r=0,c=false,a=IDLE,uri=null}}
14:17:11.423 [jetty task-18] DEBUG org.eclipse.jetty.io.ChannelEndPoint - changeInterests p=false 0->1 for SocketChannelEndPoint@1e5fa6ec{/127.0.0.1:55862<->/127.0.0.1:8080,OPEN,fill=FI,flush=-,to=0/0}{io=0/1,kio=0,kro=0}->HttpConnection@7203a2ad[p=HttpParser{s=START,0 of 0},g=HttpGenerator@118802c7{s=START}]=>HttpChannelOverHttp@46ebc0b2{r=0,c=false,a=IDLE,uri=null}
14:17:11.424 [jetty task-18] DEBUG org.eclipse.jetty.io.ManagedSelector - Queued change CEP:SocketChannelEndPoint@1e5fa6ec{/127.0.0.1:55862<->/127.0.0.1:8080,OPEN,fill=FI,flush=-,to=1/0}{io=0/1,kio=0,kro=0}->HttpConnection@7203a2ad[p=HttpParser{s=START,0 of 0},g=HttpGenerator@118802c7{s=START}]=>HttpChannelOverHttp@46ebc0b2{r=0,c=false,a=IDLE,uri=null}:runUpdateKey:NON_BLOCKING on org.eclipse.jetty.io.ManagedSelector@3803d43d id=1 keys=3 selected=0
14:17:11.424 [jetty task-18] DEBUG org.eclipse.jetty.io.ManagedSelector - Created SocketChannelEndPoint@1e5fa6ec{/127.0.0.1:55862<->/127.0.0.1:8080,OPEN,fill=FI,flush=-,to=1/0}{io=0/1,kio=0,kro=0}->HttpConnection@7203a2ad[p=HttpParser{s=START,0 of 0},g=HttpGenerator@118802c7{s=START}]=>HttpChannelOverHttp@46ebc0b2{r=0,c=false,a=IDLE,uri=null}
14:17:11.424 [jetty task-18] DEBUG org.eclipse.jetty.util.thread.strategy.ExecutingExecutionStrategy - EPC Pend/org.eclipse.jetty.io.ManagedSelector$SelectorProducer@6f90d7cf invoked org.eclipse.jetty.io.ManagedSelector$CreateEndPoint@28cc1ba0
14:17:11.424 [jetty task-18] DEBUG org.eclipse.jetty.util.thread.strategy.ExecuteProduceConsume - EPC Pend/org.eclipse.jetty.io.ManagedSelector$SelectorProducer@6f90d7cf ran org.eclipse.jetty.io.ManagedSelector$CreateEndPoint@28cc1ba0
14:17:11.424 [jetty task-18] DEBUG org.eclipse.jetty.util.thread.strategy.ExecuteProduceConsume - EPC Prod/Pend/org.eclipse.jetty.io.ManagedSelector$SelectorProducer@6f90d7cf producing
14:17:11.424 [jetty task-18] DEBUG org.eclipse.jetty.io.ManagedSelector - Running action CEP:SocketChannelEndPoint@1e5fa6ec{/127.0.0.1:55862<->/127.0.0.1:8080,OPEN,fill=FI,flush=-,to=1/0}{io=0/1,kio=0,kro=0}->HttpConnection@7203a2ad[p=HttpParser{s=START,0 of 0},g=HttpGenerator@118802c7{s=START}]=>HttpChannelOverHttp@46ebc0b2{r=0,c=false,a=IDLE,uri=null}:runUpdateKey:NON_BLOCKING
14:17:11.424 [jetty task-18] DEBUG org.eclipse.jetty.io.ChannelEndPoint - Key interests updated 0 -> 1 on SocketChannelEndPoint@1e5fa6ec{/127.0.0.1:55862<->/127.0.0.1:8080,OPEN,fill=FI,flush=-,to=1/0}{io=1/1,kio=1,kro=0}->HttpConnection@7203a2ad[p=HttpParser{s=START,0 of 0},g=HttpGenerator@118802c7{s=START}]=>HttpChannelOverHttp@46ebc0b2{r=0,c=false,a=IDLE,uri=null}
14:17:11.424 [jetty task-18] DEBUG org.eclipse.jetty.io.ManagedSelector - Selector loop waiting on select
14:17:11.425 [jetty task-16] DEBUG org.eclipse.jetty.util.thread.QueuedThreadPool - run EPC Prod/Pend/org.eclipse.jetty.io.ManagedSelector$SelectorProducer@6f90d7cf
14:17:11.425 [jetty task-16] DEBUG org.eclipse.jetty.util.thread.strategy.ExecuteProduceConsume - EPC Prod/Pend/org.eclipse.jetty.io.ManagedSelector$SelectorProducer@6f90d7cf run
14:17:11.425 [jetty task-16] DEBUG org.eclipse.jetty.util.thread.QueuedThreadPool - ran EPC Prod/org.eclipse.jetty.io.ManagedSelector$SelectorProducer@6f90d7cf
14:17:11.426 [jetty task-18] DEBUG org.eclipse.jetty.io.ManagedSelector - Selector loop woken up from select, 1/3 selected
14:17:11.426 [jetty task-18] DEBUG org.eclipse.jetty.io.ManagedSelector - selected sun.nio.ch.SelectionKeyImpl@37197a98 SocketChannelEndPoint@1e5fa6ec{/127.0.0.1:55862<->/127.0.0.1:8080,OPEN,fill=FI,flush=-,to=3/0}{io=1/1,kio=1,kro=1}->HttpConnection@7203a2ad[p=HttpParser{s=START,0 of 0},g=HttpGenerator@118802c7{s=START}]=>HttpChannelOverHttp@46ebc0b2{r=0,c=false,a=IDLE,uri=null} 
14:17:11.427 [jetty task-18] DEBUG org.eclipse.jetty.io.ChannelEndPoint - onSelected 1->0 r=true w=false for SocketChannelEndPoint@1e5fa6ec{/127.0.0.1:55862<->/127.0.0.1:8080,OPEN,fill=FI,flush=-,to=4/0}{io=1/0,kio=1,kro=1}->HttpConnection@7203a2ad[p=HttpParser{s=START,0 of 0},g=HttpGenerator@118802c7{s=START}]=>HttpChannelOverHttp@46ebc0b2{r=0,c=false,a=IDLE,uri=null}
14:17:11.427 [jetty task-18] DEBUG org.eclipse.jetty.io.ChannelEndPoint - task CEP:SocketChannelEndPoint@1e5fa6ec{/127.0.0.1:55862<->/127.0.0.1:8080,OPEN,fill=FI,flush=-,to=4/0}{io=1/0,kio=1,kro=1}->HttpConnection@7203a2ad[p=HttpParser{s=START,0 of 0},g=HttpGenerator@118802c7{s=START}]=>HttpChannelOverHttp@46ebc0b2{r=0,c=false,a=IDLE,uri=null}:runFillable:BLOCKING
14:17:11.427 [jetty task-18] DEBUG org.eclipse.jetty.util.thread.strategy.ExecuteProduceConsume - EPC Prod/org.eclipse.jetty.io.ManagedSelector$SelectorProducer@6f90d7cf produced CEP:SocketChannelEndPoint@1e5fa6ec{/127.0.0.1:55862<->/127.0.0.1:8080,OPEN,fill=FI,flush=-,to=4/0}{io=1/0,kio=1,kro=1}->HttpConnection@7203a2ad[p=HttpParser{s=START,0 of 0},g=HttpGenerator@118802c7{s=START}]=>HttpChannelOverHttp@46ebc0b2{r=0,c=false,a=IDLE,uri=null}:runFillable:BLOCKING
14:17:11.427 [jetty task-18] DEBUG org.eclipse.jetty.util.thread.strategy.ExecuteProduceConsume - EPC Pend/org.eclipse.jetty.io.ManagedSelector$SelectorProducer@6f90d7cf dispatch
14:17:11.427 [jetty task-18] DEBUG org.eclipse.jetty.util.thread.QueuedThreadPool - queue EPC Pend/org.eclipse.jetty.io.ManagedSelector$SelectorProducer@6f90d7cf
14:17:11.427 [jetty task-18] DEBUG org.eclipse.jetty.util.thread.strategy.ExecuteProduceConsume - EPC Pend/org.eclipse.jetty.io.ManagedSelector$SelectorProducer@6f90d7cf run CEP:SocketChannelEndPoint@1e5fa6ec{/127.0.0.1:55862<->/127.0.0.1:8080,OPEN,fill=FI,flush=-,to=4/0}{io=1/0,kio=1,kro=1}->HttpConnection@7203a2ad[p=HttpParser{s=START,0 of 0},g=HttpGenerator@118802c7{s=START}]=>HttpChannelOverHttp@46ebc0b2{r=0,c=false,a=IDLE,uri=null}:runFillable:BLOCKING
14:17:11.427 [jetty task-18] DEBUG org.eclipse.jetty.util.thread.strategy.ExecutingExecutionStrategy - EPC Pend/org.eclipse.jetty.io.ManagedSelector$SelectorProducer@6f90d7cf invoke  CEP:SocketChannelEndPoint@1e5fa6ec{/127.0.0.1:55862<->/127.0.0.1:8080,OPEN,fill=FI,flush=-,to=4/0}{io=1/0,kio=1,kro=1}->HttpConnection@7203a2ad[p=HttpParser{s=START,0 of 0},g=HttpGenerator@118802c7{s=START}]=>HttpChannelOverHttp@46ebc0b2{r=0,c=false,a=IDLE,uri=null}:runFillable:BLOCKING
14:17:11.427 [jetty task-18] DEBUG org.eclipse.jetty.io.FillInterest - FillInterest@97eae14{true,AC.ReadCB@7203a2ad{HttpConnection@7203a2ad[p=HttpParser{s=START,0 of 0},g=HttpGenerator@118802c7{s=START}]=>HttpChannelOverHttp@46ebc0b2{r=0,c=false,a=IDLE,uri=null}<-SocketChannelEndPoint@1e5fa6ec{/127.0.0.1:55862<->/127.0.0.1:8080,OPEN,fill=FI,flush=-,to=4/0}{io=1/0,kio=1,kro=1}->HttpConnection@7203a2ad[p=HttpParser{s=START,0 of 0},g=HttpGenerator@118802c7{s=START}]=>HttpChannelOverHttp@46ebc0b2{r=0,c=false,a=IDLE,uri=null}}} fillable AC.ReadCB@7203a2ad{HttpConnection@7203a2ad[p=HttpParser{s=START,0 of 0},g=HttpGenerator@118802c7{s=START}]=>HttpChannelOverHttp@46ebc0b2{r=0,c=false,a=IDLE,uri=null}<-SocketChannelEndPoint@1e5fa6ec{/127.0.0.1:55862<->/127.0.0.1:8080,OPEN,fill=FI,flush=-,to=4/0}{io=1/0,kio=1,kro=1}->HttpConnection@7203a2ad[p=HttpParser{s=START,0 of 0},g=HttpGenerator@118802c7{s=START}]=>HttpChannelOverHttp@46ebc0b2{r=0,c=false,a=IDLE,uri=null}}
14:17:11.428 [jetty task-18] DEBUG org.eclipse.jetty.server.HttpConnection - HttpConnection@7203a2ad[p=HttpParser{s=START,0 of 0},g=HttpGenerator@118802c7{s=START}]=>HttpChannelOverHttp@46ebc0b2{r=0,c=false,a=IDLE,uri=null}<-SocketChannelEndPoint@1e5fa6ec{/127.0.0.1:55862<->/127.0.0.1:8080,OPEN,fill=-,flush=-,to=4/0}{io=1/0,kio=1,kro=1}->HttpConnection@7203a2ad[p=HttpParser{s=START,0 of 0},g=HttpGenerator@118802c7{s=START}]=>HttpChannelOverHttp@46ebc0b2{r=0,c=false,a=IDLE,uri=null} onFillable enter HttpChannelState@3adabf4d{s=IDLE a=NOT_ASYNC i=true r=NONE/false w=false} null
14:17:11.428 [jetty task-18] DEBUG org.eclipse.jetty.io.ChannelEndPoint - filled 343 SocketChannelEndPoint@1e5fa6ec{/127.0.0.1:55862<->/127.0.0.1:8080,OPEN,fill=-,flush=-,to=5/0}{io=1/0,kio=1,kro=1}->HttpConnection@7203a2ad[p=HttpParser{s=START,0 of 0},g=HttpGenerator@118802c7{s=START}]=>HttpChannelOverHttp@46ebc0b2{r=0,c=false,a=IDLE,uri=null}
14:17:11.428 [jetty task-18] DEBUG org.eclipse.jetty.server.HttpConnection - HttpConnection@7203a2ad[p=HttpParser{s=START,0 of 0},g=HttpGenerator@118802c7{s=START}]=>HttpChannelOverHttp@46ebc0b2{r=0,c=false,a=IDLE,uri=null}<-SocketChannelEndPoint@1e5fa6ec{/127.0.0.1:55862<->/127.0.0.1:8080,OPEN,fill=-,flush=-,to=0/0}{io=1/0,kio=1,kro=1}->HttpConnection@7203a2ad[p=HttpParser{s=START,0 of 0},g=HttpGenerator@118802c7{s=START}]=>HttpChannelOverHttp@46ebc0b2{r=0,c=false,a=IDLE,uri=null} filled 343 HeapByteBuffer@5a112485[p=0,l=343,c=8192,r=343]={<<<POST /account/cre...\n\r\nbalance=5000>>>\x00\x00\x00\x00\x00\x00\x00\x00\x00\x00\x00\x00\x00\x00\x00\x00\x00...\x00\x00\x00\x00\x00\x00\x00\x00\x00\x00\x00\x00\x00\x00\x00}
14:17:11.429 [jetty task-18] DEBUG org.eclipse.jetty.server.HttpConnection - HttpConnection@7203a2ad[p=HttpParser{s=START,0 of 0},g=HttpGenerator@118802c7{s=START}]=>HttpChannelOverHttp@46ebc0b2{r=0,c=false,a=IDLE,uri=null}<-SocketChannelEndPoint@1e5fa6ec{/127.0.0.1:55862<->/127.0.0.1:8080,OPEN,fill=-,flush=-,to=1/0}{io=1/0,kio=1,kro=1}->HttpConnection@7203a2ad[p=HttpParser{s=START,0 of 0},g=HttpGenerator@118802c7{s=START}]=>HttpChannelOverHttp@46ebc0b2{r=0,c=false,a=IDLE,uri=null} parse HeapByteBuffer@5a112485[p=0,l=343,c=8192,r=343]={<<<POST /account/cre...\n\r\nbalance=5000>>>\x00\x00\x00\x00\x00\x00\x00\x00\x00\x00\x00\x00\x00\x00\x00\x00\x00...\x00\x00\x00\x00\x00\x00\x00\x00\x00\x00\x00\x00\x00\x00\x00} {}
14:17:11.430 [jetty task-18] DEBUG org.eclipse.jetty.http.HttpParser - parseNext s=START HeapByteBuffer@5a112485[p=0,l=343,c=8192,r=343]={<<<POST /account/cre...\n\r\nbalance=5000>>>\x00\x00\x00\x00\x00\x00\x00\x00\x00\x00\x00\x00\x00\x00\x00\x00\x00...\x00\x00\x00\x00\x00\x00\x00\x00\x00\x00\x00\x00\x00\x00\x00}
14:17:11.430 [jetty task-18] DEBUG org.eclipse.jetty.http.HttpParser - START --> SPACE1
14:17:11.430 [jetty task-18] DEBUG org.eclipse.jetty.http.HttpParser - SPACE1 --> URI
14:17:11.430 [jetty task-18] DEBUG org.eclipse.jetty.http.HttpParser - URI --> SPACE2
14:17:11.431 [jetty task-18] DEBUG org.eclipse.jetty.http.HttpParser - SPACE2 --> REQUEST_VERSION
14:17:11.432 [jetty task-18] DEBUG org.eclipse.jetty.http.HttpParser - REQUEST_VERSION --> HEADER
14:17:11.432 [jetty task-18] DEBUG org.eclipse.jetty.http.HttpParser - HEADER:null --> VALUE
14:17:11.432 [jetty task-18] DEBUG org.eclipse.jetty.http.HttpParser - HEADER:null --> IN_VALUE
14:17:11.432 [jetty task-18] DEBUG org.eclipse.jetty.http.HttpParser - HEADER:null --> FIELD
14:17:11.432 [jetty task-18] DEBUG org.eclipse.jetty.http.HttpParser - HEADER:Content-Type: application/x-www-form-urlencoded; charset=ISO-8859-1 --> IN_VALUE
14:17:11.432 [jetty task-18] DEBUG org.eclipse.jetty.http.HttpParser - HEADER:Content-Type: application/x-www-form-urlencoded; charset=ISO-8859-1 --> FIELD
14:17:11.432 [jetty task-18] DEBUG org.eclipse.jetty.http.HttpParser - HEADER:null --> VALUE
14:17:11.432 [jetty task-18] DEBUG org.eclipse.jetty.http.HttpParser - HEADER:null --> IN_VALUE
14:17:11.432 [jetty task-18] DEBUG org.eclipse.jetty.http.HttpParser - HEADER:null --> FIELD
14:17:11.432 [jetty task-18] DEBUG org.eclipse.jetty.http.HttpParser - HEADER:null --> VALUE
14:17:11.432 [jetty task-18] DEBUG org.eclipse.jetty.http.HttpParser - HEADER:null --> IN_VALUE
14:17:11.432 [jetty task-18] DEBUG org.eclipse.jetty.http.HttpParser - HEADER:null --> FIELD
14:17:11.432 [jetty task-18] DEBUG org.eclipse.jetty.http.HttpParser - HEADER:Connection: keep-alive --> IN_VALUE
14:17:11.432 [jetty task-18] DEBUG org.eclipse.jetty.http.HttpParser - HEADER:Connection: keep-alive --> FIELD
14:17:11.432 [jetty task-18] DEBUG org.eclipse.jetty.http.HttpParser - HEADER:null --> VALUE
14:17:11.432 [jetty task-18] DEBUG org.eclipse.jetty.http.HttpParser - HEADER:null --> IN_VALUE
14:17:11.432 [jetty task-18] DEBUG org.eclipse.jetty.http.HttpParser - HEADER:null --> FIELD
14:17:11.432 [jetty task-18] DEBUG org.eclipse.jetty.http.HttpParser - HEADER:null --> IN_VALUE
14:17:11.432 [jetty task-18] DEBUG org.eclipse.jetty.http.HttpParser - HEADER:null --> FIELD
14:17:11.432 [jetty task-18] DEBUG org.eclipse.jetty.http.HttpParser - HEADER --> CONTENT
14:17:11.432 [jetty task-18] DEBUG org.eclipse.jetty.server.HttpChannel - REQUEST for //localhost:8080/account/create on HttpChannelOverHttp@46ebc0b2{r=1,c=false,a=IDLE,uri=//localhost:8080/account/create}
POST //localhost:8080/account/create HTTP/1.1
Accept: application/json, application/javascript, text/javascript, text/json
Content-Type: application/x-www-form-urlencoded; charset=ISO-8859-1
Content-Length: 12
Host: localhost:8080
Connection: keep-alive
User-Agent: Apache-HttpClient/4.5.3 (Java/1.8.0_121)
Accept-Encoding: gzip,deflate


14:17:11.433 [jetty task-18] DEBUG org.eclipse.jetty.server.HttpConnection - HttpConnection@7203a2ad[p=HttpParser{s=CONTENT,0 of 12},g=HttpGenerator@118802c7{s=START}]=>HttpChannelOverHttp@46ebc0b2{r=1,c=false,a=IDLE,uri=//localhost:8080/account/create}<-SocketChannelEndPoint@1e5fa6ec{/127.0.0.1:55862<->/127.0.0.1:8080,OPEN,fill=-,flush=-,to=5/0}{io=1/0,kio=1,kro=1}->HttpConnection@7203a2ad[p=HttpParser{s=CONTENT,0 of 12},g=HttpGenerator@118802c7{s=START}]=>HttpChannelOverHttp@46ebc0b2{r=1,c=false,a=IDLE,uri=//localhost:8080/account/create} parsed true HttpParser{s=CONTENT,0 of 12}
14:17:11.433 [jetty task-18] DEBUG org.eclipse.jetty.server.HttpChannel - HttpChannelOverHttp@46ebc0b2{r=1,c=false,a=IDLE,uri=//localhost:8080/account/create} handle //localhost:8080/account/create 
14:17:11.433 [jetty task-18] DEBUG org.eclipse.jetty.server.HttpChannelState - handling HttpChannelState@3adabf4d{s=IDLE a=NOT_ASYNC i=true r=NONE/false w=false}
14:17:11.433 [jetty task-18] DEBUG org.eclipse.jetty.server.HttpChannel - HttpChannelOverHttp@46ebc0b2{r=1,c=false,a=DISPATCHED,uri=//localhost:8080/account/create} action DISPATCH
14:17:11.433 [jetty task-18] DEBUG org.eclipse.jetty.server.Server - REQUEST POST /account/create on HttpChannelOverHttp@46ebc0b2{r=1,c=false,a=DISPATCHED,uri=//localhost:8080/account/create}
14:17:11.433 [jetty task-18] DEBUG org.eclipse.jetty.server.handler.ContextHandler - scope null||/account/create @ o.e.j.s.h.ContextHandler@38453928{/,null,AVAILABLE}
14:17:11.433 [jetty task-18] DEBUG org.eclipse.jetty.server.handler.ContextHandler - context=||/account/create @ o.e.j.s.h.ContextHandler@38453928{/,null,AVAILABLE}
14:17:11.435 [jetty task-18] DEBUG org.eclipse.jetty.server.HttpConnection - HttpConnection@7203a2ad[p=HttpParser{s=CONTENT,0 of 12},g=HttpGenerator@118802c7{s=START}]=>HttpChannelOverHttp@46ebc0b2{r=1,c=false,a=DISPATCHED,uri=//localhost:8080/account/create}<-SocketChannelEndPoint@1e5fa6ec{/127.0.0.1:55862<->/127.0.0.1:8080,OPEN,fill=-,flush=-,to=7/0}{io=1/0,kio=1,kro=1}->HttpConnection@7203a2ad[p=HttpParser{s=CONTENT,0 of 12},g=HttpGenerator@118802c7{s=START}]=>HttpChannelOverHttp@46ebc0b2{r=1,c=false,a=DISPATCHED,uri=//localhost:8080/account/create} parse HeapByteBuffer@5a112485[p=331,l=343,c=8192,r=12]={POST /account/cre...zip,deflate\r\n\r\n<<<balance=5000>>>\x00\x00\x00\x00\x00\x00\x00\x00\x00\x00\x00\x00\x00\x00\x00\x00\x00...\x00\x00\x00\x00\x00\x00\x00\x00\x00\x00\x00\x00\x00\x00\x00} {}
14:17:11.436 [jetty task-18] DEBUG org.eclipse.jetty.http.HttpParser - parseNext s=CONTENT HeapByteBuffer@5a112485[p=331,l=343,c=8192,r=12]={POST /account/cre...zip,deflate\r\n\r\n<<<balance=5000>>>\x00\x00\x00\x00\x00\x00\x00\x00\x00\x00\x00\x00\x00\x00\x00\x00\x00...\x00\x00\x00\x00\x00\x00\x00\x00\x00\x00\x00\x00\x00\x00\x00}
14:17:11.436 [jetty task-18] DEBUG org.eclipse.jetty.server.HttpChannel - HttpChannelOverHttp@46ebc0b2{r=1,c=false,a=DISPATCHED,uri=//localhost:8080/account/create} onContent Content@663148a1{HeapByteBufferR@9488800[p=331,l=343,c=8192,r=12]={POST /account/cre...zip,deflate\r\n\r\n<<<balance=5000>>>\x00\x00\x00\x00\x00\x00\x00\x00\x00\x00\x00\x00\x00\x00\x00\x00\x00...\x00\x00\x00\x00\x00\x00\x00\x00\x00\x00\x00\x00\x00\x00\x00}}
14:17:11.436 [jetty task-18] DEBUG org.eclipse.jetty.server.HttpInput - HttpInputOverHTTP@58073dd4[c=0,q=0,[0]=null,s=STREAM] addContent Content@663148a1{HeapByteBufferR@9488800[p=331,l=343,c=8192,r=12]={POST /account/cre...zip,deflate\r\n\r\n<<<balance=5000>>>\x00\x00\x00\x00\x00\x00\x00\x00\x00\x00\x00\x00\x00\x00\x00\x00\x00...\x00\x00\x00\x00\x00\x00\x00\x00\x00\x00\x00\x00\x00\x00\x00}}
14:17:11.436 [jetty task-18] DEBUG org.eclipse.jetty.http.HttpParser - CONTENT --> END
14:17:11.436 [jetty task-18] DEBUG org.eclipse.jetty.server.HttpChannel - HttpChannelOverHttp@46ebc0b2{r=1,c=false,a=DISPATCHED,uri=//localhost:8080/account/create} onContentComplete
14:17:11.436 [jetty task-18] DEBUG org.eclipse.jetty.server.HttpChannel - HttpChannelOverHttp@46ebc0b2{r=1,c=false,a=DISPATCHED,uri=//localhost:8080/account/create} onRequestComplete
14:17:11.436 [jetty task-18] DEBUG org.eclipse.jetty.server.HttpInput - HttpInputOverHTTP@58073dd4[c=0,q=1,[0]=EOF,s=STREAM] addContent EOF
14:17:11.436 [jetty task-18] DEBUG org.eclipse.jetty.server.HttpConnection - HttpConnection@7203a2ad[p=HttpParser{s=END,12 of 12},g=HttpGenerator@118802c7{s=START}]=>HttpChannelOverHttp@46ebc0b2{r=1,c=false,a=DISPATCHED,uri=//localhost:8080/account/create}<-SocketChannelEndPoint@1e5fa6ec{/127.0.0.1:55862<->/127.0.0.1:8080,OPEN,fill=-,flush=-,to=8/0}{io=1/0,kio=1,kro=1}->HttpConnection@7203a2ad[p=HttpParser{s=END,12 of 12},g=HttpGenerator@118802c7{s=START}]=>HttpChannelOverHttp@46ebc0b2{r=1,c=false,a=DISPATCHED,uri=//localhost:8080/account/create} parsed false HttpParser{s=END,12 of 12}
14:17:11.436 [jetty task-18] DEBUG org.eclipse.jetty.server.HttpInput - HttpInputOverHTTP@58073dd4[c=1,q=1,[0]=EOF,s=STREAM] read 1 from Content@663148a1{HeapByteBufferR@9488800[p=332,l=343,c=8192,r=11]={POST /account/cre...ip,deflate\r\n\r\nb<<<alance=5000>>>\x00\x00\x00\x00\x00\x00\x00\x00\x00\x00\x00\x00\x00\x00\x00\x00\x00...\x00\x00\x00\x00\x00\x00\x00\x00\x00\x00\x00\x00\x00\x00\x00}}
14:17:11.436 [jetty task-18] DEBUG org.eclipse.jetty.server.HttpInput - HttpInputOverHTTP@58073dd4[c=2,q=1,[0]=EOF,s=STREAM] read 1 from Content@663148a1{HeapByteBufferR@9488800[p=333,l=343,c=8192,r=10]={POST /account/cre...p,deflate\r\n\r\nba<<<lance=5000>>>\x00\x00\x00\x00\x00\x00\x00\x00\x00\x00\x00\x00\x00\x00\x00\x00\x00...\x00\x00\x00\x00\x00\x00\x00\x00\x00\x00\x00\x00\x00\x00\x00}}
14:17:11.436 [jetty task-18] DEBUG org.eclipse.jetty.server.HttpInput - HttpInputOverHTTP@58073dd4[c=3,q=1,[0]=EOF,s=STREAM] read 1 from Content@663148a1{HeapByteBufferR@9488800[p=334,l=343,c=8192,r=9]={POST /account/cre...,deflate\r\n\r\nbal<<<ance=5000>>>\x00\x00\x00\x00\x00\x00\x00\x00\x00\x00\x00\x00\x00\x00\x00\x00\x00...\x00\x00\x00\x00\x00\x00\x00\x00\x00\x00\x00\x00\x00\x00\x00}}
14:17:11.436 [jetty task-18] DEBUG org.eclipse.jetty.server.HttpInput - HttpInputOverHTTP@58073dd4[c=4,q=1,[0]=EOF,s=STREAM] read 1 from Content@663148a1{HeapByteBufferR@9488800[p=335,l=343,c=8192,r=8]={POST /account/cre...deflate\r\n\r\nbala<<<nce=5000>>>\x00\x00\x00\x00\x00\x00\x00\x00\x00\x00\x00\x00\x00\x00\x00\x00\x00...\x00\x00\x00\x00\x00\x00\x00\x00\x00\x00\x00\x00\x00\x00\x00}}
14:17:11.436 [jetty task-18] DEBUG org.eclipse.jetty.server.HttpInput - HttpInputOverHTTP@58073dd4[c=5,q=1,[0]=EOF,s=STREAM] read 1 from Content@663148a1{HeapByteBufferR@9488800[p=336,l=343,c=8192,r=7]={POST /account/cre...eflate\r\n\r\nbalan<<<ce=5000>>>\x00\x00\x00\x00\x00\x00\x00\x00\x00\x00\x00\x00\x00\x00\x00\x00\x00...\x00\x00\x00\x00\x00\x00\x00\x00\x00\x00\x00\x00\x00\x00\x00}}
14:17:11.436 [jetty task-18] DEBUG org.eclipse.jetty.server.HttpInput - HttpInputOverHTTP@58073dd4[c=6,q=1,[0]=EOF,s=STREAM] read 1 from Content@663148a1{HeapByteBufferR@9488800[p=337,l=343,c=8192,r=6]={POST /account/cre...flate\r\n\r\nbalanc<<<e=5000>>>\x00\x00\x00\x00\x00\x00\x00\x00\x00\x00\x00\x00\x00\x00\x00\x00\x00...\x00\x00\x00\x00\x00\x00\x00\x00\x00\x00\x00\x00\x00\x00\x00}}
14:17:11.436 [jetty task-18] DEBUG org.eclipse.jetty.server.HttpInput - HttpInputOverHTTP@58073dd4[c=7,q=1,[0]=EOF,s=STREAM] read 1 from Content@663148a1{HeapByteBufferR@9488800[p=338,l=343,c=8192,r=5]={POST /account/cre...late\r\n\r\nbalance<<<=5000>>>\x00\x00\x00\x00\x00\x00\x00\x00\x00\x00\x00\x00\x00\x00\x00\x00\x00...\x00\x00\x00\x00\x00\x00\x00\x00\x00\x00\x00\x00\x00\x00\x00}}
14:17:11.437 [jetty task-18] DEBUG org.eclipse.jetty.server.HttpInput - HttpInputOverHTTP@58073dd4[c=8,q=1,[0]=EOF,s=STREAM] read 1 from Content@663148a1{HeapByteBufferR@9488800[p=339,l=343,c=8192,r=4]={POST /account/cre...ate\r\n\r\nbalance=<<<5000>>>\x00\x00\x00\x00\x00\x00\x00\x00\x00\x00\x00\x00\x00\x00\x00\x00\x00...\x00\x00\x00\x00\x00\x00\x00\x00\x00\x00\x00\x00\x00\x00\x00}}
14:17:11.437 [jetty task-18] DEBUG org.eclipse.jetty.server.HttpInput - HttpInputOverHTTP@58073dd4[c=9,q=1,[0]=EOF,s=STREAM] read 1 from Content@663148a1{HeapByteBufferR@9488800[p=340,l=343,c=8192,r=3]={POST /account/cre...te\r\n\r\nbalance=5<<<000>>>\x00\x00\x00\x00\x00\x00\x00\x00\x00\x00\x00\x00\x00\x00\x00\x00\x00...\x00\x00\x00\x00\x00\x00\x00\x00\x00\x00\x00\x00\x00\x00\x00}}
14:17:11.437 [jetty task-18] DEBUG org.eclipse.jetty.server.HttpInput - HttpInputOverHTTP@58073dd4[c=10,q=1,[0]=EOF,s=STREAM] read 1 from Content@663148a1{HeapByteBufferR@9488800[p=341,l=343,c=8192,r=2]={POST /account/cre...e\r\n\r\nbalance=50<<<00>>>\x00\x00\x00\x00\x00\x00\x00\x00\x00\x00\x00\x00\x00\x00\x00\x00\x00...\x00\x00\x00\x00\x00\x00\x00\x00\x00\x00\x00\x00\x00\x00\x00}}
14:17:11.437 [jetty task-18] DEBUG org.eclipse.jetty.server.HttpInput - HttpInputOverHTTP@58073dd4[c=11,q=1,[0]=EOF,s=STREAM] read 1 from Content@663148a1{HeapByteBufferR@9488800[p=342,l=343,c=8192,r=1]={POST /account/cre...\r\n\r\nbalance=500<<<0>>>\x00\x00\x00\x00\x00\x00\x00\x00\x00\x00\x00\x00\x00\x00\x00\x00\x00...\x00\x00\x00\x00\x00\x00\x00\x00\x00\x00\x00\x00\x00\x00\x00}}
14:17:11.437 [jetty task-18] DEBUG org.eclipse.jetty.server.HttpInput - HttpInputOverHTTP@58073dd4[c=12,q=1,[0]=EOF,s=STREAM] read 1 from Content@663148a1{HeapByteBufferR@9488800[p=343,l=343,c=8192,r=0]={POST /account/cre...\n\r\nbalance=5000<<<>>>\x00\x00\x00\x00\x00\x00\x00\x00\x00\x00\x00\x00\x00\x00\x00\x00\x00...\x00\x00\x00\x00\x00\x00\x00\x00\x00\x00\x00\x00\x00\x00\x00}}
14:17:11.437 [jetty task-18] DEBUG org.eclipse.jetty.server.HttpConnection - releaseRequestBuffer HttpConnection@7203a2ad[p=HttpParser{s=END,12 of 12},g=HttpGenerator@118802c7{s=START}]=>HttpChannelOverHttp@46ebc0b2{r=1,c=false,a=DISPATCHED,uri=//localhost:8080/account/create}<-SocketChannelEndPoint@1e5fa6ec{/127.0.0.1:55862<->/127.0.0.1:8080,OPEN,fill=-,flush=-,to=9/0}{io=1/0,kio=1,kro=1}->HttpConnection@7203a2ad[p=HttpParser{s=END,12 of 12},g=HttpGenerator@118802c7{s=START}]=>HttpChannelOverHttp@46ebc0b2{r=1,c=false,a=DISPATCHED,uri=//localhost:8080/account/create}
14:17:11.437 [jetty task-18] DEBUG org.eclipse.jetty.server.HttpChannelState - onEof HttpChannelState@3adabf4d{s=DISPATCHED a=NOT_ASYNC i=true r=NONE/false w=false}
14:17:11.438 [jetty task-18] DEBUG org.eclipse.jetty.server.HttpOutput - sendContent(HeapByteBuffer@247536ce[p=0,l=1,c=1,r=1]={<<<4>>>})
14:17:11.438 [jetty task-18] DEBUG org.eclipse.jetty.server.HttpChannel - sendResponse info=null content=HeapByteBuffer@247536ce[p=0,l=1,c=1,r=1]={<<<4>>>} complete=true committing=true callback=Blocker@486d06a1{null}
14:17:11.438 [jetty task-18] DEBUG org.eclipse.jetty.server.HttpChannel - COMMIT for /account/create on HttpChannelOverHttp@46ebc0b2{r=1,c=true,a=DISPATCHED,uri=//localhost:8080/account/create}
200 null HTTP/1.1
Content-Type: application/json;charset=iso-8859-1
Content-Length: 1


14:17:11.438 [jetty task-18] DEBUG org.eclipse.jetty.server.HttpConnection - org.eclipse.jetty.server.HttpConnection$SendCallback@5a88f24[PROCESSING][i=HTTP/1.1{s=200,h=2,cl=1},cb=org.eclipse.jetty.server.HttpChannel$CommitCallback@6420ebd8] generate: NEED_HEADER (null,[p=0,l=1,c=1,r=1],true)@START
14:17:11.438 [jetty task-18] DEBUG org.eclipse.jetty.http.HttpGenerator - generateHeaders HTTP/1.1{s=200,h=2,cl=1} last=true content=HeapByteBuffer@247536ce[p=0,l=1,c=1,r=1]={<<<4>>>}
14:17:11.438 [jetty task-18] DEBUG org.eclipse.jetty.http.HttpGenerator - Content-Type: application/json;charset=iso-8859-1
Content-Length: 1


14:17:11.438 [jetty task-18] DEBUG org.eclipse.jetty.http.HttpGenerator - CONTENT_LENGTH
14:17:11.438 [jetty task-18] DEBUG org.eclipse.jetty.server.HttpConnection - org.eclipse.jetty.server.HttpConnection$SendCallback@5a88f24[PROCESSING][i=HTTP/1.1{s=200,h=2,cl=1},cb=org.eclipse.jetty.server.HttpChannel$CommitCallback@6420ebd8] generate: FLUSH ([p=0,l=89,c=8192,r=89],[p=0,l=1,c=1,r=1],true)@COMPLETING
14:17:11.438 [jetty task-18] DEBUG org.eclipse.jetty.io.WriteFlusher - write: WriteFlusher@696e72d4{IDLE}->null [HeapByteBuffer@5a112485[p=0,l=89,c=8192,r=89]={<<<HTTP/1.1 200 OK\r\n...t-Length: 1\r\n\r\n>>>ascript, text/jso...\x00\x00\x00\x00\x00\x00\x00\x00\x00\x00\x00\x00\x00\x00\x00},HeapByteBuffer@247536ce[p=0,l=1,c=1,r=1]={<<<4>>>}]
14:17:11.438 [jetty task-18] DEBUG org.eclipse.jetty.io.WriteFlusher - update WriteFlusher@696e72d4{WRITING}->null:IDLE-->WRITING
14:17:11.438 [jetty task-18] DEBUG org.eclipse.jetty.io.ChannelEndPoint - flushed 90 SocketChannelEndPoint@1e5fa6ec{/127.0.0.1:55862<->/127.0.0.1:8080,OPEN,fill=-,flush=W,to=10/0}{io=1/0,kio=1,kro=1}->HttpConnection@7203a2ad[p=HttpParser{s=END,12 of 12},g=HttpGenerator@118802c7{s=COMPLETING}]=>HttpChannelOverHttp@46ebc0b2{r=1,c=true,a=DISPATCHED,uri=//localhost:8080/account/create}
14:17:11.438 [jetty task-18] DEBUG org.eclipse.jetty.io.WriteFlusher - Flushed=true 89/89+1 WriteFlusher@696e72d4{WRITING}->null
14:17:11.438 [jetty task-18] DEBUG org.eclipse.jetty.io.WriteFlusher - update WriteFlusher@696e72d4{IDLE}->null:WRITING-->IDLE
14:17:11.439 [jetty task-18] DEBUG org.eclipse.jetty.server.HttpConnection - org.eclipse.jetty.server.HttpConnection$SendCallback@5a88f24[PROCESSING][i=HTTP/1.1{s=200,h=2,cl=1},cb=org.eclipse.jetty.server.HttpChannel$CommitCallback@6420ebd8] generate: DONE ([p=89,l=89,c=8192,r=0],[p=1,l=1,c=1,r=0],true)@END
14:17:11.439 [jetty task-18] DEBUG org.eclipse.jetty.server.Server - handled=true async=false committed=true on HttpChannelOverHttp@46ebc0b2{r=1,c=true,a=DISPATCHED,uri=//localhost:8080/account/create}
14:17:11.439 [jetty task-18] DEBUG org.eclipse.jetty.server.HttpChannelState - unhandle HttpChannelState@3adabf4d{s=DISPATCHED a=NOT_ASYNC i=true r=REGISTERED/true w=false}
14:17:11.439 [jetty task-18] DEBUG org.eclipse.jetty.server.HttpChannel - HttpChannelOverHttp@46ebc0b2{r=1,c=true,a=COMPLETING,uri=//localhost:8080/account/create} action COMPLETE
14:17:11.439 [jetty task-18] DEBUG org.eclipse.jetty.server.HttpChannelState - onComplete HttpChannelState@3adabf4d{s=COMPLETING a=NOT_ASYNC i=false r=REGISTERED/true w=false}
14:17:11.439 [jetty task-18] DEBUG org.eclipse.jetty.server.HttpChannel - COMPLETE for /account/create written=1
14:17:11.439 [jetty task-18] DEBUG org.eclipse.jetty.server.HttpChannelState - recycle HttpChannelState@3adabf4d{s=COMPLETED a=NOT_ASYNC i=false r=REGISTERED/true w=false}
14:17:11.439 [jetty task-18] DEBUG org.eclipse.jetty.http.HttpParser - reset HttpParser{s=END,12 of 12}
14:17:11.439 [jetty task-18] DEBUG org.eclipse.jetty.http.HttpParser - END --> START
14:17:11.439 [jetty task-18] DEBUG org.eclipse.jetty.server.HttpChannel - HttpChannelOverHttp@46ebc0b2{r=1,c=false,a=IDLE,uri=null} handle exit, result COMPLETE
14:17:11.439 [jetty task-18] DEBUG org.eclipse.jetty.io.ChannelEndPoint - filled 0 SocketChannelEndPoint@1e5fa6ec{/127.0.0.1:55862<->/127.0.0.1:8080,OPEN,fill=-,flush=-,to=1/0}{io=1/0,kio=1,kro=1}->HttpConnection@7203a2ad[p=HttpParser{s=START,0 of -1},g=HttpGenerator@118802c7{s=START}]=>HttpChannelOverHttp@46ebc0b2{r=1,c=false,a=IDLE,uri=null}
14:17:11.439 [jetty task-18] DEBUG org.eclipse.jetty.io.ChannelEndPoint - filled 0 SocketChannelEndPoint@1e5fa6ec{/127.0.0.1:55862<->/127.0.0.1:8080,OPEN,fill=-,flush=-,to=1/0}{io=1/0,kio=1,kro=1}->HttpConnection@7203a2ad[p=HttpParser{s=START,0 of -1},g=HttpGenerator@118802c7{s=START}]=>HttpChannelOverHttp@46ebc0b2{r=1,c=false,a=IDLE,uri=null}
14:17:11.439 [jetty task-18] DEBUG org.eclipse.jetty.server.HttpConnection - HttpConnection@7203a2ad[p=HttpParser{s=START,0 of -1},g=HttpGenerator@118802c7{s=START}]=>HttpChannelOverHttp@46ebc0b2{r=1,c=false,a=IDLE,uri=null}<-SocketChannelEndPoint@1e5fa6ec{/127.0.0.1:55862<->/127.0.0.1:8080,OPEN,fill=-,flush=-,to=1/0}{io=1/0,kio=1,kro=1}->HttpConnection@7203a2ad[p=HttpParser{s=START,0 of -1},g=HttpGenerator@118802c7{s=START}]=>HttpChannelOverHttp@46ebc0b2{r=1,c=false,a=IDLE,uri=null} filled 0 HeapByteBuffer@5a112485[p=0,l=0,c=8192,r=0]={<<<>>>HTTP/1.1 200 OK\r\n...\x00\x00\x00\x00\x00\x00\x00\x00\x00\x00\x00\x00\x00\x00\x00}
14:17:11.440 [jetty task-18] DEBUG org.eclipse.jetty.server.HttpConnection - HttpConnection@7203a2ad[p=HttpParser{s=START,0 of -1},g=HttpGenerator@118802c7{s=START}]=>HttpChannelOverHttp@46ebc0b2{r=1,c=false,a=IDLE,uri=null}<-SocketChannelEndPoint@1e5fa6ec{/127.0.0.1:55862<->/127.0.0.1:8080,OPEN,fill=-,flush=-,to=2/0}{io=1/0,kio=1,kro=1}->HttpConnection@7203a2ad[p=HttpParser{s=START,0 of -1},g=HttpGenerator@118802c7{s=START}]=>HttpChannelOverHttp@46ebc0b2{r=1,c=false,a=IDLE,uri=null} parse HeapByteBuffer@5a112485[p=0,l=0,c=8192,r=0]={<<<>>>HTTP/1.1 200 OK\r\n...\x00\x00\x00\x00\x00\x00\x00\x00\x00\x00\x00\x00\x00\x00\x00} {}
14:17:11.440 [jetty task-18] DEBUG org.eclipse.jetty.http.HttpParser - parseNext s=START HeapByteBuffer@5a112485[p=0,l=0,c=8192,r=0]={<<<>>>HTTP/1.1 200 OK\r\n...\x00\x00\x00\x00\x00\x00\x00\x00\x00\x00\x00\x00\x00\x00\x00}
14:17:11.440 [jetty task-18] DEBUG org.eclipse.jetty.server.HttpConnection - HttpConnection@7203a2ad[p=HttpParser{s=START,0 of -1},g=HttpGenerator@118802c7{s=START}]=>HttpChannelOverHttp@46ebc0b2{r=1,c=false,a=IDLE,uri=null}<-SocketChannelEndPoint@1e5fa6ec{/127.0.0.1:55862<->/127.0.0.1:8080,OPEN,fill=-,flush=-,to=2/0}{io=1/0,kio=1,kro=1}->HttpConnection@7203a2ad[p=HttpParser{s=START,0 of -1},g=HttpGenerator@118802c7{s=START}]=>HttpChannelOverHttp@46ebc0b2{r=1,c=false,a=IDLE,uri=null} parsed false HttpParser{s=START,0 of -1}
14:17:11.440 [jetty task-18] DEBUG org.eclipse.jetty.server.HttpConnection - releaseRequestBuffer HttpConnection@7203a2ad[p=HttpParser{s=START,0 of -1},g=HttpGenerator@118802c7{s=START}]=>HttpChannelOverHttp@46ebc0b2{r=1,c=false,a=IDLE,uri=null}<-SocketChannelEndPoint@1e5fa6ec{/127.0.0.1:55862<->/127.0.0.1:8080,OPEN,fill=-,flush=-,to=2/0}{io=1/0,kio=1,kro=1}->HttpConnection@7203a2ad[p=HttpParser{s=START,0 of -1},g=HttpGenerator@118802c7{s=START}]=>HttpChannelOverHttp@46ebc0b2{r=1,c=false,a=IDLE,uri=null}
14:17:11.440 [jetty task-18] DEBUG org.eclipse.jetty.io.AbstractConnection - fillInterested HttpConnection@7203a2ad[p=HttpParser{s=START,0 of -1},g=HttpGenerator@118802c7{s=START}]=>HttpChannelOverHttp@46ebc0b2{r=1,c=false,a=IDLE,uri=null}<-SocketChannelEndPoint@1e5fa6ec{/127.0.0.1:55862<->/127.0.0.1:8080,OPEN,fill=-,flush=-,to=2/0}{io=1/0,kio=1,kro=1}->HttpConnection@7203a2ad[p=HttpParser{s=START,0 of -1},g=HttpGenerator@118802c7{s=START}]=>HttpChannelOverHttp@46ebc0b2{r=1,c=false,a=IDLE,uri=null}
14:17:11.440 [jetty task-18] DEBUG org.eclipse.jetty.io.FillInterest - FillInterest@97eae14{true,AC.ReadCB@7203a2ad{HttpConnection@7203a2ad[p=HttpParser{s=START,0 of -1},g=HttpGenerator@118802c7{s=START}]=>HttpChannelOverHttp@46ebc0b2{r=1,c=false,a=IDLE,uri=null}<-SocketChannelEndPoint@1e5fa6ec{/127.0.0.1:55862<->/127.0.0.1:8080,OPEN,fill=FI,flush=-,to=0/0}{io=1/0,kio=1,kro=1}->HttpConnection@7203a2ad[p=HttpParser{s=START,0 of -1},g=HttpGenerator@118802c7{s=START}]=>HttpChannelOverHttp@46ebc0b2{r=1,c=false,a=IDLE,uri=null}}} register AC.ReadCB@7203a2ad{HttpConnection@7203a2ad[p=HttpParser{s=START,0 of -1},g=HttpGenerator@118802c7{s=START}]=>HttpChannelOverHttp@46ebc0b2{r=1,c=false,a=IDLE,uri=null}<-SocketChannelEndPoint@1e5fa6ec{/127.0.0.1:55862<->/127.0.0.1:8080,OPEN,fill=FI,flush=-,to=0/0}{io=1/0,kio=1,kro=1}->HttpConnection@7203a2ad[p=HttpParser{s=START,0 of -1},g=HttpGenerator@118802c7{s=START}]=>HttpChannelOverHttp@46ebc0b2{r=1,c=false,a=IDLE,uri=null}}
14:17:11.441 [jetty task-18] DEBUG org.eclipse.jetty.io.ChannelEndPoint - changeInterests p=true 0->1 for SocketChannelEndPoint@1e5fa6ec{/127.0.0.1:55862<->/127.0.0.1:8080,OPEN,fill=FI,flush=-,to=1/0}{io=1/1,kio=1,kro=1}->HttpConnection@7203a2ad[p=HttpParser{s=START,0 of -1},g=HttpGenerator@118802c7{s=START}]=>HttpChannelOverHttp@46ebc0b2{r=1,c=false,a=IDLE,uri=null}
14:17:11.441 [jetty task-18] DEBUG org.eclipse.jetty.server.HttpConnection - HttpConnection@7203a2ad[p=HttpParser{s=START,0 of -1},g=HttpGenerator@118802c7{s=START}]=>HttpChannelOverHttp@46ebc0b2{r=1,c=false,a=IDLE,uri=null}<-SocketChannelEndPoint@1e5fa6ec{/127.0.0.1:55862<->/127.0.0.1:8080,OPEN,fill=FI,flush=-,to=1/0}{io=1/1,kio=1,kro=1}->HttpConnection@7203a2ad[p=HttpParser{s=START,0 of -1},g=HttpGenerator@118802c7{s=START}]=>HttpChannelOverHttp@46ebc0b2{r=1,c=false,a=IDLE,uri=null} onFillable exit HttpChannelState@3adabf4d{s=IDLE a=NOT_ASYNC i=true r=NONE/false w=false} null
14:17:11.441 [jetty task-18] DEBUG org.eclipse.jetty.util.thread.strategy.ExecutingExecutionStrategy - EPC Pend/org.eclipse.jetty.io.ManagedSelector$SelectorProducer@6f90d7cf invoked CEP:SocketChannelEndPoint@1e5fa6ec{/127.0.0.1:55862<->/127.0.0.1:8080,OPEN,fill=FI,flush=-,to=1/0}{io=1/1,kio=1,kro=1}->HttpConnection@7203a2ad[p=HttpParser{s=START,0 of -1},g=HttpGenerator@118802c7{s=START}]=>HttpChannelOverHttp@46ebc0b2{r=1,c=false,a=IDLE,uri=null}:runFillable:BLOCKING
14:17:11.441 [jetty task-18] DEBUG org.eclipse.jetty.util.thread.strategy.ExecuteProduceConsume - EPC Pend/org.eclipse.jetty.io.ManagedSelector$SelectorProducer@6f90d7cf ran CEP:SocketChannelEndPoint@1e5fa6ec{/127.0.0.1:55862<->/127.0.0.1:8080,OPEN,fill=FI,flush=-,to=1/0}{io=1/1,kio=1,kro=1}->HttpConnection@7203a2ad[p=HttpParser{s=START,0 of -1},g=HttpGenerator@118802c7{s=START}]=>HttpChannelOverHttp@46ebc0b2{r=1,c=false,a=IDLE,uri=null}:runFillable:BLOCKING
14:17:11.441 [jetty task-18] DEBUG org.eclipse.jetty.util.thread.strategy.ExecuteProduceConsume - EPC Prod/Pend/org.eclipse.jetty.io.ManagedSelector$SelectorProducer@6f90d7cf producing
14:17:11.441 [jetty task-18] DEBUG org.eclipse.jetty.io.ChannelEndPoint - Key interests updated 1 -> 1 on SocketChannelEndPoint@1e5fa6ec{/127.0.0.1:55862<->/127.0.0.1:8080,OPEN,fill=FI,flush=-,to=1/0}{io=1/1,kio=1,kro=1}->HttpConnection@7203a2ad[p=HttpParser{s=START,0 of -1},g=HttpGenerator@118802c7{s=START}]=>HttpChannelOverHttp@46ebc0b2{r=1,c=false,a=IDLE,uri=null}
14:17:11.441 [jetty task-18] DEBUG org.eclipse.jetty.io.ManagedSelector - Selector loop waiting on select
14:17:11.451 [jetty task-22] DEBUG org.eclipse.jetty.util.thread.QueuedThreadPool - run EPC Prod/Pend/org.eclipse.jetty.io.ManagedSelector$SelectorProducer@6f90d7cf
14:17:11.451 [jetty task-22] DEBUG org.eclipse.jetty.util.thread.strategy.ExecuteProduceConsume - EPC Prod/Pend/org.eclipse.jetty.io.ManagedSelector$SelectorProducer@6f90d7cf run
14:17:11.451 [jetty task-22] DEBUG org.eclipse.jetty.util.thread.QueuedThreadPool - ran EPC Prod/org.eclipse.jetty.io.ManagedSelector$SelectorProducer@6f90d7cf
14:17:11.539 [jetty task-20-acceptor-0@78b9b1c-ServerConnector@53bd4614{HTTP/1.1,[http/1.1]}{localhost:8080}] DEBUG org.eclipse.jetty.io.ManagedSelector - Queued change org.eclipse.jetty.io.ManagedSelector$Accept@26b131c5 on org.eclipse.jetty.io.ManagedSelector@584047b5 id=0 keys=1 selected=0
14:17:11.539 [jetty task-23] DEBUG org.eclipse.jetty.io.ManagedSelector - Selector loop woken up from select, 0/1 selected
14:17:11.539 [jetty task-23] DEBUG org.eclipse.jetty.io.ManagedSelector - Running action org.eclipse.jetty.io.ManagedSelector$Accept@26b131c5
14:17:11.539 [jetty task-23] DEBUG org.eclipse.jetty.io.ManagedSelector - Queued change org.eclipse.jetty.io.ManagedSelector$CreateEndPoint@1b7a8b29 on org.eclipse.jetty.io.ManagedSelector@584047b5 id=0 keys=2 selected=0
14:17:11.539 [jetty task-23] DEBUG org.eclipse.jetty.util.thread.strategy.ExecuteProduceConsume - EPC Prod/org.eclipse.jetty.io.ManagedSelector$SelectorProducer@6ec67bbc produced org.eclipse.jetty.io.ManagedSelector$CreateEndPoint@1b7a8b29
14:17:11.539 [jetty task-23] DEBUG org.eclipse.jetty.util.thread.strategy.ExecuteProduceConsume - EPC Pend/org.eclipse.jetty.io.ManagedSelector$SelectorProducer@6ec67bbc dispatch
14:17:11.539 [jetty task-23] DEBUG org.eclipse.jetty.util.thread.QueuedThreadPool - queue EPC Pend/org.eclipse.jetty.io.ManagedSelector$SelectorProducer@6ec67bbc
14:17:11.539 [jetty task-23] DEBUG org.eclipse.jetty.util.thread.strategy.ExecuteProduceConsume - EPC Pend/org.eclipse.jetty.io.ManagedSelector$SelectorProducer@6ec67bbc run org.eclipse.jetty.io.ManagedSelector$CreateEndPoint@1b7a8b29
14:17:11.540 [jetty task-23] DEBUG org.eclipse.jetty.util.thread.strategy.ExecutingExecutionStrategy - EPC Pend/org.eclipse.jetty.io.ManagedSelector$SelectorProducer@6ec67bbc invoke  org.eclipse.jetty.io.ManagedSelector$CreateEndPoint@1b7a8b29
14:17:11.540 [jetty task-23] DEBUG org.eclipse.jetty.io.AbstractEndPoint - onOpen SocketChannelEndPoint@1f451c9e{/127.0.0.1:55863<->/127.0.0.1:8080,OPEN,fill=-,flush=-,to=0/0}{io=0/0,kio=0,kro=0}-><null>
14:17:11.540 [jetty task-23] DEBUG org.eclipse.jetty.server.HttpChannel - new HttpChannelOverHttp@5a478112{r=0,c=false,a=IDLE,uri=null} -> SocketChannelEndPoint@1f451c9e{/127.0.0.1:55863<->/127.0.0.1:8080,OPEN,fill=-,flush=-,to=0/0}{io=0/0,kio=0,kro=0}-><null>,null,HttpChannelState@24bb9fb3{s=IDLE a=NOT_ASYNC i=true r=NONE/false w=false}
14:17:11.540 [jetty task-23] DEBUG org.eclipse.jetty.server.HttpConnection - New HTTP Connection HttpConnection@6bd77bce[p=HttpParser{s=START,0 of 0},g=HttpGenerator@5cc13bc6{s=START}]=>HttpChannelOverHttp@5a478112{r=0,c=false,a=IDLE,uri=null}<-SocketChannelEndPoint@1f451c9e{/127.0.0.1:55863<->/127.0.0.1:8080,OPEN,fill=-,flush=-,to=0/0}{io=0/0,kio=0,kro=0}-><null>
14:17:11.540 [jetty task-23] DEBUG org.eclipse.jetty.io.AbstractConnection - onOpen HttpConnection@6bd77bce[p=HttpParser{s=START,0 of 0},g=HttpGenerator@5cc13bc6{s=START}]=>HttpChannelOverHttp@5a478112{r=0,c=false,a=IDLE,uri=null}<-SocketChannelEndPoint@1f451c9e{/127.0.0.1:55863<->/127.0.0.1:8080,OPEN,fill=-,flush=-,to=0/0}{io=0/0,kio=0,kro=0}->HttpConnection@6bd77bce[p=HttpParser{s=START,0 of 0},g=HttpGenerator@5cc13bc6{s=START}]=>HttpChannelOverHttp@5a478112{r=0,c=false,a=IDLE,uri=null}
14:17:11.540 [jetty task-23] DEBUG org.eclipse.jetty.io.AbstractConnection - fillInterested HttpConnection@6bd77bce[p=HttpParser{s=START,0 of 0},g=HttpGenerator@5cc13bc6{s=START}]=>HttpChannelOverHttp@5a478112{r=0,c=false,a=IDLE,uri=null}<-SocketChannelEndPoint@1f451c9e{/127.0.0.1:55863<->/127.0.0.1:8080,OPEN,fill=-,flush=-,to=0/0}{io=0/0,kio=0,kro=0}->HttpConnection@6bd77bce[p=HttpParser{s=START,0 of 0},g=HttpGenerator@5cc13bc6{s=START}]=>HttpChannelOverHttp@5a478112{r=0,c=false,a=IDLE,uri=null}
14:17:11.541 [jetty task-23] DEBUG org.eclipse.jetty.io.FillInterest - FillInterest@3a687e5d{true,AC.ReadCB@6bd77bce{HttpConnection@6bd77bce[p=HttpParser{s=START,0 of 0},g=HttpGenerator@5cc13bc6{s=START}]=>HttpChannelOverHttp@5a478112{r=0,c=false,a=IDLE,uri=null}<-SocketChannelEndPoint@1f451c9e{/127.0.0.1:55863<->/127.0.0.1:8080,OPEN,fill=FI,flush=-,to=0/0}{io=0/0,kio=0,kro=0}->HttpConnection@6bd77bce[p=HttpParser{s=START,0 of 0},g=HttpGenerator@5cc13bc6{s=START}]=>HttpChannelOverHttp@5a478112{r=0,c=false,a=IDLE,uri=null}}} register AC.ReadCB@6bd77bce{HttpConnection@6bd77bce[p=HttpParser{s=START,0 of 0},g=HttpGenerator@5cc13bc6{s=START}]=>HttpChannelOverHttp@5a478112{r=0,c=false,a=IDLE,uri=null}<-SocketChannelEndPoint@1f451c9e{/127.0.0.1:55863<->/127.0.0.1:8080,OPEN,fill=FI,flush=-,to=0/0}{io=0/0,kio=0,kro=0}->HttpConnection@6bd77bce[p=HttpParser{s=START,0 of 0},g=HttpGenerator@5cc13bc6{s=START}]=>HttpChannelOverHttp@5a478112{r=0,c=false,a=IDLE,uri=null}}
14:17:11.541 [jetty task-23] DEBUG org.eclipse.jetty.io.ChannelEndPoint - changeInterests p=false 0->1 for SocketChannelEndPoint@1f451c9e{/127.0.0.1:55863<->/127.0.0.1:8080,OPEN,fill=FI,flush=-,to=1/0}{io=0/1,kio=0,kro=0}->HttpConnection@6bd77bce[p=HttpParser{s=START,0 of 0},g=HttpGenerator@5cc13bc6{s=START}]=>HttpChannelOverHttp@5a478112{r=0,c=false,a=IDLE,uri=null}
14:17:11.542 [jetty task-23] DEBUG org.eclipse.jetty.io.ManagedSelector - Queued change CEP:SocketChannelEndPoint@1f451c9e{/127.0.0.1:55863<->/127.0.0.1:8080,OPEN,fill=FI,flush=-,to=2/0}{io=0/1,kio=0,kro=0}->HttpConnection@6bd77bce[p=HttpParser{s=START,0 of 0},g=HttpGenerator@5cc13bc6{s=START}]=>HttpChannelOverHttp@5a478112{r=0,c=false,a=IDLE,uri=null}:runUpdateKey:NON_BLOCKING on org.eclipse.jetty.io.ManagedSelector@584047b5 id=0 keys=2 selected=0
14:17:11.542 [jetty task-23] DEBUG org.eclipse.jetty.io.ManagedSelector - Created SocketChannelEndPoint@1f451c9e{/127.0.0.1:55863<->/127.0.0.1:8080,OPEN,fill=FI,flush=-,to=2/0}{io=0/1,kio=0,kro=0}->HttpConnection@6bd77bce[p=HttpParser{s=START,0 of 0},g=HttpGenerator@5cc13bc6{s=START}]=>HttpChannelOverHttp@5a478112{r=0,c=false,a=IDLE,uri=null}
14:17:11.542 [jetty task-23] DEBUG org.eclipse.jetty.util.thread.strategy.ExecutingExecutionStrategy - EPC Pend/org.eclipse.jetty.io.ManagedSelector$SelectorProducer@6ec67bbc invoked org.eclipse.jetty.io.ManagedSelector$CreateEndPoint@1b7a8b29
14:17:11.542 [jetty task-23] DEBUG org.eclipse.jetty.util.thread.strategy.ExecuteProduceConsume - EPC Pend/org.eclipse.jetty.io.ManagedSelector$SelectorProducer@6ec67bbc ran org.eclipse.jetty.io.ManagedSelector$CreateEndPoint@1b7a8b29
14:17:11.542 [jetty task-23] DEBUG org.eclipse.jetty.util.thread.strategy.ExecuteProduceConsume - EPC Prod/Pend/org.eclipse.jetty.io.ManagedSelector$SelectorProducer@6ec67bbc producing
14:17:11.542 [jetty task-23] DEBUG org.eclipse.jetty.io.ManagedSelector - Running action CEP:SocketChannelEndPoint@1f451c9e{/127.0.0.1:55863<->/127.0.0.1:8080,OPEN,fill=FI,flush=-,to=2/0}{io=0/1,kio=0,kro=0}->HttpConnection@6bd77bce[p=HttpParser{s=START,0 of 0},g=HttpGenerator@5cc13bc6{s=START}]=>HttpChannelOverHttp@5a478112{r=0,c=false,a=IDLE,uri=null}:runUpdateKey:NON_BLOCKING
14:17:11.543 [jetty task-23] DEBUG org.eclipse.jetty.io.ChannelEndPoint - Key interests updated 0 -> 1 on SocketChannelEndPoint@1f451c9e{/127.0.0.1:55863<->/127.0.0.1:8080,OPEN,fill=FI,flush=-,to=2/0}{io=1/1,kio=1,kro=0}->HttpConnection@6bd77bce[p=HttpParser{s=START,0 of 0},g=HttpGenerator@5cc13bc6{s=START}]=>HttpChannelOverHttp@5a478112{r=0,c=false,a=IDLE,uri=null}
14:17:11.543 [jetty task-23] DEBUG org.eclipse.jetty.io.ManagedSelector - Selector loop waiting on select
14:17:11.543 [jetty task-23] DEBUG org.eclipse.jetty.io.ManagedSelector - Selector loop woken up from select, 1/2 selected
14:17:11.543 [jetty task-23] DEBUG org.eclipse.jetty.io.ManagedSelector - selected sun.nio.ch.SelectionKeyImpl@15bd77ee SocketChannelEndPoint@1f451c9e{/127.0.0.1:55863<->/127.0.0.1:8080,OPEN,fill=FI,flush=-,to=3/0}{io=1/1,kio=1,kro=1}->HttpConnection@6bd77bce[p=HttpParser{s=START,0 of 0},g=HttpGenerator@5cc13bc6{s=START}]=>HttpChannelOverHttp@5a478112{r=0,c=false,a=IDLE,uri=null} 
14:17:11.543 [jetty task-23] DEBUG org.eclipse.jetty.io.ChannelEndPoint - onSelected 1->0 r=true w=false for SocketChannelEndPoint@1f451c9e{/127.0.0.1:55863<->/127.0.0.1:8080,OPEN,fill=FI,flush=-,to=3/0}{io=1/0,kio=1,kro=1}->HttpConnection@6bd77bce[p=HttpParser{s=START,0 of 0},g=HttpGenerator@5cc13bc6{s=START}]=>HttpChannelOverHttp@5a478112{r=0,c=false,a=IDLE,uri=null}
14:17:11.544 [jetty task-23] DEBUG org.eclipse.jetty.io.ChannelEndPoint - task CEP:SocketChannelEndPoint@1f451c9e{/127.0.0.1:55863<->/127.0.0.1:8080,OPEN,fill=FI,flush=-,to=4/0}{io=1/0,kio=1,kro=1}->HttpConnection@6bd77bce[p=HttpParser{s=START,0 of 0},g=HttpGenerator@5cc13bc6{s=START}]=>HttpChannelOverHttp@5a478112{r=0,c=false,a=IDLE,uri=null}:runFillable:BLOCKING
14:17:11.544 [jetty task-23] DEBUG org.eclipse.jetty.util.thread.strategy.ExecuteProduceConsume - EPC Prod/Pend/org.eclipse.jetty.io.ManagedSelector$SelectorProducer@6ec67bbc produced CEP:SocketChannelEndPoint@1f451c9e{/127.0.0.1:55863<->/127.0.0.1:8080,OPEN,fill=FI,flush=-,to=4/0}{io=1/0,kio=1,kro=1}->HttpConnection@6bd77bce[p=HttpParser{s=START,0 of 0},g=HttpGenerator@5cc13bc6{s=START}]=>HttpChannelOverHttp@5a478112{r=0,c=false,a=IDLE,uri=null}:runFillable:BLOCKING
14:17:11.544 [jetty task-23] DEBUG org.eclipse.jetty.util.thread.strategy.ExecuteProduceConsume - EPC Pend/org.eclipse.jetty.io.ManagedSelector$SelectorProducer@6ec67bbc run CEP:SocketChannelEndPoint@1f451c9e{/127.0.0.1:55863<->/127.0.0.1:8080,OPEN,fill=FI,flush=-,to=4/0}{io=1/0,kio=1,kro=1}->HttpConnection@6bd77bce[p=HttpParser{s=START,0 of 0},g=HttpGenerator@5cc13bc6{s=START}]=>HttpChannelOverHttp@5a478112{r=0,c=false,a=IDLE,uri=null}:runFillable:BLOCKING
14:17:11.544 [jetty task-23] DEBUG org.eclipse.jetty.util.thread.strategy.ExecutingExecutionStrategy - EPC Pend/org.eclipse.jetty.io.ManagedSelector$SelectorProducer@6ec67bbc invoke  CEP:SocketChannelEndPoint@1f451c9e{/127.0.0.1:55863<->/127.0.0.1:8080,OPEN,fill=FI,flush=-,to=4/0}{io=1/0,kio=1,kro=1}->HttpConnection@6bd77bce[p=HttpParser{s=START,0 of 0},g=HttpGenerator@5cc13bc6{s=START}]=>HttpChannelOverHttp@5a478112{r=0,c=false,a=IDLE,uri=null}:runFillable:BLOCKING
14:17:11.544 [jetty task-23] DEBUG org.eclipse.jetty.io.FillInterest - FillInterest@3a687e5d{true,AC.ReadCB@6bd77bce{HttpConnection@6bd77bce[p=HttpParser{s=START,0 of 0},g=HttpGenerator@5cc13bc6{s=START}]=>HttpChannelOverHttp@5a478112{r=0,c=false,a=IDLE,uri=null}<-SocketChannelEndPoint@1f451c9e{/127.0.0.1:55863<->/127.0.0.1:8080,OPEN,fill=FI,flush=-,to=4/0}{io=1/0,kio=1,kro=1}->HttpConnection@6bd77bce[p=HttpParser{s=START,0 of 0},g=HttpGenerator@5cc13bc6{s=START}]=>HttpChannelOverHttp@5a478112{r=0,c=false,a=IDLE,uri=null}}} fillable AC.ReadCB@6bd77bce{HttpConnection@6bd77bce[p=HttpParser{s=START,0 of 0},g=HttpGenerator@5cc13bc6{s=START}]=>HttpChannelOverHttp@5a478112{r=0,c=false,a=IDLE,uri=null}<-SocketChannelEndPoint@1f451c9e{/127.0.0.1:55863<->/127.0.0.1:8080,OPEN,fill=FI,flush=-,to=4/0}{io=1/0,kio=1,kro=1}->HttpConnection@6bd77bce[p=HttpParser{s=START,0 of 0},g=HttpGenerator@5cc13bc6{s=START}]=>HttpChannelOverHttp@5a478112{r=0,c=false,a=IDLE,uri=null}}
14:17:11.545 [jetty task-23] DEBUG org.eclipse.jetty.server.HttpConnection - HttpConnection@6bd77bce[p=HttpParser{s=START,0 of 0},g=HttpGenerator@5cc13bc6{s=START}]=>HttpChannelOverHttp@5a478112{r=0,c=false,a=IDLE,uri=null}<-SocketChannelEndPoint@1f451c9e{/127.0.0.1:55863<->/127.0.0.1:8080,OPEN,fill=-,flush=-,to=4/0}{io=1/0,kio=1,kro=1}->HttpConnection@6bd77bce[p=HttpParser{s=START,0 of 0},g=HttpGenerator@5cc13bc6{s=START}]=>HttpChannelOverHttp@5a478112{r=0,c=false,a=IDLE,uri=null} onFillable enter HttpChannelState@24bb9fb3{s=IDLE a=NOT_ASYNC i=true r=NONE/false w=false} null
14:17:11.545 [jetty task-23] DEBUG org.eclipse.jetty.io.ChannelEndPoint - filled 360 SocketChannelEndPoint@1f451c9e{/127.0.0.1:55863<->/127.0.0.1:8080,OPEN,fill=-,flush=-,to=5/0}{io=1/0,kio=1,kro=1}->HttpConnection@6bd77bce[p=HttpParser{s=START,0 of 0},g=HttpGenerator@5cc13bc6{s=START}]=>HttpChannelOverHttp@5a478112{r=0,c=false,a=IDLE,uri=null}
14:17:11.545 [jetty task-23] DEBUG org.eclipse.jetty.server.HttpConnection - HttpConnection@6bd77bce[p=HttpParser{s=START,0 of 0},g=HttpGenerator@5cc13bc6{s=START}]=>HttpChannelOverHttp@5a478112{r=0,c=false,a=IDLE,uri=null}<-SocketChannelEndPoint@1f451c9e{/127.0.0.1:55863<->/127.0.0.1:8080,OPEN,fill=-,flush=-,to=0/0}{io=1/0,kio=1,kro=1}->HttpConnection@6bd77bce[p=HttpParser{s=START,0 of 0},g=HttpGenerator@5cc13bc6{s=START}]=>HttpChannelOverHttp@5a478112{r=0,c=false,a=IDLE,uri=null} filled 360 HeapByteBuffer@5a112485[p=0,l=360,c=8192,r=360]={<<<POST /transaction...1,"amount":100}>>>\x00\x00\x00\x00\x00\x00\x00\x00\x00\x00\x00\x00\x00\x00\x00\x00\x00...\x00\x00\x00\x00\x00\x00\x00\x00\x00\x00\x00\x00\x00\x00\x00}
14:17:11.545 [jetty task-23] DEBUG org.eclipse.jetty.server.HttpConnection - HttpConnection@6bd77bce[p=HttpParser{s=START,0 of 0},g=HttpGenerator@5cc13bc6{s=START}]=>HttpChannelOverHttp@5a478112{r=0,c=false,a=IDLE,uri=null}<-SocketChannelEndPoint@1f451c9e{/127.0.0.1:55863<->/127.0.0.1:8080,OPEN,fill=-,flush=-,to=0/0}{io=1/0,kio=1,kro=1}->HttpConnection@6bd77bce[p=HttpParser{s=START,0 of 0},g=HttpGenerator@5cc13bc6{s=START}]=>HttpChannelOverHttp@5a478112{r=0,c=false,a=IDLE,uri=null} parse HeapByteBuffer@5a112485[p=0,l=360,c=8192,r=360]={<<<POST /transaction...1,"amount":100}>>>\x00\x00\x00\x00\x00\x00\x00\x00\x00\x00\x00\x00\x00\x00\x00\x00\x00...\x00\x00\x00\x00\x00\x00\x00\x00\x00\x00\x00\x00\x00\x00\x00} {}
14:17:11.545 [jetty task-23] DEBUG org.eclipse.jetty.http.HttpParser - parseNext s=START HeapByteBuffer@5a112485[p=0,l=360,c=8192,r=360]={<<<POST /transaction...1,"amount":100}>>>\x00\x00\x00\x00\x00\x00\x00\x00\x00\x00\x00\x00\x00\x00\x00\x00\x00...\x00\x00\x00\x00\x00\x00\x00\x00\x00\x00\x00\x00\x00\x00\x00}
14:17:11.545 [jetty task-23] DEBUG org.eclipse.jetty.http.HttpParser - START --> SPACE1
14:17:11.545 [jetty task-23] DEBUG org.eclipse.jetty.http.HttpParser - SPACE1 --> URI
14:17:11.545 [jetty task-23] DEBUG org.eclipse.jetty.http.HttpParser - URI --> SPACE2
14:17:11.545 [jetty task-23] DEBUG org.eclipse.jetty.http.HttpParser - SPACE2 --> REQUEST_VERSION
14:17:11.545 [jetty task-23] DEBUG org.eclipse.jetty.http.HttpParser - REQUEST_VERSION --> HEADER
14:17:11.545 [jetty task-23] DEBUG org.eclipse.jetty.http.HttpParser - HEADER:null --> VALUE
14:17:11.545 [jetty task-23] DEBUG org.eclipse.jetty.http.HttpParser - HEADER:null --> IN_VALUE
14:17:11.546 [jetty task-23] DEBUG org.eclipse.jetty.http.HttpParser - HEADER:null --> FIELD
14:17:11.546 [jetty task-23] DEBUG org.eclipse.jetty.http.HttpParser - HEADER:Content-Type: application/json; charset=UTF-8 --> IN_VALUE
14:17:11.546 [jetty task-23] DEBUG org.eclipse.jetty.http.HttpParser - HEADER:Content-Type: application/json; charset=UTF-8 --> FIELD
14:17:11.546 [jetty task-23] DEBUG org.eclipse.jetty.http.HttpParser - HEADER:null --> VALUE
14:17:11.546 [jetty task-23] DEBUG org.eclipse.jetty.http.HttpParser - HEADER:null --> IN_VALUE
14:17:11.546 [jetty task-23] DEBUG org.eclipse.jetty.http.HttpParser - HEADER:null --> FIELD
14:17:11.546 [jetty task-23] DEBUG org.eclipse.jetty.http.HttpParser - HEADER:null --> VALUE
14:17:11.546 [jetty task-23] DEBUG org.eclipse.jetty.http.HttpParser - HEADER:null --> IN_VALUE
14:17:11.546 [jetty task-23] DEBUG org.eclipse.jetty.http.HttpParser - HEADER:null --> FIELD
14:17:11.546 [jetty task-23] DEBUG org.eclipse.jetty.http.HttpParser - HEADER:Connection: keep-alive --> IN_VALUE
14:17:11.546 [jetty task-23] DEBUG org.eclipse.jetty.http.HttpParser - HEADER:Connection: keep-alive --> FIELD
14:17:11.546 [jetty task-23] DEBUG org.eclipse.jetty.http.HttpParser - HEADER:null --> VALUE
14:17:11.546 [jetty task-23] DEBUG org.eclipse.jetty.http.HttpParser - HEADER:null --> IN_VALUE
14:17:11.546 [jetty task-23] DEBUG org.eclipse.jetty.http.HttpParser - HEADER:null --> FIELD
14:17:11.546 [jetty task-23] DEBUG org.eclipse.jetty.http.HttpParser - HEADER:null --> IN_VALUE
14:17:11.546 [jetty task-23] DEBUG org.eclipse.jetty.http.HttpParser - HEADER:null --> FIELD
14:17:11.546 [jetty task-23] DEBUG org.eclipse.jetty.http.HttpParser - HEADER --> CONTENT
14:17:11.546 [jetty task-23] DEBUG org.eclipse.jetty.server.HttpChannel - REQUEST for //localhost:8080/transaction on HttpChannelOverHttp@5a478112{r=1,c=false,a=IDLE,uri=//localhost:8080/transaction}
POST //localhost:8080/transaction HTTP/1.1
Accept: application/json, application/javascript, text/javascript, text/json
Content-Type: application/json; charset=UTF-8
Content-Length: 54
Host: localhost:8080
Connection: keep-alive
User-Agent: Apache-HttpClient/4.5.3 (Java/1.8.0_121)
Accept-Encoding: gzip,deflate


14:17:11.546 [jetty task-23] DEBUG org.eclipse.jetty.server.HttpConnection - HttpConnection@6bd77bce[p=HttpParser{s=CONTENT,0 of 54},g=HttpGenerator@5cc13bc6{s=START}]=>HttpChannelOverHttp@5a478112{r=1,c=false,a=IDLE,uri=//localhost:8080/transaction}<-SocketChannelEndPoint@1f451c9e{/127.0.0.1:55863<->/127.0.0.1:8080,OPEN,fill=-,flush=-,to=1/0}{io=1/0,kio=1,kro=1}->HttpConnection@6bd77bce[p=HttpParser{s=CONTENT,0 of 54},g=HttpGenerator@5cc13bc6{s=START}]=>HttpChannelOverHttp@5a478112{r=1,c=false,a=IDLE,uri=//localhost:8080/transaction} parsed true HttpParser{s=CONTENT,0 of 54}
14:17:11.546 [jetty task-23] DEBUG org.eclipse.jetty.server.HttpChannel - HttpChannelOverHttp@5a478112{r=1,c=false,a=IDLE,uri=//localhost:8080/transaction} handle //localhost:8080/transaction 
14:17:11.546 [jetty task-23] DEBUG org.eclipse.jetty.server.HttpChannelState - handling HttpChannelState@24bb9fb3{s=IDLE a=NOT_ASYNC i=true r=NONE/false w=false}
14:17:11.546 [jetty task-23] DEBUG org.eclipse.jetty.server.HttpChannel - HttpChannelOverHttp@5a478112{r=1,c=false,a=DISPATCHED,uri=//localhost:8080/transaction} action DISPATCH
14:17:11.546 [jetty task-23] DEBUG org.eclipse.jetty.server.Server - REQUEST POST /transaction on HttpChannelOverHttp@5a478112{r=1,c=false,a=DISPATCHED,uri=//localhost:8080/transaction}
14:17:11.546 [jetty task-23] DEBUG org.eclipse.jetty.server.handler.ContextHandler - scope null||/transaction @ o.e.j.s.h.ContextHandler@38453928{/,null,AVAILABLE}
14:17:11.546 [jetty task-23] DEBUG org.eclipse.jetty.server.handler.ContextHandler - context=||/transaction @ o.e.j.s.h.ContextHandler@38453928{/,null,AVAILABLE}
14:17:11.552 [jetty task-23] DEBUG org.eclipse.jetty.server.HttpConnection - HttpConnection@6bd77bce[p=HttpParser{s=CONTENT,0 of 54},g=HttpGenerator@5cc13bc6{s=START}]=>HttpChannelOverHttp@5a478112{r=1,c=false,a=DISPATCHED,uri=//localhost:8080/transaction}<-SocketChannelEndPoint@1f451c9e{/127.0.0.1:55863<->/127.0.0.1:8080,OPEN,fill=-,flush=-,to=7/0}{io=1/0,kio=1,kro=1}->HttpConnection@6bd77bce[p=HttpParser{s=CONTENT,0 of 54},g=HttpGenerator@5cc13bc6{s=START}]=>HttpChannelOverHttp@5a478112{r=1,c=false,a=DISPATCHED,uri=//localhost:8080/transaction} parse HeapByteBuffer@5a112485[p=306,l=360,c=8192,r=54]={POST /transaction...zip,deflate\r\n\r\n<<<{"senderAccount":...1,"amount":100}>>>\x00\x00\x00\x00\x00\x00\x00\x00\x00\x00\x00\x00\x00\x00\x00\x00\x00...\x00\x00\x00\x00\x00\x00\x00\x00\x00\x00\x00\x00\x00\x00\x00} {}
14:17:11.552 [jetty task-23] DEBUG org.eclipse.jetty.http.HttpParser - parseNext s=CONTENT HeapByteBuffer@5a112485[p=306,l=360,c=8192,r=54]={POST /transaction...zip,deflate\r\n\r\n<<<{"senderAccount":...1,"amount":100}>>>\x00\x00\x00\x00\x00\x00\x00\x00\x00\x00\x00\x00\x00\x00\x00\x00\x00...\x00\x00\x00\x00\x00\x00\x00\x00\x00\x00\x00\x00\x00\x00\x00}
14:17:11.552 [jetty task-23] DEBUG org.eclipse.jetty.server.HttpChannel - HttpChannelOverHttp@5a478112{r=1,c=false,a=DISPATCHED,uri=//localhost:8080/transaction} onContent Content@627ae63d{HeapByteBufferR@4f47eea5[p=306,l=360,c=8192,r=54]={POST /transaction...zip,deflate\r\n\r\n<<<{"senderAccount":...1,"amount":100}>>>\x00\x00\x00\x00\x00\x00\x00\x00\x00\x00\x00\x00\x00\x00\x00\x00\x00...\x00\x00\x00\x00\x00\x00\x00\x00\x00\x00\x00\x00\x00\x00\x00}}
14:17:11.552 [jetty task-23] DEBUG org.eclipse.jetty.server.HttpInput - HttpInputOverHTTP@259ee269[c=0,q=0,[0]=null,s=STREAM] addContent Content@627ae63d{HeapByteBufferR@4f47eea5[p=306,l=360,c=8192,r=54]={POST /transaction...zip,deflate\r\n\r\n<<<{"senderAccount":...1,"amount":100}>>>\x00\x00\x00\x00\x00\x00\x00\x00\x00\x00\x00\x00\x00\x00\x00\x00\x00...\x00\x00\x00\x00\x00\x00\x00\x00\x00\x00\x00\x00\x00\x00\x00}}
14:17:11.552 [jetty task-23] DEBUG org.eclipse.jetty.http.HttpParser - CONTENT --> END
14:17:11.552 [jetty task-23] DEBUG org.eclipse.jetty.server.HttpChannel - HttpChannelOverHttp@5a478112{r=1,c=false,a=DISPATCHED,uri=//localhost:8080/transaction} onContentComplete
14:17:11.552 [jetty task-23] DEBUG org.eclipse.jetty.server.HttpChannel - HttpChannelOverHttp@5a478112{r=1,c=false,a=DISPATCHED,uri=//localhost:8080/transaction} onRequestComplete
14:17:11.552 [jetty task-23] DEBUG org.eclipse.jetty.server.HttpInput - HttpInputOverHTTP@259ee269[c=0,q=1,[0]=EOF,s=STREAM] addContent EOF
14:17:11.552 [jetty task-23] DEBUG org.eclipse.jetty.server.HttpConnection - HttpConnection@6bd77bce[p=HttpParser{s=END,54 of 54},g=HttpGenerator@5cc13bc6{s=START}]=>HttpChannelOverHttp@5a478112{r=1,c=false,a=DISPATCHED,uri=//localhost:8080/transaction}<-SocketChannelEndPoint@1f451c9e{/127.0.0.1:55863<->/127.0.0.1:8080,OPEN,fill=-,flush=-,to=7/0}{io=1/0,kio=1,kro=1}->HttpConnection@6bd77bce[p=HttpParser{s=END,54 of 54},g=HttpGenerator@5cc13bc6{s=START}]=>HttpChannelOverHttp@5a478112{r=1,c=false,a=DISPATCHED,uri=//localhost:8080/transaction} parsed false HttpParser{s=END,54 of 54}
14:17:11.552 [jetty task-23] DEBUG org.eclipse.jetty.server.HttpInput - HttpInputOverHTTP@259ee269[c=54,q=1,[0]=EOF,s=STREAM] read 54 from Content@627ae63d{HeapByteBufferR@4f47eea5[p=360,l=360,c=8192,r=0]={POST /transaction...1,"amount":100}<<<>>>\x00\x00\x00\x00\x00\x00\x00\x00\x00\x00\x00\x00\x00\x00\x00\x00\x00...\x00\x00\x00\x00\x00\x00\x00\x00\x00\x00\x00\x00\x00\x00\x00}}
14:17:11.552 [jetty task-23] DEBUG org.eclipse.jetty.server.HttpConnection - releaseRequestBuffer HttpConnection@6bd77bce[p=HttpParser{s=END,54 of 54},g=HttpGenerator@5cc13bc6{s=START}]=>HttpChannelOverHttp@5a478112{r=1,c=false,a=DISPATCHED,uri=//localhost:8080/transaction}<-SocketChannelEndPoint@1f451c9e{/127.0.0.1:55863<->/127.0.0.1:8080,OPEN,fill=-,flush=-,to=7/0}{io=1/0,kio=1,kro=1}->HttpConnection@6bd77bce[p=HttpParser{s=END,54 of 54},g=HttpGenerator@5cc13bc6{s=START}]=>HttpChannelOverHttp@5a478112{r=1,c=false,a=DISPATCHED,uri=//localhost:8080/transaction}
14:17:11.552 [jetty task-23] DEBUG org.eclipse.jetty.server.HttpChannelState - onEof HttpChannelState@24bb9fb3{s=DISPATCHED a=NOT_ASYNC i=true r=NONE/false w=false}
14:17:11.561 [jetty task-23] DEBUG org.jooby.spi.HttpHandler - execution of: POST/transaction resulted in exception
org.jooby.Err: Bad Request(400): Account not found
	at com.revolut.controller.TransactionController.transaction(TransactionController.java:33)
	at sun.reflect.NativeMethodAccessorImpl.invoke0(Native Method)
	at sun.reflect.NativeMethodAccessorImpl.invoke(NativeMethodAccessorImpl.java:62)
	at sun.reflect.DelegatingMethodAccessorImpl.invoke(DelegatingMethodAccessorImpl.java:43)
	at java.lang.reflect.Method.invoke(Method.java:498)
	at org.jooby.internal.mvc.MvcHandler.invoke(MvcHandler.java:260)
	at org.jooby.internal.mvc.MvcHandler.handle(MvcHandler.java:238)
	at org.jooby.Route$Handler.handle(Route.java:1956)
	at org.jooby.internal.RouteImpl.handle(RouteImpl.java:282)
	at org.jooby.internal.RouteChain.next(RouteChain.java:262)
	at org.jooby.Route$Chain.next(Route.java:2345)
	at org.jooby.internal.HttpHandlerImpl.handle(HttpHandlerImpl.java:497)
	at org.jooby.internal.jetty.JettyHandler.handle(JettyHandler.java:267)
	at org.eclipse.jetty.server.handler.HandlerWrapper.handle(HandlerWrapper.java:132)
	at org.eclipse.jetty.server.handler.ScopedHandler.nextHandle(ScopedHandler.java:190)
	at org.eclipse.jetty.server.handler.ContextHandler.doHandle(ContextHandler.java:1239)
	at org.eclipse.jetty.server.handler.ScopedHandler.nextScope(ScopedHandler.java:170)
	at org.eclipse.jetty.server.handler.ContextHandler.doScope(ContextHandler.java:1141)
	at org.eclipse.jetty.server.handler.ScopedHandler.handle(ScopedHandler.java:141)
	at org.eclipse.jetty.server.handler.HandlerWrapper.handle(HandlerWrapper.java:132)
	at org.eclipse.jetty.server.Server.handle(Server.java:564)
	at org.eclipse.jetty.server.HttpChannel.handle(HttpChannel.java:320)
	at org.eclipse.jetty.server.HttpConnection.onFillable(HttpConnection.java:251)
	at org.eclipse.jetty.io.AbstractConnection$ReadCallback.succeeded(AbstractConnection.java:279)
	at org.eclipse.jetty.io.FillInterest.fillable(FillInterest.java:110)
	at org.eclipse.jetty.io.ChannelEndPoint$2.run(ChannelEndPoint.java:124)
	at org.eclipse.jetty.util.thread.Invocable.invokePreferred(Invocable.java:122)
	at org.eclipse.jetty.util.thread.strategy.ExecutingExecutionStrategy.invoke(ExecutingExecutionStrategy.java:58)
	at org.eclipse.jetty.util.thread.strategy.ExecuteProduceConsume.produceConsume(ExecuteProduceConsume.java:201)
	at org.eclipse.jetty.util.thread.strategy.ExecuteProduceConsume.run(ExecuteProduceConsume.java:133)
	at org.eclipse.jetty.util.thread.QueuedThreadPool.runJob(QueuedThreadPool.java:672)
	at org.eclipse.jetty.util.thread.QueuedThreadPool$2.run(QueuedThreadPool.java:590)
	at java.lang.Thread.run(Thread.java:745)
14:17:11.562 [jetty task-23] DEBUG org.jooby.spi.HttpHandler - handling err with: org.jooby.Err$DefHandler@1cfc539b
14:17:11.568 [jetty task-23] ERROR org.jooby.Err - execution of: POST/transaction resulted in exception
Route:
      | Method | Path         | Source                                          | Name                               | Pattern      | Consumes | Produces |
      |--------|--------------|-------------------------------------------------|------------------------------------|--------------|----------|----------|
      | POST   | /transaction | com.revolut.controller.TransactionController:27 | /TransactionController.transaction | /transaction | [*/*]    | [*/*]    |

Stacktrace:
org.jooby.Err: Bad Request(400): Account not found
	at com.revolut.controller.TransactionController.transaction(TransactionController.java:33)
	at sun.reflect.NativeMethodAccessorImpl.invoke0(Native Method)
	at sun.reflect.NativeMethodAccessorImpl.invoke(NativeMethodAccessorImpl.java:62)
	at sun.reflect.DelegatingMethodAccessorImpl.invoke(DelegatingMethodAccessorImpl.java:43)
	at java.lang.reflect.Method.invoke(Method.java:498)
	at org.jooby.internal.mvc.MvcHandler.invoke(MvcHandler.java:260)
	at org.jooby.internal.mvc.MvcHandler.handle(MvcHandler.java:238)
	at org.jooby.Route$Handler.handle(Route.java:1956)
	at org.jooby.internal.RouteImpl.handle(RouteImpl.java:282)
	at org.jooby.internal.RouteChain.next(RouteChain.java:262)
	at org.jooby.Route$Chain.next(Route.java:2345)
	at org.jooby.internal.HttpHandlerImpl.handle(HttpHandlerImpl.java:497)
	at org.jooby.internal.jetty.JettyHandler.handle(JettyHandler.java:267)
	at org.eclipse.jetty.server.handler.HandlerWrapper.handle(HandlerWrapper.java:132)
	at org.eclipse.jetty.server.handler.ScopedHandler.nextHandle(ScopedHandler.java:190)
	at org.eclipse.jetty.server.handler.ContextHandler.doHandle(ContextHandler.java:1239)
	at org.eclipse.jetty.server.handler.ScopedHandler.nextScope(ScopedHandler.java:170)
	at org.eclipse.jetty.server.handler.ContextHandler.doScope(ContextHandler.java:1141)
	at org.eclipse.jetty.server.handler.ScopedHandler.handle(ScopedHandler.java:141)
	at org.eclipse.jetty.server.handler.HandlerWrapper.handle(HandlerWrapper.java:132)
	at org.eclipse.jetty.server.Server.handle(Server.java:564)
	at org.eclipse.jetty.server.HttpChannel.handle(HttpChannel.java:320)
	at org.eclipse.jetty.server.HttpConnection.onFillable(HttpConnection.java:251)
	at org.eclipse.jetty.io.AbstractConnection$ReadCallback.succeeded(AbstractConnection.java:279)
	at org.eclipse.jetty.io.FillInterest.fillable(FillInterest.java:110)
	at org.eclipse.jetty.io.ChannelEndPoint$2.run(ChannelEndPoint.java:124)
	at org.eclipse.jetty.util.thread.Invocable.invokePreferred(Invocable.java:122)
	at org.eclipse.jetty.util.thread.strategy.ExecutingExecutionStrategy.invoke(ExecutingExecutionStrategy.java:58)
	at org.eclipse.jetty.util.thread.strategy.ExecuteProduceConsume.produceConsume(ExecuteProduceConsume.java:201)
	at org.eclipse.jetty.util.thread.strategy.ExecuteProduceConsume.run(ExecuteProduceConsume.java:133)
	at org.eclipse.jetty.util.thread.QueuedThreadPool.runJob(QueuedThreadPool.java:672)
	at org.eclipse.jetty.util.thread.QueuedThreadPool$2.run(QueuedThreadPool.java:590)
	at java.lang.Thread.run(Thread.java:745)
14:17:11.579 [jetty task-16] DEBUG org.eclipse.jetty.util.thread.QueuedThreadPool - run EPC Pend/org.eclipse.jetty.io.ManagedSelector$SelectorProducer@6ec67bbc
14:17:11.579 [jetty task-16] DEBUG org.eclipse.jetty.util.thread.strategy.ExecuteProduceConsume - EPC Pend/org.eclipse.jetty.io.ManagedSelector$SelectorProducer@6ec67bbc run
14:17:11.579 [jetty task-16] DEBUG org.eclipse.jetty.util.thread.strategy.ExecuteProduceConsume - EPC Prod/org.eclipse.jetty.io.ManagedSelector$SelectorProducer@6ec67bbc produce enter
14:17:11.579 [jetty task-16] DEBUG org.eclipse.jetty.util.thread.strategy.ExecuteProduceConsume - EPC Prod/org.eclipse.jetty.io.ManagedSelector$SelectorProducer@6ec67bbc producing
14:17:11.579 [jetty task-16] DEBUG org.eclipse.jetty.io.ChannelEndPoint - Key interests updated 1 -> 0 on SocketChannelEndPoint@1f451c9e{/127.0.0.1:55863<->/127.0.0.1:8080,OPEN,fill=-,flush=-,to=34/0}{io=0/0,kio=0,kro=1}->HttpConnection@6bd77bce[p=HttpParser{s=END,54 of 54},g=HttpGenerator@5cc13bc6{s=START}]=>HttpChannelOverHttp@5a478112{r=1,c=false,a=DISPATCHED,uri=//localhost:8080/transaction}
14:17:11.579 [jetty task-16] DEBUG org.eclipse.jetty.io.ManagedSelector - Selector loop waiting on select
14:17:11.581 [jetty task-23] DEBUG org.eclipse.jetty.server.HttpOutput - sendContent(HeapByteBuffer@49f0b90c[p=0,l=2971,c=2971,r=2971]={<<<{"name":"err","mo...hc":810198612}}>>>})
14:17:11.581 [jetty task-23] DEBUG org.eclipse.jetty.server.HttpChannel - sendResponse info=null content=HeapByteBuffer@49f0b90c[p=0,l=2971,c=2971,r=2971]={<<<{"name":"err","mo...hc":810198612}}>>>} complete=true committing=true callback=Blocker@b8442b9{null}
14:17:11.581 [jetty task-23] DEBUG org.eclipse.jetty.server.HttpChannel - COMMIT for /transaction on HttpChannelOverHttp@5a478112{r=1,c=true,a=DISPATCHED,uri=//localhost:8080/transaction}
400 null HTTP/1.1
Cache-Control: must-revalidate,no-cache,no-store
Content-Type: application/json;charset=utf-8
Content-Length: 2971


14:17:11.582 [jetty task-23] DEBUG org.eclipse.jetty.server.HttpConnection - org.eclipse.jetty.server.HttpConnection$SendCallback@2d63163d[PROCESSING][i=HTTP/1.1{s=400,h=3,cl=2971},cb=org.eclipse.jetty.server.HttpChannel$CommitCallback@1b9d63d6] generate: NEED_HEADER (null,[p=0,l=2971,c=2971,r=2971],true)@START
14:17:11.582 [jetty task-23] DEBUG org.eclipse.jetty.http.HttpGenerator - generateHeaders HTTP/1.1{s=400,h=3,cl=2971} last=true content=HeapByteBuffer@49f0b90c[p=0,l=2971,c=2971,r=2971]={<<<{"name":"err","mo...hc":810198612}}>>>}
14:17:11.582 [jetty task-23] DEBUG org.eclipse.jetty.http.HttpGenerator - Cache-Control: must-revalidate,no-cache,no-store
Content-Type: application/json;charset=utf-8
Content-Length: 2971


14:17:11.582 [jetty task-23] DEBUG org.eclipse.jetty.http.HttpGenerator - CONTENT_LENGTH
14:17:11.582 [jetty task-23] DEBUG org.eclipse.jetty.server.HttpConnection - org.eclipse.jetty.server.HttpConnection$SendCallback@2d63163d[PROCESSING][i=HTTP/1.1{s=400,h=3,cl=2971},cb=org.eclipse.jetty.server.HttpChannel$CommitCallback@1b9d63d6] generate: FLUSH ([p=0,l=146,c=8192,r=146],[p=0,l=2971,c=2971,r=2971],true)@COMPLETING
14:17:11.582 [jetty task-23] DEBUG org.eclipse.jetty.io.WriteFlusher - write: WriteFlusher@57e99170{IDLE}->null [HeapByteBuffer@5a112485[p=0,l=146,c=8192,r=146]={<<<HTTP/1.1 400 Bad ...ength: 2971\r\n\r\n>>>UTF-8\r\nContent-Le...\x00\x00\x00\x00\x00\x00\x00\x00\x00\x00\x00\x00\x00\x00\x00},HeapByteBuffer@49f0b90c[p=0,l=2971,c=2971,r=2971]={<<<{"name":"err","mo...hc":810198612}}>>>}]
14:17:11.582 [jetty task-23] DEBUG org.eclipse.jetty.io.WriteFlusher - update WriteFlusher@57e99170{WRITING}->null:IDLE-->WRITING
14:17:11.604 [jetty task-23] DEBUG org.eclipse.jetty.io.ChannelEndPoint - flushed 3117 SocketChannelEndPoint@1f451c9e{/127.0.0.1:55863<->/127.0.0.1:8080,OPEN,fill=-,flush=W,to=59/0}{io=0/0,kio=0,kro=1}->HttpConnection@6bd77bce[p=HttpParser{s=END,54 of 54},g=HttpGenerator@5cc13bc6{s=COMPLETING}]=>HttpChannelOverHttp@5a478112{r=1,c=true,a=DISPATCHED,uri=//localhost:8080/transaction}
14:17:11.604 [jetty task-23] DEBUG org.eclipse.jetty.io.WriteFlusher - Flushed=true 146/146+1 WriteFlusher@57e99170{WRITING}->null
14:17:11.606 [jetty task-23] DEBUG org.eclipse.jetty.io.WriteFlusher - update WriteFlusher@57e99170{IDLE}->null:WRITING-->IDLE
14:17:11.606 [jetty task-23] DEBUG org.eclipse.jetty.server.HttpConnection - org.eclipse.jetty.server.HttpConnection$SendCallback@2d63163d[PROCESSING][i=HTTP/1.1{s=400,h=3,cl=2971},cb=org.eclipse.jetty.server.HttpChannel$CommitCallback@1b9d63d6] generate: DONE ([p=146,l=146,c=8192,r=0],[p=2971,l=2971,c=2971,r=0],true)@END
14:17:11.606 [jetty task-23] DEBUG org.eclipse.jetty.server.Server - handled=true async=false committed=true on HttpChannelOverHttp@5a478112{r=1,c=true,a=DISPATCHED,uri=//localhost:8080/transaction}
14:17:11.606 [jetty task-23] DEBUG org.eclipse.jetty.server.HttpChannelState - unhandle HttpChannelState@24bb9fb3{s=DISPATCHED a=NOT_ASYNC i=true r=REGISTERED/true w=false}
14:17:11.606 [jetty task-23] DEBUG org.eclipse.jetty.server.HttpChannel - HttpChannelOverHttp@5a478112{r=1,c=true,a=COMPLETING,uri=//localhost:8080/transaction} action COMPLETE
14:17:11.606 [jetty task-23] DEBUG org.eclipse.jetty.server.HttpChannelState - onComplete HttpChannelState@24bb9fb3{s=COMPLETING a=NOT_ASYNC i=false r=REGISTERED/true w=false}
14:17:11.606 [jetty task-23] DEBUG org.eclipse.jetty.server.HttpChannel - COMPLETE for /transaction written=2971
14:17:11.606 [jetty task-23] DEBUG org.eclipse.jetty.server.HttpChannelState - recycle HttpChannelState@24bb9fb3{s=COMPLETED a=NOT_ASYNC i=false r=REGISTERED/true w=false}
14:17:11.606 [jetty task-23] DEBUG org.eclipse.jetty.http.HttpParser - reset HttpParser{s=END,54 of 54}
14:17:11.606 [jetty task-23] DEBUG org.eclipse.jetty.http.HttpParser - END --> START
14:17:11.606 [jetty task-23] DEBUG org.eclipse.jetty.server.HttpChannel - HttpChannelOverHttp@5a478112{r=1,c=false,a=IDLE,uri=null} handle exit, result COMPLETE
14:17:11.607 [jetty task-23] DEBUG org.eclipse.jetty.io.ChannelEndPoint - filled 0 SocketChannelEndPoint@1f451c9e{/127.0.0.1:55863<->/127.0.0.1:8080,OPEN,fill=-,flush=-,to=2/0}{io=0/0,kio=0,kro=1}->HttpConnection@6bd77bce[p=HttpParser{s=START,0 of -1},g=HttpGenerator@5cc13bc6{s=START}]=>HttpChannelOverHttp@5a478112{r=1,c=false,a=IDLE,uri=null}
14:17:11.607 [jetty task-23] DEBUG org.eclipse.jetty.io.ChannelEndPoint - filled 0 SocketChannelEndPoint@1f451c9e{/127.0.0.1:55863<->/127.0.0.1:8080,OPEN,fill=-,flush=-,to=3/0}{io=0/0,kio=0,kro=1}->HttpConnection@6bd77bce[p=HttpParser{s=START,0 of -1},g=HttpGenerator@5cc13bc6{s=START}]=>HttpChannelOverHttp@5a478112{r=1,c=false,a=IDLE,uri=null}
14:17:11.607 [jetty task-23] DEBUG org.eclipse.jetty.server.HttpConnection - HttpConnection@6bd77bce[p=HttpParser{s=START,0 of -1},g=HttpGenerator@5cc13bc6{s=START}]=>HttpChannelOverHttp@5a478112{r=1,c=false,a=IDLE,uri=null}<-SocketChannelEndPoint@1f451c9e{/127.0.0.1:55863<->/127.0.0.1:8080,OPEN,fill=-,flush=-,to=3/0}{io=0/0,kio=0,kro=1}->HttpConnection@6bd77bce[p=HttpParser{s=START,0 of -1},g=HttpGenerator@5cc13bc6{s=START}]=>HttpChannelOverHttp@5a478112{r=1,c=false,a=IDLE,uri=null} filled 0 HeapByteBuffer@5a112485[p=0,l=0,c=8192,r=0]={<<<>>>HTTP/1.1 400 Bad ...\x00\x00\x00\x00\x00\x00\x00\x00\x00\x00\x00\x00\x00\x00\x00}
14:17:11.607 [jetty task-23] DEBUG org.eclipse.jetty.server.HttpConnection - HttpConnection@6bd77bce[p=HttpParser{s=START,0 of -1},g=HttpGenerator@5cc13bc6{s=START}]=>HttpChannelOverHttp@5a478112{r=1,c=false,a=IDLE,uri=null}<-SocketChannelEndPoint@1f451c9e{/127.0.0.1:55863<->/127.0.0.1:8080,OPEN,fill=-,flush=-,to=3/0}{io=0/0,kio=0,kro=1}->HttpConnection@6bd77bce[p=HttpParser{s=START,0 of -1},g=HttpGenerator@5cc13bc6{s=START}]=>HttpChannelOverHttp@5a478112{r=1,c=false,a=IDLE,uri=null} parse HeapByteBuffer@5a112485[p=0,l=0,c=8192,r=0]={<<<>>>HTTP/1.1 400 Bad ...\x00\x00\x00\x00\x00\x00\x00\x00\x00\x00\x00\x00\x00\x00\x00} {}
14:17:11.607 [jetty task-23] DEBUG org.eclipse.jetty.http.HttpParser - parseNext s=START HeapByteBuffer@5a112485[p=0,l=0,c=8192,r=0]={<<<>>>HTTP/1.1 400 Bad ...\x00\x00\x00\x00\x00\x00\x00\x00\x00\x00\x00\x00\x00\x00\x00}
14:17:11.607 [jetty task-23] DEBUG org.eclipse.jetty.server.HttpConnection - HttpConnection@6bd77bce[p=HttpParser{s=START,0 of -1},g=HttpGenerator@5cc13bc6{s=START}]=>HttpChannelOverHttp@5a478112{r=1,c=false,a=IDLE,uri=null}<-SocketChannelEndPoint@1f451c9e{/127.0.0.1:55863<->/127.0.0.1:8080,OPEN,fill=-,flush=-,to=3/0}{io=0/0,kio=0,kro=1}->HttpConnection@6bd77bce[p=HttpParser{s=START,0 of -1},g=HttpGenerator@5cc13bc6{s=START}]=>HttpChannelOverHttp@5a478112{r=1,c=false,a=IDLE,uri=null} parsed false HttpParser{s=START,0 of -1}
14:17:11.607 [jetty task-23] DEBUG org.eclipse.jetty.server.HttpConnection - releaseRequestBuffer HttpConnection@6bd77bce[p=HttpParser{s=START,0 of -1},g=HttpGenerator@5cc13bc6{s=START}]=>HttpChannelOverHttp@5a478112{r=1,c=false,a=IDLE,uri=null}<-SocketChannelEndPoint@1f451c9e{/127.0.0.1:55863<->/127.0.0.1:8080,OPEN,fill=-,flush=-,to=3/0}{io=0/0,kio=0,kro=1}->HttpConnection@6bd77bce[p=HttpParser{s=START,0 of -1},g=HttpGenerator@5cc13bc6{s=START}]=>HttpChannelOverHttp@5a478112{r=1,c=false,a=IDLE,uri=null}
14:17:11.607 [jetty task-23] DEBUG org.eclipse.jetty.io.AbstractConnection - fillInterested HttpConnection@6bd77bce[p=HttpParser{s=START,0 of -1},g=HttpGenerator@5cc13bc6{s=START}]=>HttpChannelOverHttp@5a478112{r=1,c=false,a=IDLE,uri=null}<-SocketChannelEndPoint@1f451c9e{/127.0.0.1:55863<->/127.0.0.1:8080,OPEN,fill=-,flush=-,to=3/0}{io=0/0,kio=0,kro=1}->HttpConnection@6bd77bce[p=HttpParser{s=START,0 of -1},g=HttpGenerator@5cc13bc6{s=START}]=>HttpChannelOverHttp@5a478112{r=1,c=false,a=IDLE,uri=null}
14:17:11.608 [jetty task-23] DEBUG org.eclipse.jetty.io.FillInterest - FillInterest@3a687e5d{true,AC.ReadCB@6bd77bce{HttpConnection@6bd77bce[p=HttpParser{s=START,0 of -1},g=HttpGenerator@5cc13bc6{s=START}]=>HttpChannelOverHttp@5a478112{r=1,c=false,a=IDLE,uri=null}<-SocketChannelEndPoint@1f451c9e{/127.0.0.1:55863<->/127.0.0.1:8080,OPEN,fill=FI,flush=-,to=0/0}{io=0/0,kio=0,kro=1}->HttpConnection@6bd77bce[p=HttpParser{s=START,0 of -1},g=HttpGenerator@5cc13bc6{s=START}]=>HttpChannelOverHttp@5a478112{r=1,c=false,a=IDLE,uri=null}}} register AC.ReadCB@6bd77bce{HttpConnection@6bd77bce[p=HttpParser{s=START,0 of -1},g=HttpGenerator@5cc13bc6{s=START}]=>HttpChannelOverHttp@5a478112{r=1,c=false,a=IDLE,uri=null}<-SocketChannelEndPoint@1f451c9e{/127.0.0.1:55863<->/127.0.0.1:8080,OPEN,fill=FI,flush=-,to=0/0}{io=0/0,kio=0,kro=1}->HttpConnection@6bd77bce[p=HttpParser{s=START,0 of -1},g=HttpGenerator@5cc13bc6{s=START}]=>HttpChannelOverHttp@5a478112{r=1,c=false,a=IDLE,uri=null}}
14:17:11.608 [jetty task-23] DEBUG org.eclipse.jetty.io.ChannelEndPoint - changeInterests p=false 0->1 for SocketChannelEndPoint@1f451c9e{/127.0.0.1:55863<->/127.0.0.1:8080,OPEN,fill=FI,flush=-,to=0/0}{io=0/1,kio=0,kro=1}->HttpConnection@6bd77bce[p=HttpParser{s=START,0 of -1},g=HttpGenerator@5cc13bc6{s=START}]=>HttpChannelOverHttp@5a478112{r=1,c=false,a=IDLE,uri=null}
14:17:11.608 [jetty task-23] DEBUG org.eclipse.jetty.io.ManagedSelector - Queued change CEP:SocketChannelEndPoint@1f451c9e{/127.0.0.1:55863<->/127.0.0.1:8080,OPEN,fill=FI,flush=-,to=0/0}{io=0/1,kio=0,kro=1}->HttpConnection@6bd77bce[p=HttpParser{s=START,0 of -1},g=HttpGenerator@5cc13bc6{s=START}]=>HttpChannelOverHttp@5a478112{r=1,c=false,a=IDLE,uri=null}:runUpdateKey:NON_BLOCKING on org.eclipse.jetty.io.ManagedSelector@584047b5 id=0 keys=2 selected=0
14:17:11.608 [jetty task-16] DEBUG org.eclipse.jetty.io.ManagedSelector - Selector loop woken up from select, 0/2 selected
14:17:11.608 [jetty task-16] DEBUG org.eclipse.jetty.io.ManagedSelector - Running action CEP:SocketChannelEndPoint@1f451c9e{/127.0.0.1:55863<->/127.0.0.1:8080,OPEN,fill=FI,flush=-,to=0/0}{io=0/1,kio=0,kro=1}->HttpConnection@6bd77bce[p=HttpParser{s=START,0 of -1},g=HttpGenerator@5cc13bc6{s=START}]=>HttpChannelOverHttp@5a478112{r=1,c=false,a=IDLE,uri=null}:runUpdateKey:NON_BLOCKING
14:17:11.609 [jetty task-16] DEBUG org.eclipse.jetty.io.ChannelEndPoint - Key interests updated 0 -> 1 on SocketChannelEndPoint@1f451c9e{/127.0.0.1:55863<->/127.0.0.1:8080,OPEN,fill=FI,flush=-,to=1/0}{io=1/1,kio=1,kro=1}->HttpConnection@6bd77bce[p=HttpParser{s=START,0 of -1},g=HttpGenerator@5cc13bc6{s=START}]=>HttpChannelOverHttp@5a478112{r=1,c=false,a=IDLE,uri=null}
14:17:11.609 [jetty task-16] DEBUG org.eclipse.jetty.io.ManagedSelector - Selector loop waiting on select
14:17:11.609 [jetty task-23] DEBUG org.eclipse.jetty.server.HttpConnection - HttpConnection@6bd77bce[p=HttpParser{s=START,0 of -1},g=HttpGenerator@5cc13bc6{s=START}]=>HttpChannelOverHttp@5a478112{r=1,c=false,a=IDLE,uri=null}<-SocketChannelEndPoint@1f451c9e{/127.0.0.1:55863<->/127.0.0.1:8080,OPEN,fill=FI,flush=-,to=1/0}{io=1/1,kio=1,kro=1}->HttpConnection@6bd77bce[p=HttpParser{s=START,0 of -1},g=HttpGenerator@5cc13bc6{s=START}]=>HttpChannelOverHttp@5a478112{r=1,c=false,a=IDLE,uri=null} onFillable exit HttpChannelState@24bb9fb3{s=IDLE a=NOT_ASYNC i=true r=NONE/false w=false} null
14:17:11.610 [jetty task-23] DEBUG org.eclipse.jetty.util.thread.strategy.ExecutingExecutionStrategy - EPC Prod/org.eclipse.jetty.io.ManagedSelector$SelectorProducer@6ec67bbc invoked CEP:SocketChannelEndPoint@1f451c9e{/127.0.0.1:55863<->/127.0.0.1:8080,OPEN,fill=FI,flush=-,to=2/0}{io=1/1,kio=1,kro=1}->HttpConnection@6bd77bce[p=HttpParser{s=START,0 of -1},g=HttpGenerator@5cc13bc6{s=START}]=>HttpChannelOverHttp@5a478112{r=1,c=false,a=IDLE,uri=null}:runFillable:BLOCKING
14:17:11.610 [jetty task-23] DEBUG org.eclipse.jetty.util.thread.strategy.ExecuteProduceConsume - EPC Prod/org.eclipse.jetty.io.ManagedSelector$SelectorProducer@6ec67bbc ran CEP:SocketChannelEndPoint@1f451c9e{/127.0.0.1:55863<->/127.0.0.1:8080,OPEN,fill=FI,flush=-,to=2/0}{io=1/1,kio=1,kro=1}->HttpConnection@6bd77bce[p=HttpParser{s=START,0 of -1},g=HttpGenerator@5cc13bc6{s=START}]=>HttpChannelOverHttp@5a478112{r=1,c=false,a=IDLE,uri=null}:runFillable:BLOCKING
14:17:11.610 [jetty task-23] DEBUG org.eclipse.jetty.util.thread.strategy.ExecuteProduceConsume - EPC Prod/org.eclipse.jetty.io.ManagedSelector$SelectorProducer@6ec67bbc produce exit
14:17:11.610 [jetty task-23] DEBUG org.eclipse.jetty.util.thread.QueuedThreadPool - ran EPC Prod/org.eclipse.jetty.io.ManagedSelector$SelectorProducer@6ec67bbc
14:17:11.619 [jetty task-20-acceptor-0@78b9b1c-ServerConnector@53bd4614{HTTP/1.1,[http/1.1]}{localhost:8080}] DEBUG org.eclipse.jetty.io.ManagedSelector - Queued change org.eclipse.jetty.io.ManagedSelector$Accept@36d30b60 on org.eclipse.jetty.io.ManagedSelector@3803d43d id=1 keys=3 selected=0
14:17:11.624 [jetty task-18] DEBUG org.eclipse.jetty.io.ManagedSelector - Selector loop woken up from select, 0/3 selected
14:17:11.624 [jetty task-18] DEBUG org.eclipse.jetty.io.ManagedSelector - Running action org.eclipse.jetty.io.ManagedSelector$Accept@36d30b60
14:17:11.624 [jetty task-18] DEBUG org.eclipse.jetty.io.ManagedSelector - Queued change org.eclipse.jetty.io.ManagedSelector$CreateEndPoint@8065eff on org.eclipse.jetty.io.ManagedSelector@3803d43d id=1 keys=4 selected=0
14:17:11.624 [jetty task-18] DEBUG org.eclipse.jetty.util.thread.strategy.ExecuteProduceConsume - EPC Prod/org.eclipse.jetty.io.ManagedSelector$SelectorProducer@6f90d7cf produced org.eclipse.jetty.io.ManagedSelector$CreateEndPoint@8065eff
14:17:11.624 [jetty task-18] DEBUG org.eclipse.jetty.util.thread.strategy.ExecuteProduceConsume - EPC Pend/org.eclipse.jetty.io.ManagedSelector$SelectorProducer@6f90d7cf dispatch
14:17:11.624 [jetty task-18] DEBUG org.eclipse.jetty.util.thread.QueuedThreadPool - queue EPC Pend/org.eclipse.jetty.io.ManagedSelector$SelectorProducer@6f90d7cf
14:17:11.624 [jetty task-18] DEBUG org.eclipse.jetty.util.thread.strategy.ExecuteProduceConsume - EPC Pend/org.eclipse.jetty.io.ManagedSelector$SelectorProducer@6f90d7cf run org.eclipse.jetty.io.ManagedSelector$CreateEndPoint@8065eff
14:17:11.624 [jetty task-18] DEBUG org.eclipse.jetty.util.thread.strategy.ExecutingExecutionStrategy - EPC Pend/org.eclipse.jetty.io.ManagedSelector$SelectorProducer@6f90d7cf invoke  org.eclipse.jetty.io.ManagedSelector$CreateEndPoint@8065eff
14:17:11.624 [jetty task-18] DEBUG org.eclipse.jetty.io.AbstractEndPoint - onOpen SocketChannelEndPoint@6b9b1a0c{/127.0.0.1:55864<->/127.0.0.1:8080,OPEN,fill=-,flush=-,to=0/0}{io=0/0,kio=0,kro=0}-><null>
14:17:11.625 [jetty task-18] DEBUG org.eclipse.jetty.server.HttpChannel - new HttpChannelOverHttp@71793d79{r=0,c=false,a=IDLE,uri=null} -> SocketChannelEndPoint@6b9b1a0c{/127.0.0.1:55864<->/127.0.0.1:8080,OPEN,fill=-,flush=-,to=0/0}{io=0/0,kio=0,kro=0}-><null>,null,HttpChannelState@9ddf699{s=IDLE a=NOT_ASYNC i=true r=NONE/false w=false}
14:17:11.625 [jetty task-18] DEBUG org.eclipse.jetty.server.HttpConnection - New HTTP Connection HttpConnection@3396b0fb[p=HttpParser{s=START,0 of 0},g=HttpGenerator@6e87ff{s=START}]=>HttpChannelOverHttp@71793d79{r=0,c=false,a=IDLE,uri=null}<-SocketChannelEndPoint@6b9b1a0c{/127.0.0.1:55864<->/127.0.0.1:8080,OPEN,fill=-,flush=-,to=1/0}{io=0/0,kio=0,kro=0}-><null>
14:17:11.625 [jetty task-18] DEBUG org.eclipse.jetty.io.AbstractConnection - onOpen HttpConnection@3396b0fb[p=HttpParser{s=START,0 of 0},g=HttpGenerator@6e87ff{s=START}]=>HttpChannelOverHttp@71793d79{r=0,c=false,a=IDLE,uri=null}<-SocketChannelEndPoint@6b9b1a0c{/127.0.0.1:55864<->/127.0.0.1:8080,OPEN,fill=-,flush=-,to=1/0}{io=0/0,kio=0,kro=0}->HttpConnection@3396b0fb[p=HttpParser{s=START,0 of 0},g=HttpGenerator@6e87ff{s=START}]=>HttpChannelOverHttp@71793d79{r=0,c=false,a=IDLE,uri=null}
14:17:11.625 [jetty task-18] DEBUG org.eclipse.jetty.io.AbstractConnection - fillInterested HttpConnection@3396b0fb[p=HttpParser{s=START,0 of 0},g=HttpGenerator@6e87ff{s=START}]=>HttpChannelOverHttp@71793d79{r=0,c=false,a=IDLE,uri=null}<-SocketChannelEndPoint@6b9b1a0c{/127.0.0.1:55864<->/127.0.0.1:8080,OPEN,fill=-,flush=-,to=1/0}{io=0/0,kio=0,kro=0}->HttpConnection@3396b0fb[p=HttpParser{s=START,0 of 0},g=HttpGenerator@6e87ff{s=START}]=>HttpChannelOverHttp@71793d79{r=0,c=false,a=IDLE,uri=null}
14:17:11.625 [jetty task-18] DEBUG org.eclipse.jetty.io.FillInterest - FillInterest@3844f07e{true,AC.ReadCB@3396b0fb{HttpConnection@3396b0fb[p=HttpParser{s=START,0 of 0},g=HttpGenerator@6e87ff{s=START}]=>HttpChannelOverHttp@71793d79{r=0,c=false,a=IDLE,uri=null}<-SocketChannelEndPoint@6b9b1a0c{/127.0.0.1:55864<->/127.0.0.1:8080,OPEN,fill=FI,flush=-,to=0/0}{io=0/0,kio=0,kro=0}->HttpConnection@3396b0fb[p=HttpParser{s=START,0 of 0},g=HttpGenerator@6e87ff{s=START}]=>HttpChannelOverHttp@71793d79{r=0,c=false,a=IDLE,uri=null}}} register AC.ReadCB@3396b0fb{HttpConnection@3396b0fb[p=HttpParser{s=START,0 of 0},g=HttpGenerator@6e87ff{s=START}]=>HttpChannelOverHttp@71793d79{r=0,c=false,a=IDLE,uri=null}<-SocketChannelEndPoint@6b9b1a0c{/127.0.0.1:55864<->/127.0.0.1:8080,OPEN,fill=FI,flush=-,to=0/0}{io=0/0,kio=0,kro=0}->HttpConnection@3396b0fb[p=HttpParser{s=START,0 of 0},g=HttpGenerator@6e87ff{s=START}]=>HttpChannelOverHttp@71793d79{r=0,c=false,a=IDLE,uri=null}}
14:17:11.626 [jetty task-18] DEBUG org.eclipse.jetty.io.ChannelEndPoint - changeInterests p=false 0->1 for SocketChannelEndPoint@6b9b1a0c{/127.0.0.1:55864<->/127.0.0.1:8080,OPEN,fill=FI,flush=-,to=0/0}{io=0/1,kio=0,kro=0}->HttpConnection@3396b0fb[p=HttpParser{s=START,0 of 0},g=HttpGenerator@6e87ff{s=START}]=>HttpChannelOverHttp@71793d79{r=0,c=false,a=IDLE,uri=null}
14:17:11.626 [jetty task-18] DEBUG org.eclipse.jetty.io.ManagedSelector - Queued change CEP:SocketChannelEndPoint@6b9b1a0c{/127.0.0.1:55864<->/127.0.0.1:8080,OPEN,fill=FI,flush=-,to=1/0}{io=0/1,kio=0,kro=0}->HttpConnection@3396b0fb[p=HttpParser{s=START,0 of 0},g=HttpGenerator@6e87ff{s=START}]=>HttpChannelOverHttp@71793d79{r=0,c=false,a=IDLE,uri=null}:runUpdateKey:NON_BLOCKING on org.eclipse.jetty.io.ManagedSelector@3803d43d id=1 keys=4 selected=0
14:17:11.626 [jetty task-18] DEBUG org.eclipse.jetty.io.ManagedSelector - Created SocketChannelEndPoint@6b9b1a0c{/127.0.0.1:55864<->/127.0.0.1:8080,OPEN,fill=FI,flush=-,to=1/0}{io=0/1,kio=0,kro=0}->HttpConnection@3396b0fb[p=HttpParser{s=START,0 of 0},g=HttpGenerator@6e87ff{s=START}]=>HttpChannelOverHttp@71793d79{r=0,c=false,a=IDLE,uri=null}
14:17:11.626 [jetty task-18] DEBUG org.eclipse.jetty.util.thread.strategy.ExecutingExecutionStrategy - EPC Pend/org.eclipse.jetty.io.ManagedSelector$SelectorProducer@6f90d7cf invoked org.eclipse.jetty.io.ManagedSelector$CreateEndPoint@8065eff
14:17:11.626 [jetty task-18] DEBUG org.eclipse.jetty.util.thread.strategy.ExecuteProduceConsume - EPC Pend/org.eclipse.jetty.io.ManagedSelector$SelectorProducer@6f90d7cf ran org.eclipse.jetty.io.ManagedSelector$CreateEndPoint@8065eff
14:17:11.626 [jetty task-18] DEBUG org.eclipse.jetty.util.thread.strategy.ExecuteProduceConsume - EPC Prod/Pend/org.eclipse.jetty.io.ManagedSelector$SelectorProducer@6f90d7cf producing
14:17:11.626 [jetty task-18] DEBUG org.eclipse.jetty.io.ManagedSelector - Running action CEP:SocketChannelEndPoint@6b9b1a0c{/127.0.0.1:55864<->/127.0.0.1:8080,OPEN,fill=FI,flush=-,to=1/0}{io=0/1,kio=0,kro=0}->HttpConnection@3396b0fb[p=HttpParser{s=START,0 of 0},g=HttpGenerator@6e87ff{s=START}]=>HttpChannelOverHttp@71793d79{r=0,c=false,a=IDLE,uri=null}:runUpdateKey:NON_BLOCKING
14:17:11.626 [jetty task-18] DEBUG org.eclipse.jetty.io.ChannelEndPoint - Key interests updated 0 -> 1 on SocketChannelEndPoint@6b9b1a0c{/127.0.0.1:55864<->/127.0.0.1:8080,OPEN,fill=FI,flush=-,to=1/0}{io=1/1,kio=1,kro=0}->HttpConnection@3396b0fb[p=HttpParser{s=START,0 of 0},g=HttpGenerator@6e87ff{s=START}]=>HttpChannelOverHttp@71793d79{r=0,c=false,a=IDLE,uri=null}
14:17:11.626 [jetty task-18] DEBUG org.eclipse.jetty.io.ManagedSelector - Selector loop waiting on select
14:17:11.626 [jetty task-18] DEBUG org.eclipse.jetty.io.ManagedSelector - Selector loop woken up from select, 1/4 selected
14:17:11.626 [jetty task-18] DEBUG org.eclipse.jetty.io.ManagedSelector - selected sun.nio.ch.SelectionKeyImpl@49162956 SocketChannelEndPoint@6b9b1a0c{/127.0.0.1:55864<->/127.0.0.1:8080,OPEN,fill=FI,flush=-,to=1/0}{io=1/1,kio=1,kro=1}->HttpConnection@3396b0fb[p=HttpParser{s=START,0 of 0},g=HttpGenerator@6e87ff{s=START}]=>HttpChannelOverHttp@71793d79{r=0,c=false,a=IDLE,uri=null} 
14:17:11.627 [jetty task-18] DEBUG org.eclipse.jetty.io.ChannelEndPoint - onSelected 1->0 r=true w=false for SocketChannelEndPoint@6b9b1a0c{/127.0.0.1:55864<->/127.0.0.1:8080,OPEN,fill=FI,flush=-,to=1/0}{io=1/0,kio=1,kro=1}->HttpConnection@3396b0fb[p=HttpParser{s=START,0 of 0},g=HttpGenerator@6e87ff{s=START}]=>HttpChannelOverHttp@71793d79{r=0,c=false,a=IDLE,uri=null}
14:17:11.627 [jetty task-18] DEBUG org.eclipse.jetty.io.ChannelEndPoint - task CEP:SocketChannelEndPoint@6b9b1a0c{/127.0.0.1:55864<->/127.0.0.1:8080,OPEN,fill=FI,flush=-,to=2/0}{io=1/0,kio=1,kro=1}->HttpConnection@3396b0fb[p=HttpParser{s=START,0 of 0},g=HttpGenerator@6e87ff{s=START}]=>HttpChannelOverHttp@71793d79{r=0,c=false,a=IDLE,uri=null}:runFillable:BLOCKING
14:17:11.627 [jetty task-18] DEBUG org.eclipse.jetty.util.thread.strategy.ExecuteProduceConsume - EPC Prod/Pend/org.eclipse.jetty.io.ManagedSelector$SelectorProducer@6f90d7cf produced CEP:SocketChannelEndPoint@6b9b1a0c{/127.0.0.1:55864<->/127.0.0.1:8080,OPEN,fill=FI,flush=-,to=2/0}{io=1/0,kio=1,kro=1}->HttpConnection@3396b0fb[p=HttpParser{s=START,0 of 0},g=HttpGenerator@6e87ff{s=START}]=>HttpChannelOverHttp@71793d79{r=0,c=false,a=IDLE,uri=null}:runFillable:BLOCKING
14:17:11.627 [jetty task-18] DEBUG org.eclipse.jetty.util.thread.strategy.ExecuteProduceConsume - EPC Pend/org.eclipse.jetty.io.ManagedSelector$SelectorProducer@6f90d7cf run CEP:SocketChannelEndPoint@6b9b1a0c{/127.0.0.1:55864<->/127.0.0.1:8080,OPEN,fill=FI,flush=-,to=2/0}{io=1/0,kio=1,kro=1}->HttpConnection@3396b0fb[p=HttpParser{s=START,0 of 0},g=HttpGenerator@6e87ff{s=START}]=>HttpChannelOverHttp@71793d79{r=0,c=false,a=IDLE,uri=null}:runFillable:BLOCKING
14:17:11.627 [jetty task-18] DEBUG org.eclipse.jetty.util.thread.strategy.ExecutingExecutionStrategy - EPC Pend/org.eclipse.jetty.io.ManagedSelector$SelectorProducer@6f90d7cf invoke  CEP:SocketChannelEndPoint@6b9b1a0c{/127.0.0.1:55864<->/127.0.0.1:8080,OPEN,fill=FI,flush=-,to=2/0}{io=1/0,kio=1,kro=1}->HttpConnection@3396b0fb[p=HttpParser{s=START,0 of 0},g=HttpGenerator@6e87ff{s=START}]=>HttpChannelOverHttp@71793d79{r=0,c=false,a=IDLE,uri=null}:runFillable:BLOCKING
14:17:11.627 [jetty task-18] DEBUG org.eclipse.jetty.io.FillInterest - FillInterest@3844f07e{true,AC.ReadCB@3396b0fb{HttpConnection@3396b0fb[p=HttpParser{s=START,0 of 0},g=HttpGenerator@6e87ff{s=START}]=>HttpChannelOverHttp@71793d79{r=0,c=false,a=IDLE,uri=null}<-SocketChannelEndPoint@6b9b1a0c{/127.0.0.1:55864<->/127.0.0.1:8080,OPEN,fill=FI,flush=-,to=2/0}{io=1/0,kio=1,kro=1}->HttpConnection@3396b0fb[p=HttpParser{s=START,0 of 0},g=HttpGenerator@6e87ff{s=START}]=>HttpChannelOverHttp@71793d79{r=0,c=false,a=IDLE,uri=null}}} fillable AC.ReadCB@3396b0fb{HttpConnection@3396b0fb[p=HttpParser{s=START,0 of 0},g=HttpGenerator@6e87ff{s=START}]=>HttpChannelOverHttp@71793d79{r=0,c=false,a=IDLE,uri=null}<-SocketChannelEndPoint@6b9b1a0c{/127.0.0.1:55864<->/127.0.0.1:8080,OPEN,fill=FI,flush=-,to=2/0}{io=1/0,kio=1,kro=1}->HttpConnection@3396b0fb[p=HttpParser{s=START,0 of 0},g=HttpGenerator@6e87ff{s=START}]=>HttpChannelOverHttp@71793d79{r=0,c=false,a=IDLE,uri=null}}
14:17:11.627 [jetty task-18] DEBUG org.eclipse.jetty.server.HttpConnection - HttpConnection@3396b0fb[p=HttpParser{s=START,0 of 0},g=HttpGenerator@6e87ff{s=START}]=>HttpChannelOverHttp@71793d79{r=0,c=false,a=IDLE,uri=null}<-SocketChannelEndPoint@6b9b1a0c{/127.0.0.1:55864<->/127.0.0.1:8080,OPEN,fill=-,flush=-,to=2/0}{io=1/0,kio=1,kro=1}->HttpConnection@3396b0fb[p=HttpParser{s=START,0 of 0},g=HttpGenerator@6e87ff{s=START}]=>HttpChannelOverHttp@71793d79{r=0,c=false,a=IDLE,uri=null} onFillable enter HttpChannelState@9ddf699{s=IDLE a=NOT_ASYNC i=true r=NONE/false w=false} null
14:17:11.628 [jetty task-18] DEBUG org.eclipse.jetty.io.ChannelEndPoint - filled 171 SocketChannelEndPoint@6b9b1a0c{/127.0.0.1:55864<->/127.0.0.1:8080,OPEN,fill=-,flush=-,to=3/0}{io=1/0,kio=1,kro=1}->HttpConnection@3396b0fb[p=HttpParser{s=START,0 of 0},g=HttpGenerator@6e87ff{s=START}]=>HttpChannelOverHttp@71793d79{r=0,c=false,a=IDLE,uri=null}
14:17:11.628 [jetty task-18] DEBUG org.eclipse.jetty.server.HttpConnection - HttpConnection@3396b0fb[p=HttpParser{s=START,0 of 0},g=HttpGenerator@6e87ff{s=START}]=>HttpChannelOverHttp@71793d79{r=0,c=false,a=IDLE,uri=null}<-SocketChannelEndPoint@6b9b1a0c{/127.0.0.1:55864<->/127.0.0.1:8080,OPEN,fill=-,flush=-,to=0/0}{io=1/0,kio=1,kro=1}->HttpConnection@3396b0fb[p=HttpParser{s=START,0 of 0},g=HttpGenerator@6e87ff{s=START}]=>HttpChannelOverHttp@71793d79{r=0,c=false,a=IDLE,uri=null} filled 171 HeapByteBuffer@5a112485[p=0,l=171,c=8192,r=171]={<<<GET /balance/1 HT...zip,deflate\r\n\r\n>>>\r\nHost: localhost...\x00\x00\x00\x00\x00\x00\x00\x00\x00\x00\x00\x00\x00\x00\x00}
14:17:11.628 [jetty task-18] DEBUG org.eclipse.jetty.server.HttpConnection - HttpConnection@3396b0fb[p=HttpParser{s=START,0 of 0},g=HttpGenerator@6e87ff{s=START}]=>HttpChannelOverHttp@71793d79{r=0,c=false,a=IDLE,uri=null}<-SocketChannelEndPoint@6b9b1a0c{/127.0.0.1:55864<->/127.0.0.1:8080,OPEN,fill=-,flush=-,to=0/0}{io=1/0,kio=1,kro=1}->HttpConnection@3396b0fb[p=HttpParser{s=START,0 of 0},g=HttpGenerator@6e87ff{s=START}]=>HttpChannelOverHttp@71793d79{r=0,c=false,a=IDLE,uri=null} parse HeapByteBuffer@5a112485[p=0,l=171,c=8192,r=171]={<<<GET /balance/1 HT...zip,deflate\r\n\r\n>>>\r\nHost: localhost...\x00\x00\x00\x00\x00\x00\x00\x00\x00\x00\x00\x00\x00\x00\x00} {}
14:17:11.628 [jetty task-18] DEBUG org.eclipse.jetty.http.HttpParser - parseNext s=START HeapByteBuffer@5a112485[p=0,l=171,c=8192,r=171]={<<<GET /balance/1 HT...zip,deflate\r\n\r\n>>>\r\nHost: localhost...\x00\x00\x00\x00\x00\x00\x00\x00\x00\x00\x00\x00\x00\x00\x00}
14:17:11.628 [jetty task-18] DEBUG org.eclipse.jetty.http.HttpParser - START --> SPACE1
14:17:11.628 [jetty task-18] DEBUG org.eclipse.jetty.http.HttpParser - SPACE1 --> URI
14:17:11.628 [jetty task-18] DEBUG org.eclipse.jetty.http.HttpParser - URI --> SPACE2
14:17:11.628 [jetty task-18] DEBUG org.eclipse.jetty.http.HttpParser - SPACE2 --> REQUEST_VERSION
14:17:11.628 [jetty task-18] DEBUG org.eclipse.jetty.http.HttpParser - REQUEST_VERSION --> HEADER
14:17:11.628 [jetty task-18] DEBUG org.eclipse.jetty.http.HttpParser - HEADER:Accept: */* --> IN_VALUE
14:17:11.628 [jetty task-18] DEBUG org.eclipse.jetty.http.HttpParser - HEADER:Accept: */* --> FIELD
14:17:11.628 [jetty task-18] DEBUG org.eclipse.jetty.http.HttpParser - HEADER:null --> VALUE
14:17:11.628 [jetty task-18] DEBUG org.eclipse.jetty.http.HttpParser - HEADER:null --> IN_VALUE
14:17:11.628 [jetty task-18] DEBUG org.eclipse.jetty.http.HttpParser - HEADER:null --> FIELD
14:17:11.628 [jetty task-18] DEBUG org.eclipse.jetty.http.HttpParser - HEADER:Connection: keep-alive --> IN_VALUE
14:17:11.628 [jetty task-18] DEBUG org.eclipse.jetty.http.HttpParser - HEADER:Connection: keep-alive --> FIELD
14:17:11.628 [jetty task-18] DEBUG org.eclipse.jetty.http.HttpParser - HEADER:null --> VALUE
14:17:11.628 [jetty task-18] DEBUG org.eclipse.jetty.http.HttpParser - HEADER:null --> IN_VALUE
14:17:11.628 [jetty task-18] DEBUG org.eclipse.jetty.http.HttpParser - HEADER:null --> FIELD
14:17:11.628 [jetty task-18] DEBUG org.eclipse.jetty.http.HttpParser - HEADER:null --> IN_VALUE
14:17:11.628 [jetty task-18] DEBUG org.eclipse.jetty.http.HttpParser - HEADER:null --> FIELD
14:17:11.628 [jetty task-18] DEBUG org.eclipse.jetty.http.HttpParser - HEADER --> END
14:17:11.628 [jetty task-18] DEBUG org.eclipse.jetty.server.HttpChannel - REQUEST for //localhost:8080/balance/1 on HttpChannelOverHttp@71793d79{r=1,c=false,a=IDLE,uri=//localhost:8080/balance/1}
GET //localhost:8080/balance/1 HTTP/1.1
Accept: */*
Host: localhost:8080
Connection: keep-alive
User-Agent: Apache-HttpClient/4.5.3 (Java/1.8.0_121)
Accept-Encoding: gzip,deflate


14:17:11.628 [jetty task-18] DEBUG org.eclipse.jetty.server.HttpChannel - HttpChannelOverHttp@71793d79{r=1,c=false,a=IDLE,uri=//localhost:8080/balance/1} onContentComplete
14:17:11.628 [jetty task-18] DEBUG org.eclipse.jetty.server.HttpChannel - HttpChannelOverHttp@71793d79{r=1,c=false,a=IDLE,uri=//localhost:8080/balance/1} onRequestComplete
14:17:11.629 [jetty task-18] DEBUG org.eclipse.jetty.server.HttpInput - HttpInputOverHTTP@5e4ba0d1[c=0,q=0,[0]=null,s=STREAM] addContent EOF
14:17:11.629 [jetty task-18] DEBUG org.eclipse.jetty.server.HttpConnection - HttpConnection@3396b0fb[p=HttpParser{s=END,0 of 0},g=HttpGenerator@6e87ff{s=START}]=>HttpChannelOverHttp@71793d79{r=1,c=false,a=IDLE,uri=//localhost:8080/balance/1}<-SocketChannelEndPoint@6b9b1a0c{/127.0.0.1:55864<->/127.0.0.1:8080,OPEN,fill=-,flush=-,to=1/0}{io=1/0,kio=1,kro=1}->HttpConnection@3396b0fb[p=HttpParser{s=END,0 of 0},g=HttpGenerator@6e87ff{s=START}]=>HttpChannelOverHttp@71793d79{r=1,c=false,a=IDLE,uri=//localhost:8080/balance/1} parsed true HttpParser{s=END,0 of 0}
14:17:11.629 [jetty task-18] DEBUG org.eclipse.jetty.server.HttpConnection - releaseRequestBuffer HttpConnection@3396b0fb[p=HttpParser{s=END,0 of 0},g=HttpGenerator@6e87ff{s=START}]=>HttpChannelOverHttp@71793d79{r=1,c=false,a=IDLE,uri=//localhost:8080/balance/1}<-SocketChannelEndPoint@6b9b1a0c{/127.0.0.1:55864<->/127.0.0.1:8080,OPEN,fill=-,flush=-,to=1/0}{io=1/0,kio=1,kro=1}->HttpConnection@3396b0fb[p=HttpParser{s=END,0 of 0},g=HttpGenerator@6e87ff{s=START}]=>HttpChannelOverHttp@71793d79{r=1,c=false,a=IDLE,uri=//localhost:8080/balance/1}
14:17:11.629 [jetty task-18] DEBUG org.eclipse.jetty.server.HttpChannel - HttpChannelOverHttp@71793d79{r=1,c=false,a=IDLE,uri=//localhost:8080/balance/1} handle //localhost:8080/balance/1 
14:17:11.629 [jetty task-18] DEBUG org.eclipse.jetty.server.HttpChannelState - handling HttpChannelState@9ddf699{s=IDLE a=NOT_ASYNC i=true r=NONE/false w=false}
14:17:11.629 [jetty task-18] DEBUG org.eclipse.jetty.server.HttpChannel - HttpChannelOverHttp@71793d79{r=1,c=false,a=DISPATCHED,uri=//localhost:8080/balance/1} action DISPATCH
14:17:11.629 [jetty task-18] DEBUG org.eclipse.jetty.server.Server - REQUEST GET /balance/1 on HttpChannelOverHttp@71793d79{r=1,c=false,a=DISPATCHED,uri=//localhost:8080/balance/1}
14:17:11.629 [jetty task-18] DEBUG org.eclipse.jetty.server.handler.ContextHandler - scope null||/balance/1 @ o.e.j.s.h.ContextHandler@38453928{/,null,AVAILABLE}
14:17:11.629 [jetty task-18] DEBUG org.eclipse.jetty.server.handler.ContextHandler - context=||/balance/1 @ o.e.j.s.h.ContextHandler@38453928{/,null,AVAILABLE}
14:17:11.631 [jetty task-18] DEBUG org.eclipse.jetty.server.HttpOutput - sendContent(HeapByteBuffer@e998270[p=0,l=4,c=4,r=4]={<<<1000>>>})
14:17:11.631 [jetty task-18] DEBUG org.eclipse.jetty.server.HttpChannel - sendResponse info=null content=HeapByteBuffer@e998270[p=0,l=4,c=4,r=4]={<<<1000>>>} complete=true committing=true callback=Blocker@6d3ba5d4{null}
14:17:11.631 [jetty task-18] DEBUG org.eclipse.jetty.server.HttpChannel - COMMIT for /balance/1 on HttpChannelOverHttp@71793d79{r=1,c=true,a=DISPATCHED,uri=//localhost:8080/balance/1}
200 null HTTP/1.1
Content-Type: application/json;charset=utf-8
Content-Length: 4


14:17:11.631 [jetty task-18] DEBUG org.eclipse.jetty.server.HttpConnection - org.eclipse.jetty.server.HttpConnection$SendCallback@578f1bbf[PROCESSING][i=HTTP/1.1{s=200,h=2,cl=4},cb=org.eclipse.jetty.server.HttpChannel$CommitCallback@1d19fb04] generate: NEED_HEADER (null,[p=0,l=4,c=4,r=4],true)@START
14:17:11.631 [jetty task-18] DEBUG org.eclipse.jetty.http.HttpGenerator - generateHeaders HTTP/1.1{s=200,h=2,cl=4} last=true content=HeapByteBuffer@e998270[p=0,l=4,c=4,r=4]={<<<1000>>>}
14:17:11.631 [jetty task-18] DEBUG org.eclipse.jetty.http.HttpGenerator - Content-Type: application/json;charset=utf-8
Content-Length: 4


14:17:11.631 [jetty task-18] DEBUG org.eclipse.jetty.http.HttpGenerator - CONTENT_LENGTH
14:17:11.631 [jetty task-18] DEBUG org.eclipse.jetty.server.HttpConnection - org.eclipse.jetty.server.HttpConnection$SendCallback@578f1bbf[PROCESSING][i=HTTP/1.1{s=200,h=2,cl=4},cb=org.eclipse.jetty.server.HttpChannel$CommitCallback@1d19fb04] generate: FLUSH ([p=0,l=84,c=8192,r=84],[p=0,l=4,c=4,r=4],true)@COMPLETING
14:17:11.631 [jetty task-18] DEBUG org.eclipse.jetty.io.WriteFlusher - write: WriteFlusher@5f5160d5{IDLE}->null [HeapByteBuffer@5a112485[p=0,l=84,c=8192,r=84]={<<<HTTP/1.1 200 OK\r\n...t-Length: 4\r\n\r\n>>>User-Agent: Apach...\x00\x00\x00\x00\x00\x00\x00\x00\x00\x00\x00\x00\x00\x00\x00},HeapByteBuffer@e998270[p=0,l=4,c=4,r=4]={<<<1000>>>}]
14:17:11.631 [jetty task-18] DEBUG org.eclipse.jetty.io.WriteFlusher - update WriteFlusher@5f5160d5{WRITING}->null:IDLE-->WRITING
14:17:11.631 [jetty task-18] DEBUG org.eclipse.jetty.io.ChannelEndPoint - flushed 88 SocketChannelEndPoint@6b9b1a0c{/127.0.0.1:55864<->/127.0.0.1:8080,OPEN,fill=-,flush=W,to=3/0}{io=1/0,kio=1,kro=1}->HttpConnection@3396b0fb[p=HttpParser{s=END,0 of 0},g=HttpGenerator@6e87ff{s=COMPLETING}]=>HttpChannelOverHttp@71793d79{r=1,c=true,a=DISPATCHED,uri=//localhost:8080/balance/1}
14:17:11.631 [jetty task-18] DEBUG org.eclipse.jetty.io.WriteFlusher - Flushed=true 84/84+1 WriteFlusher@5f5160d5{WRITING}->null
14:17:11.631 [jetty task-18] DEBUG org.eclipse.jetty.io.WriteFlusher - update WriteFlusher@5f5160d5{IDLE}->null:WRITING-->IDLE
14:17:11.631 [jetty task-18] DEBUG org.eclipse.jetty.server.HttpConnection - org.eclipse.jetty.server.HttpConnection$SendCallback@578f1bbf[PROCESSING][i=HTTP/1.1{s=200,h=2,cl=4},cb=org.eclipse.jetty.server.HttpChannel$CommitCallback@1d19fb04] generate: DONE ([p=84,l=84,c=8192,r=0],[p=4,l=4,c=4,r=0],true)@END
14:17:11.632 [jetty task-18] DEBUG org.eclipse.jetty.server.Server - handled=true async=false committed=true on HttpChannelOverHttp@71793d79{r=1,c=true,a=DISPATCHED,uri=//localhost:8080/balance/1}
14:17:11.632 [jetty task-18] DEBUG org.eclipse.jetty.server.HttpChannelState - unhandle HttpChannelState@9ddf699{s=DISPATCHED a=NOT_ASYNC i=true r=NONE/false w=false}
14:17:11.632 [jetty task-18] DEBUG org.eclipse.jetty.server.HttpChannel - HttpChannelOverHttp@71793d79{r=1,c=true,a=COMPLETING,uri=//localhost:8080/balance/1} action COMPLETE
14:17:11.632 [jetty task-18] DEBUG org.eclipse.jetty.server.HttpChannelState - onComplete HttpChannelState@9ddf699{s=COMPLETING a=NOT_ASYNC i=false r=NONE/false w=false}
14:17:11.632 [jetty task-18] DEBUG org.eclipse.jetty.server.HttpChannel - COMPLETE for /balance/1 written=4
14:17:11.632 [jetty task-18] DEBUG org.eclipse.jetty.server.HttpChannelState - recycle HttpChannelState@9ddf699{s=COMPLETED a=NOT_ASYNC i=false r=NONE/false w=false}
14:17:11.632 [jetty task-18] DEBUG org.eclipse.jetty.http.HttpParser - reset HttpParser{s=END,0 of 0}
14:17:11.632 [jetty task-18] DEBUG org.eclipse.jetty.http.HttpParser - END --> START
14:17:11.632 [jetty task-18] DEBUG org.eclipse.jetty.server.HttpChannel - HttpChannelOverHttp@71793d79{r=1,c=false,a=IDLE,uri=null} handle exit, result COMPLETE
14:17:11.632 [jetty task-18] DEBUG org.eclipse.jetty.io.ChannelEndPoint - filled 0 SocketChannelEndPoint@6b9b1a0c{/127.0.0.1:55864<->/127.0.0.1:8080,OPEN,fill=-,flush=-,to=1/0}{io=1/0,kio=1,kro=1}->HttpConnection@3396b0fb[p=HttpParser{s=START,0 of -1},g=HttpGenerator@6e87ff{s=START}]=>HttpChannelOverHttp@71793d79{r=1,c=false,a=IDLE,uri=null}
14:17:11.632 [jetty task-18] DEBUG org.eclipse.jetty.io.ChannelEndPoint - filled 0 SocketChannelEndPoint@6b9b1a0c{/127.0.0.1:55864<->/127.0.0.1:8080,OPEN,fill=-,flush=-,to=1/0}{io=1/0,kio=1,kro=1}->HttpConnection@3396b0fb[p=HttpParser{s=START,0 of -1},g=HttpGenerator@6e87ff{s=START}]=>HttpChannelOverHttp@71793d79{r=1,c=false,a=IDLE,uri=null}
14:17:11.632 [jetty task-18] DEBUG org.eclipse.jetty.server.HttpConnection - HttpConnection@3396b0fb[p=HttpParser{s=START,0 of -1},g=HttpGenerator@6e87ff{s=START}]=>HttpChannelOverHttp@71793d79{r=1,c=false,a=IDLE,uri=null}<-SocketChannelEndPoint@6b9b1a0c{/127.0.0.1:55864<->/127.0.0.1:8080,OPEN,fill=-,flush=-,to=1/0}{io=1/0,kio=1,kro=1}->HttpConnection@3396b0fb[p=HttpParser{s=START,0 of -1},g=HttpGenerator@6e87ff{s=START}]=>HttpChannelOverHttp@71793d79{r=1,c=false,a=IDLE,uri=null} filled 0 HeapByteBuffer@5a112485[p=0,l=0,c=8192,r=0]={<<<>>>HTTP/1.1 200 OK\r\n...\x00\x00\x00\x00\x00\x00\x00\x00\x00\x00\x00\x00\x00\x00\x00}
14:17:11.632 [jetty task-18] DEBUG org.eclipse.jetty.server.HttpConnection - HttpConnection@3396b0fb[p=HttpParser{s=START,0 of -1},g=HttpGenerator@6e87ff{s=START}]=>HttpChannelOverHttp@71793d79{r=1,c=false,a=IDLE,uri=null}<-SocketChannelEndPoint@6b9b1a0c{/127.0.0.1:55864<->/127.0.0.1:8080,OPEN,fill=-,flush=-,to=1/0}{io=1/0,kio=1,kro=1}->HttpConnection@3396b0fb[p=HttpParser{s=START,0 of -1},g=HttpGenerator@6e87ff{s=START}]=>HttpChannelOverHttp@71793d79{r=1,c=false,a=IDLE,uri=null} parse HeapByteBuffer@5a112485[p=0,l=0,c=8192,r=0]={<<<>>>HTTP/1.1 200 OK\r\n...\x00\x00\x00\x00\x00\x00\x00\x00\x00\x00\x00\x00\x00\x00\x00} {}
14:17:11.632 [jetty task-18] DEBUG org.eclipse.jetty.http.HttpParser - parseNext s=START HeapByteBuffer@5a112485[p=0,l=0,c=8192,r=0]={<<<>>>HTTP/1.1 200 OK\r\n...\x00\x00\x00\x00\x00\x00\x00\x00\x00\x00\x00\x00\x00\x00\x00}
14:17:11.633 [jetty task-18] DEBUG org.eclipse.jetty.server.HttpConnection - HttpConnection@3396b0fb[p=HttpParser{s=START,0 of -1},g=HttpGenerator@6e87ff{s=START}]=>HttpChannelOverHttp@71793d79{r=1,c=false,a=IDLE,uri=null}<-SocketChannelEndPoint@6b9b1a0c{/127.0.0.1:55864<->/127.0.0.1:8080,OPEN,fill=-,flush=-,to=2/0}{io=1/0,kio=1,kro=1}->HttpConnection@3396b0fb[p=HttpParser{s=START,0 of -1},g=HttpGenerator@6e87ff{s=START}]=>HttpChannelOverHttp@71793d79{r=1,c=false,a=IDLE,uri=null} parsed false HttpParser{s=START,0 of -1}
14:17:11.633 [jetty task-18] DEBUG org.eclipse.jetty.server.HttpConnection - releaseRequestBuffer HttpConnection@3396b0fb[p=HttpParser{s=START,0 of -1},g=HttpGenerator@6e87ff{s=START}]=>HttpChannelOverHttp@71793d79{r=1,c=false,a=IDLE,uri=null}<-SocketChannelEndPoint@6b9b1a0c{/127.0.0.1:55864<->/127.0.0.1:8080,OPEN,fill=-,flush=-,to=2/0}{io=1/0,kio=1,kro=1}->HttpConnection@3396b0fb[p=HttpParser{s=START,0 of -1},g=HttpGenerator@6e87ff{s=START}]=>HttpChannelOverHttp@71793d79{r=1,c=false,a=IDLE,uri=null}
14:17:11.633 [jetty task-18] DEBUG org.eclipse.jetty.io.AbstractConnection - fillInterested HttpConnection@3396b0fb[p=HttpParser{s=START,0 of -1},g=HttpGenerator@6e87ff{s=START}]=>HttpChannelOverHttp@71793d79{r=1,c=false,a=IDLE,uri=null}<-SocketChannelEndPoint@6b9b1a0c{/127.0.0.1:55864<->/127.0.0.1:8080,OPEN,fill=-,flush=-,to=2/0}{io=1/0,kio=1,kro=1}->HttpConnection@3396b0fb[p=HttpParser{s=START,0 of -1},g=HttpGenerator@6e87ff{s=START}]=>HttpChannelOverHttp@71793d79{r=1,c=false,a=IDLE,uri=null}
14:17:11.633 [jetty task-18] DEBUG org.eclipse.jetty.io.FillInterest - FillInterest@3844f07e{true,AC.ReadCB@3396b0fb{HttpConnection@3396b0fb[p=HttpParser{s=START,0 of -1},g=HttpGenerator@6e87ff{s=START}]=>HttpChannelOverHttp@71793d79{r=1,c=false,a=IDLE,uri=null}<-SocketChannelEndPoint@6b9b1a0c{/127.0.0.1:55864<->/127.0.0.1:8080,OPEN,fill=FI,flush=-,to=0/0}{io=1/0,kio=1,kro=1}->HttpConnection@3396b0fb[p=HttpParser{s=START,0 of -1},g=HttpGenerator@6e87ff{s=START}]=>HttpChannelOverHttp@71793d79{r=1,c=false,a=IDLE,uri=null}}} register AC.ReadCB@3396b0fb{HttpConnection@3396b0fb[p=HttpParser{s=START,0 of -1},g=HttpGenerator@6e87ff{s=START}]=>HttpChannelOverHttp@71793d79{r=1,c=false,a=IDLE,uri=null}<-SocketChannelEndPoint@6b9b1a0c{/127.0.0.1:55864<->/127.0.0.1:8080,OPEN,fill=FI,flush=-,to=0/0}{io=1/0,kio=1,kro=1}->HttpConnection@3396b0fb[p=HttpParser{s=START,0 of -1},g=HttpGenerator@6e87ff{s=START}]=>HttpChannelOverHttp@71793d79{r=1,c=false,a=IDLE,uri=null}}
14:17:11.634 [jetty task-18] DEBUG org.eclipse.jetty.io.ChannelEndPoint - changeInterests p=true 0->1 for SocketChannelEndPoint@6b9b1a0c{/127.0.0.1:55864<->/127.0.0.1:8080,OPEN,fill=FI,flush=-,to=0/0}{io=1/1,kio=1,kro=1}->HttpConnection@3396b0fb[p=HttpParser{s=START,0 of -1},g=HttpGenerator@6e87ff{s=START}]=>HttpChannelOverHttp@71793d79{r=1,c=false,a=IDLE,uri=null}
14:17:11.634 [jetty task-18] DEBUG org.eclipse.jetty.server.HttpConnection - HttpConnection@3396b0fb[p=HttpParser{s=START,0 of -1},g=HttpGenerator@6e87ff{s=START}]=>HttpChannelOverHttp@71793d79{r=1,c=false,a=IDLE,uri=null}<-SocketChannelEndPoint@6b9b1a0c{/127.0.0.1:55864<->/127.0.0.1:8080,OPEN,fill=FI,flush=-,to=1/0}{io=1/1,kio=1,kro=1}->HttpConnection@3396b0fb[p=HttpParser{s=START,0 of -1},g=HttpGenerator@6e87ff{s=START}]=>HttpChannelOverHttp@71793d79{r=1,c=false,a=IDLE,uri=null} onFillable exit HttpChannelState@9ddf699{s=IDLE a=NOT_ASYNC i=true r=NONE/false w=false} null
14:17:11.634 [jetty task-18] DEBUG org.eclipse.jetty.util.thread.strategy.ExecutingExecutionStrategy - EPC Pend/org.eclipse.jetty.io.ManagedSelector$SelectorProducer@6f90d7cf invoked CEP:SocketChannelEndPoint@6b9b1a0c{/127.0.0.1:55864<->/127.0.0.1:8080,OPEN,fill=FI,flush=-,to=1/0}{io=1/1,kio=1,kro=1}->HttpConnection@3396b0fb[p=HttpParser{s=START,0 of -1},g=HttpGenerator@6e87ff{s=START}]=>HttpChannelOverHttp@71793d79{r=1,c=false,a=IDLE,uri=null}:runFillable:BLOCKING
14:17:11.634 [jetty task-18] DEBUG org.eclipse.jetty.util.thread.strategy.ExecuteProduceConsume - EPC Pend/org.eclipse.jetty.io.ManagedSelector$SelectorProducer@6f90d7cf ran CEP:SocketChannelEndPoint@6b9b1a0c{/127.0.0.1:55864<->/127.0.0.1:8080,OPEN,fill=FI,flush=-,to=1/0}{io=1/1,kio=1,kro=1}->HttpConnection@3396b0fb[p=HttpParser{s=START,0 of -1},g=HttpGenerator@6e87ff{s=START}]=>HttpChannelOverHttp@71793d79{r=1,c=false,a=IDLE,uri=null}:runFillable:BLOCKING
14:17:11.634 [jetty task-18] DEBUG org.eclipse.jetty.util.thread.strategy.ExecuteProduceConsume - EPC Prod/Pend/org.eclipse.jetty.io.ManagedSelector$SelectorProducer@6f90d7cf producing
14:17:11.634 [jetty task-18] DEBUG org.eclipse.jetty.io.ChannelEndPoint - Key interests updated 1 -> 1 on SocketChannelEndPoint@6b9b1a0c{/127.0.0.1:55864<->/127.0.0.1:8080,OPEN,fill=FI,flush=-,to=1/0}{io=1/1,kio=1,kro=1}->HttpConnection@3396b0fb[p=HttpParser{s=START,0 of -1},g=HttpGenerator@6e87ff{s=START}]=>HttpChannelOverHttp@71793d79{r=1,c=false,a=IDLE,uri=null}
14:17:11.634 [jetty task-18] DEBUG org.eclipse.jetty.io.ManagedSelector - Selector loop waiting on select
14:17:11.653 [jetty task-22] DEBUG org.eclipse.jetty.util.thread.QueuedThreadPool - run EPC Prod/Pend/org.eclipse.jetty.io.ManagedSelector$SelectorProducer@6f90d7cf
14:17:11.653 [jetty task-22] DEBUG org.eclipse.jetty.util.thread.strategy.ExecuteProduceConsume - EPC Prod/Pend/org.eclipse.jetty.io.ManagedSelector$SelectorProducer@6f90d7cf run
14:17:11.653 [jetty task-22] DEBUG org.eclipse.jetty.util.thread.QueuedThreadPool - ran EPC Prod/org.eclipse.jetty.io.ManagedSelector$SelectorProducer@6f90d7cf
14:17:11.658 [jetty task-20-acceptor-0@78b9b1c-ServerConnector@53bd4614{HTTP/1.1,[http/1.1]}{localhost:8080}] DEBUG org.eclipse.jetty.io.ManagedSelector - Queued change org.eclipse.jetty.io.ManagedSelector$Accept@698abd6 on org.eclipse.jetty.io.ManagedSelector@584047b5 id=0 keys=2 selected=0
14:17:11.658 [jetty task-16] DEBUG org.eclipse.jetty.io.ManagedSelector - Selector loop woken up from select, 0/2 selected
14:17:11.658 [jetty task-16] DEBUG org.eclipse.jetty.io.ManagedSelector - Running action org.eclipse.jetty.io.ManagedSelector$Accept@698abd6
14:17:11.658 [jetty task-16] DEBUG org.eclipse.jetty.io.ManagedSelector - Queued change org.eclipse.jetty.io.ManagedSelector$CreateEndPoint@a94ef73 on org.eclipse.jetty.io.ManagedSelector@584047b5 id=0 keys=3 selected=0
14:17:11.658 [jetty task-16] DEBUG org.eclipse.jetty.util.thread.strategy.ExecuteProduceConsume - EPC Prod/org.eclipse.jetty.io.ManagedSelector$SelectorProducer@6ec67bbc produced org.eclipse.jetty.io.ManagedSelector$CreateEndPoint@a94ef73
14:17:11.658 [jetty task-16] DEBUG org.eclipse.jetty.util.thread.strategy.ExecuteProduceConsume - EPC Pend/org.eclipse.jetty.io.ManagedSelector$SelectorProducer@6ec67bbc dispatch
14:17:11.658 [jetty task-16] DEBUG org.eclipse.jetty.util.thread.QueuedThreadPool - queue EPC Pend/org.eclipse.jetty.io.ManagedSelector$SelectorProducer@6ec67bbc
14:17:11.658 [jetty task-16] DEBUG org.eclipse.jetty.util.thread.strategy.ExecuteProduceConsume - EPC Pend/org.eclipse.jetty.io.ManagedSelector$SelectorProducer@6ec67bbc run org.eclipse.jetty.io.ManagedSelector$CreateEndPoint@a94ef73
14:17:11.658 [jetty task-16] DEBUG org.eclipse.jetty.util.thread.strategy.ExecutingExecutionStrategy - EPC Pend/org.eclipse.jetty.io.ManagedSelector$SelectorProducer@6ec67bbc invoke  org.eclipse.jetty.io.ManagedSelector$CreateEndPoint@a94ef73
14:17:11.658 [jetty task-16] DEBUG org.eclipse.jetty.io.AbstractEndPoint - onOpen SocketChannelEndPoint@303b7f16{/127.0.0.1:55865<->/127.0.0.1:8080,OPEN,fill=-,flush=-,to=0/0}{io=0/0,kio=0,kro=0}-><null>
14:17:11.658 [jetty task-16] DEBUG org.eclipse.jetty.server.HttpChannel - new HttpChannelOverHttp@1b61caf2{r=0,c=false,a=IDLE,uri=null} -> SocketChannelEndPoint@303b7f16{/127.0.0.1:55865<->/127.0.0.1:8080,OPEN,fill=-,flush=-,to=0/0}{io=0/0,kio=0,kro=0}-><null>,null,HttpChannelState@1ffbee5b{s=IDLE a=NOT_ASYNC i=true r=NONE/false w=false}
14:17:11.659 [jetty task-16] DEBUG org.eclipse.jetty.server.HttpConnection - New HTTP Connection HttpConnection@32b975a0[p=HttpParser{s=START,0 of 0},g=HttpGenerator@59916f2e{s=START}]=>HttpChannelOverHttp@1b61caf2{r=0,c=false,a=IDLE,uri=null}<-SocketChannelEndPoint@303b7f16{/127.0.0.1:55865<->/127.0.0.1:8080,OPEN,fill=-,flush=-,to=1/0}{io=0/0,kio=0,kro=0}-><null>
14:17:11.659 [jetty task-23] DEBUG org.eclipse.jetty.util.thread.QueuedThreadPool - run EPC Pend/org.eclipse.jetty.io.ManagedSelector$SelectorProducer@6ec67bbc
14:17:11.659 [jetty task-23] DEBUG org.eclipse.jetty.util.thread.strategy.ExecuteProduceConsume - EPC Pend/org.eclipse.jetty.io.ManagedSelector$SelectorProducer@6ec67bbc run
14:17:11.659 [jetty task-23] DEBUG org.eclipse.jetty.util.thread.strategy.ExecuteProduceConsume - EPC Prod/org.eclipse.jetty.io.ManagedSelector$SelectorProducer@6ec67bbc produce enter
14:17:11.659 [jetty task-23] DEBUG org.eclipse.jetty.util.thread.strategy.ExecuteProduceConsume - EPC Prod/org.eclipse.jetty.io.ManagedSelector$SelectorProducer@6ec67bbc producing
14:17:11.659 [jetty task-23] DEBUG org.eclipse.jetty.io.ManagedSelector - Selector loop waiting on select
14:17:11.659 [jetty task-16] DEBUG org.eclipse.jetty.io.AbstractConnection - onOpen HttpConnection@32b975a0[p=HttpParser{s=START,0 of 0},g=HttpGenerator@59916f2e{s=START}]=>HttpChannelOverHttp@1b61caf2{r=0,c=false,a=IDLE,uri=null}<-SocketChannelEndPoint@303b7f16{/127.0.0.1:55865<->/127.0.0.1:8080,OPEN,fill=-,flush=-,to=1/0}{io=0/0,kio=0,kro=0}->HttpConnection@32b975a0[p=HttpParser{s=START,0 of 0},g=HttpGenerator@59916f2e{s=START}]=>HttpChannelOverHttp@1b61caf2{r=0,c=false,a=IDLE,uri=null}
14:17:11.659 [jetty task-16] DEBUG org.eclipse.jetty.io.AbstractConnection - fillInterested HttpConnection@32b975a0[p=HttpParser{s=START,0 of 0},g=HttpGenerator@59916f2e{s=START}]=>HttpChannelOverHttp@1b61caf2{r=0,c=false,a=IDLE,uri=null}<-SocketChannelEndPoint@303b7f16{/127.0.0.1:55865<->/127.0.0.1:8080,OPEN,fill=-,flush=-,to=1/0}{io=0/0,kio=0,kro=0}->HttpConnection@32b975a0[p=HttpParser{s=START,0 of 0},g=HttpGenerator@59916f2e{s=START}]=>HttpChannelOverHttp@1b61caf2{r=0,c=false,a=IDLE,uri=null}
14:17:11.659 [jetty task-16] DEBUG org.eclipse.jetty.io.FillInterest - FillInterest@4c3208b4{true,AC.ReadCB@32b975a0{HttpConnection@32b975a0[p=HttpParser{s=START,0 of 0},g=HttpGenerator@59916f2e{s=START}]=>HttpChannelOverHttp@1b61caf2{r=0,c=false,a=IDLE,uri=null}<-SocketChannelEndPoint@303b7f16{/127.0.0.1:55865<->/127.0.0.1:8080,OPEN,fill=FI,flush=-,to=0/0}{io=0/0,kio=0,kro=0}->HttpConnection@32b975a0[p=HttpParser{s=START,0 of 0},g=HttpGenerator@59916f2e{s=START}]=>HttpChannelOverHttp@1b61caf2{r=0,c=false,a=IDLE,uri=null}}} register AC.ReadCB@32b975a0{HttpConnection@32b975a0[p=HttpParser{s=START,0 of 0},g=HttpGenerator@59916f2e{s=START}]=>HttpChannelOverHttp@1b61caf2{r=0,c=false,a=IDLE,uri=null}<-SocketChannelEndPoint@303b7f16{/127.0.0.1:55865<->/127.0.0.1:8080,OPEN,fill=FI,flush=-,to=0/0}{io=0/0,kio=0,kro=0}->HttpConnection@32b975a0[p=HttpParser{s=START,0 of 0},g=HttpGenerator@59916f2e{s=START}]=>HttpChannelOverHttp@1b61caf2{r=0,c=false,a=IDLE,uri=null}}
14:17:11.659 [jetty task-16] DEBUG org.eclipse.jetty.io.ChannelEndPoint - changeInterests p=false 0->1 for SocketChannelEndPoint@303b7f16{/127.0.0.1:55865<->/127.0.0.1:8080,OPEN,fill=FI,flush=-,to=0/0}{io=0/1,kio=0,kro=0}->HttpConnection@32b975a0[p=HttpParser{s=START,0 of 0},g=HttpGenerator@59916f2e{s=START}]=>HttpChannelOverHttp@1b61caf2{r=0,c=false,a=IDLE,uri=null}
14:17:11.660 [jetty task-16] DEBUG org.eclipse.jetty.io.ManagedSelector - Queued change CEP:SocketChannelEndPoint@303b7f16{/127.0.0.1:55865<->/127.0.0.1:8080,OPEN,fill=FI,flush=-,to=0/0}{io=0/1,kio=0,kro=0}->HttpConnection@32b975a0[p=HttpParser{s=START,0 of 0},g=HttpGenerator@59916f2e{s=START}]=>HttpChannelOverHttp@1b61caf2{r=0,c=false,a=IDLE,uri=null}:runUpdateKey:NON_BLOCKING on org.eclipse.jetty.io.ManagedSelector@584047b5 id=0 keys=3 selected=0
14:17:11.660 [jetty task-23] DEBUG org.eclipse.jetty.io.ManagedSelector - Selector loop woken up from select, 0/3 selected
14:17:11.660 [jetty task-16] DEBUG org.eclipse.jetty.io.ManagedSelector - Created SocketChannelEndPoint@303b7f16{/127.0.0.1:55865<->/127.0.0.1:8080,OPEN,fill=FI,flush=-,to=1/0}{io=0/1,kio=0,kro=0}->HttpConnection@32b975a0[p=HttpParser{s=START,0 of 0},g=HttpGenerator@59916f2e{s=START}]=>HttpChannelOverHttp@1b61caf2{r=0,c=false,a=IDLE,uri=null}
14:17:11.660 [jetty task-16] DEBUG org.eclipse.jetty.util.thread.strategy.ExecutingExecutionStrategy - EPC Prod/org.eclipse.jetty.io.ManagedSelector$SelectorProducer@6ec67bbc invoked org.eclipse.jetty.io.ManagedSelector$CreateEndPoint@a94ef73
14:17:11.660 [jetty task-16] DEBUG org.eclipse.jetty.util.thread.strategy.ExecuteProduceConsume - EPC Prod/org.eclipse.jetty.io.ManagedSelector$SelectorProducer@6ec67bbc ran org.eclipse.jetty.io.ManagedSelector$CreateEndPoint@a94ef73
14:17:11.660 [jetty task-23] DEBUG org.eclipse.jetty.io.ManagedSelector - Running action CEP:SocketChannelEndPoint@303b7f16{/127.0.0.1:55865<->/127.0.0.1:8080,OPEN,fill=FI,flush=-,to=1/0}{io=0/1,kio=0,kro=0}->HttpConnection@32b975a0[p=HttpParser{s=START,0 of 0},g=HttpGenerator@59916f2e{s=START}]=>HttpChannelOverHttp@1b61caf2{r=0,c=false,a=IDLE,uri=null}:runUpdateKey:NON_BLOCKING
14:17:11.660 [jetty task-16] DEBUG org.eclipse.jetty.util.thread.strategy.ExecuteProduceConsume - EPC Prod/org.eclipse.jetty.io.ManagedSelector$SelectorProducer@6ec67bbc produce exit
14:17:11.660 [jetty task-16] DEBUG org.eclipse.jetty.util.thread.QueuedThreadPool - ran EPC Prod/org.eclipse.jetty.io.ManagedSelector$SelectorProducer@6ec67bbc
14:17:11.660 [jetty task-23] DEBUG org.eclipse.jetty.io.ChannelEndPoint - Key interests updated 0 -> 1 on SocketChannelEndPoint@303b7f16{/127.0.0.1:55865<->/127.0.0.1:8080,OPEN,fill=FI,flush=-,to=1/0}{io=1/1,kio=1,kro=0}->HttpConnection@32b975a0[p=HttpParser{s=START,0 of 0},g=HttpGenerator@59916f2e{s=START}]=>HttpChannelOverHttp@1b61caf2{r=0,c=false,a=IDLE,uri=null}
14:17:11.660 [jetty task-23] DEBUG org.eclipse.jetty.io.ManagedSelector - Selector loop waiting on select
14:17:11.660 [jetty task-23] DEBUG org.eclipse.jetty.io.ManagedSelector - Selector loop woken up from select, 1/3 selected
14:17:11.660 [jetty task-23] DEBUG org.eclipse.jetty.io.ManagedSelector - selected sun.nio.ch.SelectionKeyImpl@e5149ec SocketChannelEndPoint@303b7f16{/127.0.0.1:55865<->/127.0.0.1:8080,OPEN,fill=FI,flush=-,to=1/0}{io=1/1,kio=1,kro=1}->HttpConnection@32b975a0[p=HttpParser{s=START,0 of 0},g=HttpGenerator@59916f2e{s=START}]=>HttpChannelOverHttp@1b61caf2{r=0,c=false,a=IDLE,uri=null} 
14:17:11.660 [jetty task-23] DEBUG org.eclipse.jetty.io.ChannelEndPoint - onSelected 1->0 r=true w=false for SocketChannelEndPoint@303b7f16{/127.0.0.1:55865<->/127.0.0.1:8080,OPEN,fill=FI,flush=-,to=1/0}{io=1/0,kio=1,kro=1}->HttpConnection@32b975a0[p=HttpParser{s=START,0 of 0},g=HttpGenerator@59916f2e{s=START}]=>HttpChannelOverHttp@1b61caf2{r=0,c=false,a=IDLE,uri=null}
14:17:11.660 [jetty task-23] DEBUG org.eclipse.jetty.io.ChannelEndPoint - task CEP:SocketChannelEndPoint@303b7f16{/127.0.0.1:55865<->/127.0.0.1:8080,OPEN,fill=FI,flush=-,to=1/0}{io=1/0,kio=1,kro=1}->HttpConnection@32b975a0[p=HttpParser{s=START,0 of 0},g=HttpGenerator@59916f2e{s=START}]=>HttpChannelOverHttp@1b61caf2{r=0,c=false,a=IDLE,uri=null}:runFillable:BLOCKING
14:17:11.660 [jetty task-23] DEBUG org.eclipse.jetty.util.thread.strategy.ExecuteProduceConsume - EPC Prod/org.eclipse.jetty.io.ManagedSelector$SelectorProducer@6ec67bbc produced CEP:SocketChannelEndPoint@303b7f16{/127.0.0.1:55865<->/127.0.0.1:8080,OPEN,fill=FI,flush=-,to=1/0}{io=1/0,kio=1,kro=1}->HttpConnection@32b975a0[p=HttpParser{s=START,0 of 0},g=HttpGenerator@59916f2e{s=START}]=>HttpChannelOverHttp@1b61caf2{r=0,c=false,a=IDLE,uri=null}:runFillable:BLOCKING
14:17:11.660 [jetty task-23] DEBUG org.eclipse.jetty.util.thread.strategy.ExecuteProduceConsume - EPC Pend/org.eclipse.jetty.io.ManagedSelector$SelectorProducer@6ec67bbc dispatch
14:17:11.660 [jetty task-23] DEBUG org.eclipse.jetty.util.thread.QueuedThreadPool - queue EPC Pend/org.eclipse.jetty.io.ManagedSelector$SelectorProducer@6ec67bbc
14:17:11.660 [jetty task-23] DEBUG org.eclipse.jetty.util.thread.strategy.ExecuteProduceConsume - EPC Pend/org.eclipse.jetty.io.ManagedSelector$SelectorProducer@6ec67bbc run CEP:SocketChannelEndPoint@303b7f16{/127.0.0.1:55865<->/127.0.0.1:8080,OPEN,fill=FI,flush=-,to=1/0}{io=1/0,kio=1,kro=1}->HttpConnection@32b975a0[p=HttpParser{s=START,0 of 0},g=HttpGenerator@59916f2e{s=START}]=>HttpChannelOverHttp@1b61caf2{r=0,c=false,a=IDLE,uri=null}:runFillable:BLOCKING
14:17:11.661 [jetty task-23] DEBUG org.eclipse.jetty.util.thread.strategy.ExecutingExecutionStrategy - EPC Pend/org.eclipse.jetty.io.ManagedSelector$SelectorProducer@6ec67bbc invoke  CEP:SocketChannelEndPoint@303b7f16{/127.0.0.1:55865<->/127.0.0.1:8080,OPEN,fill=FI,flush=-,to=2/0}{io=1/0,kio=1,kro=1}->HttpConnection@32b975a0[p=HttpParser{s=START,0 of 0},g=HttpGenerator@59916f2e{s=START}]=>HttpChannelOverHttp@1b61caf2{r=0,c=false,a=IDLE,uri=null}:runFillable:BLOCKING
14:17:11.661 [jetty task-23] DEBUG org.eclipse.jetty.io.FillInterest - FillInterest@4c3208b4{true,AC.ReadCB@32b975a0{HttpConnection@32b975a0[p=HttpParser{s=START,0 of 0},g=HttpGenerator@59916f2e{s=START}]=>HttpChannelOverHttp@1b61caf2{r=0,c=false,a=IDLE,uri=null}<-SocketChannelEndPoint@303b7f16{/127.0.0.1:55865<->/127.0.0.1:8080,OPEN,fill=FI,flush=-,to=2/0}{io=1/0,kio=1,kro=1}->HttpConnection@32b975a0[p=HttpParser{s=START,0 of 0},g=HttpGenerator@59916f2e{s=START}]=>HttpChannelOverHttp@1b61caf2{r=0,c=false,a=IDLE,uri=null}}} fillable AC.ReadCB@32b975a0{HttpConnection@32b975a0[p=HttpParser{s=START,0 of 0},g=HttpGenerator@59916f2e{s=START}]=>HttpChannelOverHttp@1b61caf2{r=0,c=false,a=IDLE,uri=null}<-SocketChannelEndPoint@303b7f16{/127.0.0.1:55865<->/127.0.0.1:8080,OPEN,fill=FI,flush=-,to=2/0}{io=1/0,kio=1,kro=1}->HttpConnection@32b975a0[p=HttpParser{s=START,0 of 0},g=HttpGenerator@59916f2e{s=START}]=>HttpChannelOverHttp@1b61caf2{r=0,c=false,a=IDLE,uri=null}}
14:17:11.661 [jetty task-22] DEBUG org.eclipse.jetty.util.thread.QueuedThreadPool - run EPC Pend/org.eclipse.jetty.io.ManagedSelector$SelectorProducer@6ec67bbc
14:17:11.661 [jetty task-22] DEBUG org.eclipse.jetty.util.thread.strategy.ExecuteProduceConsume - EPC Pend/org.eclipse.jetty.io.ManagedSelector$SelectorProducer@6ec67bbc run
14:17:11.661 [jetty task-22] DEBUG org.eclipse.jetty.util.thread.strategy.ExecuteProduceConsume - EPC Prod/org.eclipse.jetty.io.ManagedSelector$SelectorProducer@6ec67bbc produce enter
14:17:11.661 [jetty task-22] DEBUG org.eclipse.jetty.util.thread.strategy.ExecuteProduceConsume - EPC Prod/org.eclipse.jetty.io.ManagedSelector$SelectorProducer@6ec67bbc producing
14:17:11.661 [jetty task-23] DEBUG org.eclipse.jetty.server.HttpConnection - HttpConnection@32b975a0[p=HttpParser{s=START,0 of 0},g=HttpGenerator@59916f2e{s=START}]=>HttpChannelOverHttp@1b61caf2{r=0,c=false,a=IDLE,uri=null}<-SocketChannelEndPoint@303b7f16{/127.0.0.1:55865<->/127.0.0.1:8080,OPEN,fill=-,flush=-,to=2/0}{io=1/0,kio=1,kro=1}->HttpConnection@32b975a0[p=HttpParser{s=START,0 of 0},g=HttpGenerator@59916f2e{s=START}]=>HttpChannelOverHttp@1b61caf2{r=0,c=false,a=IDLE,uri=null} onFillable enter HttpChannelState@1ffbee5b{s=IDLE a=NOT_ASYNC i=true r=NONE/false w=false} null
14:17:11.661 [jetty task-22] DEBUG org.eclipse.jetty.io.ChannelEndPoint - Key interests updated 1 -> 0 on SocketChannelEndPoint@303b7f16{/127.0.0.1:55865<->/127.0.0.1:8080,OPEN,fill=-,flush=-,to=2/0}{io=0/0,kio=0,kro=1}->HttpConnection@32b975a0[p=HttpParser{s=START,0 of 0},g=HttpGenerator@59916f2e{s=START}]=>HttpChannelOverHttp@1b61caf2{r=0,c=false,a=IDLE,uri=null}
14:17:11.661 [jetty task-22] DEBUG org.eclipse.jetty.io.ManagedSelector - Selector loop waiting on select
14:17:11.661 [jetty task-23] DEBUG org.eclipse.jetty.io.ChannelEndPoint - filled 171 SocketChannelEndPoint@303b7f16{/127.0.0.1:55865<->/127.0.0.1:8080,OPEN,fill=-,flush=-,to=2/0}{io=0/0,kio=0,kro=1}->HttpConnection@32b975a0[p=HttpParser{s=START,0 of 0},g=HttpGenerator@59916f2e{s=START}]=>HttpChannelOverHttp@1b61caf2{r=0,c=false,a=IDLE,uri=null}
14:17:11.661 [jetty task-23] DEBUG org.eclipse.jetty.server.HttpConnection - HttpConnection@32b975a0[p=HttpParser{s=START,0 of 0},g=HttpGenerator@59916f2e{s=START}]=>HttpChannelOverHttp@1b61caf2{r=0,c=false,a=IDLE,uri=null}<-SocketChannelEndPoint@303b7f16{/127.0.0.1:55865<->/127.0.0.1:8080,OPEN,fill=-,flush=-,to=0/0}{io=0/0,kio=0,kro=1}->HttpConnection@32b975a0[p=HttpParser{s=START,0 of 0},g=HttpGenerator@59916f2e{s=START}]=>HttpChannelOverHttp@1b61caf2{r=0,c=false,a=IDLE,uri=null} filled 171 HeapByteBuffer@5a112485[p=0,l=171,c=8192,r=171]={<<<GET /balance/2 HT...zip,deflate\r\n\r\n>>>\r\nHost: localhost...\x00\x00\x00\x00\x00\x00\x00\x00\x00\x00\x00\x00\x00\x00\x00}
14:17:11.661 [jetty task-23] DEBUG org.eclipse.jetty.server.HttpConnection - HttpConnection@32b975a0[p=HttpParser{s=START,0 of 0},g=HttpGenerator@59916f2e{s=START}]=>HttpChannelOverHttp@1b61caf2{r=0,c=false,a=IDLE,uri=null}<-SocketChannelEndPoint@303b7f16{/127.0.0.1:55865<->/127.0.0.1:8080,OPEN,fill=-,flush=-,to=0/0}{io=0/0,kio=0,kro=1}->HttpConnection@32b975a0[p=HttpParser{s=START,0 of 0},g=HttpGenerator@59916f2e{s=START}]=>HttpChannelOverHttp@1b61caf2{r=0,c=false,a=IDLE,uri=null} parse HeapByteBuffer@5a112485[p=0,l=171,c=8192,r=171]={<<<GET /balance/2 HT...zip,deflate\r\n\r\n>>>\r\nHost: localhost...\x00\x00\x00\x00\x00\x00\x00\x00\x00\x00\x00\x00\x00\x00\x00} {}
14:17:11.661 [jetty task-23] DEBUG org.eclipse.jetty.http.HttpParser - parseNext s=START HeapByteBuffer@5a112485[p=0,l=171,c=8192,r=171]={<<<GET /balance/2 HT...zip,deflate\r\n\r\n>>>\r\nHost: localhost...\x00\x00\x00\x00\x00\x00\x00\x00\x00\x00\x00\x00\x00\x00\x00}
14:17:11.661 [jetty task-23] DEBUG org.eclipse.jetty.http.HttpParser - START --> SPACE1
14:17:11.662 [jetty task-23] DEBUG org.eclipse.jetty.http.HttpParser - SPACE1 --> URI
14:17:11.662 [jetty task-23] DEBUG org.eclipse.jetty.http.HttpParser - URI --> SPACE2
14:17:11.662 [jetty task-23] DEBUG org.eclipse.jetty.http.HttpParser - SPACE2 --> REQUEST_VERSION
14:17:11.662 [jetty task-23] DEBUG org.eclipse.jetty.http.HttpParser - REQUEST_VERSION --> HEADER
14:17:11.662 [jetty task-23] DEBUG org.eclipse.jetty.http.HttpParser - HEADER:Accept: */* --> IN_VALUE
14:17:11.662 [jetty task-23] DEBUG org.eclipse.jetty.http.HttpParser - HEADER:Accept: */* --> FIELD
14:17:11.662 [jetty task-23] DEBUG org.eclipse.jetty.http.HttpParser - HEADER:null --> VALUE
14:17:11.662 [jetty task-23] DEBUG org.eclipse.jetty.http.HttpParser - HEADER:null --> IN_VALUE
14:17:11.662 [jetty task-23] DEBUG org.eclipse.jetty.http.HttpParser - HEADER:null --> FIELD
14:17:11.662 [jetty task-23] DEBUG org.eclipse.jetty.http.HttpParser - HEADER:Connection: keep-alive --> IN_VALUE
14:17:11.662 [jetty task-23] DEBUG org.eclipse.jetty.http.HttpParser - HEADER:Connection: keep-alive --> FIELD
14:17:11.662 [jetty task-23] DEBUG org.eclipse.jetty.http.HttpParser - HEADER:null --> VALUE
14:17:11.662 [jetty task-23] DEBUG org.eclipse.jetty.http.HttpParser - HEADER:null --> IN_VALUE
14:17:11.662 [jetty task-23] DEBUG org.eclipse.jetty.http.HttpParser - HEADER:null --> FIELD
14:17:11.662 [jetty task-23] DEBUG org.eclipse.jetty.http.HttpParser - HEADER:null --> IN_VALUE
14:17:11.662 [jetty task-23] DEBUG org.eclipse.jetty.http.HttpParser - HEADER:null --> FIELD
14:17:11.662 [jetty task-23] DEBUG org.eclipse.jetty.http.HttpParser - HEADER --> END
14:17:11.662 [jetty task-23] DEBUG org.eclipse.jetty.server.HttpChannel - REQUEST for //localhost:8080/balance/2 on HttpChannelOverHttp@1b61caf2{r=1,c=false,a=IDLE,uri=//localhost:8080/balance/2}
GET //localhost:8080/balance/2 HTTP/1.1
Accept: */*
Host: localhost:8080
Connection: keep-alive
User-Agent: Apache-HttpClient/4.5.3 (Java/1.8.0_121)
Accept-Encoding: gzip,deflate


14:17:11.662 [jetty task-23] DEBUG org.eclipse.jetty.server.HttpChannel - HttpChannelOverHttp@1b61caf2{r=1,c=false,a=IDLE,uri=//localhost:8080/balance/2} onContentComplete
14:17:11.662 [jetty task-23] DEBUG org.eclipse.jetty.server.HttpChannel - HttpChannelOverHttp@1b61caf2{r=1,c=false,a=IDLE,uri=//localhost:8080/balance/2} onRequestComplete
14:17:11.662 [jetty task-23] DEBUG org.eclipse.jetty.server.HttpInput - HttpInputOverHTTP@7ed190be[c=0,q=0,[0]=null,s=STREAM] addContent EOF
14:17:11.662 [jetty task-23] DEBUG org.eclipse.jetty.server.HttpConnection - HttpConnection@32b975a0[p=HttpParser{s=END,0 of 0},g=HttpGenerator@59916f2e{s=START}]=>HttpChannelOverHttp@1b61caf2{r=1,c=false,a=IDLE,uri=//localhost:8080/balance/2}<-SocketChannelEndPoint@303b7f16{/127.0.0.1:55865<->/127.0.0.1:8080,OPEN,fill=-,flush=-,to=1/0}{io=0/0,kio=0,kro=1}->HttpConnection@32b975a0[p=HttpParser{s=END,0 of 0},g=HttpGenerator@59916f2e{s=START}]=>HttpChannelOverHttp@1b61caf2{r=1,c=false,a=IDLE,uri=//localhost:8080/balance/2} parsed true HttpParser{s=END,0 of 0}
14:17:11.662 [jetty task-23] DEBUG org.eclipse.jetty.server.HttpConnection - releaseRequestBuffer HttpConnection@32b975a0[p=HttpParser{s=END,0 of 0},g=HttpGenerator@59916f2e{s=START}]=>HttpChannelOverHttp@1b61caf2{r=1,c=false,a=IDLE,uri=//localhost:8080/balance/2}<-SocketChannelEndPoint@303b7f16{/127.0.0.1:55865<->/127.0.0.1:8080,OPEN,fill=-,flush=-,to=1/0}{io=0/0,kio=0,kro=1}->HttpConnection@32b975a0[p=HttpParser{s=END,0 of 0},g=HttpGenerator@59916f2e{s=START}]=>HttpChannelOverHttp@1b61caf2{r=1,c=false,a=IDLE,uri=//localhost:8080/balance/2}
14:17:11.662 [jetty task-23] DEBUG org.eclipse.jetty.server.HttpChannel - HttpChannelOverHttp@1b61caf2{r=1,c=false,a=IDLE,uri=//localhost:8080/balance/2} handle //localhost:8080/balance/2 
14:17:11.662 [jetty task-23] DEBUG org.eclipse.jetty.server.HttpChannelState - handling HttpChannelState@1ffbee5b{s=IDLE a=NOT_ASYNC i=true r=NONE/false w=false}
14:17:11.662 [jetty task-23] DEBUG org.eclipse.jetty.server.HttpChannel - HttpChannelOverHttp@1b61caf2{r=1,c=false,a=DISPATCHED,uri=//localhost:8080/balance/2} action DISPATCH
14:17:11.663 [jetty task-23] DEBUG org.eclipse.jetty.server.Server - REQUEST GET /balance/2 on HttpChannelOverHttp@1b61caf2{r=1,c=false,a=DISPATCHED,uri=//localhost:8080/balance/2}
14:17:11.663 [jetty task-23] DEBUG org.eclipse.jetty.server.handler.ContextHandler - scope null||/balance/2 @ o.e.j.s.h.ContextHandler@38453928{/,null,AVAILABLE}
14:17:11.663 [jetty task-23] DEBUG org.eclipse.jetty.server.handler.ContextHandler - context=||/balance/2 @ o.e.j.s.h.ContextHandler@38453928{/,null,AVAILABLE}
14:17:11.664 [jetty task-23] DEBUG org.eclipse.jetty.server.HttpOutput - sendContent(HeapByteBuffer@4bb6b3a7[p=0,l=4,c=4,r=4]={<<<5000>>>})
14:17:11.664 [jetty task-23] DEBUG org.eclipse.jetty.server.HttpChannel - sendResponse info=null content=HeapByteBuffer@4bb6b3a7[p=0,l=4,c=4,r=4]={<<<5000>>>} complete=true committing=true callback=Blocker@3b45fad4{null}
14:17:11.664 [jetty task-23] DEBUG org.eclipse.jetty.server.HttpChannel - COMMIT for /balance/2 on HttpChannelOverHttp@1b61caf2{r=1,c=true,a=DISPATCHED,uri=//localhost:8080/balance/2}
200 null HTTP/1.1
Content-Type: application/json;charset=utf-8
Content-Length: 4


14:17:11.664 [jetty task-23] DEBUG org.eclipse.jetty.server.HttpConnection - org.eclipse.jetty.server.HttpConnection$SendCallback@20bc9edd[PROCESSING][i=HTTP/1.1{s=200,h=2,cl=4},cb=org.eclipse.jetty.server.HttpChannel$CommitCallback@521aae14] generate: NEED_HEADER (null,[p=0,l=4,c=4,r=4],true)@START
14:17:11.665 [jetty task-23] DEBUG org.eclipse.jetty.http.HttpGenerator - generateHeaders HTTP/1.1{s=200,h=2,cl=4} last=true content=HeapByteBuffer@4bb6b3a7[p=0,l=4,c=4,r=4]={<<<5000>>>}
14:17:11.665 [jetty task-23] DEBUG org.eclipse.jetty.http.HttpGenerator - Content-Type: application/json;charset=utf-8
Content-Length: 4


14:17:11.665 [jetty task-23] DEBUG org.eclipse.jetty.http.HttpGenerator - CONTENT_LENGTH
14:17:11.665 [jetty task-23] DEBUG org.eclipse.jetty.server.HttpConnection - org.eclipse.jetty.server.HttpConnection$SendCallback@20bc9edd[PROCESSING][i=HTTP/1.1{s=200,h=2,cl=4},cb=org.eclipse.jetty.server.HttpChannel$CommitCallback@521aae14] generate: FLUSH ([p=0,l=84,c=8192,r=84],[p=0,l=4,c=4,r=4],true)@COMPLETING
14:17:11.665 [jetty task-23] DEBUG org.eclipse.jetty.io.WriteFlusher - write: WriteFlusher@2c4f147b{IDLE}->null [HeapByteBuffer@5a112485[p=0,l=84,c=8192,r=84]={<<<HTTP/1.1 200 OK\r\n...t-Length: 4\r\n\r\n>>>User-Agent: Apach...\x00\x00\x00\x00\x00\x00\x00\x00\x00\x00\x00\x00\x00\x00\x00},HeapByteBuffer@4bb6b3a7[p=0,l=4,c=4,r=4]={<<<5000>>>}]
14:17:11.665 [jetty task-23] DEBUG org.eclipse.jetty.io.WriteFlusher - update WriteFlusher@2c4f147b{WRITING}->null:IDLE-->WRITING
14:17:11.665 [jetty task-23] DEBUG org.eclipse.jetty.io.ChannelEndPoint - flushed 88 SocketChannelEndPoint@303b7f16{/127.0.0.1:55865<->/127.0.0.1:8080,OPEN,fill=-,flush=W,to=4/0}{io=0/0,kio=0,kro=1}->HttpConnection@32b975a0[p=HttpParser{s=END,0 of 0},g=HttpGenerator@59916f2e{s=COMPLETING}]=>HttpChannelOverHttp@1b61caf2{r=1,c=true,a=DISPATCHED,uri=//localhost:8080/balance/2}
14:17:11.665 [jetty task-23] DEBUG org.eclipse.jetty.io.WriteFlusher - Flushed=true 84/84+1 WriteFlusher@2c4f147b{WRITING}->null
14:17:11.665 [jetty task-23] DEBUG org.eclipse.jetty.io.WriteFlusher - update WriteFlusher@2c4f147b{IDLE}->null:WRITING-->IDLE
14:17:11.665 [jetty task-23] DEBUG org.eclipse.jetty.server.HttpConnection - org.eclipse.jetty.server.HttpConnection$SendCallback@20bc9edd[PROCESSING][i=HTTP/1.1{s=200,h=2,cl=4},cb=org.eclipse.jetty.server.HttpChannel$CommitCallback@521aae14] generate: DONE ([p=84,l=84,c=8192,r=0],[p=4,l=4,c=4,r=0],true)@END
14:17:11.665 [jetty task-23] DEBUG org.eclipse.jetty.server.Server - handled=true async=false committed=true on HttpChannelOverHttp@1b61caf2{r=1,c=true,a=DISPATCHED,uri=//localhost:8080/balance/2}
14:17:11.665 [jetty task-23] DEBUG org.eclipse.jetty.server.HttpChannelState - unhandle HttpChannelState@1ffbee5b{s=DISPATCHED a=NOT_ASYNC i=true r=NONE/false w=false}
14:17:11.665 [jetty task-23] DEBUG org.eclipse.jetty.server.HttpChannel - HttpChannelOverHttp@1b61caf2{r=1,c=true,a=COMPLETING,uri=//localhost:8080/balance/2} action COMPLETE
14:17:11.665 [jetty task-23] DEBUG org.eclipse.jetty.server.HttpChannelState - onComplete HttpChannelState@1ffbee5b{s=COMPLETING a=NOT_ASYNC i=false r=NONE/false w=false}
14:17:11.665 [jetty task-23] DEBUG org.eclipse.jetty.server.HttpChannel - COMPLETE for /balance/2 written=4
14:17:11.665 [jetty task-23] DEBUG org.eclipse.jetty.server.HttpChannelState - recycle HttpChannelState@1ffbee5b{s=COMPLETED a=NOT_ASYNC i=false r=NONE/false w=false}
14:17:11.665 [jetty task-23] DEBUG org.eclipse.jetty.http.HttpParser - reset HttpParser{s=END,0 of 0}
14:17:11.665 [jetty task-23] DEBUG org.eclipse.jetty.http.HttpParser - END --> START
14:17:11.665 [jetty task-23] DEBUG org.eclipse.jetty.server.HttpChannel - HttpChannelOverHttp@1b61caf2{r=1,c=false,a=IDLE,uri=null} handle exit, result COMPLETE
14:17:11.665 [jetty task-23] DEBUG org.eclipse.jetty.io.ChannelEndPoint - filled 0 SocketChannelEndPoint@303b7f16{/127.0.0.1:55865<->/127.0.0.1:8080,OPEN,fill=-,flush=-,to=0/0}{io=0/0,kio=0,kro=1}->HttpConnection@32b975a0[p=HttpParser{s=START,0 of -1},g=HttpGenerator@59916f2e{s=START}]=>HttpChannelOverHttp@1b61caf2{r=1,c=false,a=IDLE,uri=null}
14:17:11.666 [jetty task-23] DEBUG org.eclipse.jetty.io.ChannelEndPoint - filled 0 SocketChannelEndPoint@303b7f16{/127.0.0.1:55865<->/127.0.0.1:8080,OPEN,fill=-,flush=-,to=0/0}{io=0/0,kio=0,kro=1}->HttpConnection@32b975a0[p=HttpParser{s=START,0 of -1},g=HttpGenerator@59916f2e{s=START}]=>HttpChannelOverHttp@1b61caf2{r=1,c=false,a=IDLE,uri=null}
14:17:11.666 [jetty task-23] DEBUG org.eclipse.jetty.server.HttpConnection - HttpConnection@32b975a0[p=HttpParser{s=START,0 of -1},g=HttpGenerator@59916f2e{s=START}]=>HttpChannelOverHttp@1b61caf2{r=1,c=false,a=IDLE,uri=null}<-SocketChannelEndPoint@303b7f16{/127.0.0.1:55865<->/127.0.0.1:8080,OPEN,fill=-,flush=-,to=1/0}{io=0/0,kio=0,kro=1}->HttpConnection@32b975a0[p=HttpParser{s=START,0 of -1},g=HttpGenerator@59916f2e{s=START}]=>HttpChannelOverHttp@1b61caf2{r=1,c=false,a=IDLE,uri=null} filled 0 HeapByteBuffer@5a112485[p=0,l=0,c=8192,r=0]={<<<>>>HTTP/1.1 200 OK\r\n...\x00\x00\x00\x00\x00\x00\x00\x00\x00\x00\x00\x00\x00\x00\x00}
14:17:11.666 [jetty task-23] DEBUG org.eclipse.jetty.server.HttpConnection - HttpConnection@32b975a0[p=HttpParser{s=START,0 of -1},g=HttpGenerator@59916f2e{s=START}]=>HttpChannelOverHttp@1b61caf2{r=1,c=false,a=IDLE,uri=null}<-SocketChannelEndPoint@303b7f16{/127.0.0.1:55865<->/127.0.0.1:8080,OPEN,fill=-,flush=-,to=1/0}{io=0/0,kio=0,kro=1}->HttpConnection@32b975a0[p=HttpParser{s=START,0 of -1},g=HttpGenerator@59916f2e{s=START}]=>HttpChannelOverHttp@1b61caf2{r=1,c=false,a=IDLE,uri=null} parse HeapByteBuffer@5a112485[p=0,l=0,c=8192,r=0]={<<<>>>HTTP/1.1 200 OK\r\n...\x00\x00\x00\x00\x00\x00\x00\x00\x00\x00\x00\x00\x00\x00\x00} {}
14:17:11.666 [jetty task-23] DEBUG org.eclipse.jetty.http.HttpParser - parseNext s=START HeapByteBuffer@5a112485[p=0,l=0,c=8192,r=0]={<<<>>>HTTP/1.1 200 OK\r\n...\x00\x00\x00\x00\x00\x00\x00\x00\x00\x00\x00\x00\x00\x00\x00}
14:17:11.666 [jetty task-23] DEBUG org.eclipse.jetty.server.HttpConnection - HttpConnection@32b975a0[p=HttpParser{s=START,0 of -1},g=HttpGenerator@59916f2e{s=START}]=>HttpChannelOverHttp@1b61caf2{r=1,c=false,a=IDLE,uri=null}<-SocketChannelEndPoint@303b7f16{/127.0.0.1:55865<->/127.0.0.1:8080,OPEN,fill=-,flush=-,to=1/0}{io=0/0,kio=0,kro=1}->HttpConnection@32b975a0[p=HttpParser{s=START,0 of -1},g=HttpGenerator@59916f2e{s=START}]=>HttpChannelOverHttp@1b61caf2{r=1,c=false,a=IDLE,uri=null} parsed false HttpParser{s=START,0 of -1}
14:17:11.666 [jetty task-23] DEBUG org.eclipse.jetty.server.HttpConnection - releaseRequestBuffer HttpConnection@32b975a0[p=HttpParser{s=START,0 of -1},g=HttpGenerator@59916f2e{s=START}]=>HttpChannelOverHttp@1b61caf2{r=1,c=false,a=IDLE,uri=null}<-SocketChannelEndPoint@303b7f16{/127.0.0.1:55865<->/127.0.0.1:8080,OPEN,fill=-,flush=-,to=1/0}{io=0/0,kio=0,kro=1}->HttpConnection@32b975a0[p=HttpParser{s=START,0 of -1},g=HttpGenerator@59916f2e{s=START}]=>HttpChannelOverHttp@1b61caf2{r=1,c=false,a=IDLE,uri=null}
14:17:11.666 [jetty task-23] DEBUG org.eclipse.jetty.io.AbstractConnection - fillInterested HttpConnection@32b975a0[p=HttpParser{s=START,0 of -1},g=HttpGenerator@59916f2e{s=START}]=>HttpChannelOverHttp@1b61caf2{r=1,c=false,a=IDLE,uri=null}<-SocketChannelEndPoint@303b7f16{/127.0.0.1:55865<->/127.0.0.1:8080,OPEN,fill=-,flush=-,to=1/0}{io=0/0,kio=0,kro=1}->HttpConnection@32b975a0[p=HttpParser{s=START,0 of -1},g=HttpGenerator@59916f2e{s=START}]=>HttpChannelOverHttp@1b61caf2{r=1,c=false,a=IDLE,uri=null}
14:17:11.667 [jetty task-23] DEBUG org.eclipse.jetty.io.FillInterest - FillInterest@4c3208b4{true,AC.ReadCB@32b975a0{HttpConnection@32b975a0[p=HttpParser{s=START,0 of -1},g=HttpGenerator@59916f2e{s=START}]=>HttpChannelOverHttp@1b61caf2{r=1,c=false,a=IDLE,uri=null}<-SocketChannelEndPoint@303b7f16{/127.0.0.1:55865<->/127.0.0.1:8080,OPEN,fill=FI,flush=-,to=0/0}{io=0/0,kio=0,kro=1}->HttpConnection@32b975a0[p=HttpParser{s=START,0 of -1},g=HttpGenerator@59916f2e{s=START}]=>HttpChannelOverHttp@1b61caf2{r=1,c=false,a=IDLE,uri=null}}} register AC.ReadCB@32b975a0{HttpConnection@32b975a0[p=HttpParser{s=START,0 of -1},g=HttpGenerator@59916f2e{s=START}]=>HttpChannelOverHttp@1b61caf2{r=1,c=false,a=IDLE,uri=null}<-SocketChannelEndPoint@303b7f16{/127.0.0.1:55865<->/127.0.0.1:8080,OPEN,fill=FI,flush=-,to=1/0}{io=0/0,kio=0,kro=1}->HttpConnection@32b975a0[p=HttpParser{s=START,0 of -1},g=HttpGenerator@59916f2e{s=START}]=>HttpChannelOverHttp@1b61caf2{r=1,c=false,a=IDLE,uri=null}}
14:17:11.667 [jetty task-23] DEBUG org.eclipse.jetty.io.ChannelEndPoint - changeInterests p=false 0->1 for SocketChannelEndPoint@303b7f16{/127.0.0.1:55865<->/127.0.0.1:8080,OPEN,fill=FI,flush=-,to=1/0}{io=0/1,kio=0,kro=1}->HttpConnection@32b975a0[p=HttpParser{s=START,0 of -1},g=HttpGenerator@59916f2e{s=START}]=>HttpChannelOverHttp@1b61caf2{r=1,c=false,a=IDLE,uri=null}
14:17:11.667 [jetty task-23] DEBUG org.eclipse.jetty.io.ManagedSelector - Queued change CEP:SocketChannelEndPoint@303b7f16{/127.0.0.1:55865<->/127.0.0.1:8080,OPEN,fill=FI,flush=-,to=1/0}{io=0/1,kio=0,kro=1}->HttpConnection@32b975a0[p=HttpParser{s=START,0 of -1},g=HttpGenerator@59916f2e{s=START}]=>HttpChannelOverHttp@1b61caf2{r=1,c=false,a=IDLE,uri=null}:runUpdateKey:NON_BLOCKING on org.eclipse.jetty.io.ManagedSelector@584047b5 id=0 keys=3 selected=0
14:17:11.667 [jetty task-23] DEBUG org.eclipse.jetty.server.HttpConnection - HttpConnection@32b975a0[p=HttpParser{s=START,0 of -1},g=HttpGenerator@59916f2e{s=START}]=>HttpChannelOverHttp@1b61caf2{r=1,c=false,a=IDLE,uri=null}<-SocketChannelEndPoint@303b7f16{/127.0.0.1:55865<->/127.0.0.1:8080,OPEN,fill=FI,flush=-,to=1/0}{io=0/1,kio=0,kro=1}->HttpConnection@32b975a0[p=HttpParser{s=START,0 of -1},g=HttpGenerator@59916f2e{s=START}]=>HttpChannelOverHttp@1b61caf2{r=1,c=false,a=IDLE,uri=null} onFillable exit HttpChannelState@1ffbee5b{s=IDLE a=NOT_ASYNC i=true r=NONE/false w=false} null
14:17:11.668 [jetty task-23] DEBUG org.eclipse.jetty.util.thread.strategy.ExecutingExecutionStrategy - EPC Prod/org.eclipse.jetty.io.ManagedSelector$SelectorProducer@6ec67bbc invoked CEP:SocketChannelEndPoint@303b7f16{/127.0.0.1:55865<->/127.0.0.1:8080,OPEN,fill=FI,flush=-,to=1/0}{io=0/1,kio=0,kro=1}->HttpConnection@32b975a0[p=HttpParser{s=START,0 of -1},g=HttpGenerator@59916f2e{s=START}]=>HttpChannelOverHttp@1b61caf2{r=1,c=false,a=IDLE,uri=null}:runFillable:BLOCKING
14:17:11.668 [jetty task-23] DEBUG org.eclipse.jetty.util.thread.strategy.ExecuteProduceConsume - EPC Prod/org.eclipse.jetty.io.ManagedSelector$SelectorProducer@6ec67bbc ran CEP:SocketChannelEndPoint@303b7f16{/127.0.0.1:55865<->/127.0.0.1:8080,OPEN,fill=FI,flush=-,to=2/0}{io=0/1,kio=0,kro=1}->HttpConnection@32b975a0[p=HttpParser{s=START,0 of -1},g=HttpGenerator@59916f2e{s=START}]=>HttpChannelOverHttp@1b61caf2{r=1,c=false,a=IDLE,uri=null}:runFillable:BLOCKING
14:17:11.668 [jetty task-23] DEBUG org.eclipse.jetty.util.thread.strategy.ExecuteProduceConsume - EPC Prod/org.eclipse.jetty.io.ManagedSelector$SelectorProducer@6ec67bbc produce exit
14:17:11.668 [jetty task-23] DEBUG org.eclipse.jetty.util.thread.QueuedThreadPool - ran EPC Prod/org.eclipse.jetty.io.ManagedSelector$SelectorProducer@6ec67bbc
14:17:11.669 [jetty task-22] DEBUG org.eclipse.jetty.io.ManagedSelector - Selector loop woken up from select, 0/3 selected
14:17:11.670 [jetty task-22] DEBUG org.eclipse.jetty.io.ManagedSelector - Running action CEP:SocketChannelEndPoint@303b7f16{/127.0.0.1:55865<->/127.0.0.1:8080,OPEN,fill=FI,flush=-,to=3/0}{io=0/1,kio=0,kro=1}->HttpConnection@32b975a0[p=HttpParser{s=START,0 of -1},g=HttpGenerator@59916f2e{s=START}]=>HttpChannelOverHttp@1b61caf2{r=1,c=false,a=IDLE,uri=null}:runUpdateKey:NON_BLOCKING
14:17:11.670 [jetty task-22] DEBUG org.eclipse.jetty.io.ChannelEndPoint - Key interests updated 0 -> 1 on SocketChannelEndPoint@303b7f16{/127.0.0.1:55865<->/127.0.0.1:8080,OPEN,fill=FI,flush=-,to=4/0}{io=1/1,kio=1,kro=1}->HttpConnection@32b975a0[p=HttpParser{s=START,0 of -1},g=HttpGenerator@59916f2e{s=START}]=>HttpChannelOverHttp@1b61caf2{r=1,c=false,a=IDLE,uri=null}
14:17:11.670 [jetty task-22] DEBUG org.eclipse.jetty.io.ManagedSelector - Selector loop waiting on select
14:17:11.679 [jetty task-20-acceptor-0@78b9b1c-ServerConnector@53bd4614{HTTP/1.1,[http/1.1]}{localhost:8080}] DEBUG org.eclipse.jetty.io.ManagedSelector - Queued change org.eclipse.jetty.io.ManagedSelector$Accept@196b13cb on org.eclipse.jetty.io.ManagedSelector@3803d43d id=1 keys=4 selected=0
14:17:11.679 [jetty task-18] DEBUG org.eclipse.jetty.io.ManagedSelector - Selector loop woken up from select, 0/4 selected
14:17:11.679 [jetty task-18] DEBUG org.eclipse.jetty.io.ManagedSelector - Running action org.eclipse.jetty.io.ManagedSelector$Accept@196b13cb
14:17:11.679 [jetty task-18] DEBUG org.eclipse.jetty.io.ManagedSelector - Queued change org.eclipse.jetty.io.ManagedSelector$CreateEndPoint@4089c75c on org.eclipse.jetty.io.ManagedSelector@3803d43d id=1 keys=5 selected=0
14:17:11.679 [jetty task-18] DEBUG org.eclipse.jetty.util.thread.strategy.ExecuteProduceConsume - EPC Prod/org.eclipse.jetty.io.ManagedSelector$SelectorProducer@6f90d7cf produced org.eclipse.jetty.io.ManagedSelector$CreateEndPoint@4089c75c
14:17:11.679 [jetty task-18] DEBUG org.eclipse.jetty.util.thread.strategy.ExecuteProduceConsume - EPC Pend/org.eclipse.jetty.io.ManagedSelector$SelectorProducer@6f90d7cf dispatch
14:17:11.679 [jetty task-18] DEBUG org.eclipse.jetty.util.thread.QueuedThreadPool - queue EPC Pend/org.eclipse.jetty.io.ManagedSelector$SelectorProducer@6f90d7cf
14:17:11.679 [jetty task-18] DEBUG org.eclipse.jetty.util.thread.strategy.ExecuteProduceConsume - EPC Pend/org.eclipse.jetty.io.ManagedSelector$SelectorProducer@6f90d7cf run org.eclipse.jetty.io.ManagedSelector$CreateEndPoint@4089c75c
14:17:11.679 [jetty task-18] DEBUG org.eclipse.jetty.util.thread.strategy.ExecutingExecutionStrategy - EPC Pend/org.eclipse.jetty.io.ManagedSelector$SelectorProducer@6f90d7cf invoke  org.eclipse.jetty.io.ManagedSelector$CreateEndPoint@4089c75c
14:17:11.679 [jetty task-18] DEBUG org.eclipse.jetty.io.AbstractEndPoint - onOpen SocketChannelEndPoint@121ac592{/127.0.0.1:55866<->/127.0.0.1:8080,OPEN,fill=-,flush=-,to=0/0}{io=0/0,kio=0,kro=0}-><null>
14:17:11.679 [jetty task-18] DEBUG org.eclipse.jetty.server.HttpChannel - new HttpChannelOverHttp@469948cc{r=0,c=false,a=IDLE,uri=null} -> SocketChannelEndPoint@121ac592{/127.0.0.1:55866<->/127.0.0.1:8080,OPEN,fill=-,flush=-,to=0/0}{io=0/0,kio=0,kro=0}-><null>,null,HttpChannelState@afee0fa{s=IDLE a=NOT_ASYNC i=true r=NONE/false w=false}
14:17:11.679 [jetty task-18] DEBUG org.eclipse.jetty.server.HttpConnection - New HTTP Connection HttpConnection@4c365de[p=HttpParser{s=START,0 of 0},g=HttpGenerator@40b10681{s=START}]=>HttpChannelOverHttp@469948cc{r=0,c=false,a=IDLE,uri=null}<-SocketChannelEndPoint@121ac592{/127.0.0.1:55866<->/127.0.0.1:8080,OPEN,fill=-,flush=-,to=0/0}{io=0/0,kio=0,kro=0}-><null>
14:17:11.679 [jetty task-18] DEBUG org.eclipse.jetty.io.AbstractConnection - onOpen HttpConnection@4c365de[p=HttpParser{s=START,0 of 0},g=HttpGenerator@40b10681{s=START}]=>HttpChannelOverHttp@469948cc{r=0,c=false,a=IDLE,uri=null}<-SocketChannelEndPoint@121ac592{/127.0.0.1:55866<->/127.0.0.1:8080,OPEN,fill=-,flush=-,to=0/0}{io=0/0,kio=0,kro=0}->HttpConnection@4c365de[p=HttpParser{s=START,0 of 0},g=HttpGenerator@40b10681{s=START}]=>HttpChannelOverHttp@469948cc{r=0,c=false,a=IDLE,uri=null}
14:17:11.680 [jetty task-18] DEBUG org.eclipse.jetty.io.AbstractConnection - fillInterested HttpConnection@4c365de[p=HttpParser{s=START,0 of 0},g=HttpGenerator@40b10681{s=START}]=>HttpChannelOverHttp@469948cc{r=0,c=false,a=IDLE,uri=null}<-SocketChannelEndPoint@121ac592{/127.0.0.1:55866<->/127.0.0.1:8080,OPEN,fill=-,flush=-,to=1/0}{io=0/0,kio=0,kro=0}->HttpConnection@4c365de[p=HttpParser{s=START,0 of 0},g=HttpGenerator@40b10681{s=START}]=>HttpChannelOverHttp@469948cc{r=0,c=false,a=IDLE,uri=null}
14:17:11.680 [jetty task-18] DEBUG org.eclipse.jetty.io.FillInterest - FillInterest@4ce2f973{true,AC.ReadCB@4c365de{HttpConnection@4c365de[p=HttpParser{s=START,0 of 0},g=HttpGenerator@40b10681{s=START}]=>HttpChannelOverHttp@469948cc{r=0,c=false,a=IDLE,uri=null}<-SocketChannelEndPoint@121ac592{/127.0.0.1:55866<->/127.0.0.1:8080,OPEN,fill=FI,flush=-,to=0/0}{io=0/0,kio=0,kro=0}->HttpConnection@4c365de[p=HttpParser{s=START,0 of 0},g=HttpGenerator@40b10681{s=START}]=>HttpChannelOverHttp@469948cc{r=0,c=false,a=IDLE,uri=null}}} register AC.ReadCB@4c365de{HttpConnection@4c365de[p=HttpParser{s=START,0 of 0},g=HttpGenerator@40b10681{s=START}]=>HttpChannelOverHttp@469948cc{r=0,c=false,a=IDLE,uri=null}<-SocketChannelEndPoint@121ac592{/127.0.0.1:55866<->/127.0.0.1:8080,OPEN,fill=FI,flush=-,to=0/0}{io=0/0,kio=0,kro=0}->HttpConnection@4c365de[p=HttpParser{s=START,0 of 0},g=HttpGenerator@40b10681{s=START}]=>HttpChannelOverHttp@469948cc{r=0,c=false,a=IDLE,uri=null}}
14:17:11.680 [jetty task-18] DEBUG org.eclipse.jetty.io.ChannelEndPoint - changeInterests p=false 0->1 for SocketChannelEndPoint@121ac592{/127.0.0.1:55866<->/127.0.0.1:8080,OPEN,fill=FI,flush=-,to=0/0}{io=0/1,kio=0,kro=0}->HttpConnection@4c365de[p=HttpParser{s=START,0 of 0},g=HttpGenerator@40b10681{s=START}]=>HttpChannelOverHttp@469948cc{r=0,c=false,a=IDLE,uri=null}
14:17:11.680 [jetty task-18] DEBUG org.eclipse.jetty.io.ManagedSelector - Queued change CEP:SocketChannelEndPoint@121ac592{/127.0.0.1:55866<->/127.0.0.1:8080,OPEN,fill=FI,flush=-,to=0/0}{io=0/1,kio=0,kro=0}->HttpConnection@4c365de[p=HttpParser{s=START,0 of 0},g=HttpGenerator@40b10681{s=START}]=>HttpChannelOverHttp@469948cc{r=0,c=false,a=IDLE,uri=null}:runUpdateKey:NON_BLOCKING on org.eclipse.jetty.io.ManagedSelector@3803d43d id=1 keys=5 selected=0
14:17:11.680 [jetty task-18] DEBUG org.eclipse.jetty.io.ManagedSelector - Created SocketChannelEndPoint@121ac592{/127.0.0.1:55866<->/127.0.0.1:8080,OPEN,fill=FI,flush=-,to=0/0}{io=0/1,kio=0,kro=0}->HttpConnection@4c365de[p=HttpParser{s=START,0 of 0},g=HttpGenerator@40b10681{s=START}]=>HttpChannelOverHttp@469948cc{r=0,c=false,a=IDLE,uri=null}
14:17:11.680 [jetty task-18] DEBUG org.eclipse.jetty.util.thread.strategy.ExecutingExecutionStrategy - EPC Pend/org.eclipse.jetty.io.ManagedSelector$SelectorProducer@6f90d7cf invoked org.eclipse.jetty.io.ManagedSelector$CreateEndPoint@4089c75c
14:17:11.680 [jetty task-18] DEBUG org.eclipse.jetty.util.thread.strategy.ExecuteProduceConsume - EPC Pend/org.eclipse.jetty.io.ManagedSelector$SelectorProducer@6f90d7cf ran org.eclipse.jetty.io.ManagedSelector$CreateEndPoint@4089c75c
14:17:11.680 [jetty task-18] DEBUG org.eclipse.jetty.util.thread.strategy.ExecuteProduceConsume - EPC Prod/Pend/org.eclipse.jetty.io.ManagedSelector$SelectorProducer@6f90d7cf producing
14:17:11.680 [jetty task-18] DEBUG org.eclipse.jetty.io.ManagedSelector - Running action CEP:SocketChannelEndPoint@121ac592{/127.0.0.1:55866<->/127.0.0.1:8080,OPEN,fill=FI,flush=-,to=0/0}{io=0/1,kio=0,kro=0}->HttpConnection@4c365de[p=HttpParser{s=START,0 of 0},g=HttpGenerator@40b10681{s=START}]=>HttpChannelOverHttp@469948cc{r=0,c=false,a=IDLE,uri=null}:runUpdateKey:NON_BLOCKING
14:17:11.681 [jetty task-18] DEBUG org.eclipse.jetty.io.ChannelEndPoint - Key interests updated 0 -> 1 on SocketChannelEndPoint@121ac592{/127.0.0.1:55866<->/127.0.0.1:8080,OPEN,fill=FI,flush=-,to=0/0}{io=1/1,kio=1,kro=0}->HttpConnection@4c365de[p=HttpParser{s=START,0 of 0},g=HttpGenerator@40b10681{s=START}]=>HttpChannelOverHttp@469948cc{r=0,c=false,a=IDLE,uri=null}
14:17:11.681 [jetty task-18] DEBUG org.eclipse.jetty.io.ManagedSelector - Selector loop waiting on select
14:17:11.681 [jetty task-18] DEBUG org.eclipse.jetty.io.ManagedSelector - Selector loop woken up from select, 1/5 selected
14:17:11.681 [jetty task-18] DEBUG org.eclipse.jetty.io.ManagedSelector - selected sun.nio.ch.SelectionKeyImpl@6f747bee SocketChannelEndPoint@121ac592{/127.0.0.1:55866<->/127.0.0.1:8080,OPEN,fill=FI,flush=-,to=1/0}{io=1/1,kio=1,kro=1}->HttpConnection@4c365de[p=HttpParser{s=START,0 of 0},g=HttpGenerator@40b10681{s=START}]=>HttpChannelOverHttp@469948cc{r=0,c=false,a=IDLE,uri=null} 
14:17:11.681 [jetty task-16] DEBUG org.eclipse.jetty.util.thread.QueuedThreadPool - run EPC Prod/Pend/org.eclipse.jetty.io.ManagedSelector$SelectorProducer@6f90d7cf
14:17:11.681 [jetty task-16] DEBUG org.eclipse.jetty.util.thread.strategy.ExecuteProduceConsume - EPC Prod/Pend/org.eclipse.jetty.io.ManagedSelector$SelectorProducer@6f90d7cf run
14:17:11.681 [jetty task-16] DEBUG org.eclipse.jetty.util.thread.QueuedThreadPool - ran EPC Prod/org.eclipse.jetty.io.ManagedSelector$SelectorProducer@6f90d7cf
14:17:11.681 [jetty task-18] DEBUG org.eclipse.jetty.io.ChannelEndPoint - onSelected 1->0 r=true w=false for SocketChannelEndPoint@121ac592{/127.0.0.1:55866<->/127.0.0.1:8080,OPEN,fill=FI,flush=-,to=1/0}{io=1/0,kio=1,kro=1}->HttpConnection@4c365de[p=HttpParser{s=START,0 of 0},g=HttpGenerator@40b10681{s=START}]=>HttpChannelOverHttp@469948cc{r=0,c=false,a=IDLE,uri=null}
14:17:11.681 [jetty task-18] DEBUG org.eclipse.jetty.io.ChannelEndPoint - task CEP:SocketChannelEndPoint@121ac592{/127.0.0.1:55866<->/127.0.0.1:8080,OPEN,fill=FI,flush=-,to=1/0}{io=1/0,kio=1,kro=1}->HttpConnection@4c365de[p=HttpParser{s=START,0 of 0},g=HttpGenerator@40b10681{s=START}]=>HttpChannelOverHttp@469948cc{r=0,c=false,a=IDLE,uri=null}:runFillable:BLOCKING
14:17:11.681 [jetty task-18] DEBUG org.eclipse.jetty.util.thread.strategy.ExecuteProduceConsume - EPC Prod/org.eclipse.jetty.io.ManagedSelector$SelectorProducer@6f90d7cf produced CEP:SocketChannelEndPoint@121ac592{/127.0.0.1:55866<->/127.0.0.1:8080,OPEN,fill=FI,flush=-,to=1/0}{io=1/0,kio=1,kro=1}->HttpConnection@4c365de[p=HttpParser{s=START,0 of 0},g=HttpGenerator@40b10681{s=START}]=>HttpChannelOverHttp@469948cc{r=0,c=false,a=IDLE,uri=null}:runFillable:BLOCKING
14:17:11.681 [jetty task-18] DEBUG org.eclipse.jetty.util.thread.strategy.ExecuteProduceConsume - EPC Pend/org.eclipse.jetty.io.ManagedSelector$SelectorProducer@6f90d7cf dispatch
14:17:11.681 [jetty task-18] DEBUG org.eclipse.jetty.util.thread.QueuedThreadPool - queue EPC Pend/org.eclipse.jetty.io.ManagedSelector$SelectorProducer@6f90d7cf
14:17:11.681 [jetty task-18] DEBUG org.eclipse.jetty.util.thread.strategy.ExecuteProduceConsume - EPC Pend/org.eclipse.jetty.io.ManagedSelector$SelectorProducer@6f90d7cf run CEP:SocketChannelEndPoint@121ac592{/127.0.0.1:55866<->/127.0.0.1:8080,OPEN,fill=FI,flush=-,to=1/0}{io=1/0,kio=1,kro=1}->HttpConnection@4c365de[p=HttpParser{s=START,0 of 0},g=HttpGenerator@40b10681{s=START}]=>HttpChannelOverHttp@469948cc{r=0,c=false,a=IDLE,uri=null}:runFillable:BLOCKING
14:17:11.681 [jetty task-18] DEBUG org.eclipse.jetty.util.thread.strategy.ExecutingExecutionStrategy - EPC Pend/org.eclipse.jetty.io.ManagedSelector$SelectorProducer@6f90d7cf invoke  CEP:SocketChannelEndPoint@121ac592{/127.0.0.1:55866<->/127.0.0.1:8080,OPEN,fill=FI,flush=-,to=1/0}{io=1/0,kio=1,kro=1}->HttpConnection@4c365de[p=HttpParser{s=START,0 of 0},g=HttpGenerator@40b10681{s=START}]=>HttpChannelOverHttp@469948cc{r=0,c=false,a=IDLE,uri=null}:runFillable:BLOCKING
14:17:11.682 [jetty task-23] DEBUG org.eclipse.jetty.util.thread.QueuedThreadPool - run EPC Pend/org.eclipse.jetty.io.ManagedSelector$SelectorProducer@6f90d7cf
14:17:11.682 [jetty task-18] DEBUG org.eclipse.jetty.io.FillInterest - FillInterest@4ce2f973{true,AC.ReadCB@4c365de{HttpConnection@4c365de[p=HttpParser{s=START,0 of 0},g=HttpGenerator@40b10681{s=START}]=>HttpChannelOverHttp@469948cc{r=0,c=false,a=IDLE,uri=null}<-SocketChannelEndPoint@121ac592{/127.0.0.1:55866<->/127.0.0.1:8080,OPEN,fill=FI,flush=-,to=1/0}{io=1/0,kio=1,kro=1}->HttpConnection@4c365de[p=HttpParser{s=START,0 of 0},g=HttpGenerator@40b10681{s=START}]=>HttpChannelOverHttp@469948cc{r=0,c=false,a=IDLE,uri=null}}} fillable AC.ReadCB@4c365de{HttpConnection@4c365de[p=HttpParser{s=START,0 of 0},g=HttpGenerator@40b10681{s=START}]=>HttpChannelOverHttp@469948cc{r=0,c=false,a=IDLE,uri=null}<-SocketChannelEndPoint@121ac592{/127.0.0.1:55866<->/127.0.0.1:8080,OPEN,fill=FI,flush=-,to=1/0}{io=1/0,kio=1,kro=1}->HttpConnection@4c365de[p=HttpParser{s=START,0 of 0},g=HttpGenerator@40b10681{s=START}]=>HttpChannelOverHttp@469948cc{r=0,c=false,a=IDLE,uri=null}}
14:17:11.682 [jetty task-23] DEBUG org.eclipse.jetty.util.thread.strategy.ExecuteProduceConsume - EPC Pend/org.eclipse.jetty.io.ManagedSelector$SelectorProducer@6f90d7cf run
14:17:11.682 [jetty task-23] DEBUG org.eclipse.jetty.util.thread.strategy.ExecuteProduceConsume - EPC Prod/org.eclipse.jetty.io.ManagedSelector$SelectorProducer@6f90d7cf produce enter
14:17:11.682 [jetty task-23] DEBUG org.eclipse.jetty.util.thread.strategy.ExecuteProduceConsume - EPC Prod/org.eclipse.jetty.io.ManagedSelector$SelectorProducer@6f90d7cf producing
14:17:11.682 [jetty task-18] DEBUG org.eclipse.jetty.server.HttpConnection - HttpConnection@4c365de[p=HttpParser{s=START,0 of 0},g=HttpGenerator@40b10681{s=START}]=>HttpChannelOverHttp@469948cc{r=0,c=false,a=IDLE,uri=null}<-SocketChannelEndPoint@121ac592{/127.0.0.1:55866<->/127.0.0.1:8080,OPEN,fill=-,flush=-,to=2/0}{io=1/0,kio=1,kro=1}->HttpConnection@4c365de[p=HttpParser{s=START,0 of 0},g=HttpGenerator@40b10681{s=START}]=>HttpChannelOverHttp@469948cc{r=0,c=false,a=IDLE,uri=null} onFillable enter HttpChannelState@afee0fa{s=IDLE a=NOT_ASYNC i=true r=NONE/false w=false} null
14:17:11.682 [jetty task-23] DEBUG org.eclipse.jetty.io.ChannelEndPoint - Key interests updated 1 -> 0 on SocketChannelEndPoint@121ac592{/127.0.0.1:55866<->/127.0.0.1:8080,OPEN,fill=-,flush=-,to=2/0}{io=0/0,kio=0,kro=1}->HttpConnection@4c365de[p=HttpParser{s=START,0 of 0},g=HttpGenerator@40b10681{s=START}]=>HttpChannelOverHttp@469948cc{r=0,c=false,a=IDLE,uri=null}
14:17:11.682 [jetty task-23] DEBUG org.eclipse.jetty.io.ManagedSelector - Selector loop waiting on select
14:17:11.682 [jetty task-18] DEBUG org.eclipse.jetty.io.ChannelEndPoint - filled 358 SocketChannelEndPoint@121ac592{/127.0.0.1:55866<->/127.0.0.1:8080,OPEN,fill=-,flush=-,to=2/0}{io=0/0,kio=0,kro=1}->HttpConnection@4c365de[p=HttpParser{s=START,0 of 0},g=HttpGenerator@40b10681{s=START}]=>HttpChannelOverHttp@469948cc{r=0,c=false,a=IDLE,uri=null}
14:17:11.682 [jetty task-18] DEBUG org.eclipse.jetty.server.HttpConnection - HttpConnection@4c365de[p=HttpParser{s=START,0 of 0},g=HttpGenerator@40b10681{s=START}]=>HttpChannelOverHttp@469948cc{r=0,c=false,a=IDLE,uri=null}<-SocketChannelEndPoint@121ac592{/127.0.0.1:55866<->/127.0.0.1:8080,OPEN,fill=-,flush=-,to=0/0}{io=0/0,kio=0,kro=1}->HttpConnection@4c365de[p=HttpParser{s=START,0 of 0},g=HttpGenerator@40b10681{s=START}]=>HttpChannelOverHttp@469948cc{r=0,c=false,a=IDLE,uri=null} filled 358 HeapByteBuffer@5a112485[p=0,l=358,c=8192,r=358]={<<<POST /transaction...2,"amount":100}>>>0}\x00\x00\x00\x00\x00\x00\x00\x00\x00\x00\x00\x00\x00\x00\x00...\x00\x00\x00\x00\x00\x00\x00\x00\x00\x00\x00\x00\x00\x00\x00}
14:17:11.682 [jetty task-18] DEBUG org.eclipse.jetty.server.HttpConnection - HttpConnection@4c365de[p=HttpParser{s=START,0 of 0},g=HttpGenerator@40b10681{s=START}]=>HttpChannelOverHttp@469948cc{r=0,c=false,a=IDLE,uri=null}<-SocketChannelEndPoint@121ac592{/127.0.0.1:55866<->/127.0.0.1:8080,OPEN,fill=-,flush=-,to=0/0}{io=0/0,kio=0,kro=1}->HttpConnection@4c365de[p=HttpParser{s=START,0 of 0},g=HttpGenerator@40b10681{s=START}]=>HttpChannelOverHttp@469948cc{r=0,c=false,a=IDLE,uri=null} parse HeapByteBuffer@5a112485[p=0,l=358,c=8192,r=358]={<<<POST /transaction...2,"amount":100}>>>0}\x00\x00\x00\x00\x00\x00\x00\x00\x00\x00\x00\x00\x00\x00\x00...\x00\x00\x00\x00\x00\x00\x00\x00\x00\x00\x00\x00\x00\x00\x00} {}
14:17:11.682 [jetty task-18] DEBUG org.eclipse.jetty.http.HttpParser - parseNext s=START HeapByteBuffer@5a112485[p=0,l=358,c=8192,r=358]={<<<POST /transaction...2,"amount":100}>>>0}\x00\x00\x00\x00\x00\x00\x00\x00\x00\x00\x00\x00\x00\x00\x00...\x00\x00\x00\x00\x00\x00\x00\x00\x00\x00\x00\x00\x00\x00\x00}
14:17:11.682 [jetty task-18] DEBUG org.eclipse.jetty.http.HttpParser - START --> SPACE1
14:17:11.682 [jetty task-18] DEBUG org.eclipse.jetty.http.HttpParser - SPACE1 --> URI
14:17:11.682 [jetty task-18] DEBUG org.eclipse.jetty.http.HttpParser - URI --> SPACE2
14:17:11.682 [jetty task-18] DEBUG org.eclipse.jetty.http.HttpParser - SPACE2 --> REQUEST_VERSION
14:17:11.682 [jetty task-18] DEBUG org.eclipse.jetty.http.HttpParser - REQUEST_VERSION --> HEADER
14:17:11.682 [jetty task-18] DEBUG org.eclipse.jetty.http.HttpParser - HEADER:null --> VALUE
14:17:11.682 [jetty task-18] DEBUG org.eclipse.jetty.http.HttpParser - HEADER:null --> IN_VALUE
14:17:11.682 [jetty task-18] DEBUG org.eclipse.jetty.http.HttpParser - HEADER:null --> FIELD
14:17:11.682 [jetty task-18] DEBUG org.eclipse.jetty.http.HttpParser - HEADER:Content-Type: application/json; charset=UTF-8 --> IN_VALUE
14:17:11.682 [jetty task-18] DEBUG org.eclipse.jetty.http.HttpParser - HEADER:Content-Type: application/json; charset=UTF-8 --> FIELD
14:17:11.683 [jetty task-18] DEBUG org.eclipse.jetty.http.HttpParser - HEADER:null --> VALUE
14:17:11.683 [jetty task-18] DEBUG org.eclipse.jetty.http.HttpParser - HEADER:null --> IN_VALUE
14:17:11.683 [jetty task-18] DEBUG org.eclipse.jetty.http.HttpParser - HEADER:null --> FIELD
14:17:11.683 [jetty task-18] DEBUG org.eclipse.jetty.http.HttpParser - HEADER:null --> VALUE
14:17:11.683 [jetty task-18] DEBUG org.eclipse.jetty.http.HttpParser - HEADER:null --> IN_VALUE
14:17:11.683 [jetty task-18] DEBUG org.eclipse.jetty.http.HttpParser - HEADER:null --> FIELD
14:17:11.683 [jetty task-18] DEBUG org.eclipse.jetty.http.HttpParser - HEADER:Connection: keep-alive --> IN_VALUE
14:17:11.683 [jetty task-18] DEBUG org.eclipse.jetty.http.HttpParser - HEADER:Connection: keep-alive --> FIELD
14:17:11.683 [jetty task-18] DEBUG org.eclipse.jetty.http.HttpParser - HEADER:null --> VALUE
14:17:11.683 [jetty task-18] DEBUG org.eclipse.jetty.http.HttpParser - HEADER:null --> IN_VALUE
14:17:11.683 [jetty task-18] DEBUG org.eclipse.jetty.http.HttpParser - HEADER:null --> FIELD
14:17:11.683 [jetty task-18] DEBUG org.eclipse.jetty.http.HttpParser - HEADER:null --> IN_VALUE
14:17:11.683 [jetty task-18] DEBUG org.eclipse.jetty.http.HttpParser - HEADER:null --> FIELD
14:17:11.683 [jetty task-18] DEBUG org.eclipse.jetty.http.HttpParser - HEADER --> CONTENT
14:17:11.683 [jetty task-18] DEBUG org.eclipse.jetty.server.HttpChannel - REQUEST for //localhost:8080/transaction on HttpChannelOverHttp@469948cc{r=1,c=false,a=IDLE,uri=//localhost:8080/transaction}
POST //localhost:8080/transaction HTTP/1.1
Accept: application/json, application/javascript, text/javascript, text/json
Content-Type: application/json; charset=UTF-8
Content-Length: 52
Host: localhost:8080
Connection: keep-alive
User-Agent: Apache-HttpClient/4.5.3 (Java/1.8.0_121)
Accept-Encoding: gzip,deflate


14:17:11.683 [jetty task-18] DEBUG org.eclipse.jetty.server.HttpConnection - HttpConnection@4c365de[p=HttpParser{s=CONTENT,0 of 52},g=HttpGenerator@40b10681{s=START}]=>HttpChannelOverHttp@469948cc{r=1,c=false,a=IDLE,uri=//localhost:8080/transaction}<-SocketChannelEndPoint@121ac592{/127.0.0.1:55866<->/127.0.0.1:8080,OPEN,fill=-,flush=-,to=1/0}{io=0/0,kio=0,kro=1}->HttpConnection@4c365de[p=HttpParser{s=CONTENT,0 of 52},g=HttpGenerator@40b10681{s=START}]=>HttpChannelOverHttp@469948cc{r=1,c=false,a=IDLE,uri=//localhost:8080/transaction} parsed true HttpParser{s=CONTENT,0 of 52}
14:17:11.683 [jetty task-18] DEBUG org.eclipse.jetty.server.HttpChannel - HttpChannelOverHttp@469948cc{r=1,c=false,a=IDLE,uri=//localhost:8080/transaction} handle //localhost:8080/transaction 
14:17:11.683 [jetty task-18] DEBUG org.eclipse.jetty.server.HttpChannelState - handling HttpChannelState@afee0fa{s=IDLE a=NOT_ASYNC i=true r=NONE/false w=false}
14:17:11.683 [jetty task-18] DEBUG org.eclipse.jetty.server.HttpChannel - HttpChannelOverHttp@469948cc{r=1,c=false,a=DISPATCHED,uri=//localhost:8080/transaction} action DISPATCH
14:17:11.683 [jetty task-18] DEBUG org.eclipse.jetty.server.Server - REQUEST POST /transaction on HttpChannelOverHttp@469948cc{r=1,c=false,a=DISPATCHED,uri=//localhost:8080/transaction}
14:17:11.683 [jetty task-18] DEBUG org.eclipse.jetty.server.handler.ContextHandler - scope null||/transaction @ o.e.j.s.h.ContextHandler@38453928{/,null,AVAILABLE}
14:17:11.683 [jetty task-18] DEBUG org.eclipse.jetty.server.handler.ContextHandler - context=||/transaction @ o.e.j.s.h.ContextHandler@38453928{/,null,AVAILABLE}
14:17:11.685 [jetty task-18] DEBUG org.eclipse.jetty.server.HttpConnection - HttpConnection@4c365de[p=HttpParser{s=CONTENT,0 of 52},g=HttpGenerator@40b10681{s=START}]=>HttpChannelOverHttp@469948cc{r=1,c=false,a=DISPATCHED,uri=//localhost:8080/transaction}<-SocketChannelEndPoint@121ac592{/127.0.0.1:55866<->/127.0.0.1:8080,OPEN,fill=-,flush=-,to=3/0}{io=0/0,kio=0,kro=1}->HttpConnection@4c365de[p=HttpParser{s=CONTENT,0 of 52},g=HttpGenerator@40b10681{s=START}]=>HttpChannelOverHttp@469948cc{r=1,c=false,a=DISPATCHED,uri=//localhost:8080/transaction} parse HeapByteBuffer@5a112485[p=306,l=358,c=8192,r=52]={POST /transaction...zip,deflate\r\n\r\n<<<{"senderAccount":...2,"amount":100}>>>0}\x00\x00\x00\x00\x00\x00\x00\x00\x00\x00\x00\x00\x00\x00\x00...\x00\x00\x00\x00\x00\x00\x00\x00\x00\x00\x00\x00\x00\x00\x00} {}
14:17:11.685 [jetty task-18] DEBUG org.eclipse.jetty.http.HttpParser - parseNext s=CONTENT HeapByteBuffer@5a112485[p=306,l=358,c=8192,r=52]={POST /transaction...zip,deflate\r\n\r\n<<<{"senderAccount":...2,"amount":100}>>>0}\x00\x00\x00\x00\x00\x00\x00\x00\x00\x00\x00\x00\x00\x00\x00...\x00\x00\x00\x00\x00\x00\x00\x00\x00\x00\x00\x00\x00\x00\x00}
14:17:11.685 [jetty task-18] DEBUG org.eclipse.jetty.server.HttpChannel - HttpChannelOverHttp@469948cc{r=1,c=false,a=DISPATCHED,uri=//localhost:8080/transaction} onContent Content@2e944742{HeapByteBufferR@66d9d91f[p=306,l=358,c=8192,r=52]={POST /transaction...zip,deflate\r\n\r\n<<<{"senderAccount":...2,"amount":100}>>>0}\x00\x00\x00\x00\x00\x00\x00\x00\x00\x00\x00\x00\x00\x00\x00...\x00\x00\x00\x00\x00\x00\x00\x00\x00\x00\x00\x00\x00\x00\x00}}
14:17:11.685 [jetty task-18] DEBUG org.eclipse.jetty.server.HttpInput - HttpInputOverHTTP@3d2b9dd6[c=0,q=0,[0]=null,s=STREAM] addContent Content@2e944742{HeapByteBufferR@66d9d91f[p=306,l=358,c=8192,r=52]={POST /transaction...zip,deflate\r\n\r\n<<<{"senderAccount":...2,"amount":100}>>>0}\x00\x00\x00\x00\x00\x00\x00\x00\x00\x00\x00\x00\x00\x00\x00...\x00\x00\x00\x00\x00\x00\x00\x00\x00\x00\x00\x00\x00\x00\x00}}
14:17:11.685 [jetty task-18] DEBUG org.eclipse.jetty.http.HttpParser - CONTENT --> END
14:17:11.685 [jetty task-18] DEBUG org.eclipse.jetty.server.HttpChannel - HttpChannelOverHttp@469948cc{r=1,c=false,a=DISPATCHED,uri=//localhost:8080/transaction} onContentComplete
14:17:11.685 [jetty task-18] DEBUG org.eclipse.jetty.server.HttpChannel - HttpChannelOverHttp@469948cc{r=1,c=false,a=DISPATCHED,uri=//localhost:8080/transaction} onRequestComplete
14:17:11.685 [jetty task-18] DEBUG org.eclipse.jetty.server.HttpInput - HttpInputOverHTTP@3d2b9dd6[c=0,q=1,[0]=EOF,s=STREAM] addContent EOF
14:17:11.685 [jetty task-18] DEBUG org.eclipse.jetty.server.HttpConnection - HttpConnection@4c365de[p=HttpParser{s=END,52 of 52},g=HttpGenerator@40b10681{s=START}]=>HttpChannelOverHttp@469948cc{r=1,c=false,a=DISPATCHED,uri=//localhost:8080/transaction}<-SocketChannelEndPoint@121ac592{/127.0.0.1:55866<->/127.0.0.1:8080,OPEN,fill=-,flush=-,to=3/0}{io=0/0,kio=0,kro=1}->HttpConnection@4c365de[p=HttpParser{s=END,52 of 52},g=HttpGenerator@40b10681{s=START}]=>HttpChannelOverHttp@469948cc{r=1,c=false,a=DISPATCHED,uri=//localhost:8080/transaction} parsed false HttpParser{s=END,52 of 52}
14:17:11.686 [jetty task-18] DEBUG org.eclipse.jetty.server.HttpInput - HttpInputOverHTTP@3d2b9dd6[c=52,q=1,[0]=EOF,s=STREAM] read 52 from Content@2e944742{HeapByteBufferR@66d9d91f[p=358,l=358,c=8192,r=0]={POST /transaction...2,"amount":100}<<<>>>0}\x00\x00\x00\x00\x00\x00\x00\x00\x00\x00\x00\x00\x00\x00\x00...\x00\x00\x00\x00\x00\x00\x00\x00\x00\x00\x00\x00\x00\x00\x00}}
14:17:11.686 [jetty task-18] DEBUG org.eclipse.jetty.server.HttpConnection - releaseRequestBuffer HttpConnection@4c365de[p=HttpParser{s=END,52 of 52},g=HttpGenerator@40b10681{s=START}]=>HttpChannelOverHttp@469948cc{r=1,c=false,a=DISPATCHED,uri=//localhost:8080/transaction}<-SocketChannelEndPoint@121ac592{/127.0.0.1:55866<->/127.0.0.1:8080,OPEN,fill=-,flush=-,to=4/0}{io=0/0,kio=0,kro=1}->HttpConnection@4c365de[p=HttpParser{s=END,52 of 52},g=HttpGenerator@40b10681{s=START}]=>HttpChannelOverHttp@469948cc{r=1,c=false,a=DISPATCHED,uri=//localhost:8080/transaction}
14:17:11.686 [jetty task-18] DEBUG org.eclipse.jetty.server.HttpChannelState - onEof HttpChannelState@afee0fa{s=DISPATCHED a=NOT_ASYNC i=true r=NONE/false w=false}
14:17:11.686 [jetty task-18] DEBUG org.eclipse.jetty.server.HttpChannel - sendResponse info=null content=HeapByteBuffer@3d84a457[p=0,l=0,c=0,r=0]={<<<>>>} complete=true committing=true callback=Blocker@31265af2{null}
14:17:11.686 [jetty task-18] DEBUG org.eclipse.jetty.server.HttpChannel - COMMIT for /transaction on HttpChannelOverHttp@469948cc{r=1,c=true,a=DISPATCHED,uri=//localhost:8080/transaction}
200 null HTTP/1.1
Content-Length: 0


14:17:11.686 [jetty task-18] DEBUG org.eclipse.jetty.server.HttpConnection - org.eclipse.jetty.server.HttpConnection$SendCallback@199f6ce8[PROCESSING][i=HTTP/1.1{s=200,h=1,cl=0},cb=org.eclipse.jetty.server.HttpChannel$CommitCallback@78bb9720] generate: NEED_HEADER (null,[p=0,l=0,c=0,r=0],true)@START
14:17:11.686 [jetty task-18] DEBUG org.eclipse.jetty.http.HttpGenerator - generateHeaders HTTP/1.1{s=200,h=1,cl=0} last=true content=HeapByteBuffer@3d84a457[p=0,l=0,c=0,r=0]={<<<>>>}
14:17:11.686 [jetty task-18] DEBUG org.eclipse.jetty.http.HttpGenerator - Content-Length: 0


14:17:11.686 [jetty task-18] DEBUG org.eclipse.jetty.http.HttpGenerator - CONTENT_LENGTH
14:17:11.686 [jetty task-18] DEBUG org.eclipse.jetty.server.HttpConnection - org.eclipse.jetty.server.HttpConnection$SendCallback@199f6ce8[PROCESSING][i=HTTP/1.1{s=200,h=1,cl=0},cb=org.eclipse.jetty.server.HttpChannel$CommitCallback@78bb9720] generate: FLUSH ([p=0,l=38,c=8192,r=38],[p=0,l=0,c=0,r=0],true)@COMPLETING
14:17:11.686 [jetty task-18] DEBUG org.eclipse.jetty.io.WriteFlusher - write: WriteFlusher@6005227c{IDLE}->null [HeapByteBuffer@5a112485[p=0,l=38,c=8192,r=38]={<<<HTTP/1.1 200 OK\r\n...t-Length: 0\r\n\r\n>>>plication/json, a...\x00\x00\x00\x00\x00\x00\x00\x00\x00\x00\x00\x00\x00\x00\x00}]
14:17:11.686 [jetty task-18] DEBUG org.eclipse.jetty.io.WriteFlusher - update WriteFlusher@6005227c{WRITING}->null:IDLE-->WRITING
14:17:11.687 [jetty task-18] DEBUG org.eclipse.jetty.io.ChannelEndPoint - flushed 38 SocketChannelEndPoint@121ac592{/127.0.0.1:55866<->/127.0.0.1:8080,OPEN,fill=-,flush=W,to=4/0}{io=0/0,kio=0,kro=1}->HttpConnection@4c365de[p=HttpParser{s=END,52 of 52},g=HttpGenerator@40b10681{s=COMPLETING}]=>HttpChannelOverHttp@469948cc{r=1,c=true,a=DISPATCHED,uri=//localhost:8080/transaction}
14:17:11.687 [jetty task-18] DEBUG org.eclipse.jetty.io.WriteFlusher - Flushed=true 38/38+0 WriteFlusher@6005227c{WRITING}->null
14:17:11.687 [jetty task-18] DEBUG org.eclipse.jetty.io.WriteFlusher - update WriteFlusher@6005227c{IDLE}->null:WRITING-->IDLE
14:17:11.687 [jetty task-18] DEBUG org.eclipse.jetty.server.HttpConnection - org.eclipse.jetty.server.HttpConnection$SendCallback@199f6ce8[PROCESSING][i=HTTP/1.1{s=200,h=1,cl=0},cb=org.eclipse.jetty.server.HttpChannel$CommitCallback@78bb9720] generate: DONE ([p=38,l=38,c=8192,r=0],[p=0,l=0,c=0,r=0],true)@END
14:17:11.687 [jetty task-18] DEBUG org.eclipse.jetty.server.Server - handled=true async=false committed=true on HttpChannelOverHttp@469948cc{r=1,c=true,a=DISPATCHED,uri=//localhost:8080/transaction}
14:17:11.687 [jetty task-18] DEBUG org.eclipse.jetty.server.HttpChannelState - unhandle HttpChannelState@afee0fa{s=DISPATCHED a=NOT_ASYNC i=true r=REGISTERED/true w=false}
14:17:11.687 [jetty task-18] DEBUG org.eclipse.jetty.server.HttpChannel - HttpChannelOverHttp@469948cc{r=1,c=true,a=COMPLETING,uri=//localhost:8080/transaction} action COMPLETE
14:17:11.687 [jetty task-18] DEBUG org.eclipse.jetty.server.HttpChannelState - onComplete HttpChannelState@afee0fa{s=COMPLETING a=NOT_ASYNC i=false r=REGISTERED/true w=false}
14:17:11.687 [jetty task-18] DEBUG org.eclipse.jetty.server.HttpChannel - COMPLETE for /transaction written=0
14:17:11.687 [jetty task-18] DEBUG org.eclipse.jetty.server.HttpChannelState - recycle HttpChannelState@afee0fa{s=COMPLETED a=NOT_ASYNC i=false r=REGISTERED/true w=false}
14:17:11.687 [jetty task-18] DEBUG org.eclipse.jetty.http.HttpParser - reset HttpParser{s=END,52 of 52}
14:17:11.687 [jetty task-18] DEBUG org.eclipse.jetty.http.HttpParser - END --> START
14:17:11.687 [jetty task-18] DEBUG org.eclipse.jetty.server.HttpChannel - HttpChannelOverHttp@469948cc{r=1,c=false,a=IDLE,uri=null} handle exit, result COMPLETE
14:17:11.687 [jetty task-18] DEBUG org.eclipse.jetty.io.ChannelEndPoint - filled 0 SocketChannelEndPoint@121ac592{/127.0.0.1:55866<->/127.0.0.1:8080,OPEN,fill=-,flush=-,to=0/0}{io=0/0,kio=0,kro=1}->HttpConnection@4c365de[p=HttpParser{s=START,0 of -1},g=HttpGenerator@40b10681{s=START}]=>HttpChannelOverHttp@469948cc{r=1,c=false,a=IDLE,uri=null}
14:17:11.687 [jetty task-18] DEBUG org.eclipse.jetty.io.ChannelEndPoint - filled 0 SocketChannelEndPoint@121ac592{/127.0.0.1:55866<->/127.0.0.1:8080,OPEN,fill=-,flush=-,to=0/0}{io=0/0,kio=0,kro=1}->HttpConnection@4c365de[p=HttpParser{s=START,0 of -1},g=HttpGenerator@40b10681{s=START}]=>HttpChannelOverHttp@469948cc{r=1,c=false,a=IDLE,uri=null}
14:17:11.687 [jetty task-18] DEBUG org.eclipse.jetty.server.HttpConnection - HttpConnection@4c365de[p=HttpParser{s=START,0 of -1},g=HttpGenerator@40b10681{s=START}]=>HttpChannelOverHttp@469948cc{r=1,c=false,a=IDLE,uri=null}<-SocketChannelEndPoint@121ac592{/127.0.0.1:55866<->/127.0.0.1:8080,OPEN,fill=-,flush=-,to=0/0}{io=0/0,kio=0,kro=1}->HttpConnection@4c365de[p=HttpParser{s=START,0 of -1},g=HttpGenerator@40b10681{s=START}]=>HttpChannelOverHttp@469948cc{r=1,c=false,a=IDLE,uri=null} filled 0 HeapByteBuffer@5a112485[p=0,l=0,c=8192,r=0]={<<<>>>HTTP/1.1 200 OK\r\n...\x00\x00\x00\x00\x00\x00\x00\x00\x00\x00\x00\x00\x00\x00\x00}
14:17:11.688 [jetty task-18] DEBUG org.eclipse.jetty.server.HttpConnection - HttpConnection@4c365de[p=HttpParser{s=START,0 of -1},g=HttpGenerator@40b10681{s=START}]=>HttpChannelOverHttp@469948cc{r=1,c=false,a=IDLE,uri=null}<-SocketChannelEndPoint@121ac592{/127.0.0.1:55866<->/127.0.0.1:8080,OPEN,fill=-,flush=-,to=1/0}{io=0/0,kio=0,kro=1}->HttpConnection@4c365de[p=HttpParser{s=START,0 of -1},g=HttpGenerator@40b10681{s=START}]=>HttpChannelOverHttp@469948cc{r=1,c=false,a=IDLE,uri=null} parse HeapByteBuffer@5a112485[p=0,l=0,c=8192,r=0]={<<<>>>HTTP/1.1 200 OK\r\n...\x00\x00\x00\x00\x00\x00\x00\x00\x00\x00\x00\x00\x00\x00\x00} {}
14:17:11.688 [jetty task-18] DEBUG org.eclipse.jetty.http.HttpParser - parseNext s=START HeapByteBuffer@5a112485[p=0,l=0,c=8192,r=0]={<<<>>>HTTP/1.1 200 OK\r\n...\x00\x00\x00\x00\x00\x00\x00\x00\x00\x00\x00\x00\x00\x00\x00}
14:17:11.688 [jetty task-18] DEBUG org.eclipse.jetty.server.HttpConnection - HttpConnection@4c365de[p=HttpParser{s=START,0 of -1},g=HttpGenerator@40b10681{s=START}]=>HttpChannelOverHttp@469948cc{r=1,c=false,a=IDLE,uri=null}<-SocketChannelEndPoint@121ac592{/127.0.0.1:55866<->/127.0.0.1:8080,OPEN,fill=-,flush=-,to=1/0}{io=0/0,kio=0,kro=1}->HttpConnection@4c365de[p=HttpParser{s=START,0 of -1},g=HttpGenerator@40b10681{s=START}]=>HttpChannelOverHttp@469948cc{r=1,c=false,a=IDLE,uri=null} parsed false HttpParser{s=START,0 of -1}
14:17:11.688 [jetty task-18] DEBUG org.eclipse.jetty.server.HttpConnection - releaseRequestBuffer HttpConnection@4c365de[p=HttpParser{s=START,0 of -1},g=HttpGenerator@40b10681{s=START}]=>HttpChannelOverHttp@469948cc{r=1,c=false,a=IDLE,uri=null}<-SocketChannelEndPoint@121ac592{/127.0.0.1:55866<->/127.0.0.1:8080,OPEN,fill=-,flush=-,to=1/0}{io=0/0,kio=0,kro=1}->HttpConnection@4c365de[p=HttpParser{s=START,0 of -1},g=HttpGenerator@40b10681{s=START}]=>HttpChannelOverHttp@469948cc{r=1,c=false,a=IDLE,uri=null}
14:17:11.688 [jetty task-18] DEBUG org.eclipse.jetty.io.AbstractConnection - fillInterested HttpConnection@4c365de[p=HttpParser{s=START,0 of -1},g=HttpGenerator@40b10681{s=START}]=>HttpChannelOverHttp@469948cc{r=1,c=false,a=IDLE,uri=null}<-SocketChannelEndPoint@121ac592{/127.0.0.1:55866<->/127.0.0.1:8080,OPEN,fill=-,flush=-,to=1/0}{io=0/0,kio=0,kro=1}->HttpConnection@4c365de[p=HttpParser{s=START,0 of -1},g=HttpGenerator@40b10681{s=START}]=>HttpChannelOverHttp@469948cc{r=1,c=false,a=IDLE,uri=null}
14:17:11.688 [jetty task-18] DEBUG org.eclipse.jetty.io.FillInterest - FillInterest@4ce2f973{true,AC.ReadCB@4c365de{HttpConnection@4c365de[p=HttpParser{s=START,0 of -1},g=HttpGenerator@40b10681{s=START}]=>HttpChannelOverHttp@469948cc{r=1,c=false,a=IDLE,uri=null}<-SocketChannelEndPoint@121ac592{/127.0.0.1:55866<->/127.0.0.1:8080,OPEN,fill=FI,flush=-,to=0/0}{io=0/0,kio=0,kro=1}->HttpConnection@4c365de[p=HttpParser{s=START,0 of -1},g=HttpGenerator@40b10681{s=START}]=>HttpChannelOverHttp@469948cc{r=1,c=false,a=IDLE,uri=null}}} register AC.ReadCB@4c365de{HttpConnection@4c365de[p=HttpParser{s=START,0 of -1},g=HttpGenerator@40b10681{s=START}]=>HttpChannelOverHttp@469948cc{r=1,c=false,a=IDLE,uri=null}<-SocketChannelEndPoint@121ac592{/127.0.0.1:55866<->/127.0.0.1:8080,OPEN,fill=FI,flush=-,to=0/0}{io=0/0,kio=0,kro=1}->HttpConnection@4c365de[p=HttpParser{s=START,0 of -1},g=HttpGenerator@40b10681{s=START}]=>HttpChannelOverHttp@469948cc{r=1,c=false,a=IDLE,uri=null}}
14:17:11.689 [jetty task-18] DEBUG org.eclipse.jetty.io.ChannelEndPoint - changeInterests p=false 0->1 for SocketChannelEndPoint@121ac592{/127.0.0.1:55866<->/127.0.0.1:8080,OPEN,fill=FI,flush=-,to=0/0}{io=0/1,kio=0,kro=1}->HttpConnection@4c365de[p=HttpParser{s=START,0 of -1},g=HttpGenerator@40b10681{s=START}]=>HttpChannelOverHttp@469948cc{r=1,c=false,a=IDLE,uri=null}
14:17:11.689 [jetty task-18] DEBUG org.eclipse.jetty.io.ManagedSelector - Queued change CEP:SocketChannelEndPoint@121ac592{/127.0.0.1:55866<->/127.0.0.1:8080,OPEN,fill=FI,flush=-,to=1/0}{io=0/1,kio=0,kro=1}->HttpConnection@4c365de[p=HttpParser{s=START,0 of -1},g=HttpGenerator@40b10681{s=START}]=>HttpChannelOverHttp@469948cc{r=1,c=false,a=IDLE,uri=null}:runUpdateKey:NON_BLOCKING on org.eclipse.jetty.io.ManagedSelector@3803d43d id=1 keys=5 selected=0
14:17:11.689 [jetty task-18] DEBUG org.eclipse.jetty.server.HttpConnection - HttpConnection@4c365de[p=HttpParser{s=START,0 of -1},g=HttpGenerator@40b10681{s=START}]=>HttpChannelOverHttp@469948cc{r=1,c=false,a=IDLE,uri=null}<-SocketChannelEndPoint@121ac592{/127.0.0.1:55866<->/127.0.0.1:8080,OPEN,fill=FI,flush=-,to=1/0}{io=0/1,kio=0,kro=1}->HttpConnection@4c365de[p=HttpParser{s=START,0 of -1},g=HttpGenerator@40b10681{s=START}]=>HttpChannelOverHttp@469948cc{r=1,c=false,a=IDLE,uri=null} onFillable exit HttpChannelState@afee0fa{s=IDLE a=NOT_ASYNC i=true r=NONE/false w=false} null
14:17:11.689 [jetty task-18] DEBUG org.eclipse.jetty.util.thread.strategy.ExecutingExecutionStrategy - EPC Prod/org.eclipse.jetty.io.ManagedSelector$SelectorProducer@6f90d7cf invoked CEP:SocketChannelEndPoint@121ac592{/127.0.0.1:55866<->/127.0.0.1:8080,OPEN,fill=FI,flush=-,to=1/0}{io=0/1,kio=0,kro=1}->HttpConnection@4c365de[p=HttpParser{s=START,0 of -1},g=HttpGenerator@40b10681{s=START}]=>HttpChannelOverHttp@469948cc{r=1,c=false,a=IDLE,uri=null}:runFillable:BLOCKING
14:17:11.689 [jetty task-18] DEBUG org.eclipse.jetty.util.thread.strategy.ExecuteProduceConsume - EPC Prod/org.eclipse.jetty.io.ManagedSelector$SelectorProducer@6f90d7cf ran CEP:SocketChannelEndPoint@121ac592{/127.0.0.1:55866<->/127.0.0.1:8080,OPEN,fill=FI,flush=-,to=1/0}{io=0/1,kio=0,kro=1}->HttpConnection@4c365de[p=HttpParser{s=START,0 of -1},g=HttpGenerator@40b10681{s=START}]=>HttpChannelOverHttp@469948cc{r=1,c=false,a=IDLE,uri=null}:runFillable:BLOCKING
14:17:11.689 [jetty task-18] DEBUG org.eclipse.jetty.util.thread.strategy.ExecuteProduceConsume - EPC Prod/org.eclipse.jetty.io.ManagedSelector$SelectorProducer@6f90d7cf produce exit
14:17:11.689 [jetty task-18] DEBUG org.eclipse.jetty.util.thread.QueuedThreadPool - ran org.eclipse.jetty.io.ManagedSelector$$Lambda$111/715904797@18aa6238
14:17:11.693 [jetty task-23] DEBUG org.eclipse.jetty.io.ManagedSelector - Selector loop woken up from select, 0/5 selected
14:17:11.693 [jetty task-23] DEBUG org.eclipse.jetty.io.ManagedSelector - Running action CEP:SocketChannelEndPoint@121ac592{/127.0.0.1:55866<->/127.0.0.1:8080,OPEN,fill=FI,flush=-,to=5/0}{io=0/1,kio=0,kro=1}->HttpConnection@4c365de[p=HttpParser{s=START,0 of -1},g=HttpGenerator@40b10681{s=START}]=>HttpChannelOverHttp@469948cc{r=1,c=false,a=IDLE,uri=null}:runUpdateKey:NON_BLOCKING
14:17:11.693 [jetty task-23] DEBUG org.eclipse.jetty.io.ChannelEndPoint - Key interests updated 0 -> 1 on SocketChannelEndPoint@121ac592{/127.0.0.1:55866<->/127.0.0.1:8080,OPEN,fill=FI,flush=-,to=5/0}{io=1/1,kio=1,kro=1}->HttpConnection@4c365de[p=HttpParser{s=START,0 of -1},g=HttpGenerator@40b10681{s=START}]=>HttpChannelOverHttp@469948cc{r=1,c=false,a=IDLE,uri=null}
14:17:11.693 [jetty task-23] DEBUG org.eclipse.jetty.io.ManagedSelector - Selector loop waiting on select
14:17:11.790 [jetty task-20-acceptor-0@78b9b1c-ServerConnector@53bd4614{HTTP/1.1,[http/1.1]}{localhost:8080}] DEBUG org.eclipse.jetty.io.ManagedSelector - Queued change org.eclipse.jetty.io.ManagedSelector$Accept@367b263a on org.eclipse.jetty.io.ManagedSelector@3803d43d id=1 keys=5 selected=0
14:17:11.790 [jetty task-23] DEBUG org.eclipse.jetty.io.ManagedSelector - Selector loop woken up from select, 0/5 selected
14:17:11.790 [jetty task-23] DEBUG org.eclipse.jetty.io.ManagedSelector - Running action org.eclipse.jetty.io.ManagedSelector$Accept@367b263a
14:17:11.790 [jetty task-23] DEBUG org.eclipse.jetty.io.ManagedSelector - Queued change org.eclipse.jetty.io.ManagedSelector$CreateEndPoint@7cc6f3de on org.eclipse.jetty.io.ManagedSelector@3803d43d id=1 keys=6 selected=0
14:17:11.790 [jetty task-23] DEBUG org.eclipse.jetty.util.thread.strategy.ExecuteProduceConsume - EPC Prod/org.eclipse.jetty.io.ManagedSelector$SelectorProducer@6f90d7cf produced org.eclipse.jetty.io.ManagedSelector$CreateEndPoint@7cc6f3de
14:17:11.790 [jetty task-23] DEBUG org.eclipse.jetty.util.thread.strategy.ExecuteProduceConsume - EPC Pend/org.eclipse.jetty.io.ManagedSelector$SelectorProducer@6f90d7cf dispatch
14:17:11.790 [jetty task-23] DEBUG org.eclipse.jetty.util.thread.QueuedThreadPool - queue EPC Pend/org.eclipse.jetty.io.ManagedSelector$SelectorProducer@6f90d7cf
14:17:11.790 [jetty task-23] DEBUG org.eclipse.jetty.util.thread.strategy.ExecuteProduceConsume - EPC Pend/org.eclipse.jetty.io.ManagedSelector$SelectorProducer@6f90d7cf run org.eclipse.jetty.io.ManagedSelector$CreateEndPoint@7cc6f3de
14:17:11.790 [jetty task-23] DEBUG org.eclipse.jetty.util.thread.strategy.ExecutingExecutionStrategy - EPC Pend/org.eclipse.jetty.io.ManagedSelector$SelectorProducer@6f90d7cf invoke  org.eclipse.jetty.io.ManagedSelector$CreateEndPoint@7cc6f3de
14:17:11.790 [jetty task-23] DEBUG org.eclipse.jetty.io.AbstractEndPoint - onOpen SocketChannelEndPoint@7bab885c{/127.0.0.1:55867<->/127.0.0.1:8080,OPEN,fill=-,flush=-,to=0/0}{io=0/0,kio=0,kro=0}-><null>
14:17:11.791 [jetty task-23] DEBUG org.eclipse.jetty.server.HttpChannel - new HttpChannelOverHttp@2f93b79e{r=0,c=false,a=IDLE,uri=null} -> SocketChannelEndPoint@7bab885c{/127.0.0.1:55867<->/127.0.0.1:8080,OPEN,fill=-,flush=-,to=1/0}{io=0/0,kio=0,kro=0}-><null>,null,HttpChannelState@51e69138{s=IDLE a=NOT_ASYNC i=true r=NONE/false w=false}
14:17:11.791 [jetty task-23] DEBUG org.eclipse.jetty.server.HttpConnection - New HTTP Connection HttpConnection@1a75c0d9[p=HttpParser{s=START,0 of 0},g=HttpGenerator@3d3b52a3{s=START}]=>HttpChannelOverHttp@2f93b79e{r=0,c=false,a=IDLE,uri=null}<-SocketChannelEndPoint@7bab885c{/127.0.0.1:55867<->/127.0.0.1:8080,OPEN,fill=-,flush=-,to=1/0}{io=0/0,kio=0,kro=0}-><null>
14:17:11.791 [jetty task-23] DEBUG org.eclipse.jetty.io.AbstractConnection - onOpen HttpConnection@1a75c0d9[p=HttpParser{s=START,0 of 0},g=HttpGenerator@3d3b52a3{s=START}]=>HttpChannelOverHttp@2f93b79e{r=0,c=false,a=IDLE,uri=null}<-SocketChannelEndPoint@7bab885c{/127.0.0.1:55867<->/127.0.0.1:8080,OPEN,fill=-,flush=-,to=1/0}{io=0/0,kio=0,kro=0}->HttpConnection@1a75c0d9[p=HttpParser{s=START,0 of 0},g=HttpGenerator@3d3b52a3{s=START}]=>HttpChannelOverHttp@2f93b79e{r=0,c=false,a=IDLE,uri=null}
14:17:11.791 [jetty task-23] DEBUG org.eclipse.jetty.io.AbstractConnection - fillInterested HttpConnection@1a75c0d9[p=HttpParser{s=START,0 of 0},g=HttpGenerator@3d3b52a3{s=START}]=>HttpChannelOverHttp@2f93b79e{r=0,c=false,a=IDLE,uri=null}<-SocketChannelEndPoint@7bab885c{/127.0.0.1:55867<->/127.0.0.1:8080,OPEN,fill=-,flush=-,to=1/0}{io=0/0,kio=0,kro=0}->HttpConnection@1a75c0d9[p=HttpParser{s=START,0 of 0},g=HttpGenerator@3d3b52a3{s=START}]=>HttpChannelOverHttp@2f93b79e{r=0,c=false,a=IDLE,uri=null}
14:17:11.791 [jetty task-23] DEBUG org.eclipse.jetty.io.FillInterest - FillInterest@fa63ddd{true,AC.ReadCB@1a75c0d9{HttpConnection@1a75c0d9[p=HttpParser{s=START,0 of 0},g=HttpGenerator@3d3b52a3{s=START}]=>HttpChannelOverHttp@2f93b79e{r=0,c=false,a=IDLE,uri=null}<-SocketChannelEndPoint@7bab885c{/127.0.0.1:55867<->/127.0.0.1:8080,OPEN,fill=FI,flush=-,to=0/0}{io=0/0,kio=0,kro=0}->HttpConnection@1a75c0d9[p=HttpParser{s=START,0 of 0},g=HttpGenerator@3d3b52a3{s=START}]=>HttpChannelOverHttp@2f93b79e{r=0,c=false,a=IDLE,uri=null}}} register AC.ReadCB@1a75c0d9{HttpConnection@1a75c0d9[p=HttpParser{s=START,0 of 0},g=HttpGenerator@3d3b52a3{s=START}]=>HttpChannelOverHttp@2f93b79e{r=0,c=false,a=IDLE,uri=null}<-SocketChannelEndPoint@7bab885c{/127.0.0.1:55867<->/127.0.0.1:8080,OPEN,fill=FI,flush=-,to=0/0}{io=0/0,kio=0,kro=0}->HttpConnection@1a75c0d9[p=HttpParser{s=START,0 of 0},g=HttpGenerator@3d3b52a3{s=START}]=>HttpChannelOverHttp@2f93b79e{r=0,c=false,a=IDLE,uri=null}}
14:17:11.792 [jetty task-23] DEBUG org.eclipse.jetty.io.ChannelEndPoint - changeInterests p=false 0->1 for SocketChannelEndPoint@7bab885c{/127.0.0.1:55867<->/127.0.0.1:8080,OPEN,fill=FI,flush=-,to=0/0}{io=0/1,kio=0,kro=0}->HttpConnection@1a75c0d9[p=HttpParser{s=START,0 of 0},g=HttpGenerator@3d3b52a3{s=START}]=>HttpChannelOverHttp@2f93b79e{r=0,c=false,a=IDLE,uri=null}
14:17:11.792 [jetty task-23] DEBUG org.eclipse.jetty.io.ManagedSelector - Queued change CEP:SocketChannelEndPoint@7bab885c{/127.0.0.1:55867<->/127.0.0.1:8080,OPEN,fill=FI,flush=-,to=1/0}{io=0/1,kio=0,kro=0}->HttpConnection@1a75c0d9[p=HttpParser{s=START,0 of 0},g=HttpGenerator@3d3b52a3{s=START}]=>HttpChannelOverHttp@2f93b79e{r=0,c=false,a=IDLE,uri=null}:runUpdateKey:NON_BLOCKING on org.eclipse.jetty.io.ManagedSelector@3803d43d id=1 keys=6 selected=0
14:17:11.792 [jetty task-23] DEBUG org.eclipse.jetty.io.ManagedSelector - Created SocketChannelEndPoint@7bab885c{/127.0.0.1:55867<->/127.0.0.1:8080,OPEN,fill=FI,flush=-,to=1/0}{io=0/1,kio=0,kro=0}->HttpConnection@1a75c0d9[p=HttpParser{s=START,0 of 0},g=HttpGenerator@3d3b52a3{s=START}]=>HttpChannelOverHttp@2f93b79e{r=0,c=false,a=IDLE,uri=null}
14:17:11.792 [jetty task-23] DEBUG org.eclipse.jetty.util.thread.strategy.ExecutingExecutionStrategy - EPC Pend/org.eclipse.jetty.io.ManagedSelector$SelectorProducer@6f90d7cf invoked org.eclipse.jetty.io.ManagedSelector$CreateEndPoint@7cc6f3de
14:17:11.792 [jetty task-23] DEBUG org.eclipse.jetty.util.thread.strategy.ExecuteProduceConsume - EPC Pend/org.eclipse.jetty.io.ManagedSelector$SelectorProducer@6f90d7cf ran org.eclipse.jetty.io.ManagedSelector$CreateEndPoint@7cc6f3de
14:17:11.792 [jetty task-23] DEBUG org.eclipse.jetty.util.thread.strategy.ExecuteProduceConsume - EPC Prod/Pend/org.eclipse.jetty.io.ManagedSelector$SelectorProducer@6f90d7cf producing
14:17:11.792 [jetty task-23] DEBUG org.eclipse.jetty.io.ManagedSelector - Running action CEP:SocketChannelEndPoint@7bab885c{/127.0.0.1:55867<->/127.0.0.1:8080,OPEN,fill=FI,flush=-,to=1/0}{io=0/1,kio=0,kro=0}->HttpConnection@1a75c0d9[p=HttpParser{s=START,0 of 0},g=HttpGenerator@3d3b52a3{s=START}]=>HttpChannelOverHttp@2f93b79e{r=0,c=false,a=IDLE,uri=null}:runUpdateKey:NON_BLOCKING
14:17:11.792 [jetty task-23] DEBUG org.eclipse.jetty.io.ChannelEndPoint - Key interests updated 0 -> 1 on SocketChannelEndPoint@7bab885c{/127.0.0.1:55867<->/127.0.0.1:8080,OPEN,fill=FI,flush=-,to=1/0}{io=1/1,kio=1,kro=0}->HttpConnection@1a75c0d9[p=HttpParser{s=START,0 of 0},g=HttpGenerator@3d3b52a3{s=START}]=>HttpChannelOverHttp@2f93b79e{r=0,c=false,a=IDLE,uri=null}
14:17:11.792 [jetty task-23] DEBUG org.eclipse.jetty.io.ManagedSelector - Selector loop waiting on select
14:17:11.792 [jetty task-23] DEBUG org.eclipse.jetty.io.ManagedSelector - Selector loop woken up from select, 1/6 selected
14:17:11.792 [jetty task-23] DEBUG org.eclipse.jetty.io.ManagedSelector - selected sun.nio.ch.SelectionKeyImpl@3848c87c SocketChannelEndPoint@7bab885c{/127.0.0.1:55867<->/127.0.0.1:8080,OPEN,fill=FI,flush=-,to=1/0}{io=1/1,kio=1,kro=1}->HttpConnection@1a75c0d9[p=HttpParser{s=START,0 of 0},g=HttpGenerator@3d3b52a3{s=START}]=>HttpChannelOverHttp@2f93b79e{r=0,c=false,a=IDLE,uri=null} 
14:17:11.792 [jetty task-23] DEBUG org.eclipse.jetty.io.ChannelEndPoint - onSelected 1->0 r=true w=false for SocketChannelEndPoint@7bab885c{/127.0.0.1:55867<->/127.0.0.1:8080,OPEN,fill=FI,flush=-,to=1/0}{io=1/0,kio=1,kro=1}->HttpConnection@1a75c0d9[p=HttpParser{s=START,0 of 0},g=HttpGenerator@3d3b52a3{s=START}]=>HttpChannelOverHttp@2f93b79e{r=0,c=false,a=IDLE,uri=null}
14:17:11.792 [jetty task-23] DEBUG org.eclipse.jetty.io.ChannelEndPoint - task CEP:SocketChannelEndPoint@7bab885c{/127.0.0.1:55867<->/127.0.0.1:8080,OPEN,fill=FI,flush=-,to=1/0}{io=1/0,kio=1,kro=1}->HttpConnection@1a75c0d9[p=HttpParser{s=START,0 of 0},g=HttpGenerator@3d3b52a3{s=START}]=>HttpChannelOverHttp@2f93b79e{r=0,c=false,a=IDLE,uri=null}:runFillable:BLOCKING
14:17:11.792 [jetty task-23] DEBUG org.eclipse.jetty.util.thread.strategy.ExecuteProduceConsume - EPC Prod/Pend/org.eclipse.jetty.io.ManagedSelector$SelectorProducer@6f90d7cf produced CEP:SocketChannelEndPoint@7bab885c{/127.0.0.1:55867<->/127.0.0.1:8080,OPEN,fill=FI,flush=-,to=1/0}{io=1/0,kio=1,kro=1}->HttpConnection@1a75c0d9[p=HttpParser{s=START,0 of 0},g=HttpGenerator@3d3b52a3{s=START}]=>HttpChannelOverHttp@2f93b79e{r=0,c=false,a=IDLE,uri=null}:runFillable:BLOCKING
14:17:11.792 [jetty task-23] DEBUG org.eclipse.jetty.util.thread.strategy.ExecuteProduceConsume - EPC Pend/org.eclipse.jetty.io.ManagedSelector$SelectorProducer@6f90d7cf run CEP:SocketChannelEndPoint@7bab885c{/127.0.0.1:55867<->/127.0.0.1:8080,OPEN,fill=FI,flush=-,to=1/0}{io=1/0,kio=1,kro=1}->HttpConnection@1a75c0d9[p=HttpParser{s=START,0 of 0},g=HttpGenerator@3d3b52a3{s=START}]=>HttpChannelOverHttp@2f93b79e{r=0,c=false,a=IDLE,uri=null}:runFillable:BLOCKING
14:17:11.793 [jetty task-23] DEBUG org.eclipse.jetty.util.thread.strategy.ExecutingExecutionStrategy - EPC Pend/org.eclipse.jetty.io.ManagedSelector$SelectorProducer@6f90d7cf invoke  CEP:SocketChannelEndPoint@7bab885c{/127.0.0.1:55867<->/127.0.0.1:8080,OPEN,fill=FI,flush=-,to=2/0}{io=1/0,kio=1,kro=1}->HttpConnection@1a75c0d9[p=HttpParser{s=START,0 of 0},g=HttpGenerator@3d3b52a3{s=START}]=>HttpChannelOverHttp@2f93b79e{r=0,c=false,a=IDLE,uri=null}:runFillable:BLOCKING
14:17:11.793 [jetty task-23] DEBUG org.eclipse.jetty.io.FillInterest - FillInterest@fa63ddd{true,AC.ReadCB@1a75c0d9{HttpConnection@1a75c0d9[p=HttpParser{s=START,0 of 0},g=HttpGenerator@3d3b52a3{s=START}]=>HttpChannelOverHttp@2f93b79e{r=0,c=false,a=IDLE,uri=null}<-SocketChannelEndPoint@7bab885c{/127.0.0.1:55867<->/127.0.0.1:8080,OPEN,fill=FI,flush=-,to=2/0}{io=1/0,kio=1,kro=1}->HttpConnection@1a75c0d9[p=HttpParser{s=START,0 of 0},g=HttpGenerator@3d3b52a3{s=START}]=>HttpChannelOverHttp@2f93b79e{r=0,c=false,a=IDLE,uri=null}}} fillable AC.ReadCB@1a75c0d9{HttpConnection@1a75c0d9[p=HttpParser{s=START,0 of 0},g=HttpGenerator@3d3b52a3{s=START}]=>HttpChannelOverHttp@2f93b79e{r=0,c=false,a=IDLE,uri=null}<-SocketChannelEndPoint@7bab885c{/127.0.0.1:55867<->/127.0.0.1:8080,OPEN,fill=FI,flush=-,to=2/0}{io=1/0,kio=1,kro=1}->HttpConnection@1a75c0d9[p=HttpParser{s=START,0 of 0},g=HttpGenerator@3d3b52a3{s=START}]=>HttpChannelOverHttp@2f93b79e{r=0,c=false,a=IDLE,uri=null}}
14:17:11.793 [jetty task-23] DEBUG org.eclipse.jetty.server.HttpConnection - HttpConnection@1a75c0d9[p=HttpParser{s=START,0 of 0},g=HttpGenerator@3d3b52a3{s=START}]=>HttpChannelOverHttp@2f93b79e{r=0,c=false,a=IDLE,uri=null}<-SocketChannelEndPoint@7bab885c{/127.0.0.1:55867<->/127.0.0.1:8080,OPEN,fill=-,flush=-,to=2/0}{io=1/0,kio=1,kro=1}->HttpConnection@1a75c0d9[p=HttpParser{s=START,0 of 0},g=HttpGenerator@3d3b52a3{s=START}]=>HttpChannelOverHttp@2f93b79e{r=0,c=false,a=IDLE,uri=null} onFillable enter HttpChannelState@51e69138{s=IDLE a=NOT_ASYNC i=true r=NONE/false w=false} null
14:17:11.793 [jetty task-23] DEBUG org.eclipse.jetty.io.ChannelEndPoint - filled 171 SocketChannelEndPoint@7bab885c{/127.0.0.1:55867<->/127.0.0.1:8080,OPEN,fill=-,flush=-,to=2/0}{io=1/0,kio=1,kro=1}->HttpConnection@1a75c0d9[p=HttpParser{s=START,0 of 0},g=HttpGenerator@3d3b52a3{s=START}]=>HttpChannelOverHttp@2f93b79e{r=0,c=false,a=IDLE,uri=null}
14:17:11.793 [jetty task-23] DEBUG org.eclipse.jetty.server.HttpConnection - HttpConnection@1a75c0d9[p=HttpParser{s=START,0 of 0},g=HttpGenerator@3d3b52a3{s=START}]=>HttpChannelOverHttp@2f93b79e{r=0,c=false,a=IDLE,uri=null}<-SocketChannelEndPoint@7bab885c{/127.0.0.1:55867<->/127.0.0.1:8080,OPEN,fill=-,flush=-,to=0/0}{io=1/0,kio=1,kro=1}->HttpConnection@1a75c0d9[p=HttpParser{s=START,0 of 0},g=HttpGenerator@3d3b52a3{s=START}]=>HttpChannelOverHttp@2f93b79e{r=0,c=false,a=IDLE,uri=null} filled 171 HeapByteBuffer@5a112485[p=0,l=171,c=8192,r=171]={<<<GET /balance/1 HT...zip,deflate\r\n\r\n>>>\r\nHost: localhost...\x00\x00\x00\x00\x00\x00\x00\x00\x00\x00\x00\x00\x00\x00\x00}
14:17:11.793 [jetty task-23] DEBUG org.eclipse.jetty.server.HttpConnection - HttpConnection@1a75c0d9[p=HttpParser{s=START,0 of 0},g=HttpGenerator@3d3b52a3{s=START}]=>HttpChannelOverHttp@2f93b79e{r=0,c=false,a=IDLE,uri=null}<-SocketChannelEndPoint@7bab885c{/127.0.0.1:55867<->/127.0.0.1:8080,OPEN,fill=-,flush=-,to=0/0}{io=1/0,kio=1,kro=1}->HttpConnection@1a75c0d9[p=HttpParser{s=START,0 of 0},g=HttpGenerator@3d3b52a3{s=START}]=>HttpChannelOverHttp@2f93b79e{r=0,c=false,a=IDLE,uri=null} parse HeapByteBuffer@5a112485[p=0,l=171,c=8192,r=171]={<<<GET /balance/1 HT...zip,deflate\r\n\r\n>>>\r\nHost: localhost...\x00\x00\x00\x00\x00\x00\x00\x00\x00\x00\x00\x00\x00\x00\x00} {}
14:17:11.793 [jetty task-23] DEBUG org.eclipse.jetty.http.HttpParser - parseNext s=START HeapByteBuffer@5a112485[p=0,l=171,c=8192,r=171]={<<<GET /balance/1 HT...zip,deflate\r\n\r\n>>>\r\nHost: localhost...\x00\x00\x00\x00\x00\x00\x00\x00\x00\x00\x00\x00\x00\x00\x00}
14:17:11.794 [jetty task-23] DEBUG org.eclipse.jetty.http.HttpParser - START --> SPACE1
14:17:11.794 [jetty task-23] DEBUG org.eclipse.jetty.http.HttpParser - SPACE1 --> URI
14:17:11.794 [jetty task-23] DEBUG org.eclipse.jetty.http.HttpParser - URI --> SPACE2
14:17:11.794 [jetty task-23] DEBUG org.eclipse.jetty.http.HttpParser - SPACE2 --> REQUEST_VERSION
14:17:11.794 [jetty task-23] DEBUG org.eclipse.jetty.http.HttpParser - REQUEST_VERSION --> HEADER
14:17:11.794 [jetty task-23] DEBUG org.eclipse.jetty.http.HttpParser - HEADER:Accept: */* --> IN_VALUE
14:17:11.794 [jetty task-23] DEBUG org.eclipse.jetty.http.HttpParser - HEADER:Accept: */* --> FIELD
14:17:11.794 [jetty task-23] DEBUG org.eclipse.jetty.http.HttpParser - HEADER:null --> VALUE
14:17:11.794 [jetty task-23] DEBUG org.eclipse.jetty.http.HttpParser - HEADER:null --> IN_VALUE
14:17:11.794 [jetty task-23] DEBUG org.eclipse.jetty.http.HttpParser - HEADER:null --> FIELD
14:17:11.794 [jetty task-23] DEBUG org.eclipse.jetty.http.HttpParser - HEADER:Connection: keep-alive --> IN_VALUE
14:17:11.794 [jetty task-23] DEBUG org.eclipse.jetty.http.HttpParser - HEADER:Connection: keep-alive --> FIELD
14:17:11.794 [jetty task-23] DEBUG org.eclipse.jetty.http.HttpParser - HEADER:null --> VALUE
14:17:11.794 [jetty task-23] DEBUG org.eclipse.jetty.http.HttpParser - HEADER:null --> IN_VALUE
14:17:11.794 [jetty task-23] DEBUG org.eclipse.jetty.http.HttpParser - HEADER:null --> FIELD
14:17:11.794 [jetty task-23] DEBUG org.eclipse.jetty.http.HttpParser - HEADER:null --> IN_VALUE
14:17:11.794 [jetty task-23] DEBUG org.eclipse.jetty.http.HttpParser - HEADER:null --> FIELD
14:17:11.794 [jetty task-23] DEBUG org.eclipse.jetty.http.HttpParser - HEADER --> END
14:17:11.794 [jetty task-23] DEBUG org.eclipse.jetty.server.HttpChannel - REQUEST for //localhost:8080/balance/1 on HttpChannelOverHttp@2f93b79e{r=1,c=false,a=IDLE,uri=//localhost:8080/balance/1}
GET //localhost:8080/balance/1 HTTP/1.1
Accept: */*
Host: localhost:8080
Connection: keep-alive
User-Agent: Apache-HttpClient/4.5.3 (Java/1.8.0_121)
Accept-Encoding: gzip,deflate


14:17:11.794 [jetty task-23] DEBUG org.eclipse.jetty.server.HttpChannel - HttpChannelOverHttp@2f93b79e{r=1,c=false,a=IDLE,uri=//localhost:8080/balance/1} onContentComplete
14:17:11.794 [jetty task-23] DEBUG org.eclipse.jetty.server.HttpChannel - HttpChannelOverHttp@2f93b79e{r=1,c=false,a=IDLE,uri=//localhost:8080/balance/1} onRequestComplete
14:17:11.794 [jetty task-23] DEBUG org.eclipse.jetty.server.HttpInput - HttpInputOverHTTP@6aac1240[c=0,q=0,[0]=null,s=STREAM] addContent EOF
14:17:11.794 [jetty task-23] DEBUG org.eclipse.jetty.server.HttpConnection - HttpConnection@1a75c0d9[p=HttpParser{s=END,0 of 0},g=HttpGenerator@3d3b52a3{s=START}]=>HttpChannelOverHttp@2f93b79e{r=1,c=false,a=IDLE,uri=//localhost:8080/balance/1}<-SocketChannelEndPoint@7bab885c{/127.0.0.1:55867<->/127.0.0.1:8080,OPEN,fill=-,flush=-,to=1/0}{io=1/0,kio=1,kro=1}->HttpConnection@1a75c0d9[p=HttpParser{s=END,0 of 0},g=HttpGenerator@3d3b52a3{s=START}]=>HttpChannelOverHttp@2f93b79e{r=1,c=false,a=IDLE,uri=//localhost:8080/balance/1} parsed true HttpParser{s=END,0 of 0}
14:17:11.794 [jetty task-23] DEBUG org.eclipse.jetty.server.HttpConnection - releaseRequestBuffer HttpConnection@1a75c0d9[p=HttpParser{s=END,0 of 0},g=HttpGenerator@3d3b52a3{s=START}]=>HttpChannelOverHttp@2f93b79e{r=1,c=false,a=IDLE,uri=//localhost:8080/balance/1}<-SocketChannelEndPoint@7bab885c{/127.0.0.1:55867<->/127.0.0.1:8080,OPEN,fill=-,flush=-,to=1/0}{io=1/0,kio=1,kro=1}->HttpConnection@1a75c0d9[p=HttpParser{s=END,0 of 0},g=HttpGenerator@3d3b52a3{s=START}]=>HttpChannelOverHttp@2f93b79e{r=1,c=false,a=IDLE,uri=//localhost:8080/balance/1}
14:17:11.794 [jetty task-23] DEBUG org.eclipse.jetty.server.HttpChannel - HttpChannelOverHttp@2f93b79e{r=1,c=false,a=IDLE,uri=//localhost:8080/balance/1} handle //localhost:8080/balance/1 
14:17:11.794 [jetty task-23] DEBUG org.eclipse.jetty.server.HttpChannelState - handling HttpChannelState@51e69138{s=IDLE a=NOT_ASYNC i=true r=NONE/false w=false}
14:17:11.794 [jetty task-23] DEBUG org.eclipse.jetty.server.HttpChannel - HttpChannelOverHttp@2f93b79e{r=1,c=false,a=DISPATCHED,uri=//localhost:8080/balance/1} action DISPATCH
14:17:11.794 [jetty task-23] DEBUG org.eclipse.jetty.server.Server - REQUEST GET /balance/1 on HttpChannelOverHttp@2f93b79e{r=1,c=false,a=DISPATCHED,uri=//localhost:8080/balance/1}
14:17:11.794 [jetty task-23] DEBUG org.eclipse.jetty.server.handler.ContextHandler - scope null||/balance/1 @ o.e.j.s.h.ContextHandler@38453928{/,null,AVAILABLE}
14:17:11.794 [jetty task-23] DEBUG org.eclipse.jetty.server.handler.ContextHandler - context=||/balance/1 @ o.e.j.s.h.ContextHandler@38453928{/,null,AVAILABLE}
14:17:11.795 [jetty task-23] DEBUG org.eclipse.jetty.server.HttpOutput - sendContent(HeapByteBuffer@5eeb74c4[p=0,l=3,c=3,r=3]={<<<900>>>})
14:17:11.795 [jetty task-23] DEBUG org.eclipse.jetty.server.HttpChannel - sendResponse info=null content=HeapByteBuffer@5eeb74c4[p=0,l=3,c=3,r=3]={<<<900>>>} complete=true committing=true callback=Blocker@39a28bf0{null}
14:17:11.795 [jetty task-23] DEBUG org.eclipse.jetty.server.HttpChannel - COMMIT for /balance/1 on HttpChannelOverHttp@2f93b79e{r=1,c=true,a=DISPATCHED,uri=//localhost:8080/balance/1}
200 null HTTP/1.1
Content-Type: application/json;charset=utf-8
Content-Length: 3


14:17:11.795 [jetty task-23] DEBUG org.eclipse.jetty.server.HttpConnection - org.eclipse.jetty.server.HttpConnection$SendCallback@75411cc[PROCESSING][i=HTTP/1.1{s=200,h=2,cl=3},cb=org.eclipse.jetty.server.HttpChannel$CommitCallback@de02d74] generate: NEED_HEADER (null,[p=0,l=3,c=3,r=3],true)@START
14:17:11.795 [jetty task-23] DEBUG org.eclipse.jetty.http.HttpGenerator - generateHeaders HTTP/1.1{s=200,h=2,cl=3} last=true content=HeapByteBuffer@5eeb74c4[p=0,l=3,c=3,r=3]={<<<900>>>}
14:17:11.795 [jetty task-23] DEBUG org.eclipse.jetty.http.HttpGenerator - Content-Type: application/json;charset=utf-8
Content-Length: 3


14:17:11.795 [jetty task-23] DEBUG org.eclipse.jetty.http.HttpGenerator - CONTENT_LENGTH
14:17:11.795 [jetty task-23] DEBUG org.eclipse.jetty.server.HttpConnection - org.eclipse.jetty.server.HttpConnection$SendCallback@75411cc[PROCESSING][i=HTTP/1.1{s=200,h=2,cl=3},cb=org.eclipse.jetty.server.HttpChannel$CommitCallback@de02d74] generate: FLUSH ([p=0,l=84,c=8192,r=84],[p=0,l=3,c=3,r=3],true)@COMPLETING
14:17:11.795 [jetty task-23] DEBUG org.eclipse.jetty.io.WriteFlusher - write: WriteFlusher@8283558{IDLE}->null [HeapByteBuffer@5a112485[p=0,l=84,c=8192,r=84]={<<<HTTP/1.1 200 OK\r\n...t-Length: 3\r\n\r\n>>>User-Agent: Apach...\x00\x00\x00\x00\x00\x00\x00\x00\x00\x00\x00\x00\x00\x00\x00},HeapByteBuffer@5eeb74c4[p=0,l=3,c=3,r=3]={<<<900>>>}]
14:17:11.795 [jetty task-23] DEBUG org.eclipse.jetty.io.WriteFlusher - update WriteFlusher@8283558{WRITING}->null:IDLE-->WRITING
14:17:11.795 [jetty task-23] DEBUG org.eclipse.jetty.io.ChannelEndPoint - flushed 87 SocketChannelEndPoint@7bab885c{/127.0.0.1:55867<->/127.0.0.1:8080,OPEN,fill=-,flush=W,to=2/0}{io=1/0,kio=1,kro=1}->HttpConnection@1a75c0d9[p=HttpParser{s=END,0 of 0},g=HttpGenerator@3d3b52a3{s=COMPLETING}]=>HttpChannelOverHttp@2f93b79e{r=1,c=true,a=DISPATCHED,uri=//localhost:8080/balance/1}
14:17:11.795 [jetty task-23] DEBUG org.eclipse.jetty.io.WriteFlusher - Flushed=true 84/84+1 WriteFlusher@8283558{WRITING}->null
14:17:11.795 [jetty task-23] DEBUG org.eclipse.jetty.io.WriteFlusher - update WriteFlusher@8283558{IDLE}->null:WRITING-->IDLE
14:17:11.795 [jetty task-23] DEBUG org.eclipse.jetty.server.HttpConnection - org.eclipse.jetty.server.HttpConnection$SendCallback@75411cc[PROCESSING][i=HTTP/1.1{s=200,h=2,cl=3},cb=org.eclipse.jetty.server.HttpChannel$CommitCallback@de02d74] generate: DONE ([p=84,l=84,c=8192,r=0],[p=3,l=3,c=3,r=0],true)@END
14:17:11.796 [jetty task-23] DEBUG org.eclipse.jetty.server.Server - handled=true async=false committed=true on HttpChannelOverHttp@2f93b79e{r=1,c=true,a=DISPATCHED,uri=//localhost:8080/balance/1}
14:17:11.796 [jetty task-23] DEBUG org.eclipse.jetty.server.HttpChannelState - unhandle HttpChannelState@51e69138{s=DISPATCHED a=NOT_ASYNC i=true r=NONE/false w=false}
14:17:11.796 [jetty task-23] DEBUG org.eclipse.jetty.server.HttpChannel - HttpChannelOverHttp@2f93b79e{r=1,c=true,a=COMPLETING,uri=//localhost:8080/balance/1} action COMPLETE
14:17:11.796 [jetty task-23] DEBUG org.eclipse.jetty.server.HttpChannelState - onComplete HttpChannelState@51e69138{s=COMPLETING a=NOT_ASYNC i=false r=NONE/false w=false}
14:17:11.796 [jetty task-23] DEBUG org.eclipse.jetty.server.HttpChannel - COMPLETE for /balance/1 written=3
14:17:11.796 [jetty task-23] DEBUG org.eclipse.jetty.server.HttpChannelState - recycle HttpChannelState@51e69138{s=COMPLETED a=NOT_ASYNC i=false r=NONE/false w=false}
14:17:11.796 [jetty task-23] DEBUG org.eclipse.jetty.http.HttpParser - reset HttpParser{s=END,0 of 0}
14:17:11.796 [jetty task-23] DEBUG org.eclipse.jetty.http.HttpParser - END --> START
14:17:11.796 [jetty task-23] DEBUG org.eclipse.jetty.server.HttpChannel - HttpChannelOverHttp@2f93b79e{r=1,c=false,a=IDLE,uri=null} handle exit, result COMPLETE
14:17:11.796 [jetty task-23] DEBUG org.eclipse.jetty.io.ChannelEndPoint - filled 0 SocketChannelEndPoint@7bab885c{/127.0.0.1:55867<->/127.0.0.1:8080,OPEN,fill=-,flush=-,to=1/0}{io=1/0,kio=1,kro=1}->HttpConnection@1a75c0d9[p=HttpParser{s=START,0 of -1},g=HttpGenerator@3d3b52a3{s=START}]=>HttpChannelOverHttp@2f93b79e{r=1,c=false,a=IDLE,uri=null}
14:17:11.796 [jetty task-23] DEBUG org.eclipse.jetty.io.ChannelEndPoint - filled 0 SocketChannelEndPoint@7bab885c{/127.0.0.1:55867<->/127.0.0.1:8080,OPEN,fill=-,flush=-,to=1/0}{io=1/0,kio=1,kro=1}->HttpConnection@1a75c0d9[p=HttpParser{s=START,0 of -1},g=HttpGenerator@3d3b52a3{s=START}]=>HttpChannelOverHttp@2f93b79e{r=1,c=false,a=IDLE,uri=null}
14:17:11.796 [jetty task-23] DEBUG org.eclipse.jetty.server.HttpConnection - HttpConnection@1a75c0d9[p=HttpParser{s=START,0 of -1},g=HttpGenerator@3d3b52a3{s=START}]=>HttpChannelOverHttp@2f93b79e{r=1,c=false,a=IDLE,uri=null}<-SocketChannelEndPoint@7bab885c{/127.0.0.1:55867<->/127.0.0.1:8080,OPEN,fill=-,flush=-,to=1/0}{io=1/0,kio=1,kro=1}->HttpConnection@1a75c0d9[p=HttpParser{s=START,0 of -1},g=HttpGenerator@3d3b52a3{s=START}]=>HttpChannelOverHttp@2f93b79e{r=1,c=false,a=IDLE,uri=null} filled 0 HeapByteBuffer@5a112485[p=0,l=0,c=8192,r=0]={<<<>>>HTTP/1.1 200 OK\r\n...\x00\x00\x00\x00\x00\x00\x00\x00\x00\x00\x00\x00\x00\x00\x00}
14:17:11.796 [jetty task-23] DEBUG org.eclipse.jetty.server.HttpConnection - HttpConnection@1a75c0d9[p=HttpParser{s=START,0 of -1},g=HttpGenerator@3d3b52a3{s=START}]=>HttpChannelOverHttp@2f93b79e{r=1,c=false,a=IDLE,uri=null}<-SocketChannelEndPoint@7bab885c{/127.0.0.1:55867<->/127.0.0.1:8080,OPEN,fill=-,flush=-,to=1/0}{io=1/0,kio=1,kro=1}->HttpConnection@1a75c0d9[p=HttpParser{s=START,0 of -1},g=HttpGenerator@3d3b52a3{s=START}]=>HttpChannelOverHttp@2f93b79e{r=1,c=false,a=IDLE,uri=null} parse HeapByteBuffer@5a112485[p=0,l=0,c=8192,r=0]={<<<>>>HTTP/1.1 200 OK\r\n...\x00\x00\x00\x00\x00\x00\x00\x00\x00\x00\x00\x00\x00\x00\x00} {}
14:17:11.796 [jetty task-23] DEBUG org.eclipse.jetty.http.HttpParser - parseNext s=START HeapByteBuffer@5a112485[p=0,l=0,c=8192,r=0]={<<<>>>HTTP/1.1 200 OK\r\n...\x00\x00\x00\x00\x00\x00\x00\x00\x00\x00\x00\x00\x00\x00\x00}
14:17:11.796 [jetty task-23] DEBUG org.eclipse.jetty.server.HttpConnection - HttpConnection@1a75c0d9[p=HttpParser{s=START,0 of -1},g=HttpGenerator@3d3b52a3{s=START}]=>HttpChannelOverHttp@2f93b79e{r=1,c=false,a=IDLE,uri=null}<-SocketChannelEndPoint@7bab885c{/127.0.0.1:55867<->/127.0.0.1:8080,OPEN,fill=-,flush=-,to=1/0}{io=1/0,kio=1,kro=1}->HttpConnection@1a75c0d9[p=HttpParser{s=START,0 of -1},g=HttpGenerator@3d3b52a3{s=START}]=>HttpChannelOverHttp@2f93b79e{r=1,c=false,a=IDLE,uri=null} parsed false HttpParser{s=START,0 of -1}
14:17:11.797 [jetty task-23] DEBUG org.eclipse.jetty.server.HttpConnection - releaseRequestBuffer HttpConnection@1a75c0d9[p=HttpParser{s=START,0 of -1},g=HttpGenerator@3d3b52a3{s=START}]=>HttpChannelOverHttp@2f93b79e{r=1,c=false,a=IDLE,uri=null}<-SocketChannelEndPoint@7bab885c{/127.0.0.1:55867<->/127.0.0.1:8080,OPEN,fill=-,flush=-,to=2/0}{io=1/0,kio=1,kro=1}->HttpConnection@1a75c0d9[p=HttpParser{s=START,0 of -1},g=HttpGenerator@3d3b52a3{s=START}]=>HttpChannelOverHttp@2f93b79e{r=1,c=false,a=IDLE,uri=null}
14:17:11.797 [jetty task-23] DEBUG org.eclipse.jetty.io.AbstractConnection - fillInterested HttpConnection@1a75c0d9[p=HttpParser{s=START,0 of -1},g=HttpGenerator@3d3b52a3{s=START}]=>HttpChannelOverHttp@2f93b79e{r=1,c=false,a=IDLE,uri=null}<-SocketChannelEndPoint@7bab885c{/127.0.0.1:55867<->/127.0.0.1:8080,OPEN,fill=-,flush=-,to=2/0}{io=1/0,kio=1,kro=1}->HttpConnection@1a75c0d9[p=HttpParser{s=START,0 of -1},g=HttpGenerator@3d3b52a3{s=START}]=>HttpChannelOverHttp@2f93b79e{r=1,c=false,a=IDLE,uri=null}
14:17:11.797 [jetty task-23] DEBUG org.eclipse.jetty.io.FillInterest - FillInterest@fa63ddd{true,AC.ReadCB@1a75c0d9{HttpConnection@1a75c0d9[p=HttpParser{s=START,0 of -1},g=HttpGenerator@3d3b52a3{s=START}]=>HttpChannelOverHttp@2f93b79e{r=1,c=false,a=IDLE,uri=null}<-SocketChannelEndPoint@7bab885c{/127.0.0.1:55867<->/127.0.0.1:8080,OPEN,fill=FI,flush=-,to=0/0}{io=1/0,kio=1,kro=1}->HttpConnection@1a75c0d9[p=HttpParser{s=START,0 of -1},g=HttpGenerator@3d3b52a3{s=START}]=>HttpChannelOverHttp@2f93b79e{r=1,c=false,a=IDLE,uri=null}}} register AC.ReadCB@1a75c0d9{HttpConnection@1a75c0d9[p=HttpParser{s=START,0 of -1},g=HttpGenerator@3d3b52a3{s=START}]=>HttpChannelOverHttp@2f93b79e{r=1,c=false,a=IDLE,uri=null}<-SocketChannelEndPoint@7bab885c{/127.0.0.1:55867<->/127.0.0.1:8080,OPEN,fill=FI,flush=-,to=0/0}{io=1/0,kio=1,kro=1}->HttpConnection@1a75c0d9[p=HttpParser{s=START,0 of -1},g=HttpGenerator@3d3b52a3{s=START}]=>HttpChannelOverHttp@2f93b79e{r=1,c=false,a=IDLE,uri=null}}
14:17:11.797 [jetty task-23] DEBUG org.eclipse.jetty.io.ChannelEndPoint - changeInterests p=true 0->1 for SocketChannelEndPoint@7bab885c{/127.0.0.1:55867<->/127.0.0.1:8080,OPEN,fill=FI,flush=-,to=0/0}{io=1/1,kio=1,kro=1}->HttpConnection@1a75c0d9[p=HttpParser{s=START,0 of -1},g=HttpGenerator@3d3b52a3{s=START}]=>HttpChannelOverHttp@2f93b79e{r=1,c=false,a=IDLE,uri=null}
14:17:11.797 [jetty task-23] DEBUG org.eclipse.jetty.server.HttpConnection - HttpConnection@1a75c0d9[p=HttpParser{s=START,0 of -1},g=HttpGenerator@3d3b52a3{s=START}]=>HttpChannelOverHttp@2f93b79e{r=1,c=false,a=IDLE,uri=null}<-SocketChannelEndPoint@7bab885c{/127.0.0.1:55867<->/127.0.0.1:8080,OPEN,fill=FI,flush=-,to=0/0}{io=1/1,kio=1,kro=1}->HttpConnection@1a75c0d9[p=HttpParser{s=START,0 of -1},g=HttpGenerator@3d3b52a3{s=START}]=>HttpChannelOverHttp@2f93b79e{r=1,c=false,a=IDLE,uri=null} onFillable exit HttpChannelState@51e69138{s=IDLE a=NOT_ASYNC i=true r=NONE/false w=false} null
14:17:11.797 [jetty task-23] DEBUG org.eclipse.jetty.util.thread.strategy.ExecutingExecutionStrategy - EPC Pend/org.eclipse.jetty.io.ManagedSelector$SelectorProducer@6f90d7cf invoked CEP:SocketChannelEndPoint@7bab885c{/127.0.0.1:55867<->/127.0.0.1:8080,OPEN,fill=FI,flush=-,to=0/0}{io=1/1,kio=1,kro=1}->HttpConnection@1a75c0d9[p=HttpParser{s=START,0 of -1},g=HttpGenerator@3d3b52a3{s=START}]=>HttpChannelOverHttp@2f93b79e{r=1,c=false,a=IDLE,uri=null}:runFillable:BLOCKING
14:17:11.798 [jetty task-23] DEBUG org.eclipse.jetty.util.thread.strategy.ExecuteProduceConsume - EPC Pend/org.eclipse.jetty.io.ManagedSelector$SelectorProducer@6f90d7cf ran CEP:SocketChannelEndPoint@7bab885c{/127.0.0.1:55867<->/127.0.0.1:8080,OPEN,fill=FI,flush=-,to=1/0}{io=1/1,kio=1,kro=1}->HttpConnection@1a75c0d9[p=HttpParser{s=START,0 of -1},g=HttpGenerator@3d3b52a3{s=START}]=>HttpChannelOverHttp@2f93b79e{r=1,c=false,a=IDLE,uri=null}:runFillable:BLOCKING
14:17:11.798 [jetty task-23] DEBUG org.eclipse.jetty.util.thread.strategy.ExecuteProduceConsume - EPC Prod/Pend/org.eclipse.jetty.io.ManagedSelector$SelectorProducer@6f90d7cf producing
14:17:11.798 [jetty task-23] DEBUG org.eclipse.jetty.io.ChannelEndPoint - Key interests updated 1 -> 1 on SocketChannelEndPoint@7bab885c{/127.0.0.1:55867<->/127.0.0.1:8080,OPEN,fill=FI,flush=-,to=1/0}{io=1/1,kio=1,kro=1}->HttpConnection@1a75c0d9[p=HttpParser{s=START,0 of -1},g=HttpGenerator@3d3b52a3{s=START}]=>HttpChannelOverHttp@2f93b79e{r=1,c=false,a=IDLE,uri=null}
14:17:11.798 [jetty task-23] DEBUG org.eclipse.jetty.io.ManagedSelector - Selector loop waiting on select
14:17:11.808 [jetty task-16] DEBUG org.eclipse.jetty.util.thread.QueuedThreadPool - run EPC Prod/Pend/org.eclipse.jetty.io.ManagedSelector$SelectorProducer@6f90d7cf
14:17:11.808 [jetty task-16] DEBUG org.eclipse.jetty.util.thread.strategy.ExecuteProduceConsume - EPC Prod/Pend/org.eclipse.jetty.io.ManagedSelector$SelectorProducer@6f90d7cf run
14:17:11.808 [jetty task-16] DEBUG org.eclipse.jetty.util.thread.QueuedThreadPool - ran EPC Prod/org.eclipse.jetty.io.ManagedSelector$SelectorProducer@6f90d7cf
14:17:11.811 [jetty task-20-acceptor-0@78b9b1c-ServerConnector@53bd4614{HTTP/1.1,[http/1.1]}{localhost:8080}] DEBUG org.eclipse.jetty.io.ManagedSelector - Queued change org.eclipse.jetty.io.ManagedSelector$Accept@185db39e on org.eclipse.jetty.io.ManagedSelector@3803d43d id=1 keys=6 selected=0
14:17:11.811 [jetty task-23] DEBUG org.eclipse.jetty.io.ManagedSelector - Selector loop woken up from select, 0/6 selected
14:17:11.811 [jetty task-23] DEBUG org.eclipse.jetty.io.ManagedSelector - Running action org.eclipse.jetty.io.ManagedSelector$Accept@185db39e
14:17:11.811 [jetty task-23] DEBUG org.eclipse.jetty.io.ManagedSelector - Queued change org.eclipse.jetty.io.ManagedSelector$CreateEndPoint@2056da4 on org.eclipse.jetty.io.ManagedSelector@3803d43d id=1 keys=7 selected=0
14:17:11.811 [jetty task-23] DEBUG org.eclipse.jetty.util.thread.strategy.ExecuteProduceConsume - EPC Prod/org.eclipse.jetty.io.ManagedSelector$SelectorProducer@6f90d7cf produced org.eclipse.jetty.io.ManagedSelector$CreateEndPoint@2056da4
14:17:11.811 [jetty task-23] DEBUG org.eclipse.jetty.util.thread.strategy.ExecuteProduceConsume - EPC Pend/org.eclipse.jetty.io.ManagedSelector$SelectorProducer@6f90d7cf dispatch
14:17:11.811 [jetty task-23] DEBUG org.eclipse.jetty.util.thread.QueuedThreadPool - queue EPC Pend/org.eclipse.jetty.io.ManagedSelector$SelectorProducer@6f90d7cf
14:17:11.811 [jetty task-23] DEBUG org.eclipse.jetty.util.thread.strategy.ExecuteProduceConsume - EPC Pend/org.eclipse.jetty.io.ManagedSelector$SelectorProducer@6f90d7cf run org.eclipse.jetty.io.ManagedSelector$CreateEndPoint@2056da4
14:17:11.811 [jetty task-23] DEBUG org.eclipse.jetty.util.thread.strategy.ExecutingExecutionStrategy - EPC Pend/org.eclipse.jetty.io.ManagedSelector$SelectorProducer@6f90d7cf invoke  org.eclipse.jetty.io.ManagedSelector$CreateEndPoint@2056da4
14:17:11.811 [jetty task-23] DEBUG org.eclipse.jetty.io.AbstractEndPoint - onOpen SocketChannelEndPoint@e827b1d{/127.0.0.1:55868<->/127.0.0.1:8080,OPEN,fill=-,flush=-,to=0/0}{io=0/0,kio=0,kro=0}-><null>
14:17:11.811 [jetty task-18] DEBUG org.eclipse.jetty.util.thread.QueuedThreadPool - run EPC Pend/org.eclipse.jetty.io.ManagedSelector$SelectorProducer@6f90d7cf
14:17:11.811 [jetty task-18] DEBUG org.eclipse.jetty.util.thread.strategy.ExecuteProduceConsume - EPC Pend/org.eclipse.jetty.io.ManagedSelector$SelectorProducer@6f90d7cf run
14:17:11.811 [jetty task-18] DEBUG org.eclipse.jetty.util.thread.strategy.ExecuteProduceConsume - EPC Prod/org.eclipse.jetty.io.ManagedSelector$SelectorProducer@6f90d7cf produce enter
14:17:11.811 [jetty task-18] DEBUG org.eclipse.jetty.util.thread.strategy.ExecuteProduceConsume - EPC Prod/org.eclipse.jetty.io.ManagedSelector$SelectorProducer@6f90d7cf producing
14:17:11.811 [jetty task-18] DEBUG org.eclipse.jetty.io.ManagedSelector - Selector loop waiting on select
14:17:11.811 [jetty task-23] DEBUG org.eclipse.jetty.server.HttpChannel - new HttpChannelOverHttp@47c91d60{r=0,c=false,a=IDLE,uri=null} -> SocketChannelEndPoint@e827b1d{/127.0.0.1:55868<->/127.0.0.1:8080,OPEN,fill=-,flush=-,to=0/0}{io=0/0,kio=0,kro=0}-><null>,null,HttpChannelState@24c79add{s=IDLE a=NOT_ASYNC i=true r=NONE/false w=false}
14:17:11.811 [jetty task-23] DEBUG org.eclipse.jetty.server.HttpConnection - New HTTP Connection HttpConnection@d06bbac[p=HttpParser{s=START,0 of 0},g=HttpGenerator@10c16382{s=START}]=>HttpChannelOverHttp@47c91d60{r=0,c=false,a=IDLE,uri=null}<-SocketChannelEndPoint@e827b1d{/127.0.0.1:55868<->/127.0.0.1:8080,OPEN,fill=-,flush=-,to=0/0}{io=0/0,kio=0,kro=0}-><null>
14:17:11.812 [jetty task-23] DEBUG org.eclipse.jetty.io.AbstractConnection - onOpen HttpConnection@d06bbac[p=HttpParser{s=START,0 of 0},g=HttpGenerator@10c16382{s=START}]=>HttpChannelOverHttp@47c91d60{r=0,c=false,a=IDLE,uri=null}<-SocketChannelEndPoint@e827b1d{/127.0.0.1:55868<->/127.0.0.1:8080,OPEN,fill=-,flush=-,to=0/0}{io=0/0,kio=0,kro=0}->HttpConnection@d06bbac[p=HttpParser{s=START,0 of 0},g=HttpGenerator@10c16382{s=START}]=>HttpChannelOverHttp@47c91d60{r=0,c=false,a=IDLE,uri=null}
14:17:11.812 [jetty task-23] DEBUG org.eclipse.jetty.io.AbstractConnection - fillInterested HttpConnection@d06bbac[p=HttpParser{s=START,0 of 0},g=HttpGenerator@10c16382{s=START}]=>HttpChannelOverHttp@47c91d60{r=0,c=false,a=IDLE,uri=null}<-SocketChannelEndPoint@e827b1d{/127.0.0.1:55868<->/127.0.0.1:8080,OPEN,fill=-,flush=-,to=1/0}{io=0/0,kio=0,kro=0}->HttpConnection@d06bbac[p=HttpParser{s=START,0 of 0},g=HttpGenerator@10c16382{s=START}]=>HttpChannelOverHttp@47c91d60{r=0,c=false,a=IDLE,uri=null}
14:17:11.812 [jetty task-23] DEBUG org.eclipse.jetty.io.FillInterest - FillInterest@1fec5ee7{true,AC.ReadCB@d06bbac{HttpConnection@d06bbac[p=HttpParser{s=START,0 of 0},g=HttpGenerator@10c16382{s=START}]=>HttpChannelOverHttp@47c91d60{r=0,c=false,a=IDLE,uri=null}<-SocketChannelEndPoint@e827b1d{/127.0.0.1:55868<->/127.0.0.1:8080,OPEN,fill=FI,flush=-,to=0/0}{io=0/0,kio=0,kro=0}->HttpConnection@d06bbac[p=HttpParser{s=START,0 of 0},g=HttpGenerator@10c16382{s=START}]=>HttpChannelOverHttp@47c91d60{r=0,c=false,a=IDLE,uri=null}}} register AC.ReadCB@d06bbac{HttpConnection@d06bbac[p=HttpParser{s=START,0 of 0},g=HttpGenerator@10c16382{s=START}]=>HttpChannelOverHttp@47c91d60{r=0,c=false,a=IDLE,uri=null}<-SocketChannelEndPoint@e827b1d{/127.0.0.1:55868<->/127.0.0.1:8080,OPEN,fill=FI,flush=-,to=0/0}{io=0/0,kio=0,kro=0}->HttpConnection@d06bbac[p=HttpParser{s=START,0 of 0},g=HttpGenerator@10c16382{s=START}]=>HttpChannelOverHttp@47c91d60{r=0,c=false,a=IDLE,uri=null}}
14:17:11.812 [jetty task-23] DEBUG org.eclipse.jetty.io.ChannelEndPoint - changeInterests p=false 0->1 for SocketChannelEndPoint@e827b1d{/127.0.0.1:55868<->/127.0.0.1:8080,OPEN,fill=FI,flush=-,to=0/0}{io=0/1,kio=0,kro=0}->HttpConnection@d06bbac[p=HttpParser{s=START,0 of 0},g=HttpGenerator@10c16382{s=START}]=>HttpChannelOverHttp@47c91d60{r=0,c=false,a=IDLE,uri=null}
14:17:11.812 [jetty task-23] DEBUG org.eclipse.jetty.io.ManagedSelector - Queued change CEP:SocketChannelEndPoint@e827b1d{/127.0.0.1:55868<->/127.0.0.1:8080,OPEN,fill=FI,flush=-,to=0/0}{io=0/1,kio=0,kro=0}->HttpConnection@d06bbac[p=HttpParser{s=START,0 of 0},g=HttpGenerator@10c16382{s=START}]=>HttpChannelOverHttp@47c91d60{r=0,c=false,a=IDLE,uri=null}:runUpdateKey:NON_BLOCKING on org.eclipse.jetty.io.ManagedSelector@3803d43d id=1 keys=7 selected=0
14:17:11.812 [jetty task-18] DEBUG org.eclipse.jetty.io.ManagedSelector - Selector loop woken up from select, 0/7 selected
14:17:11.812 [jetty task-23] DEBUG org.eclipse.jetty.io.ManagedSelector - Created SocketChannelEndPoint@e827b1d{/127.0.0.1:55868<->/127.0.0.1:8080,OPEN,fill=FI,flush=-,to=0/0}{io=0/1,kio=0,kro=0}->HttpConnection@d06bbac[p=HttpParser{s=START,0 of 0},g=HttpGenerator@10c16382{s=START}]=>HttpChannelOverHttp@47c91d60{r=0,c=false,a=IDLE,uri=null}
14:17:11.812 [jetty task-23] DEBUG org.eclipse.jetty.util.thread.strategy.ExecutingExecutionStrategy - EPC Prod/org.eclipse.jetty.io.ManagedSelector$SelectorProducer@6f90d7cf invoked org.eclipse.jetty.io.ManagedSelector$CreateEndPoint@2056da4
14:17:11.812 [jetty task-23] DEBUG org.eclipse.jetty.util.thread.strategy.ExecuteProduceConsume - EPC Prod/org.eclipse.jetty.io.ManagedSelector$SelectorProducer@6f90d7cf ran org.eclipse.jetty.io.ManagedSelector$CreateEndPoint@2056da4
14:17:11.812 [jetty task-23] DEBUG org.eclipse.jetty.util.thread.strategy.ExecuteProduceConsume - EPC Prod/org.eclipse.jetty.io.ManagedSelector$SelectorProducer@6f90d7cf produce exit
14:17:11.812 [jetty task-23] DEBUG org.eclipse.jetty.util.thread.QueuedThreadPool - ran EPC Prod/org.eclipse.jetty.io.ManagedSelector$SelectorProducer@6f90d7cf
14:17:11.812 [jetty task-18] DEBUG org.eclipse.jetty.io.ManagedSelector - Running action CEP:SocketChannelEndPoint@e827b1d{/127.0.0.1:55868<->/127.0.0.1:8080,OPEN,fill=FI,flush=-,to=0/0}{io=0/1,kio=0,kro=0}->HttpConnection@d06bbac[p=HttpParser{s=START,0 of 0},g=HttpGenerator@10c16382{s=START}]=>HttpChannelOverHttp@47c91d60{r=0,c=false,a=IDLE,uri=null}:runUpdateKey:NON_BLOCKING
14:17:11.813 [jetty task-18] DEBUG org.eclipse.jetty.io.ChannelEndPoint - Key interests updated 0 -> 1 on SocketChannelEndPoint@e827b1d{/127.0.0.1:55868<->/127.0.0.1:8080,OPEN,fill=FI,flush=-,to=0/0}{io=1/1,kio=1,kro=0}->HttpConnection@d06bbac[p=HttpParser{s=START,0 of 0},g=HttpGenerator@10c16382{s=START}]=>HttpChannelOverHttp@47c91d60{r=0,c=false,a=IDLE,uri=null}
14:17:11.813 [jetty task-18] DEBUG org.eclipse.jetty.io.ManagedSelector - Selector loop waiting on select
14:17:11.813 [jetty task-18] DEBUG org.eclipse.jetty.io.ManagedSelector - Selector loop woken up from select, 1/7 selected
14:17:11.813 [jetty task-18] DEBUG org.eclipse.jetty.io.ManagedSelector - selected sun.nio.ch.SelectionKeyImpl@25f8d2a6 SocketChannelEndPoint@e827b1d{/127.0.0.1:55868<->/127.0.0.1:8080,OPEN,fill=FI,flush=-,to=1/0}{io=1/1,kio=1,kro=1}->HttpConnection@d06bbac[p=HttpParser{s=START,0 of 0},g=HttpGenerator@10c16382{s=START}]=>HttpChannelOverHttp@47c91d60{r=0,c=false,a=IDLE,uri=null} 
14:17:11.813 [jetty task-18] DEBUG org.eclipse.jetty.io.ChannelEndPoint - onSelected 1->0 r=true w=false for SocketChannelEndPoint@e827b1d{/127.0.0.1:55868<->/127.0.0.1:8080,OPEN,fill=FI,flush=-,to=1/0}{io=1/0,kio=1,kro=1}->HttpConnection@d06bbac[p=HttpParser{s=START,0 of 0},g=HttpGenerator@10c16382{s=START}]=>HttpChannelOverHttp@47c91d60{r=0,c=false,a=IDLE,uri=null}
14:17:11.813 [jetty task-18] DEBUG org.eclipse.jetty.io.ChannelEndPoint - task CEP:SocketChannelEndPoint@e827b1d{/127.0.0.1:55868<->/127.0.0.1:8080,OPEN,fill=FI,flush=-,to=1/0}{io=1/0,kio=1,kro=1}->HttpConnection@d06bbac[p=HttpParser{s=START,0 of 0},g=HttpGenerator@10c16382{s=START}]=>HttpChannelOverHttp@47c91d60{r=0,c=false,a=IDLE,uri=null}:runFillable:BLOCKING
14:17:11.813 [jetty task-18] DEBUG org.eclipse.jetty.util.thread.strategy.ExecuteProduceConsume - EPC Prod/org.eclipse.jetty.io.ManagedSelector$SelectorProducer@6f90d7cf produced CEP:SocketChannelEndPoint@e827b1d{/127.0.0.1:55868<->/127.0.0.1:8080,OPEN,fill=FI,flush=-,to=1/0}{io=1/0,kio=1,kro=1}->HttpConnection@d06bbac[p=HttpParser{s=START,0 of 0},g=HttpGenerator@10c16382{s=START}]=>HttpChannelOverHttp@47c91d60{r=0,c=false,a=IDLE,uri=null}:runFillable:BLOCKING
14:17:11.813 [jetty task-18] DEBUG org.eclipse.jetty.util.thread.strategy.ExecuteProduceConsume - EPC Pend/org.eclipse.jetty.io.ManagedSelector$SelectorProducer@6f90d7cf dispatch
14:17:11.813 [jetty task-18] DEBUG org.eclipse.jetty.util.thread.QueuedThreadPool - queue EPC Pend/org.eclipse.jetty.io.ManagedSelector$SelectorProducer@6f90d7cf
14:17:11.813 [jetty task-18] DEBUG org.eclipse.jetty.util.thread.strategy.ExecuteProduceConsume - EPC Pend/org.eclipse.jetty.io.ManagedSelector$SelectorProducer@6f90d7cf run CEP:SocketChannelEndPoint@e827b1d{/127.0.0.1:55868<->/127.0.0.1:8080,OPEN,fill=FI,flush=-,to=1/0}{io=1/0,kio=1,kro=1}->HttpConnection@d06bbac[p=HttpParser{s=START,0 of 0},g=HttpGenerator@10c16382{s=START}]=>HttpChannelOverHttp@47c91d60{r=0,c=false,a=IDLE,uri=null}:runFillable:BLOCKING
14:17:11.813 [jetty task-18] DEBUG org.eclipse.jetty.util.thread.strategy.ExecutingExecutionStrategy - EPC Pend/org.eclipse.jetty.io.ManagedSelector$SelectorProducer@6f90d7cf invoke  CEP:SocketChannelEndPoint@e827b1d{/127.0.0.1:55868<->/127.0.0.1:8080,OPEN,fill=FI,flush=-,to=1/0}{io=1/0,kio=1,kro=1}->HttpConnection@d06bbac[p=HttpParser{s=START,0 of 0},g=HttpGenerator@10c16382{s=START}]=>HttpChannelOverHttp@47c91d60{r=0,c=false,a=IDLE,uri=null}:runFillable:BLOCKING
14:17:11.813 [jetty task-16] DEBUG org.eclipse.jetty.util.thread.QueuedThreadPool - run EPC Pend/org.eclipse.jetty.io.ManagedSelector$SelectorProducer@6f90d7cf
14:17:11.813 [jetty task-16] DEBUG org.eclipse.jetty.util.thread.strategy.ExecuteProduceConsume - EPC Pend/org.eclipse.jetty.io.ManagedSelector$SelectorProducer@6f90d7cf run
14:17:11.813 [jetty task-18] DEBUG org.eclipse.jetty.io.FillInterest - FillInterest@1fec5ee7{true,AC.ReadCB@d06bbac{HttpConnection@d06bbac[p=HttpParser{s=START,0 of 0},g=HttpGenerator@10c16382{s=START}]=>HttpChannelOverHttp@47c91d60{r=0,c=false,a=IDLE,uri=null}<-SocketChannelEndPoint@e827b1d{/127.0.0.1:55868<->/127.0.0.1:8080,OPEN,fill=FI,flush=-,to=1/0}{io=1/0,kio=1,kro=1}->HttpConnection@d06bbac[p=HttpParser{s=START,0 of 0},g=HttpGenerator@10c16382{s=START}]=>HttpChannelOverHttp@47c91d60{r=0,c=false,a=IDLE,uri=null}}} fillable AC.ReadCB@d06bbac{HttpConnection@d06bbac[p=HttpParser{s=START,0 of 0},g=HttpGenerator@10c16382{s=START}]=>HttpChannelOverHttp@47c91d60{r=0,c=false,a=IDLE,uri=null}<-SocketChannelEndPoint@e827b1d{/127.0.0.1:55868<->/127.0.0.1:8080,OPEN,fill=FI,flush=-,to=1/0}{io=1/0,kio=1,kro=1}->HttpConnection@d06bbac[p=HttpParser{s=START,0 of 0},g=HttpGenerator@10c16382{s=START}]=>HttpChannelOverHttp@47c91d60{r=0,c=false,a=IDLE,uri=null}}
14:17:11.813 [jetty task-16] DEBUG org.eclipse.jetty.util.thread.strategy.ExecuteProduceConsume - EPC Prod/org.eclipse.jetty.io.ManagedSelector$SelectorProducer@6f90d7cf produce enter
14:17:11.814 [jetty task-18] DEBUG org.eclipse.jetty.server.HttpConnection - HttpConnection@d06bbac[p=HttpParser{s=START,0 of 0},g=HttpGenerator@10c16382{s=START}]=>HttpChannelOverHttp@47c91d60{r=0,c=false,a=IDLE,uri=null}<-SocketChannelEndPoint@e827b1d{/127.0.0.1:55868<->/127.0.0.1:8080,OPEN,fill=-,flush=-,to=2/0}{io=1/0,kio=1,kro=1}->HttpConnection@d06bbac[p=HttpParser{s=START,0 of 0},g=HttpGenerator@10c16382{s=START}]=>HttpChannelOverHttp@47c91d60{r=0,c=false,a=IDLE,uri=null} onFillable enter HttpChannelState@24c79add{s=IDLE a=NOT_ASYNC i=true r=NONE/false w=false} null
14:17:11.814 [jetty task-16] DEBUG org.eclipse.jetty.util.thread.strategy.ExecuteProduceConsume - EPC Prod/org.eclipse.jetty.io.ManagedSelector$SelectorProducer@6f90d7cf producing
14:17:11.814 [jetty task-18] DEBUG org.eclipse.jetty.io.ChannelEndPoint - filled 171 SocketChannelEndPoint@e827b1d{/127.0.0.1:55868<->/127.0.0.1:8080,OPEN,fill=-,flush=-,to=2/0}{io=1/0,kio=1,kro=1}->HttpConnection@d06bbac[p=HttpParser{s=START,0 of 0},g=HttpGenerator@10c16382{s=START}]=>HttpChannelOverHttp@47c91d60{r=0,c=false,a=IDLE,uri=null}
14:17:11.814 [jetty task-18] DEBUG org.eclipse.jetty.server.HttpConnection - HttpConnection@d06bbac[p=HttpParser{s=START,0 of 0},g=HttpGenerator@10c16382{s=START}]=>HttpChannelOverHttp@47c91d60{r=0,c=false,a=IDLE,uri=null}<-SocketChannelEndPoint@e827b1d{/127.0.0.1:55868<->/127.0.0.1:8080,OPEN,fill=-,flush=-,to=0/0}{io=1/0,kio=1,kro=1}->HttpConnection@d06bbac[p=HttpParser{s=START,0 of 0},g=HttpGenerator@10c16382{s=START}]=>HttpChannelOverHttp@47c91d60{r=0,c=false,a=IDLE,uri=null} filled 171 HeapByteBuffer@5a112485[p=0,l=171,c=8192,r=171]={<<<GET /balance/2 HT...zip,deflate\r\n\r\n>>>\r\nHost: localhost...\x00\x00\x00\x00\x00\x00\x00\x00\x00\x00\x00\x00\x00\x00\x00}
14:17:11.814 [jetty task-18] DEBUG org.eclipse.jetty.server.HttpConnection - HttpConnection@d06bbac[p=HttpParser{s=START,0 of 0},g=HttpGenerator@10c16382{s=START}]=>HttpChannelOverHttp@47c91d60{r=0,c=false,a=IDLE,uri=null}<-SocketChannelEndPoint@e827b1d{/127.0.0.1:55868<->/127.0.0.1:8080,OPEN,fill=-,flush=-,to=0/0}{io=1/0,kio=1,kro=1}->HttpConnection@d06bbac[p=HttpParser{s=START,0 of 0},g=HttpGenerator@10c16382{s=START}]=>HttpChannelOverHttp@47c91d60{r=0,c=false,a=IDLE,uri=null} parse HeapByteBuffer@5a112485[p=0,l=171,c=8192,r=171]={<<<GET /balance/2 HT...zip,deflate\r\n\r\n>>>\r\nHost: localhost...\x00\x00\x00\x00\x00\x00\x00\x00\x00\x00\x00\x00\x00\x00\x00} {}
14:17:11.814 [jetty task-18] DEBUG org.eclipse.jetty.http.HttpParser - parseNext s=START HeapByteBuffer@5a112485[p=0,l=171,c=8192,r=171]={<<<GET /balance/2 HT...zip,deflate\r\n\r\n>>>\r\nHost: localhost...\x00\x00\x00\x00\x00\x00\x00\x00\x00\x00\x00\x00\x00\x00\x00}
14:17:11.814 [jetty task-18] DEBUG org.eclipse.jetty.http.HttpParser - START --> SPACE1
14:17:11.814 [jetty task-18] DEBUG org.eclipse.jetty.http.HttpParser - SPACE1 --> URI
14:17:11.814 [jetty task-18] DEBUG org.eclipse.jetty.http.HttpParser - URI --> SPACE2
14:17:11.814 [jetty task-18] DEBUG org.eclipse.jetty.http.HttpParser - SPACE2 --> REQUEST_VERSION
14:17:11.814 [jetty task-18] DEBUG org.eclipse.jetty.http.HttpParser - REQUEST_VERSION --> HEADER
14:17:11.814 [jetty task-18] DEBUG org.eclipse.jetty.http.HttpParser - HEADER:Accept: */* --> IN_VALUE
14:17:11.814 [jetty task-18] DEBUG org.eclipse.jetty.http.HttpParser - HEADER:Accept: */* --> FIELD
14:17:11.814 [jetty task-18] DEBUG org.eclipse.jetty.http.HttpParser - HEADER:null --> VALUE
14:17:11.814 [jetty task-18] DEBUG org.eclipse.jetty.http.HttpParser - HEADER:null --> IN_VALUE
14:17:11.814 [jetty task-18] DEBUG org.eclipse.jetty.http.HttpParser - HEADER:null --> FIELD
14:17:11.814 [jetty task-18] DEBUG org.eclipse.jetty.http.HttpParser - HEADER:Connection: keep-alive --> IN_VALUE
14:17:11.814 [jetty task-18] DEBUG org.eclipse.jetty.http.HttpParser - HEADER:Connection: keep-alive --> FIELD
14:17:11.814 [jetty task-18] DEBUG org.eclipse.jetty.http.HttpParser - HEADER:null --> VALUE
14:17:11.814 [jetty task-18] DEBUG org.eclipse.jetty.http.HttpParser - HEADER:null --> IN_VALUE
14:17:11.814 [jetty task-18] DEBUG org.eclipse.jetty.http.HttpParser - HEADER:null --> FIELD
14:17:11.814 [jetty task-18] DEBUG org.eclipse.jetty.http.HttpParser - HEADER:null --> IN_VALUE
14:17:11.815 [jetty task-18] DEBUG org.eclipse.jetty.http.HttpParser - HEADER:null --> FIELD
14:17:11.815 [jetty task-18] DEBUG org.eclipse.jetty.http.HttpParser - HEADER --> END
14:17:11.815 [jetty task-18] DEBUG org.eclipse.jetty.server.HttpChannel - REQUEST for //localhost:8080/balance/2 on HttpChannelOverHttp@47c91d60{r=1,c=false,a=IDLE,uri=//localhost:8080/balance/2}
GET //localhost:8080/balance/2 HTTP/1.1
Accept: */*
Host: localhost:8080
Connection: keep-alive
User-Agent: Apache-HttpClient/4.5.3 (Java/1.8.0_121)
Accept-Encoding: gzip,deflate


14:17:11.815 [jetty task-16] DEBUG org.eclipse.jetty.io.ChannelEndPoint - Key interests updated 1 -> 0 on SocketChannelEndPoint@e827b1d{/127.0.0.1:55868<->/127.0.0.1:8080,OPEN,fill=-,flush=-,to=1/0}{io=0/0,kio=0,kro=1}->HttpConnection@d06bbac[p=HttpParser{s=END,0 of 0},g=HttpGenerator@10c16382{s=START}]=>HttpChannelOverHttp@47c91d60{r=1,c=false,a=IDLE,uri=//localhost:8080/balance/2}
14:17:11.815 [jetty task-18] DEBUG org.eclipse.jetty.server.HttpChannel - HttpChannelOverHttp@47c91d60{r=1,c=false,a=IDLE,uri=//localhost:8080/balance/2} onContentComplete
14:17:11.815 [jetty task-18] DEBUG org.eclipse.jetty.server.HttpChannel - HttpChannelOverHttp@47c91d60{r=1,c=false,a=IDLE,uri=//localhost:8080/balance/2} onRequestComplete
14:17:11.815 [jetty task-18] DEBUG org.eclipse.jetty.server.HttpInput - HttpInputOverHTTP@63f71544[c=0,q=0,[0]=null,s=STREAM] addContent EOF
14:17:11.815 [jetty task-18] DEBUG org.eclipse.jetty.server.HttpConnection - HttpConnection@d06bbac[p=HttpParser{s=END,0 of 0},g=HttpGenerator@10c16382{s=START}]=>HttpChannelOverHttp@47c91d60{r=1,c=false,a=IDLE,uri=//localhost:8080/balance/2}<-SocketChannelEndPoint@e827b1d{/127.0.0.1:55868<->/127.0.0.1:8080,OPEN,fill=-,flush=-,to=1/0}{io=0/0,kio=0,kro=1}->HttpConnection@d06bbac[p=HttpParser{s=END,0 of 0},g=HttpGenerator@10c16382{s=START}]=>HttpChannelOverHttp@47c91d60{r=1,c=false,a=IDLE,uri=//localhost:8080/balance/2} parsed true HttpParser{s=END,0 of 0}
14:17:11.815 [jetty task-16] DEBUG org.eclipse.jetty.io.ManagedSelector - Selector loop waiting on select
14:17:11.815 [jetty task-18] DEBUG org.eclipse.jetty.server.HttpConnection - releaseRequestBuffer HttpConnection@d06bbac[p=HttpParser{s=END,0 of 0},g=HttpGenerator@10c16382{s=START}]=>HttpChannelOverHttp@47c91d60{r=1,c=false,a=IDLE,uri=//localhost:8080/balance/2}<-SocketChannelEndPoint@e827b1d{/127.0.0.1:55868<->/127.0.0.1:8080,OPEN,fill=-,flush=-,to=1/0}{io=0/0,kio=0,kro=1}->HttpConnection@d06bbac[p=HttpParser{s=END,0 of 0},g=HttpGenerator@10c16382{s=START}]=>HttpChannelOverHttp@47c91d60{r=1,c=false,a=IDLE,uri=//localhost:8080/balance/2}
14:17:11.815 [jetty task-18] DEBUG org.eclipse.jetty.server.HttpChannel - HttpChannelOverHttp@47c91d60{r=1,c=false,a=IDLE,uri=//localhost:8080/balance/2} handle //localhost:8080/balance/2 
14:17:11.815 [jetty task-18] DEBUG org.eclipse.jetty.server.HttpChannelState - handling HttpChannelState@24c79add{s=IDLE a=NOT_ASYNC i=true r=NONE/false w=false}
14:17:11.815 [jetty task-18] DEBUG org.eclipse.jetty.server.HttpChannel - HttpChannelOverHttp@47c91d60{r=1,c=false,a=DISPATCHED,uri=//localhost:8080/balance/2} action DISPATCH
14:17:11.815 [jetty task-18] DEBUG org.eclipse.jetty.server.Server - REQUEST GET /balance/2 on HttpChannelOverHttp@47c91d60{r=1,c=false,a=DISPATCHED,uri=//localhost:8080/balance/2}
14:17:11.815 [jetty task-18] DEBUG org.eclipse.jetty.server.handler.ContextHandler - scope null||/balance/2 @ o.e.j.s.h.ContextHandler@38453928{/,null,AVAILABLE}
14:17:11.815 [jetty task-18] DEBUG org.eclipse.jetty.server.handler.ContextHandler - context=||/balance/2 @ o.e.j.s.h.ContextHandler@38453928{/,null,AVAILABLE}
14:17:11.816 [jetty task-18] DEBUG org.eclipse.jetty.server.HttpOutput - sendContent(HeapByteBuffer@16dcdfe[p=0,l=4,c=4,r=4]={<<<5100>>>})
14:17:11.816 [jetty task-18] DEBUG org.eclipse.jetty.server.HttpChannel - sendResponse info=null content=HeapByteBuffer@16dcdfe[p=0,l=4,c=4,r=4]={<<<5100>>>} complete=true committing=true callback=Blocker@25cb5864{null}
14:17:11.816 [jetty task-18] DEBUG org.eclipse.jetty.server.HttpChannel - COMMIT for /balance/2 on HttpChannelOverHttp@47c91d60{r=1,c=true,a=DISPATCHED,uri=//localhost:8080/balance/2}
200 null HTTP/1.1
Content-Type: application/json;charset=utf-8
Content-Length: 4


14:17:11.816 [jetty task-18] DEBUG org.eclipse.jetty.server.HttpConnection - org.eclipse.jetty.server.HttpConnection$SendCallback@6c949863[PROCESSING][i=HTTP/1.1{s=200,h=2,cl=4},cb=org.eclipse.jetty.server.HttpChannel$CommitCallback@3712ed80] generate: NEED_HEADER (null,[p=0,l=4,c=4,r=4],true)@START
14:17:11.816 [jetty task-18] DEBUG org.eclipse.jetty.http.HttpGenerator - generateHeaders HTTP/1.1{s=200,h=2,cl=4} last=true content=HeapByteBuffer@16dcdfe[p=0,l=4,c=4,r=4]={<<<5100>>>}
14:17:11.816 [jetty task-18] DEBUG org.eclipse.jetty.http.HttpGenerator - Content-Type: application/json;charset=utf-8
Content-Length: 4


14:17:11.816 [jetty task-18] DEBUG org.eclipse.jetty.http.HttpGenerator - CONTENT_LENGTH
14:17:11.816 [jetty task-18] DEBUG org.eclipse.jetty.server.HttpConnection - org.eclipse.jetty.server.HttpConnection$SendCallback@6c949863[PROCESSING][i=HTTP/1.1{s=200,h=2,cl=4},cb=org.eclipse.jetty.server.HttpChannel$CommitCallback@3712ed80] generate: FLUSH ([p=0,l=84,c=8192,r=84],[p=0,l=4,c=4,r=4],true)@COMPLETING
14:17:11.816 [jetty task-18] DEBUG org.eclipse.jetty.io.WriteFlusher - write: WriteFlusher@587fd4a1{IDLE}->null [HeapByteBuffer@5a112485[p=0,l=84,c=8192,r=84]={<<<HTTP/1.1 200 OK\r\n...t-Length: 4\r\n\r\n>>>User-Agent: Apach...\x00\x00\x00\x00\x00\x00\x00\x00\x00\x00\x00\x00\x00\x00\x00},HeapByteBuffer@16dcdfe[p=0,l=4,c=4,r=4]={<<<5100>>>}]
14:17:11.816 [jetty task-18] DEBUG org.eclipse.jetty.io.WriteFlusher - update WriteFlusher@587fd4a1{WRITING}->null:IDLE-->WRITING
14:17:11.817 [jetty task-18] DEBUG org.eclipse.jetty.io.ChannelEndPoint - flushed 88 SocketChannelEndPoint@e827b1d{/127.0.0.1:55868<->/127.0.0.1:8080,OPEN,fill=-,flush=W,to=2/0}{io=0/0,kio=0,kro=1}->HttpConnection@d06bbac[p=HttpParser{s=END,0 of 0},g=HttpGenerator@10c16382{s=COMPLETING}]=>HttpChannelOverHttp@47c91d60{r=1,c=true,a=DISPATCHED,uri=//localhost:8080/balance/2}
14:17:11.817 [jetty task-18] DEBUG org.eclipse.jetty.io.WriteFlusher - Flushed=true 84/84+1 WriteFlusher@587fd4a1{WRITING}->null
14:17:11.817 [jetty task-18] DEBUG org.eclipse.jetty.io.WriteFlusher - update WriteFlusher@587fd4a1{IDLE}->null:WRITING-->IDLE
14:17:11.817 [jetty task-18] DEBUG org.eclipse.jetty.server.HttpConnection - org.eclipse.jetty.server.HttpConnection$SendCallback@6c949863[PROCESSING][i=HTTP/1.1{s=200,h=2,cl=4},cb=org.eclipse.jetty.server.HttpChannel$CommitCallback@3712ed80] generate: DONE ([p=84,l=84,c=8192,r=0],[p=4,l=4,c=4,r=0],true)@END
14:17:11.817 [jetty task-18] DEBUG org.eclipse.jetty.server.Server - handled=true async=false committed=true on HttpChannelOverHttp@47c91d60{r=1,c=true,a=DISPATCHED,uri=//localhost:8080/balance/2}
14:17:11.817 [jetty task-18] DEBUG org.eclipse.jetty.server.HttpChannelState - unhandle HttpChannelState@24c79add{s=DISPATCHED a=NOT_ASYNC i=true r=NONE/false w=false}
14:17:11.817 [jetty task-18] DEBUG org.eclipse.jetty.server.HttpChannel - HttpChannelOverHttp@47c91d60{r=1,c=true,a=COMPLETING,uri=//localhost:8080/balance/2} action COMPLETE
14:17:11.817 [jetty task-18] DEBUG org.eclipse.jetty.server.HttpChannelState - onComplete HttpChannelState@24c79add{s=COMPLETING a=NOT_ASYNC i=false r=NONE/false w=false}
14:17:11.817 [jetty task-18] DEBUG org.eclipse.jetty.server.HttpChannel - COMPLETE for /balance/2 written=4
14:17:11.817 [jetty task-18] DEBUG org.eclipse.jetty.server.HttpChannelState - recycle HttpChannelState@24c79add{s=COMPLETED a=NOT_ASYNC i=false r=NONE/false w=false}
14:17:11.817 [jetty task-18] DEBUG org.eclipse.jetty.http.HttpParser - reset HttpParser{s=END,0 of 0}
14:17:11.817 [jetty task-18] DEBUG org.eclipse.jetty.http.HttpParser - END --> START
14:17:11.817 [jetty task-18] DEBUG org.eclipse.jetty.server.HttpChannel - HttpChannelOverHttp@47c91d60{r=1,c=false,a=IDLE,uri=null} handle exit, result COMPLETE
14:17:11.817 [jetty task-18] DEBUG org.eclipse.jetty.io.ChannelEndPoint - filled 0 SocketChannelEndPoint@e827b1d{/127.0.0.1:55868<->/127.0.0.1:8080,OPEN,fill=-,flush=-,to=0/0}{io=0/0,kio=0,kro=1}->HttpConnection@d06bbac[p=HttpParser{s=START,0 of -1},g=HttpGenerator@10c16382{s=START}]=>HttpChannelOverHttp@47c91d60{r=1,c=false,a=IDLE,uri=null}
14:17:11.818 [jetty task-18] DEBUG org.eclipse.jetty.io.ChannelEndPoint - filled 0 SocketChannelEndPoint@e827b1d{/127.0.0.1:55868<->/127.0.0.1:8080,OPEN,fill=-,flush=-,to=0/0}{io=0/0,kio=0,kro=1}->HttpConnection@d06bbac[p=HttpParser{s=START,0 of -1},g=HttpGenerator@10c16382{s=START}]=>HttpChannelOverHttp@47c91d60{r=1,c=false,a=IDLE,uri=null}
14:17:11.818 [jetty task-18] DEBUG org.eclipse.jetty.server.HttpConnection - HttpConnection@d06bbac[p=HttpParser{s=START,0 of -1},g=HttpGenerator@10c16382{s=START}]=>HttpChannelOverHttp@47c91d60{r=1,c=false,a=IDLE,uri=null}<-SocketChannelEndPoint@e827b1d{/127.0.0.1:55868<->/127.0.0.1:8080,OPEN,fill=-,flush=-,to=1/0}{io=0/0,kio=0,kro=1}->HttpConnection@d06bbac[p=HttpParser{s=START,0 of -1},g=HttpGenerator@10c16382{s=START}]=>HttpChannelOverHttp@47c91d60{r=1,c=false,a=IDLE,uri=null} filled 0 HeapByteBuffer@5a112485[p=0,l=0,c=8192,r=0]={<<<>>>HTTP/1.1 200 OK\r\n...\x00\x00\x00\x00\x00\x00\x00\x00\x00\x00\x00\x00\x00\x00\x00}
14:17:11.818 [jetty task-18] DEBUG org.eclipse.jetty.server.HttpConnection - HttpConnection@d06bbac[p=HttpParser{s=START,0 of -1},g=HttpGenerator@10c16382{s=START}]=>HttpChannelOverHttp@47c91d60{r=1,c=false,a=IDLE,uri=null}<-SocketChannelEndPoint@e827b1d{/127.0.0.1:55868<->/127.0.0.1:8080,OPEN,fill=-,flush=-,to=1/0}{io=0/0,kio=0,kro=1}->HttpConnection@d06bbac[p=HttpParser{s=START,0 of -1},g=HttpGenerator@10c16382{s=START}]=>HttpChannelOverHttp@47c91d60{r=1,c=false,a=IDLE,uri=null} parse HeapByteBuffer@5a112485[p=0,l=0,c=8192,r=0]={<<<>>>HTTP/1.1 200 OK\r\n...\x00\x00\x00\x00\x00\x00\x00\x00\x00\x00\x00\x00\x00\x00\x00} {}
14:17:11.818 [jetty task-18] DEBUG org.eclipse.jetty.http.HttpParser - parseNext s=START HeapByteBuffer@5a112485[p=0,l=0,c=8192,r=0]={<<<>>>HTTP/1.1 200 OK\r\n...\x00\x00\x00\x00\x00\x00\x00\x00\x00\x00\x00\x00\x00\x00\x00}
14:17:11.818 [jetty task-18] DEBUG org.eclipse.jetty.server.HttpConnection - HttpConnection@d06bbac[p=HttpParser{s=START,0 of -1},g=HttpGenerator@10c16382{s=START}]=>HttpChannelOverHttp@47c91d60{r=1,c=false,a=IDLE,uri=null}<-SocketChannelEndPoint@e827b1d{/127.0.0.1:55868<->/127.0.0.1:8080,OPEN,fill=-,flush=-,to=1/0}{io=0/0,kio=0,kro=1}->HttpConnection@d06bbac[p=HttpParser{s=START,0 of -1},g=HttpGenerator@10c16382{s=START}]=>HttpChannelOverHttp@47c91d60{r=1,c=false,a=IDLE,uri=null} parsed false HttpParser{s=START,0 of -1}
14:17:11.818 [jetty task-18] DEBUG org.eclipse.jetty.server.HttpConnection - releaseRequestBuffer HttpConnection@d06bbac[p=HttpParser{s=START,0 of -1},g=HttpGenerator@10c16382{s=START}]=>HttpChannelOverHttp@47c91d60{r=1,c=false,a=IDLE,uri=null}<-SocketChannelEndPoint@e827b1d{/127.0.0.1:55868<->/127.0.0.1:8080,OPEN,fill=-,flush=-,to=1/0}{io=0/0,kio=0,kro=1}->HttpConnection@d06bbac[p=HttpParser{s=START,0 of -1},g=HttpGenerator@10c16382{s=START}]=>HttpChannelOverHttp@47c91d60{r=1,c=false,a=IDLE,uri=null}
14:17:11.818 [jetty task-18] DEBUG org.eclipse.jetty.io.AbstractConnection - fillInterested HttpConnection@d06bbac[p=HttpParser{s=START,0 of -1},g=HttpGenerator@10c16382{s=START}]=>HttpChannelOverHttp@47c91d60{r=1,c=false,a=IDLE,uri=null}<-SocketChannelEndPoint@e827b1d{/127.0.0.1:55868<->/127.0.0.1:8080,OPEN,fill=-,flush=-,to=1/0}{io=0/0,kio=0,kro=1}->HttpConnection@d06bbac[p=HttpParser{s=START,0 of -1},g=HttpGenerator@10c16382{s=START}]=>HttpChannelOverHttp@47c91d60{r=1,c=false,a=IDLE,uri=null}
14:17:11.819 [jetty task-18] DEBUG org.eclipse.jetty.io.FillInterest - FillInterest@1fec5ee7{true,AC.ReadCB@d06bbac{HttpConnection@d06bbac[p=HttpParser{s=START,0 of -1},g=HttpGenerator@10c16382{s=START}]=>HttpChannelOverHttp@47c91d60{r=1,c=false,a=IDLE,uri=null}<-SocketChannelEndPoint@e827b1d{/127.0.0.1:55868<->/127.0.0.1:8080,OPEN,fill=FI,flush=-,to=0/0}{io=0/0,kio=0,kro=1}->HttpConnection@d06bbac[p=HttpParser{s=START,0 of -1},g=HttpGenerator@10c16382{s=START}]=>HttpChannelOverHttp@47c91d60{r=1,c=false,a=IDLE,uri=null}}} register AC.ReadCB@d06bbac{HttpConnection@d06bbac[p=HttpParser{s=START,0 of -1},g=HttpGenerator@10c16382{s=START}]=>HttpChannelOverHttp@47c91d60{r=1,c=false,a=IDLE,uri=null}<-SocketChannelEndPoint@e827b1d{/127.0.0.1:55868<->/127.0.0.1:8080,OPEN,fill=FI,flush=-,to=1/0}{io=0/0,kio=0,kro=1}->HttpConnection@d06bbac[p=HttpParser{s=START,0 of -1},g=HttpGenerator@10c16382{s=START}]=>HttpChannelOverHttp@47c91d60{r=1,c=false,a=IDLE,uri=null}}
14:17:11.819 [jetty task-18] DEBUG org.eclipse.jetty.io.ChannelEndPoint - changeInterests p=false 0->1 for SocketChannelEndPoint@e827b1d{/127.0.0.1:55868<->/127.0.0.1:8080,OPEN,fill=FI,flush=-,to=1/0}{io=0/1,kio=0,kro=1}->HttpConnection@d06bbac[p=HttpParser{s=START,0 of -1},g=HttpGenerator@10c16382{s=START}]=>HttpChannelOverHttp@47c91d60{r=1,c=false,a=IDLE,uri=null}
14:17:11.819 [jetty task-18] DEBUG org.eclipse.jetty.io.ManagedSelector - Queued change CEP:SocketChannelEndPoint@e827b1d{/127.0.0.1:55868<->/127.0.0.1:8080,OPEN,fill=FI,flush=-,to=1/0}{io=0/1,kio=0,kro=1}->HttpConnection@d06bbac[p=HttpParser{s=START,0 of -1},g=HttpGenerator@10c16382{s=START}]=>HttpChannelOverHttp@47c91d60{r=1,c=false,a=IDLE,uri=null}:runUpdateKey:NON_BLOCKING on org.eclipse.jetty.io.ManagedSelector@3803d43d id=1 keys=7 selected=0
14:17:11.819 [jetty task-18] DEBUG org.eclipse.jetty.server.HttpConnection - HttpConnection@d06bbac[p=HttpParser{s=START,0 of -1},g=HttpGenerator@10c16382{s=START}]=>HttpChannelOverHttp@47c91d60{r=1,c=false,a=IDLE,uri=null}<-SocketChannelEndPoint@e827b1d{/127.0.0.1:55868<->/127.0.0.1:8080,OPEN,fill=FI,flush=-,to=1/0}{io=0/1,kio=0,kro=1}->HttpConnection@d06bbac[p=HttpParser{s=START,0 of -1},g=HttpGenerator@10c16382{s=START}]=>HttpChannelOverHttp@47c91d60{r=1,c=false,a=IDLE,uri=null} onFillable exit HttpChannelState@24c79add{s=IDLE a=NOT_ASYNC i=true r=NONE/false w=false} null
14:17:11.819 [jetty task-18] DEBUG org.eclipse.jetty.util.thread.strategy.ExecutingExecutionStrategy - EPC Prod/org.eclipse.jetty.io.ManagedSelector$SelectorProducer@6f90d7cf invoked CEP:SocketChannelEndPoint@e827b1d{/127.0.0.1:55868<->/127.0.0.1:8080,OPEN,fill=FI,flush=-,to=1/0}{io=0/1,kio=0,kro=1}->HttpConnection@d06bbac[p=HttpParser{s=START,0 of -1},g=HttpGenerator@10c16382{s=START}]=>HttpChannelOverHttp@47c91d60{r=1,c=false,a=IDLE,uri=null}:runFillable:BLOCKING
14:17:11.820 [jetty task-18] DEBUG org.eclipse.jetty.util.thread.strategy.ExecuteProduceConsume - EPC Prod/org.eclipse.jetty.io.ManagedSelector$SelectorProducer@6f90d7cf ran CEP:SocketChannelEndPoint@e827b1d{/127.0.0.1:55868<->/127.0.0.1:8080,OPEN,fill=FI,flush=-,to=1/0}{io=0/1,kio=0,kro=1}->HttpConnection@d06bbac[p=HttpParser{s=START,0 of -1},g=HttpGenerator@10c16382{s=START}]=>HttpChannelOverHttp@47c91d60{r=1,c=false,a=IDLE,uri=null}:runFillable:BLOCKING
14:17:11.820 [jetty task-18] DEBUG org.eclipse.jetty.util.thread.strategy.ExecuteProduceConsume - EPC Prod/org.eclipse.jetty.io.ManagedSelector$SelectorProducer@6f90d7cf produce exit
14:17:11.820 [jetty task-18] DEBUG org.eclipse.jetty.util.thread.QueuedThreadPool - ran EPC Prod/org.eclipse.jetty.io.ManagedSelector$SelectorProducer@6f90d7cf
14:17:11.820 [jetty task-16] DEBUG org.eclipse.jetty.io.ManagedSelector - Selector loop woken up from select, 0/7 selected
14:17:11.820 [jetty task-16] DEBUG org.eclipse.jetty.io.ManagedSelector - Running action CEP:SocketChannelEndPoint@e827b1d{/127.0.0.1:55868<->/127.0.0.1:8080,OPEN,fill=FI,flush=-,to=2/0}{io=0/1,kio=0,kro=1}->HttpConnection@d06bbac[p=HttpParser{s=START,0 of -1},g=HttpGenerator@10c16382{s=START}]=>HttpChannelOverHttp@47c91d60{r=1,c=false,a=IDLE,uri=null}:runUpdateKey:NON_BLOCKING
14:17:11.820 [jetty task-16] DEBUG org.eclipse.jetty.io.ChannelEndPoint - Key interests updated 0 -> 1 on SocketChannelEndPoint@e827b1d{/127.0.0.1:55868<->/127.0.0.1:8080,OPEN,fill=FI,flush=-,to=2/0}{io=1/1,kio=1,kro=1}->HttpConnection@d06bbac[p=HttpParser{s=START,0 of -1},g=HttpGenerator@10c16382{s=START}]=>HttpChannelOverHttp@47c91d60{r=1,c=false,a=IDLE,uri=null}
14:17:11.820 [jetty task-16] DEBUG org.eclipse.jetty.io.ManagedSelector - Selector loop waiting on select
14:17:11.827 [jetty task-20-acceptor-0@78b9b1c-ServerConnector@53bd4614{HTTP/1.1,[http/1.1]}{localhost:8080}] DEBUG org.eclipse.jetty.io.ManagedSelector - Queued change org.eclipse.jetty.io.ManagedSelector$Accept@5b586d58 on org.eclipse.jetty.io.ManagedSelector@584047b5 id=0 keys=3 selected=0
14:17:11.828 [jetty task-22] DEBUG org.eclipse.jetty.io.ManagedSelector - Selector loop woken up from select, 0/3 selected
14:17:11.828 [jetty task-22] DEBUG org.eclipse.jetty.io.ManagedSelector - Running action org.eclipse.jetty.io.ManagedSelector$Accept@5b586d58
14:17:11.828 [jetty task-22] DEBUG org.eclipse.jetty.io.ManagedSelector - Queued change org.eclipse.jetty.io.ManagedSelector$CreateEndPoint@65074b01 on org.eclipse.jetty.io.ManagedSelector@584047b5 id=0 keys=4 selected=0
14:17:11.828 [jetty task-22] DEBUG org.eclipse.jetty.util.thread.strategy.ExecuteProduceConsume - EPC Prod/org.eclipse.jetty.io.ManagedSelector$SelectorProducer@6ec67bbc produced org.eclipse.jetty.io.ManagedSelector$CreateEndPoint@65074b01
14:17:11.828 [jetty task-22] DEBUG org.eclipse.jetty.util.thread.strategy.ExecuteProduceConsume - EPC Pend/org.eclipse.jetty.io.ManagedSelector$SelectorProducer@6ec67bbc dispatch
14:17:11.828 [jetty task-22] DEBUG org.eclipse.jetty.util.thread.QueuedThreadPool - queue EPC Pend/org.eclipse.jetty.io.ManagedSelector$SelectorProducer@6ec67bbc
14:17:11.828 [jetty task-22] DEBUG org.eclipse.jetty.util.thread.strategy.ExecuteProduceConsume - EPC Pend/org.eclipse.jetty.io.ManagedSelector$SelectorProducer@6ec67bbc run org.eclipse.jetty.io.ManagedSelector$CreateEndPoint@65074b01
14:17:11.828 [jetty task-23] DEBUG org.eclipse.jetty.util.thread.QueuedThreadPool - run EPC Pend/org.eclipse.jetty.io.ManagedSelector$SelectorProducer@6ec67bbc
14:17:11.828 [jetty task-22] DEBUG org.eclipse.jetty.util.thread.strategy.ExecutingExecutionStrategy - EPC Pend/org.eclipse.jetty.io.ManagedSelector$SelectorProducer@6ec67bbc invoke  org.eclipse.jetty.io.ManagedSelector$CreateEndPoint@65074b01
14:17:11.828 [jetty task-23] DEBUG org.eclipse.jetty.util.thread.strategy.ExecuteProduceConsume - EPC Pend/org.eclipse.jetty.io.ManagedSelector$SelectorProducer@6ec67bbc run
14:17:11.828 [jetty task-22] DEBUG org.eclipse.jetty.io.AbstractEndPoint - onOpen SocketChannelEndPoint@62df741c{/127.0.0.1:55869<->/127.0.0.1:8080,OPEN,fill=-,flush=-,to=0/0}{io=0/0,kio=0,kro=0}-><null>
14:17:11.828 [jetty task-23] DEBUG org.eclipse.jetty.util.thread.strategy.ExecuteProduceConsume - EPC Prod/org.eclipse.jetty.io.ManagedSelector$SelectorProducer@6ec67bbc produce enter
14:17:11.828 [jetty task-23] DEBUG org.eclipse.jetty.util.thread.strategy.ExecuteProduceConsume - EPC Prod/org.eclipse.jetty.io.ManagedSelector$SelectorProducer@6ec67bbc producing
14:17:11.828 [jetty task-23] DEBUG org.eclipse.jetty.io.ManagedSelector - Selector loop waiting on select
14:17:11.828 [jetty task-22] DEBUG org.eclipse.jetty.server.HttpChannel - new HttpChannelOverHttp@3695a3f3{r=0,c=false,a=IDLE,uri=null} -> SocketChannelEndPoint@62df741c{/127.0.0.1:55869<->/127.0.0.1:8080,OPEN,fill=-,flush=-,to=0/0}{io=0/0,kio=0,kro=0}-><null>,null,HttpChannelState@560045d3{s=IDLE a=NOT_ASYNC i=true r=NONE/false w=false}
14:17:11.828 [jetty task-22] DEBUG org.eclipse.jetty.server.HttpConnection - New HTTP Connection HttpConnection@9004351[p=HttpParser{s=START,0 of 0},g=HttpGenerator@1066b9f9{s=START}]=>HttpChannelOverHttp@3695a3f3{r=0,c=false,a=IDLE,uri=null}<-SocketChannelEndPoint@62df741c{/127.0.0.1:55869<->/127.0.0.1:8080,OPEN,fill=-,flush=-,to=0/0}{io=0/0,kio=0,kro=0}-><null>
14:17:11.828 [jetty task-22] DEBUG org.eclipse.jetty.io.AbstractConnection - onOpen HttpConnection@9004351[p=HttpParser{s=START,0 of 0},g=HttpGenerator@1066b9f9{s=START}]=>HttpChannelOverHttp@3695a3f3{r=0,c=false,a=IDLE,uri=null}<-SocketChannelEndPoint@62df741c{/127.0.0.1:55869<->/127.0.0.1:8080,OPEN,fill=-,flush=-,to=0/0}{io=0/0,kio=0,kro=0}->HttpConnection@9004351[p=HttpParser{s=START,0 of 0},g=HttpGenerator@1066b9f9{s=START}]=>HttpChannelOverHttp@3695a3f3{r=0,c=false,a=IDLE,uri=null}
14:17:11.828 [jetty task-22] DEBUG org.eclipse.jetty.io.AbstractConnection - fillInterested HttpConnection@9004351[p=HttpParser{s=START,0 of 0},g=HttpGenerator@1066b9f9{s=START}]=>HttpChannelOverHttp@3695a3f3{r=0,c=false,a=IDLE,uri=null}<-SocketChannelEndPoint@62df741c{/127.0.0.1:55869<->/127.0.0.1:8080,OPEN,fill=-,flush=-,to=0/0}{io=0/0,kio=0,kro=0}->HttpConnection@9004351[p=HttpParser{s=START,0 of 0},g=HttpGenerator@1066b9f9{s=START}]=>HttpChannelOverHttp@3695a3f3{r=0,c=false,a=IDLE,uri=null}
14:17:11.829 [jetty task-22] DEBUG org.eclipse.jetty.io.FillInterest - FillInterest@b771a3d{true,AC.ReadCB@9004351{HttpConnection@9004351[p=HttpParser{s=START,0 of 0},g=HttpGenerator@1066b9f9{s=START}]=>HttpChannelOverHttp@3695a3f3{r=0,c=false,a=IDLE,uri=null}<-SocketChannelEndPoint@62df741c{/127.0.0.1:55869<->/127.0.0.1:8080,OPEN,fill=FI,flush=-,to=1/0}{io=0/0,kio=0,kro=0}->HttpConnection@9004351[p=HttpParser{s=START,0 of 0},g=HttpGenerator@1066b9f9{s=START}]=>HttpChannelOverHttp@3695a3f3{r=0,c=false,a=IDLE,uri=null}}} register AC.ReadCB@9004351{HttpConnection@9004351[p=HttpParser{s=START,0 of 0},g=HttpGenerator@1066b9f9{s=START}]=>HttpChannelOverHttp@3695a3f3{r=0,c=false,a=IDLE,uri=null}<-SocketChannelEndPoint@62df741c{/127.0.0.1:55869<->/127.0.0.1:8080,OPEN,fill=FI,flush=-,to=1/0}{io=0/0,kio=0,kro=0}->HttpConnection@9004351[p=HttpParser{s=START,0 of 0},g=HttpGenerator@1066b9f9{s=START}]=>HttpChannelOverHttp@3695a3f3{r=0,c=false,a=IDLE,uri=null}}
14:17:11.829 [jetty task-22] DEBUG org.eclipse.jetty.io.ChannelEndPoint - changeInterests p=false 0->1 for SocketChannelEndPoint@62df741c{/127.0.0.1:55869<->/127.0.0.1:8080,OPEN,fill=FI,flush=-,to=1/0}{io=0/1,kio=0,kro=0}->HttpConnection@9004351[p=HttpParser{s=START,0 of 0},g=HttpGenerator@1066b9f9{s=START}]=>HttpChannelOverHttp@3695a3f3{r=0,c=false,a=IDLE,uri=null}
14:17:11.829 [jetty task-22] DEBUG org.eclipse.jetty.io.ManagedSelector - Queued change CEP:SocketChannelEndPoint@62df741c{/127.0.0.1:55869<->/127.0.0.1:8080,OPEN,fill=FI,flush=-,to=1/0}{io=0/1,kio=0,kro=0}->HttpConnection@9004351[p=HttpParser{s=START,0 of 0},g=HttpGenerator@1066b9f9{s=START}]=>HttpChannelOverHttp@3695a3f3{r=0,c=false,a=IDLE,uri=null}:runUpdateKey:NON_BLOCKING on org.eclipse.jetty.io.ManagedSelector@584047b5 id=0 keys=4 selected=0
14:17:11.829 [jetty task-22] DEBUG org.eclipse.jetty.io.ManagedSelector - Created SocketChannelEndPoint@62df741c{/127.0.0.1:55869<->/127.0.0.1:8080,OPEN,fill=FI,flush=-,to=1/0}{io=0/1,kio=0,kro=0}->HttpConnection@9004351[p=HttpParser{s=START,0 of 0},g=HttpGenerator@1066b9f9{s=START}]=>HttpChannelOverHttp@3695a3f3{r=0,c=false,a=IDLE,uri=null}
14:17:11.829 [jetty task-23] DEBUG org.eclipse.jetty.io.ManagedSelector - Selector loop woken up from select, 0/4 selected
14:17:11.829 [jetty task-22] DEBUG org.eclipse.jetty.util.thread.strategy.ExecutingExecutionStrategy - EPC Prod/org.eclipse.jetty.io.ManagedSelector$SelectorProducer@6ec67bbc invoked org.eclipse.jetty.io.ManagedSelector$CreateEndPoint@65074b01
14:17:11.829 [jetty task-22] DEBUG org.eclipse.jetty.util.thread.strategy.ExecuteProduceConsume - EPC Prod/org.eclipse.jetty.io.ManagedSelector$SelectorProducer@6ec67bbc ran org.eclipse.jetty.io.ManagedSelector$CreateEndPoint@65074b01
14:17:11.829 [jetty task-22] DEBUG org.eclipse.jetty.util.thread.strategy.ExecuteProduceConsume - EPC Prod/org.eclipse.jetty.io.ManagedSelector$SelectorProducer@6ec67bbc produce exit
14:17:11.829 [jetty task-22] DEBUG org.eclipse.jetty.util.thread.QueuedThreadPool - ran EPC Prod/org.eclipse.jetty.io.ManagedSelector$SelectorProducer@6ec67bbc
14:17:11.829 [jetty task-23] DEBUG org.eclipse.jetty.io.ManagedSelector - Running action CEP:SocketChannelEndPoint@62df741c{/127.0.0.1:55869<->/127.0.0.1:8080,OPEN,fill=FI,flush=-,to=1/0}{io=0/1,kio=0,kro=0}->HttpConnection@9004351[p=HttpParser{s=START,0 of 0},g=HttpGenerator@1066b9f9{s=START}]=>HttpChannelOverHttp@3695a3f3{r=0,c=false,a=IDLE,uri=null}:runUpdateKey:NON_BLOCKING
14:17:11.830 [jetty task-23] DEBUG org.eclipse.jetty.io.ChannelEndPoint - Key interests updated 0 -> 1 on SocketChannelEndPoint@62df741c{/127.0.0.1:55869<->/127.0.0.1:8080,OPEN,fill=FI,flush=-,to=1/0}{io=1/1,kio=1,kro=0}->HttpConnection@9004351[p=HttpParser{s=START,0 of 0},g=HttpGenerator@1066b9f9{s=START}]=>HttpChannelOverHttp@3695a3f3{r=0,c=false,a=IDLE,uri=null}
14:17:11.830 [jetty task-23] DEBUG org.eclipse.jetty.io.ManagedSelector - Selector loop waiting on select
14:17:11.830 [jetty task-23] DEBUG org.eclipse.jetty.io.ManagedSelector - Selector loop woken up from select, 1/4 selected
14:17:11.830 [jetty task-23] DEBUG org.eclipse.jetty.io.ManagedSelector - selected sun.nio.ch.SelectionKeyImpl@151ead67 SocketChannelEndPoint@62df741c{/127.0.0.1:55869<->/127.0.0.1:8080,OPEN,fill=FI,flush=-,to=2/0}{io=1/1,kio=1,kro=1}->HttpConnection@9004351[p=HttpParser{s=START,0 of 0},g=HttpGenerator@1066b9f9{s=START}]=>HttpChannelOverHttp@3695a3f3{r=0,c=false,a=IDLE,uri=null} 
14:17:11.830 [jetty task-23] DEBUG org.eclipse.jetty.io.ChannelEndPoint - onSelected 1->0 r=true w=false for SocketChannelEndPoint@62df741c{/127.0.0.1:55869<->/127.0.0.1:8080,OPEN,fill=FI,flush=-,to=2/0}{io=1/0,kio=1,kro=1}->HttpConnection@9004351[p=HttpParser{s=START,0 of 0},g=HttpGenerator@1066b9f9{s=START}]=>HttpChannelOverHttp@3695a3f3{r=0,c=false,a=IDLE,uri=null}
14:17:11.830 [jetty task-23] DEBUG org.eclipse.jetty.io.ChannelEndPoint - task CEP:SocketChannelEndPoint@62df741c{/127.0.0.1:55869<->/127.0.0.1:8080,OPEN,fill=FI,flush=-,to=2/0}{io=1/0,kio=1,kro=1}->HttpConnection@9004351[p=HttpParser{s=START,0 of 0},g=HttpGenerator@1066b9f9{s=START}]=>HttpChannelOverHttp@3695a3f3{r=0,c=false,a=IDLE,uri=null}:runFillable:BLOCKING
14:17:11.830 [jetty task-23] DEBUG org.eclipse.jetty.util.thread.strategy.ExecuteProduceConsume - EPC Prod/org.eclipse.jetty.io.ManagedSelector$SelectorProducer@6ec67bbc produced CEP:SocketChannelEndPoint@62df741c{/127.0.0.1:55869<->/127.0.0.1:8080,OPEN,fill=FI,flush=-,to=2/0}{io=1/0,kio=1,kro=1}->HttpConnection@9004351[p=HttpParser{s=START,0 of 0},g=HttpGenerator@1066b9f9{s=START}]=>HttpChannelOverHttp@3695a3f3{r=0,c=false,a=IDLE,uri=null}:runFillable:BLOCKING
14:17:11.830 [jetty task-23] DEBUG org.eclipse.jetty.util.thread.strategy.ExecuteProduceConsume - EPC Pend/org.eclipse.jetty.io.ManagedSelector$SelectorProducer@6ec67bbc dispatch
14:17:11.830 [jetty task-23] DEBUG org.eclipse.jetty.util.thread.QueuedThreadPool - queue EPC Pend/org.eclipse.jetty.io.ManagedSelector$SelectorProducer@6ec67bbc
14:17:11.830 [jetty task-18] DEBUG org.eclipse.jetty.util.thread.QueuedThreadPool - run EPC Pend/org.eclipse.jetty.io.ManagedSelector$SelectorProducer@6ec67bbc
14:17:11.830 [jetty task-18] DEBUG org.eclipse.jetty.util.thread.strategy.ExecuteProduceConsume - EPC Pend/org.eclipse.jetty.io.ManagedSelector$SelectorProducer@6ec67bbc run
14:17:11.830 [jetty task-18] DEBUG org.eclipse.jetty.util.thread.strategy.ExecuteProduceConsume - EPC Prod/org.eclipse.jetty.io.ManagedSelector$SelectorProducer@6ec67bbc produce enter
14:17:11.830 [jetty task-18] DEBUG org.eclipse.jetty.util.thread.strategy.ExecuteProduceConsume - EPC Prod/org.eclipse.jetty.io.ManagedSelector$SelectorProducer@6ec67bbc producing
14:17:11.830 [jetty task-23] DEBUG org.eclipse.jetty.util.thread.strategy.ExecuteProduceConsume - EPC Pend/org.eclipse.jetty.io.ManagedSelector$SelectorProducer@6ec67bbc run CEP:SocketChannelEndPoint@62df741c{/127.0.0.1:55869<->/127.0.0.1:8080,OPEN,fill=FI,flush=-,to=2/0}{io=1/0,kio=1,kro=1}->HttpConnection@9004351[p=HttpParser{s=START,0 of 0},g=HttpGenerator@1066b9f9{s=START}]=>HttpChannelOverHttp@3695a3f3{r=0,c=false,a=IDLE,uri=null}:runFillable:BLOCKING
14:17:11.830 [jetty task-18] DEBUG org.eclipse.jetty.io.ChannelEndPoint - Key interests updated 1 -> 0 on SocketChannelEndPoint@62df741c{/127.0.0.1:55869<->/127.0.0.1:8080,OPEN,fill=FI,flush=-,to=2/0}{io=0/0,kio=0,kro=1}->HttpConnection@9004351[p=HttpParser{s=START,0 of 0},g=HttpGenerator@1066b9f9{s=START}]=>HttpChannelOverHttp@3695a3f3{r=0,c=false,a=IDLE,uri=null}
14:17:11.830 [jetty task-23] DEBUG org.eclipse.jetty.util.thread.strategy.ExecutingExecutionStrategy - EPC Prod/org.eclipse.jetty.io.ManagedSelector$SelectorProducer@6ec67bbc invoke  CEP:SocketChannelEndPoint@62df741c{/127.0.0.1:55869<->/127.0.0.1:8080,OPEN,fill=FI,flush=-,to=2/0}{io=0/0,kio=0,kro=1}->HttpConnection@9004351[p=HttpParser{s=START,0 of 0},g=HttpGenerator@1066b9f9{s=START}]=>HttpChannelOverHttp@3695a3f3{r=0,c=false,a=IDLE,uri=null}:runFillable:BLOCKING
14:17:11.830 [jetty task-18] DEBUG org.eclipse.jetty.io.ManagedSelector - Selector loop waiting on select
14:17:11.831 [jetty task-23] DEBUG org.eclipse.jetty.io.FillInterest - FillInterest@b771a3d{true,AC.ReadCB@9004351{HttpConnection@9004351[p=HttpParser{s=START,0 of 0},g=HttpGenerator@1066b9f9{s=START}]=>HttpChannelOverHttp@3695a3f3{r=0,c=false,a=IDLE,uri=null}<-SocketChannelEndPoint@62df741c{/127.0.0.1:55869<->/127.0.0.1:8080,OPEN,fill=FI,flush=-,to=2/0}{io=0/0,kio=0,kro=1}->HttpConnection@9004351[p=HttpParser{s=START,0 of 0},g=HttpGenerator@1066b9f9{s=START}]=>HttpChannelOverHttp@3695a3f3{r=0,c=false,a=IDLE,uri=null}}} fillable AC.ReadCB@9004351{HttpConnection@9004351[p=HttpParser{s=START,0 of 0},g=HttpGenerator@1066b9f9{s=START}]=>HttpChannelOverHttp@3695a3f3{r=0,c=false,a=IDLE,uri=null}<-SocketChannelEndPoint@62df741c{/127.0.0.1:55869<->/127.0.0.1:8080,OPEN,fill=FI,flush=-,to=3/0}{io=0/0,kio=0,kro=1}->HttpConnection@9004351[p=HttpParser{s=START,0 of 0},g=HttpGenerator@1066b9f9{s=START}]=>HttpChannelOverHttp@3695a3f3{r=0,c=false,a=IDLE,uri=null}}
14:17:11.831 [jetty task-23] DEBUG org.eclipse.jetty.server.HttpConnection - HttpConnection@9004351[p=HttpParser{s=START,0 of 0},g=HttpGenerator@1066b9f9{s=START}]=>HttpChannelOverHttp@3695a3f3{r=0,c=false,a=IDLE,uri=null}<-SocketChannelEndPoint@62df741c{/127.0.0.1:55869<->/127.0.0.1:8080,OPEN,fill=-,flush=-,to=3/0}{io=0/0,kio=0,kro=1}->HttpConnection@9004351[p=HttpParser{s=START,0 of 0},g=HttpGenerator@1066b9f9{s=START}]=>HttpChannelOverHttp@3695a3f3{r=0,c=false,a=IDLE,uri=null} onFillable enter HttpChannelState@560045d3{s=IDLE a=NOT_ASYNC i=true r=NONE/false w=false} null
14:17:11.831 [jetty task-23] DEBUG org.eclipse.jetty.io.ChannelEndPoint - filled 171 SocketChannelEndPoint@62df741c{/127.0.0.1:55869<->/127.0.0.1:8080,OPEN,fill=-,flush=-,to=3/0}{io=0/0,kio=0,kro=1}->HttpConnection@9004351[p=HttpParser{s=START,0 of 0},g=HttpGenerator@1066b9f9{s=START}]=>HttpChannelOverHttp@3695a3f3{r=0,c=false,a=IDLE,uri=null}
14:17:11.831 [jetty task-23] DEBUG org.eclipse.jetty.server.HttpConnection - HttpConnection@9004351[p=HttpParser{s=START,0 of 0},g=HttpGenerator@1066b9f9{s=START}]=>HttpChannelOverHttp@3695a3f3{r=0,c=false,a=IDLE,uri=null}<-SocketChannelEndPoint@62df741c{/127.0.0.1:55869<->/127.0.0.1:8080,OPEN,fill=-,flush=-,to=0/0}{io=0/0,kio=0,kro=1}->HttpConnection@9004351[p=HttpParser{s=START,0 of 0},g=HttpGenerator@1066b9f9{s=START}]=>HttpChannelOverHttp@3695a3f3{r=0,c=false,a=IDLE,uri=null} filled 171 HeapByteBuffer@5a112485[p=0,l=171,c=8192,r=171]={<<<GET /balance/3 HT...zip,deflate\r\n\r\n>>>\r\nHost: localhost...\x00\x00\x00\x00\x00\x00\x00\x00\x00\x00\x00\x00\x00\x00\x00}
14:17:11.831 [jetty task-23] DEBUG org.eclipse.jetty.server.HttpConnection - HttpConnection@9004351[p=HttpParser{s=START,0 of 0},g=HttpGenerator@1066b9f9{s=START}]=>HttpChannelOverHttp@3695a3f3{r=0,c=false,a=IDLE,uri=null}<-SocketChannelEndPoint@62df741c{/127.0.0.1:55869<->/127.0.0.1:8080,OPEN,fill=-,flush=-,to=0/0}{io=0/0,kio=0,kro=1}->HttpConnection@9004351[p=HttpParser{s=START,0 of 0},g=HttpGenerator@1066b9f9{s=START}]=>HttpChannelOverHttp@3695a3f3{r=0,c=false,a=IDLE,uri=null} parse HeapByteBuffer@5a112485[p=0,l=171,c=8192,r=171]={<<<GET /balance/3 HT...zip,deflate\r\n\r\n>>>\r\nHost: localhost...\x00\x00\x00\x00\x00\x00\x00\x00\x00\x00\x00\x00\x00\x00\x00} {}
14:17:11.831 [jetty task-23] DEBUG org.eclipse.jetty.http.HttpParser - parseNext s=START HeapByteBuffer@5a112485[p=0,l=171,c=8192,r=171]={<<<GET /balance/3 HT...zip,deflate\r\n\r\n>>>\r\nHost: localhost...\x00\x00\x00\x00\x00\x00\x00\x00\x00\x00\x00\x00\x00\x00\x00}
14:17:11.831 [jetty task-23] DEBUG org.eclipse.jetty.http.HttpParser - START --> SPACE1
14:17:11.831 [jetty task-23] DEBUG org.eclipse.jetty.http.HttpParser - SPACE1 --> URI
14:17:11.831 [jetty task-23] DEBUG org.eclipse.jetty.http.HttpParser - URI --> SPACE2
14:17:11.831 [jetty task-23] DEBUG org.eclipse.jetty.http.HttpParser - SPACE2 --> REQUEST_VERSION
14:17:11.831 [jetty task-23] DEBUG org.eclipse.jetty.http.HttpParser - REQUEST_VERSION --> HEADER
14:17:11.831 [jetty task-23] DEBUG org.eclipse.jetty.http.HttpParser - HEADER:Accept: */* --> IN_VALUE
14:17:11.832 [jetty task-23] DEBUG org.eclipse.jetty.http.HttpParser - HEADER:Accept: */* --> FIELD
14:17:11.832 [jetty task-23] DEBUG org.eclipse.jetty.http.HttpParser - HEADER:null --> VALUE
14:17:11.832 [jetty task-23] DEBUG org.eclipse.jetty.http.HttpParser - HEADER:null --> IN_VALUE
14:17:11.832 [jetty task-23] DEBUG org.eclipse.jetty.http.HttpParser - HEADER:null --> FIELD
14:17:11.832 [jetty task-23] DEBUG org.eclipse.jetty.http.HttpParser - HEADER:Connection: keep-alive --> IN_VALUE
14:17:11.832 [jetty task-23] DEBUG org.eclipse.jetty.http.HttpParser - HEADER:Connection: keep-alive --> FIELD
14:17:11.832 [jetty task-23] DEBUG org.eclipse.jetty.http.HttpParser - HEADER:null --> VALUE
14:17:11.832 [jetty task-23] DEBUG org.eclipse.jetty.http.HttpParser - HEADER:null --> IN_VALUE
14:17:11.832 [jetty task-23] DEBUG org.eclipse.jetty.http.HttpParser - HEADER:null --> FIELD
14:17:11.832 [jetty task-23] DEBUG org.eclipse.jetty.http.HttpParser - HEADER:null --> IN_VALUE
14:17:11.832 [jetty task-23] DEBUG org.eclipse.jetty.http.HttpParser - HEADER:null --> FIELD
14:17:11.832 [jetty task-23] DEBUG org.eclipse.jetty.http.HttpParser - HEADER --> END
14:17:11.832 [jetty task-23] DEBUG org.eclipse.jetty.server.HttpChannel - REQUEST for //localhost:8080/balance/3 on HttpChannelOverHttp@3695a3f3{r=1,c=false,a=IDLE,uri=//localhost:8080/balance/3}
GET //localhost:8080/balance/3 HTTP/1.1
Accept: */*
Host: localhost:8080
Connection: keep-alive
User-Agent: Apache-HttpClient/4.5.3 (Java/1.8.0_121)
Accept-Encoding: gzip,deflate


14:17:11.832 [jetty task-23] DEBUG org.eclipse.jetty.server.HttpChannel - HttpChannelOverHttp@3695a3f3{r=1,c=false,a=IDLE,uri=//localhost:8080/balance/3} onContentComplete
14:17:11.832 [jetty task-23] DEBUG org.eclipse.jetty.server.HttpChannel - HttpChannelOverHttp@3695a3f3{r=1,c=false,a=IDLE,uri=//localhost:8080/balance/3} onRequestComplete
14:17:11.832 [jetty task-23] DEBUG org.eclipse.jetty.server.HttpInput - HttpInputOverHTTP@7e53eb5[c=0,q=0,[0]=null,s=STREAM] addContent EOF
14:17:11.832 [jetty task-23] DEBUG org.eclipse.jetty.server.HttpConnection - HttpConnection@9004351[p=HttpParser{s=END,0 of 0},g=HttpGenerator@1066b9f9{s=START}]=>HttpChannelOverHttp@3695a3f3{r=1,c=false,a=IDLE,uri=//localhost:8080/balance/3}<-SocketChannelEndPoint@62df741c{/127.0.0.1:55869<->/127.0.0.1:8080,OPEN,fill=-,flush=-,to=1/0}{io=0/0,kio=0,kro=1}->HttpConnection@9004351[p=HttpParser{s=END,0 of 0},g=HttpGenerator@1066b9f9{s=START}]=>HttpChannelOverHttp@3695a3f3{r=1,c=false,a=IDLE,uri=//localhost:8080/balance/3} parsed true HttpParser{s=END,0 of 0}
14:17:11.832 [jetty task-23] DEBUG org.eclipse.jetty.server.HttpConnection - releaseRequestBuffer HttpConnection@9004351[p=HttpParser{s=END,0 of 0},g=HttpGenerator@1066b9f9{s=START}]=>HttpChannelOverHttp@3695a3f3{r=1,c=false,a=IDLE,uri=//localhost:8080/balance/3}<-SocketChannelEndPoint@62df741c{/127.0.0.1:55869<->/127.0.0.1:8080,OPEN,fill=-,flush=-,to=1/0}{io=0/0,kio=0,kro=1}->HttpConnection@9004351[p=HttpParser{s=END,0 of 0},g=HttpGenerator@1066b9f9{s=START}]=>HttpChannelOverHttp@3695a3f3{r=1,c=false,a=IDLE,uri=//localhost:8080/balance/3}
14:17:11.832 [jetty task-23] DEBUG org.eclipse.jetty.server.HttpChannel - HttpChannelOverHttp@3695a3f3{r=1,c=false,a=IDLE,uri=//localhost:8080/balance/3} handle //localhost:8080/balance/3 
14:17:11.832 [jetty task-23] DEBUG org.eclipse.jetty.server.HttpChannelState - handling HttpChannelState@560045d3{s=IDLE a=NOT_ASYNC i=true r=NONE/false w=false}
14:17:11.832 [jetty task-23] DEBUG org.eclipse.jetty.server.HttpChannel - HttpChannelOverHttp@3695a3f3{r=1,c=false,a=DISPATCHED,uri=//localhost:8080/balance/3} action DISPATCH
14:17:11.832 [jetty task-23] DEBUG org.eclipse.jetty.server.Server - REQUEST GET /balance/3 on HttpChannelOverHttp@3695a3f3{r=1,c=false,a=DISPATCHED,uri=//localhost:8080/balance/3}
14:17:11.832 [jetty task-23] DEBUG org.eclipse.jetty.server.handler.ContextHandler - scope null||/balance/3 @ o.e.j.s.h.ContextHandler@38453928{/,null,AVAILABLE}
14:17:11.833 [jetty task-23] DEBUG org.eclipse.jetty.server.handler.ContextHandler - context=||/balance/3 @ o.e.j.s.h.ContextHandler@38453928{/,null,AVAILABLE}
14:17:11.833 [jetty task-23] DEBUG org.eclipse.jetty.server.HttpOutput - sendContent(HeapByteBuffer@3f863e3e[p=0,l=4,c=4,r=4]={<<<1000>>>})
14:17:11.833 [jetty task-23] DEBUG org.eclipse.jetty.server.HttpChannel - sendResponse info=null content=HeapByteBuffer@3f863e3e[p=0,l=4,c=4,r=4]={<<<1000>>>} complete=true committing=true callback=Blocker@2440873f{null}
14:17:11.833 [jetty task-23] DEBUG org.eclipse.jetty.server.HttpChannel - COMMIT for /balance/3 on HttpChannelOverHttp@3695a3f3{r=1,c=true,a=DISPATCHED,uri=//localhost:8080/balance/3}
200 null HTTP/1.1
Content-Type: application/json;charset=utf-8
Content-Length: 4


14:17:11.833 [jetty task-23] DEBUG org.eclipse.jetty.server.HttpConnection - org.eclipse.jetty.server.HttpConnection$SendCallback@5926ee36[PROCESSING][i=HTTP/1.1{s=200,h=2,cl=4},cb=org.eclipse.jetty.server.HttpChannel$CommitCallback@77187331] generate: NEED_HEADER (null,[p=0,l=4,c=4,r=4],true)@START
14:17:11.833 [jetty task-23] DEBUG org.eclipse.jetty.http.HttpGenerator - generateHeaders HTTP/1.1{s=200,h=2,cl=4} last=true content=HeapByteBuffer@3f863e3e[p=0,l=4,c=4,r=4]={<<<1000>>>}
14:17:11.833 [jetty task-23] DEBUG org.eclipse.jetty.http.HttpGenerator - Content-Type: application/json;charset=utf-8
Content-Length: 4


14:17:11.833 [jetty task-23] DEBUG org.eclipse.jetty.http.HttpGenerator - CONTENT_LENGTH
14:17:11.833 [jetty task-23] DEBUG org.eclipse.jetty.server.HttpConnection - org.eclipse.jetty.server.HttpConnection$SendCallback@5926ee36[PROCESSING][i=HTTP/1.1{s=200,h=2,cl=4},cb=org.eclipse.jetty.server.HttpChannel$CommitCallback@77187331] generate: FLUSH ([p=0,l=84,c=8192,r=84],[p=0,l=4,c=4,r=4],true)@COMPLETING
14:17:11.834 [jetty task-23] DEBUG org.eclipse.jetty.io.WriteFlusher - write: WriteFlusher@79e1d422{IDLE}->null [HeapByteBuffer@5a112485[p=0,l=84,c=8192,r=84]={<<<HTTP/1.1 200 OK\r\n...t-Length: 4\r\n\r\n>>>User-Agent: Apach...\x00\x00\x00\x00\x00\x00\x00\x00\x00\x00\x00\x00\x00\x00\x00},HeapByteBuffer@3f863e3e[p=0,l=4,c=4,r=4]={<<<1000>>>}]
14:17:11.834 [jetty task-23] DEBUG org.eclipse.jetty.io.WriteFlusher - update WriteFlusher@79e1d422{WRITING}->null:IDLE-->WRITING
14:17:11.834 [jetty task-23] DEBUG org.eclipse.jetty.io.ChannelEndPoint - flushed 88 SocketChannelEndPoint@62df741c{/127.0.0.1:55869<->/127.0.0.1:8080,OPEN,fill=-,flush=W,to=3/0}{io=0/0,kio=0,kro=1}->HttpConnection@9004351[p=HttpParser{s=END,0 of 0},g=HttpGenerator@1066b9f9{s=COMPLETING}]=>HttpChannelOverHttp@3695a3f3{r=1,c=true,a=DISPATCHED,uri=//localhost:8080/balance/3}
14:17:11.834 [jetty task-23] DEBUG org.eclipse.jetty.io.WriteFlusher - Flushed=true 84/84+1 WriteFlusher@79e1d422{WRITING}->null
14:17:11.834 [jetty task-23] DEBUG org.eclipse.jetty.io.WriteFlusher - update WriteFlusher@79e1d422{IDLE}->null:WRITING-->IDLE
14:17:11.834 [jetty task-23] DEBUG org.eclipse.jetty.server.HttpConnection - org.eclipse.jetty.server.HttpConnection$SendCallback@5926ee36[PROCESSING][i=HTTP/1.1{s=200,h=2,cl=4},cb=org.eclipse.jetty.server.HttpChannel$CommitCallback@77187331] generate: DONE ([p=84,l=84,c=8192,r=0],[p=4,l=4,c=4,r=0],true)@END
14:17:11.834 [jetty task-23] DEBUG org.eclipse.jetty.server.Server - handled=true async=false committed=true on HttpChannelOverHttp@3695a3f3{r=1,c=true,a=DISPATCHED,uri=//localhost:8080/balance/3}
14:17:11.834 [jetty task-23] DEBUG org.eclipse.jetty.server.HttpChannelState - unhandle HttpChannelState@560045d3{s=DISPATCHED a=NOT_ASYNC i=true r=NONE/false w=false}
14:17:11.834 [jetty task-23] DEBUG org.eclipse.jetty.server.HttpChannel - HttpChannelOverHttp@3695a3f3{r=1,c=true,a=COMPLETING,uri=//localhost:8080/balance/3} action COMPLETE
14:17:11.834 [jetty task-23] DEBUG org.eclipse.jetty.server.HttpChannelState - onComplete HttpChannelState@560045d3{s=COMPLETING a=NOT_ASYNC i=false r=NONE/false w=false}
14:17:11.834 [jetty task-23] DEBUG org.eclipse.jetty.server.HttpChannel - COMPLETE for /balance/3 written=4
14:17:11.834 [jetty task-23] DEBUG org.eclipse.jetty.server.HttpChannelState - recycle HttpChannelState@560045d3{s=COMPLETED a=NOT_ASYNC i=false r=NONE/false w=false}
14:17:11.834 [jetty task-23] DEBUG org.eclipse.jetty.http.HttpParser - reset HttpParser{s=END,0 of 0}
14:17:11.834 [jetty task-23] DEBUG org.eclipse.jetty.http.HttpParser - END --> START
14:17:11.834 [jetty task-23] DEBUG org.eclipse.jetty.server.HttpChannel - HttpChannelOverHttp@3695a3f3{r=1,c=false,a=IDLE,uri=null} handle exit, result COMPLETE
14:17:11.834 [jetty task-23] DEBUG org.eclipse.jetty.io.ChannelEndPoint - filled 0 SocketChannelEndPoint@62df741c{/127.0.0.1:55869<->/127.0.0.1:8080,OPEN,fill=-,flush=-,to=0/0}{io=0/0,kio=0,kro=1}->HttpConnection@9004351[p=HttpParser{s=START,0 of -1},g=HttpGenerator@1066b9f9{s=START}]=>HttpChannelOverHttp@3695a3f3{r=1,c=false,a=IDLE,uri=null}
14:17:11.834 [jetty task-23] DEBUG org.eclipse.jetty.io.ChannelEndPoint - filled 0 SocketChannelEndPoint@62df741c{/127.0.0.1:55869<->/127.0.0.1:8080,OPEN,fill=-,flush=-,to=0/0}{io=0/0,kio=0,kro=1}->HttpConnection@9004351[p=HttpParser{s=START,0 of -1},g=HttpGenerator@1066b9f9{s=START}]=>HttpChannelOverHttp@3695a3f3{r=1,c=false,a=IDLE,uri=null}
14:17:11.835 [jetty task-23] DEBUG org.eclipse.jetty.server.HttpConnection - HttpConnection@9004351[p=HttpParser{s=START,0 of -1},g=HttpGenerator@1066b9f9{s=START}]=>HttpChannelOverHttp@3695a3f3{r=1,c=false,a=IDLE,uri=null}<-SocketChannelEndPoint@62df741c{/127.0.0.1:55869<->/127.0.0.1:8080,OPEN,fill=-,flush=-,to=1/0}{io=0/0,kio=0,kro=1}->HttpConnection@9004351[p=HttpParser{s=START,0 of -1},g=HttpGenerator@1066b9f9{s=START}]=>HttpChannelOverHttp@3695a3f3{r=1,c=false,a=IDLE,uri=null} filled 0 HeapByteBuffer@5a112485[p=0,l=0,c=8192,r=0]={<<<>>>HTTP/1.1 200 OK\r\n...\x00\x00\x00\x00\x00\x00\x00\x00\x00\x00\x00\x00\x00\x00\x00}
14:17:11.835 [jetty task-23] DEBUG org.eclipse.jetty.server.HttpConnection - HttpConnection@9004351[p=HttpParser{s=START,0 of -1},g=HttpGenerator@1066b9f9{s=START}]=>HttpChannelOverHttp@3695a3f3{r=1,c=false,a=IDLE,uri=null}<-SocketChannelEndPoint@62df741c{/127.0.0.1:55869<->/127.0.0.1:8080,OPEN,fill=-,flush=-,to=1/0}{io=0/0,kio=0,kro=1}->HttpConnection@9004351[p=HttpParser{s=START,0 of -1},g=HttpGenerator@1066b9f9{s=START}]=>HttpChannelOverHttp@3695a3f3{r=1,c=false,a=IDLE,uri=null} parse HeapByteBuffer@5a112485[p=0,l=0,c=8192,r=0]={<<<>>>HTTP/1.1 200 OK\r\n...\x00\x00\x00\x00\x00\x00\x00\x00\x00\x00\x00\x00\x00\x00\x00} {}
14:17:11.835 [jetty task-23] DEBUG org.eclipse.jetty.http.HttpParser - parseNext s=START HeapByteBuffer@5a112485[p=0,l=0,c=8192,r=0]={<<<>>>HTTP/1.1 200 OK\r\n...\x00\x00\x00\x00\x00\x00\x00\x00\x00\x00\x00\x00\x00\x00\x00}
14:17:11.835 [jetty task-23] DEBUG org.eclipse.jetty.server.HttpConnection - HttpConnection@9004351[p=HttpParser{s=START,0 of -1},g=HttpGenerator@1066b9f9{s=START}]=>HttpChannelOverHttp@3695a3f3{r=1,c=false,a=IDLE,uri=null}<-SocketChannelEndPoint@62df741c{/127.0.0.1:55869<->/127.0.0.1:8080,OPEN,fill=-,flush=-,to=1/0}{io=0/0,kio=0,kro=1}->HttpConnection@9004351[p=HttpParser{s=START,0 of -1},g=HttpGenerator@1066b9f9{s=START}]=>HttpChannelOverHttp@3695a3f3{r=1,c=false,a=IDLE,uri=null} parsed false HttpParser{s=START,0 of -1}
14:17:11.835 [jetty task-23] DEBUG org.eclipse.jetty.server.HttpConnection - releaseRequestBuffer HttpConnection@9004351[p=HttpParser{s=START,0 of -1},g=HttpGenerator@1066b9f9{s=START}]=>HttpChannelOverHttp@3695a3f3{r=1,c=false,a=IDLE,uri=null}<-SocketChannelEndPoint@62df741c{/127.0.0.1:55869<->/127.0.0.1:8080,OPEN,fill=-,flush=-,to=1/0}{io=0/0,kio=0,kro=1}->HttpConnection@9004351[p=HttpParser{s=START,0 of -1},g=HttpGenerator@1066b9f9{s=START}]=>HttpChannelOverHttp@3695a3f3{r=1,c=false,a=IDLE,uri=null}
14:17:11.835 [jetty task-23] DEBUG org.eclipse.jetty.io.AbstractConnection - fillInterested HttpConnection@9004351[p=HttpParser{s=START,0 of -1},g=HttpGenerator@1066b9f9{s=START}]=>HttpChannelOverHttp@3695a3f3{r=1,c=false,a=IDLE,uri=null}<-SocketChannelEndPoint@62df741c{/127.0.0.1:55869<->/127.0.0.1:8080,OPEN,fill=-,flush=-,to=1/0}{io=0/0,kio=0,kro=1}->HttpConnection@9004351[p=HttpParser{s=START,0 of -1},g=HttpGenerator@1066b9f9{s=START}]=>HttpChannelOverHttp@3695a3f3{r=1,c=false,a=IDLE,uri=null}
14:17:11.836 [jetty task-23] DEBUG org.eclipse.jetty.io.FillInterest - FillInterest@b771a3d{true,AC.ReadCB@9004351{HttpConnection@9004351[p=HttpParser{s=START,0 of -1},g=HttpGenerator@1066b9f9{s=START}]=>HttpChannelOverHttp@3695a3f3{r=1,c=false,a=IDLE,uri=null}<-SocketChannelEndPoint@62df741c{/127.0.0.1:55869<->/127.0.0.1:8080,OPEN,fill=FI,flush=-,to=0/0}{io=0/0,kio=0,kro=1}->HttpConnection@9004351[p=HttpParser{s=START,0 of -1},g=HttpGenerator@1066b9f9{s=START}]=>HttpChannelOverHttp@3695a3f3{r=1,c=false,a=IDLE,uri=null}}} register AC.ReadCB@9004351{HttpConnection@9004351[p=HttpParser{s=START,0 of -1},g=HttpGenerator@1066b9f9{s=START}]=>HttpChannelOverHttp@3695a3f3{r=1,c=false,a=IDLE,uri=null}<-SocketChannelEndPoint@62df741c{/127.0.0.1:55869<->/127.0.0.1:8080,OPEN,fill=FI,flush=-,to=0/0}{io=0/0,kio=0,kro=1}->HttpConnection@9004351[p=HttpParser{s=START,0 of -1},g=HttpGenerator@1066b9f9{s=START}]=>HttpChannelOverHttp@3695a3f3{r=1,c=false,a=IDLE,uri=null}}
14:17:11.836 [jetty task-23] DEBUG org.eclipse.jetty.io.ChannelEndPoint - changeInterests p=false 0->1 for SocketChannelEndPoint@62df741c{/127.0.0.1:55869<->/127.0.0.1:8080,OPEN,fill=FI,flush=-,to=1/0}{io=0/1,kio=0,kro=1}->HttpConnection@9004351[p=HttpParser{s=START,0 of -1},g=HttpGenerator@1066b9f9{s=START}]=>HttpChannelOverHttp@3695a3f3{r=1,c=false,a=IDLE,uri=null}
14:17:11.836 [jetty task-23] DEBUG org.eclipse.jetty.io.ManagedSelector - Queued change CEP:SocketChannelEndPoint@62df741c{/127.0.0.1:55869<->/127.0.0.1:8080,OPEN,fill=FI,flush=-,to=1/0}{io=0/1,kio=0,kro=1}->HttpConnection@9004351[p=HttpParser{s=START,0 of -1},g=HttpGenerator@1066b9f9{s=START}]=>HttpChannelOverHttp@3695a3f3{r=1,c=false,a=IDLE,uri=null}:runUpdateKey:NON_BLOCKING on org.eclipse.jetty.io.ManagedSelector@584047b5 id=0 keys=4 selected=0
14:17:11.836 [jetty task-23] DEBUG org.eclipse.jetty.server.HttpConnection - HttpConnection@9004351[p=HttpParser{s=START,0 of -1},g=HttpGenerator@1066b9f9{s=START}]=>HttpChannelOverHttp@3695a3f3{r=1,c=false,a=IDLE,uri=null}<-SocketChannelEndPoint@62df741c{/127.0.0.1:55869<->/127.0.0.1:8080,OPEN,fill=FI,flush=-,to=1/0}{io=0/1,kio=0,kro=1}->HttpConnection@9004351[p=HttpParser{s=START,0 of -1},g=HttpGenerator@1066b9f9{s=START}]=>HttpChannelOverHttp@3695a3f3{r=1,c=false,a=IDLE,uri=null} onFillable exit HttpChannelState@560045d3{s=IDLE a=NOT_ASYNC i=true r=NONE/false w=false} null
14:17:11.836 [jetty task-23] DEBUG org.eclipse.jetty.util.thread.strategy.ExecutingExecutionStrategy - EPC Prod/org.eclipse.jetty.io.ManagedSelector$SelectorProducer@6ec67bbc invoked CEP:SocketChannelEndPoint@62df741c{/127.0.0.1:55869<->/127.0.0.1:8080,OPEN,fill=FI,flush=-,to=1/0}{io=0/1,kio=0,kro=1}->HttpConnection@9004351[p=HttpParser{s=START,0 of -1},g=HttpGenerator@1066b9f9{s=START}]=>HttpChannelOverHttp@3695a3f3{r=1,c=false,a=IDLE,uri=null}:runFillable:BLOCKING
14:17:11.836 [jetty task-23] DEBUG org.eclipse.jetty.util.thread.strategy.ExecuteProduceConsume - EPC Prod/org.eclipse.jetty.io.ManagedSelector$SelectorProducer@6ec67bbc ran CEP:SocketChannelEndPoint@62df741c{/127.0.0.1:55869<->/127.0.0.1:8080,OPEN,fill=FI,flush=-,to=1/0}{io=0/1,kio=0,kro=1}->HttpConnection@9004351[p=HttpParser{s=START,0 of -1},g=HttpGenerator@1066b9f9{s=START}]=>HttpChannelOverHttp@3695a3f3{r=1,c=false,a=IDLE,uri=null}:runFillable:BLOCKING
14:17:11.836 [jetty task-23] DEBUG org.eclipse.jetty.util.thread.strategy.ExecuteProduceConsume - EPC Prod/org.eclipse.jetty.io.ManagedSelector$SelectorProducer@6ec67bbc produce exit
14:17:11.836 [jetty task-23] DEBUG org.eclipse.jetty.util.thread.QueuedThreadPool - ran EPC Prod/org.eclipse.jetty.io.ManagedSelector$SelectorProducer@6ec67bbc
14:17:11.837 [jetty task-18] DEBUG org.eclipse.jetty.io.ManagedSelector - Selector loop woken up from select, 0/4 selected
14:17:11.837 [jetty task-18] DEBUG org.eclipse.jetty.io.ManagedSelector - Running action CEP:SocketChannelEndPoint@62df741c{/127.0.0.1:55869<->/127.0.0.1:8080,OPEN,fill=FI,flush=-,to=2/0}{io=0/1,kio=0,kro=1}->HttpConnection@9004351[p=HttpParser{s=START,0 of -1},g=HttpGenerator@1066b9f9{s=START}]=>HttpChannelOverHttp@3695a3f3{r=1,c=false,a=IDLE,uri=null}:runUpdateKey:NON_BLOCKING
14:17:11.837 [jetty task-18] DEBUG org.eclipse.jetty.io.ChannelEndPoint - Key interests updated 0 -> 1 on SocketChannelEndPoint@62df741c{/127.0.0.1:55869<->/127.0.0.1:8080,OPEN,fill=FI,flush=-,to=2/0}{io=1/1,kio=1,kro=1}->HttpConnection@9004351[p=HttpParser{s=START,0 of -1},g=HttpGenerator@1066b9f9{s=START}]=>HttpChannelOverHttp@3695a3f3{r=1,c=false,a=IDLE,uri=null}
14:17:11.837 [jetty task-18] DEBUG org.eclipse.jetty.io.ManagedSelector - Selector loop waiting on select
14:17:11.846 [jetty task-20-acceptor-0@78b9b1c-ServerConnector@53bd4614{HTTP/1.1,[http/1.1]}{localhost:8080}] DEBUG org.eclipse.jetty.io.ManagedSelector - Queued change org.eclipse.jetty.io.ManagedSelector$Accept@1a6cc8b3 on org.eclipse.jetty.io.ManagedSelector@3803d43d id=1 keys=7 selected=0
14:17:11.846 [jetty task-16] DEBUG org.eclipse.jetty.io.ManagedSelector - Selector loop woken up from select, 0/7 selected
14:17:11.846 [jetty task-16] DEBUG org.eclipse.jetty.io.ManagedSelector - Running action org.eclipse.jetty.io.ManagedSelector$Accept@1a6cc8b3
14:17:11.846 [jetty task-16] DEBUG org.eclipse.jetty.io.ManagedSelector - Queued change org.eclipse.jetty.io.ManagedSelector$CreateEndPoint@7516ce05 on org.eclipse.jetty.io.ManagedSelector@3803d43d id=1 keys=8 selected=0
14:17:11.846 [jetty task-16] DEBUG org.eclipse.jetty.util.thread.strategy.ExecuteProduceConsume - EPC Prod/org.eclipse.jetty.io.ManagedSelector$SelectorProducer@6f90d7cf produced org.eclipse.jetty.io.ManagedSelector$CreateEndPoint@7516ce05
14:17:11.846 [jetty task-16] DEBUG org.eclipse.jetty.util.thread.strategy.ExecuteProduceConsume - EPC Pend/org.eclipse.jetty.io.ManagedSelector$SelectorProducer@6f90d7cf dispatch
14:17:11.846 [jetty task-16] DEBUG org.eclipse.jetty.util.thread.QueuedThreadPool - queue EPC Pend/org.eclipse.jetty.io.ManagedSelector$SelectorProducer@6f90d7cf
14:17:11.846 [jetty task-16] DEBUG org.eclipse.jetty.util.thread.strategy.ExecuteProduceConsume - EPC Pend/org.eclipse.jetty.io.ManagedSelector$SelectorProducer@6f90d7cf run org.eclipse.jetty.io.ManagedSelector$CreateEndPoint@7516ce05
14:17:11.846 [jetty task-16] DEBUG org.eclipse.jetty.util.thread.strategy.ExecutingExecutionStrategy - EPC Pend/org.eclipse.jetty.io.ManagedSelector$SelectorProducer@6f90d7cf invoke  org.eclipse.jetty.io.ManagedSelector$CreateEndPoint@7516ce05
14:17:11.847 [jetty task-22] DEBUG org.eclipse.jetty.util.thread.QueuedThreadPool - run EPC Pend/org.eclipse.jetty.io.ManagedSelector$SelectorProducer@6f90d7cf
14:17:11.847 [jetty task-22] DEBUG org.eclipse.jetty.util.thread.strategy.ExecuteProduceConsume - EPC Pend/org.eclipse.jetty.io.ManagedSelector$SelectorProducer@6f90d7cf run
14:17:11.847 [jetty task-22] DEBUG org.eclipse.jetty.util.thread.strategy.ExecuteProduceConsume - EPC Prod/org.eclipse.jetty.io.ManagedSelector$SelectorProducer@6f90d7cf produce enter
14:17:11.847 [jetty task-22] DEBUG org.eclipse.jetty.util.thread.strategy.ExecuteProduceConsume - EPC Prod/org.eclipse.jetty.io.ManagedSelector$SelectorProducer@6f90d7cf producing
14:17:11.847 [jetty task-16] DEBUG org.eclipse.jetty.io.AbstractEndPoint - onOpen SocketChannelEndPoint@272c3796{/127.0.0.1:55870<->/127.0.0.1:8080,OPEN,fill=-,flush=-,to=0/0}{io=0/0,kio=0,kro=0}-><null>
14:17:11.847 [jetty task-22] DEBUG org.eclipse.jetty.io.ManagedSelector - Selector loop waiting on select
14:17:11.847 [jetty task-16] DEBUG org.eclipse.jetty.server.HttpChannel - new HttpChannelOverHttp@7b07fc6f{r=0,c=false,a=IDLE,uri=null} -> SocketChannelEndPoint@272c3796{/127.0.0.1:55870<->/127.0.0.1:8080,OPEN,fill=-,flush=-,to=0/0}{io=0/0,kio=0,kro=0}-><null>,null,HttpChannelState@2adfbc06{s=IDLE a=NOT_ASYNC i=true r=NONE/false w=false}
14:17:11.847 [jetty task-16] DEBUG org.eclipse.jetty.server.HttpConnection - New HTTP Connection HttpConnection@697a39be[p=HttpParser{s=START,0 of 0},g=HttpGenerator@2f2c3380{s=START}]=>HttpChannelOverHttp@7b07fc6f{r=0,c=false,a=IDLE,uri=null}<-SocketChannelEndPoint@272c3796{/127.0.0.1:55870<->/127.0.0.1:8080,OPEN,fill=-,flush=-,to=0/0}{io=0/0,kio=0,kro=0}-><null>
14:17:11.847 [jetty task-16] DEBUG org.eclipse.jetty.io.AbstractConnection - onOpen HttpConnection@697a39be[p=HttpParser{s=START,0 of 0},g=HttpGenerator@2f2c3380{s=START}]=>HttpChannelOverHttp@7b07fc6f{r=0,c=false,a=IDLE,uri=null}<-SocketChannelEndPoint@272c3796{/127.0.0.1:55870<->/127.0.0.1:8080,OPEN,fill=-,flush=-,to=0/0}{io=0/0,kio=0,kro=0}->HttpConnection@697a39be[p=HttpParser{s=START,0 of 0},g=HttpGenerator@2f2c3380{s=START}]=>HttpChannelOverHttp@7b07fc6f{r=0,c=false,a=IDLE,uri=null}
14:17:11.847 [jetty task-16] DEBUG org.eclipse.jetty.io.AbstractConnection - fillInterested HttpConnection@697a39be[p=HttpParser{s=START,0 of 0},g=HttpGenerator@2f2c3380{s=START}]=>HttpChannelOverHttp@7b07fc6f{r=0,c=false,a=IDLE,uri=null}<-SocketChannelEndPoint@272c3796{/127.0.0.1:55870<->/127.0.0.1:8080,OPEN,fill=-,flush=-,to=0/0}{io=0/0,kio=0,kro=0}->HttpConnection@697a39be[p=HttpParser{s=START,0 of 0},g=HttpGenerator@2f2c3380{s=START}]=>HttpChannelOverHttp@7b07fc6f{r=0,c=false,a=IDLE,uri=null}
14:17:11.848 [jetty task-16] DEBUG org.eclipse.jetty.io.FillInterest - FillInterest@6b0c568e{true,AC.ReadCB@697a39be{HttpConnection@697a39be[p=HttpParser{s=START,0 of 0},g=HttpGenerator@2f2c3380{s=START}]=>HttpChannelOverHttp@7b07fc6f{r=0,c=false,a=IDLE,uri=null}<-SocketChannelEndPoint@272c3796{/127.0.0.1:55870<->/127.0.0.1:8080,OPEN,fill=FI,flush=-,to=0/0}{io=0/0,kio=0,kro=0}->HttpConnection@697a39be[p=HttpParser{s=START,0 of 0},g=HttpGenerator@2f2c3380{s=START}]=>HttpChannelOverHttp@7b07fc6f{r=0,c=false,a=IDLE,uri=null}}} register AC.ReadCB@697a39be{HttpConnection@697a39be[p=HttpParser{s=START,0 of 0},g=HttpGenerator@2f2c3380{s=START}]=>HttpChannelOverHttp@7b07fc6f{r=0,c=false,a=IDLE,uri=null}<-SocketChannelEndPoint@272c3796{/127.0.0.1:55870<->/127.0.0.1:8080,OPEN,fill=FI,flush=-,to=0/0}{io=0/0,kio=0,kro=0}->HttpConnection@697a39be[p=HttpParser{s=START,0 of 0},g=HttpGenerator@2f2c3380{s=START}]=>HttpChannelOverHttp@7b07fc6f{r=0,c=false,a=IDLE,uri=null}}
14:17:11.848 [jetty task-16] DEBUG org.eclipse.jetty.io.ChannelEndPoint - changeInterests p=false 0->1 for SocketChannelEndPoint@272c3796{/127.0.0.1:55870<->/127.0.0.1:8080,OPEN,fill=FI,flush=-,to=1/0}{io=0/1,kio=0,kro=0}->HttpConnection@697a39be[p=HttpParser{s=START,0 of 0},g=HttpGenerator@2f2c3380{s=START}]=>HttpChannelOverHttp@7b07fc6f{r=0,c=false,a=IDLE,uri=null}
14:17:11.848 [jetty task-16] DEBUG org.eclipse.jetty.io.ManagedSelector - Queued change CEP:SocketChannelEndPoint@272c3796{/127.0.0.1:55870<->/127.0.0.1:8080,OPEN,fill=FI,flush=-,to=1/0}{io=0/1,kio=0,kro=0}->HttpConnection@697a39be[p=HttpParser{s=START,0 of 0},g=HttpGenerator@2f2c3380{s=START}]=>HttpChannelOverHttp@7b07fc6f{r=0,c=false,a=IDLE,uri=null}:runUpdateKey:NON_BLOCKING on org.eclipse.jetty.io.ManagedSelector@3803d43d id=1 keys=8 selected=0
14:17:11.848 [jetty task-16] DEBUG org.eclipse.jetty.io.ManagedSelector - Created SocketChannelEndPoint@272c3796{/127.0.0.1:55870<->/127.0.0.1:8080,OPEN,fill=FI,flush=-,to=1/0}{io=0/1,kio=0,kro=0}->HttpConnection@697a39be[p=HttpParser{s=START,0 of 0},g=HttpGenerator@2f2c3380{s=START}]=>HttpChannelOverHttp@7b07fc6f{r=0,c=false,a=IDLE,uri=null}
14:17:11.848 [jetty task-22] DEBUG org.eclipse.jetty.io.ManagedSelector - Selector loop woken up from select, 0/8 selected
14:17:11.848 [jetty task-16] DEBUG org.eclipse.jetty.util.thread.strategy.ExecutingExecutionStrategy - EPC Prod/org.eclipse.jetty.io.ManagedSelector$SelectorProducer@6f90d7cf invoked org.eclipse.jetty.io.ManagedSelector$CreateEndPoint@7516ce05
14:17:11.848 [jetty task-16] DEBUG org.eclipse.jetty.util.thread.strategy.ExecuteProduceConsume - EPC Prod/org.eclipse.jetty.io.ManagedSelector$SelectorProducer@6f90d7cf ran org.eclipse.jetty.io.ManagedSelector$CreateEndPoint@7516ce05
14:17:11.848 [jetty task-16] DEBUG org.eclipse.jetty.util.thread.strategy.ExecuteProduceConsume - EPC Prod/org.eclipse.jetty.io.ManagedSelector$SelectorProducer@6f90d7cf produce exit
14:17:11.848 [jetty task-16] DEBUG org.eclipse.jetty.util.thread.QueuedThreadPool - ran EPC Prod/org.eclipse.jetty.io.ManagedSelector$SelectorProducer@6f90d7cf
14:17:11.848 [jetty task-22] DEBUG org.eclipse.jetty.io.ManagedSelector - Running action CEP:SocketChannelEndPoint@272c3796{/127.0.0.1:55870<->/127.0.0.1:8080,OPEN,fill=FI,flush=-,to=1/0}{io=0/1,kio=0,kro=0}->HttpConnection@697a39be[p=HttpParser{s=START,0 of 0},g=HttpGenerator@2f2c3380{s=START}]=>HttpChannelOverHttp@7b07fc6f{r=0,c=false,a=IDLE,uri=null}:runUpdateKey:NON_BLOCKING
14:17:11.849 [jetty task-22] DEBUG org.eclipse.jetty.io.ChannelEndPoint - Key interests updated 0 -> 1 on SocketChannelEndPoint@272c3796{/127.0.0.1:55870<->/127.0.0.1:8080,OPEN,fill=FI,flush=-,to=1/0}{io=1/1,kio=1,kro=0}->HttpConnection@697a39be[p=HttpParser{s=START,0 of 0},g=HttpGenerator@2f2c3380{s=START}]=>HttpChannelOverHttp@7b07fc6f{r=0,c=false,a=IDLE,uri=null}
14:17:11.849 [jetty task-22] DEBUG org.eclipse.jetty.io.ManagedSelector - Selector loop waiting on select
14:17:11.849 [jetty task-22] DEBUG org.eclipse.jetty.io.ManagedSelector - Selector loop woken up from select, 1/8 selected
14:17:11.849 [jetty task-22] DEBUG org.eclipse.jetty.io.ManagedSelector - selected sun.nio.ch.SelectionKeyImpl@c7bae5f SocketChannelEndPoint@272c3796{/127.0.0.1:55870<->/127.0.0.1:8080,OPEN,fill=FI,flush=-,to=2/0}{io=1/1,kio=1,kro=1}->HttpConnection@697a39be[p=HttpParser{s=START,0 of 0},g=HttpGenerator@2f2c3380{s=START}]=>HttpChannelOverHttp@7b07fc6f{r=0,c=false,a=IDLE,uri=null} 
14:17:11.849 [jetty task-22] DEBUG org.eclipse.jetty.io.ChannelEndPoint - onSelected 1->0 r=true w=false for SocketChannelEndPoint@272c3796{/127.0.0.1:55870<->/127.0.0.1:8080,OPEN,fill=FI,flush=-,to=2/0}{io=1/0,kio=1,kro=1}->HttpConnection@697a39be[p=HttpParser{s=START,0 of 0},g=HttpGenerator@2f2c3380{s=START}]=>HttpChannelOverHttp@7b07fc6f{r=0,c=false,a=IDLE,uri=null}
14:17:11.849 [jetty task-22] DEBUG org.eclipse.jetty.io.ChannelEndPoint - task CEP:SocketChannelEndPoint@272c3796{/127.0.0.1:55870<->/127.0.0.1:8080,OPEN,fill=FI,flush=-,to=2/0}{io=1/0,kio=1,kro=1}->HttpConnection@697a39be[p=HttpParser{s=START,0 of 0},g=HttpGenerator@2f2c3380{s=START}]=>HttpChannelOverHttp@7b07fc6f{r=0,c=false,a=IDLE,uri=null}:runFillable:BLOCKING
14:17:11.849 [jetty task-22] DEBUG org.eclipse.jetty.util.thread.strategy.ExecuteProduceConsume - EPC Prod/org.eclipse.jetty.io.ManagedSelector$SelectorProducer@6f90d7cf produced CEP:SocketChannelEndPoint@272c3796{/127.0.0.1:55870<->/127.0.0.1:8080,OPEN,fill=FI,flush=-,to=2/0}{io=1/0,kio=1,kro=1}->HttpConnection@697a39be[p=HttpParser{s=START,0 of 0},g=HttpGenerator@2f2c3380{s=START}]=>HttpChannelOverHttp@7b07fc6f{r=0,c=false,a=IDLE,uri=null}:runFillable:BLOCKING
14:17:11.849 [jetty task-22] DEBUG org.eclipse.jetty.util.thread.strategy.ExecuteProduceConsume - EPC Pend/org.eclipse.jetty.io.ManagedSelector$SelectorProducer@6f90d7cf dispatch
14:17:11.849 [jetty task-22] DEBUG org.eclipse.jetty.util.thread.QueuedThreadPool - queue EPC Pend/org.eclipse.jetty.io.ManagedSelector$SelectorProducer@6f90d7cf
14:17:11.849 [jetty task-22] DEBUG org.eclipse.jetty.util.thread.strategy.ExecuteProduceConsume - EPC Pend/org.eclipse.jetty.io.ManagedSelector$SelectorProducer@6f90d7cf run CEP:SocketChannelEndPoint@272c3796{/127.0.0.1:55870<->/127.0.0.1:8080,OPEN,fill=FI,flush=-,to=2/0}{io=1/0,kio=1,kro=1}->HttpConnection@697a39be[p=HttpParser{s=START,0 of 0},g=HttpGenerator@2f2c3380{s=START}]=>HttpChannelOverHttp@7b07fc6f{r=0,c=false,a=IDLE,uri=null}:runFillable:BLOCKING
14:17:11.849 [jetty task-23] DEBUG org.eclipse.jetty.util.thread.QueuedThreadPool - run EPC Pend/org.eclipse.jetty.io.ManagedSelector$SelectorProducer@6f90d7cf
14:17:11.849 [jetty task-23] DEBUG org.eclipse.jetty.util.thread.strategy.ExecuteProduceConsume - EPC Pend/org.eclipse.jetty.io.ManagedSelector$SelectorProducer@6f90d7cf run
14:17:11.849 [jetty task-23] DEBUG org.eclipse.jetty.util.thread.strategy.ExecuteProduceConsume - EPC Prod/org.eclipse.jetty.io.ManagedSelector$SelectorProducer@6f90d7cf produce enter
14:17:11.849 [jetty task-23] DEBUG org.eclipse.jetty.util.thread.strategy.ExecuteProduceConsume - EPC Prod/org.eclipse.jetty.io.ManagedSelector$SelectorProducer@6f90d7cf producing
14:17:11.849 [jetty task-22] DEBUG org.eclipse.jetty.util.thread.strategy.ExecutingExecutionStrategy - EPC Pend/org.eclipse.jetty.io.ManagedSelector$SelectorProducer@6f90d7cf invoke  CEP:SocketChannelEndPoint@272c3796{/127.0.0.1:55870<->/127.0.0.1:8080,OPEN,fill=FI,flush=-,to=2/0}{io=1/0,kio=1,kro=1}->HttpConnection@697a39be[p=HttpParser{s=START,0 of 0},g=HttpGenerator@2f2c3380{s=START}]=>HttpChannelOverHttp@7b07fc6f{r=0,c=false,a=IDLE,uri=null}:runFillable:BLOCKING
14:17:11.849 [jetty task-23] DEBUG org.eclipse.jetty.io.ChannelEndPoint - Key interests updated 1 -> 0 on SocketChannelEndPoint@272c3796{/127.0.0.1:55870<->/127.0.0.1:8080,OPEN,fill=FI,flush=-,to=2/0}{io=0/0,kio=0,kro=1}->HttpConnection@697a39be[p=HttpParser{s=START,0 of 0},g=HttpGenerator@2f2c3380{s=START}]=>HttpChannelOverHttp@7b07fc6f{r=0,c=false,a=IDLE,uri=null}
14:17:11.849 [jetty task-23] DEBUG org.eclipse.jetty.io.ManagedSelector - Selector loop waiting on select
14:17:11.850 [jetty task-22] DEBUG org.eclipse.jetty.io.FillInterest - FillInterest@6b0c568e{true,AC.ReadCB@697a39be{HttpConnection@697a39be[p=HttpParser{s=START,0 of 0},g=HttpGenerator@2f2c3380{s=START}]=>HttpChannelOverHttp@7b07fc6f{r=0,c=false,a=IDLE,uri=null}<-SocketChannelEndPoint@272c3796{/127.0.0.1:55870<->/127.0.0.1:8080,OPEN,fill=FI,flush=-,to=2/0}{io=0/0,kio=0,kro=1}->HttpConnection@697a39be[p=HttpParser{s=START,0 of 0},g=HttpGenerator@2f2c3380{s=START}]=>HttpChannelOverHttp@7b07fc6f{r=0,c=false,a=IDLE,uri=null}}} fillable AC.ReadCB@697a39be{HttpConnection@697a39be[p=HttpParser{s=START,0 of 0},g=HttpGenerator@2f2c3380{s=START}]=>HttpChannelOverHttp@7b07fc6f{r=0,c=false,a=IDLE,uri=null}<-SocketChannelEndPoint@272c3796{/127.0.0.1:55870<->/127.0.0.1:8080,OPEN,fill=FI,flush=-,to=3/0}{io=0/0,kio=0,kro=1}->HttpConnection@697a39be[p=HttpParser{s=START,0 of 0},g=HttpGenerator@2f2c3380{s=START}]=>HttpChannelOverHttp@7b07fc6f{r=0,c=false,a=IDLE,uri=null}}
14:17:11.850 [jetty task-22] DEBUG org.eclipse.jetty.server.HttpConnection - HttpConnection@697a39be[p=HttpParser{s=START,0 of 0},g=HttpGenerator@2f2c3380{s=START}]=>HttpChannelOverHttp@7b07fc6f{r=0,c=false,a=IDLE,uri=null}<-SocketChannelEndPoint@272c3796{/127.0.0.1:55870<->/127.0.0.1:8080,OPEN,fill=-,flush=-,to=3/0}{io=0/0,kio=0,kro=1}->HttpConnection@697a39be[p=HttpParser{s=START,0 of 0},g=HttpGenerator@2f2c3380{s=START}]=>HttpChannelOverHttp@7b07fc6f{r=0,c=false,a=IDLE,uri=null} onFillable enter HttpChannelState@2adfbc06{s=IDLE a=NOT_ASYNC i=true r=NONE/false w=false} null
14:17:11.850 [jetty task-22] DEBUG org.eclipse.jetty.io.ChannelEndPoint - filled 171 SocketChannelEndPoint@272c3796{/127.0.0.1:55870<->/127.0.0.1:8080,OPEN,fill=-,flush=-,to=3/0}{io=0/0,kio=0,kro=1}->HttpConnection@697a39be[p=HttpParser{s=START,0 of 0},g=HttpGenerator@2f2c3380{s=START}]=>HttpChannelOverHttp@7b07fc6f{r=0,c=false,a=IDLE,uri=null}
14:17:11.850 [jetty task-22] DEBUG org.eclipse.jetty.server.HttpConnection - HttpConnection@697a39be[p=HttpParser{s=START,0 of 0},g=HttpGenerator@2f2c3380{s=START}]=>HttpChannelOverHttp@7b07fc6f{r=0,c=false,a=IDLE,uri=null}<-SocketChannelEndPoint@272c3796{/127.0.0.1:55870<->/127.0.0.1:8080,OPEN,fill=-,flush=-,to=0/0}{io=0/0,kio=0,kro=1}->HttpConnection@697a39be[p=HttpParser{s=START,0 of 0},g=HttpGenerator@2f2c3380{s=START}]=>HttpChannelOverHttp@7b07fc6f{r=0,c=false,a=IDLE,uri=null} filled 171 HeapByteBuffer@5a112485[p=0,l=171,c=8192,r=171]={<<<GET /balance/4 HT...zip,deflate\r\n\r\n>>>\r\nHost: localhost...\x00\x00\x00\x00\x00\x00\x00\x00\x00\x00\x00\x00\x00\x00\x00}
14:17:11.850 [jetty task-22] DEBUG org.eclipse.jetty.server.HttpConnection - HttpConnection@697a39be[p=HttpParser{s=START,0 of 0},g=HttpGenerator@2f2c3380{s=START}]=>HttpChannelOverHttp@7b07fc6f{r=0,c=false,a=IDLE,uri=null}<-SocketChannelEndPoint@272c3796{/127.0.0.1:55870<->/127.0.0.1:8080,OPEN,fill=-,flush=-,to=0/0}{io=0/0,kio=0,kro=1}->HttpConnection@697a39be[p=HttpParser{s=START,0 of 0},g=HttpGenerator@2f2c3380{s=START}]=>HttpChannelOverHttp@7b07fc6f{r=0,c=false,a=IDLE,uri=null} parse HeapByteBuffer@5a112485[p=0,l=171,c=8192,r=171]={<<<GET /balance/4 HT...zip,deflate\r\n\r\n>>>\r\nHost: localhost...\x00\x00\x00\x00\x00\x00\x00\x00\x00\x00\x00\x00\x00\x00\x00} {}
14:17:11.850 [jetty task-22] DEBUG org.eclipse.jetty.http.HttpParser - parseNext s=START HeapByteBuffer@5a112485[p=0,l=171,c=8192,r=171]={<<<GET /balance/4 HT...zip,deflate\r\n\r\n>>>\r\nHost: localhost...\x00\x00\x00\x00\x00\x00\x00\x00\x00\x00\x00\x00\x00\x00\x00}
14:17:11.850 [jetty task-22] DEBUG org.eclipse.jetty.http.HttpParser - START --> SPACE1
14:17:11.850 [jetty task-22] DEBUG org.eclipse.jetty.http.HttpParser - SPACE1 --> URI
14:17:11.850 [jetty task-22] DEBUG org.eclipse.jetty.http.HttpParser - URI --> SPACE2
14:17:11.850 [jetty task-22] DEBUG org.eclipse.jetty.http.HttpParser - SPACE2 --> REQUEST_VERSION
14:17:11.850 [jetty task-22] DEBUG org.eclipse.jetty.http.HttpParser - REQUEST_VERSION --> HEADER
14:17:11.851 [jetty task-22] DEBUG org.eclipse.jetty.http.HttpParser - HEADER:Accept: */* --> IN_VALUE
14:17:11.851 [jetty task-22] DEBUG org.eclipse.jetty.http.HttpParser - HEADER:Accept: */* --> FIELD
14:17:11.851 [jetty task-22] DEBUG org.eclipse.jetty.http.HttpParser - HEADER:null --> VALUE
14:17:11.851 [jetty task-22] DEBUG org.eclipse.jetty.http.HttpParser - HEADER:null --> IN_VALUE
14:17:11.851 [jetty task-22] DEBUG org.eclipse.jetty.http.HttpParser - HEADER:null --> FIELD
14:17:11.851 [jetty task-22] DEBUG org.eclipse.jetty.http.HttpParser - HEADER:Connection: keep-alive --> IN_VALUE
14:17:11.851 [jetty task-22] DEBUG org.eclipse.jetty.http.HttpParser - HEADER:Connection: keep-alive --> FIELD
14:17:11.851 [jetty task-22] DEBUG org.eclipse.jetty.http.HttpParser - HEADER:null --> VALUE
14:17:11.851 [jetty task-22] DEBUG org.eclipse.jetty.http.HttpParser - HEADER:null --> IN_VALUE
14:17:11.851 [jetty task-22] DEBUG org.eclipse.jetty.http.HttpParser - HEADER:null --> FIELD
14:17:11.851 [jetty task-22] DEBUG org.eclipse.jetty.http.HttpParser - HEADER:null --> IN_VALUE
14:17:11.851 [jetty task-22] DEBUG org.eclipse.jetty.http.HttpParser - HEADER:null --> FIELD
14:17:11.851 [jetty task-22] DEBUG org.eclipse.jetty.http.HttpParser - HEADER --> END
14:17:11.851 [jetty task-22] DEBUG org.eclipse.jetty.server.HttpChannel - REQUEST for //localhost:8080/balance/4 on HttpChannelOverHttp@7b07fc6f{r=1,c=false,a=IDLE,uri=//localhost:8080/balance/4}
GET //localhost:8080/balance/4 HTTP/1.1
Accept: */*
Host: localhost:8080
Connection: keep-alive
User-Agent: Apache-HttpClient/4.5.3 (Java/1.8.0_121)
Accept-Encoding: gzip,deflate


14:17:11.851 [jetty task-22] DEBUG org.eclipse.jetty.server.HttpChannel - HttpChannelOverHttp@7b07fc6f{r=1,c=false,a=IDLE,uri=//localhost:8080/balance/4} onContentComplete
14:17:11.851 [jetty task-22] DEBUG org.eclipse.jetty.server.HttpChannel - HttpChannelOverHttp@7b07fc6f{r=1,c=false,a=IDLE,uri=//localhost:8080/balance/4} onRequestComplete
14:17:11.851 [jetty task-22] DEBUG org.eclipse.jetty.server.HttpInput - HttpInputOverHTTP@5f8de85d[c=0,q=0,[0]=null,s=STREAM] addContent EOF
14:17:11.851 [jetty task-22] DEBUG org.eclipse.jetty.server.HttpConnection - HttpConnection@697a39be[p=HttpParser{s=END,0 of 0},g=HttpGenerator@2f2c3380{s=START}]=>HttpChannelOverHttp@7b07fc6f{r=1,c=false,a=IDLE,uri=//localhost:8080/balance/4}<-SocketChannelEndPoint@272c3796{/127.0.0.1:55870<->/127.0.0.1:8080,OPEN,fill=-,flush=-,to=1/0}{io=0/0,kio=0,kro=1}->HttpConnection@697a39be[p=HttpParser{s=END,0 of 0},g=HttpGenerator@2f2c3380{s=START}]=>HttpChannelOverHttp@7b07fc6f{r=1,c=false,a=IDLE,uri=//localhost:8080/balance/4} parsed true HttpParser{s=END,0 of 0}
14:17:11.851 [jetty task-22] DEBUG org.eclipse.jetty.server.HttpConnection - releaseRequestBuffer HttpConnection@697a39be[p=HttpParser{s=END,0 of 0},g=HttpGenerator@2f2c3380{s=START}]=>HttpChannelOverHttp@7b07fc6f{r=1,c=false,a=IDLE,uri=//localhost:8080/balance/4}<-SocketChannelEndPoint@272c3796{/127.0.0.1:55870<->/127.0.0.1:8080,OPEN,fill=-,flush=-,to=1/0}{io=0/0,kio=0,kro=1}->HttpConnection@697a39be[p=HttpParser{s=END,0 of 0},g=HttpGenerator@2f2c3380{s=START}]=>HttpChannelOverHttp@7b07fc6f{r=1,c=false,a=IDLE,uri=//localhost:8080/balance/4}
14:17:11.851 [jetty task-22] DEBUG org.eclipse.jetty.server.HttpChannel - HttpChannelOverHttp@7b07fc6f{r=1,c=false,a=IDLE,uri=//localhost:8080/balance/4} handle //localhost:8080/balance/4 
14:17:11.851 [jetty task-22] DEBUG org.eclipse.jetty.server.HttpChannelState - handling HttpChannelState@2adfbc06{s=IDLE a=NOT_ASYNC i=true r=NONE/false w=false}
14:17:11.851 [jetty task-22] DEBUG org.eclipse.jetty.server.HttpChannel - HttpChannelOverHttp@7b07fc6f{r=1,c=false,a=DISPATCHED,uri=//localhost:8080/balance/4} action DISPATCH
14:17:11.851 [jetty task-22] DEBUG org.eclipse.jetty.server.Server - REQUEST GET /balance/4 on HttpChannelOverHttp@7b07fc6f{r=1,c=false,a=DISPATCHED,uri=//localhost:8080/balance/4}
14:17:11.851 [jetty task-22] DEBUG org.eclipse.jetty.server.handler.ContextHandler - scope null||/balance/4 @ o.e.j.s.h.ContextHandler@38453928{/,null,AVAILABLE}
14:17:11.851 [jetty task-22] DEBUG org.eclipse.jetty.server.handler.ContextHandler - context=||/balance/4 @ o.e.j.s.h.ContextHandler@38453928{/,null,AVAILABLE}
14:17:11.852 [jetty task-22] DEBUG org.eclipse.jetty.server.HttpOutput - sendContent(HeapByteBuffer@541c2236[p=0,l=4,c=4,r=4]={<<<5000>>>})
14:17:11.852 [jetty task-22] DEBUG org.eclipse.jetty.server.HttpChannel - sendResponse info=null content=HeapByteBuffer@541c2236[p=0,l=4,c=4,r=4]={<<<5000>>>} complete=true committing=true callback=Blocker@7110f03d{null}
14:17:11.852 [jetty task-22] DEBUG org.eclipse.jetty.server.HttpChannel - COMMIT for /balance/4 on HttpChannelOverHttp@7b07fc6f{r=1,c=true,a=DISPATCHED,uri=//localhost:8080/balance/4}
200 null HTTP/1.1
Content-Type: application/json;charset=utf-8
Content-Length: 4


14:17:11.852 [jetty task-22] DEBUG org.eclipse.jetty.server.HttpConnection - org.eclipse.jetty.server.HttpConnection$SendCallback@4205bad0[PROCESSING][i=HTTP/1.1{s=200,h=2,cl=4},cb=org.eclipse.jetty.server.HttpChannel$CommitCallback@727a7dcd] generate: NEED_HEADER (null,[p=0,l=4,c=4,r=4],true)@START
14:17:11.853 [jetty task-22] DEBUG org.eclipse.jetty.http.HttpGenerator - generateHeaders HTTP/1.1{s=200,h=2,cl=4} last=true content=HeapByteBuffer@541c2236[p=0,l=4,c=4,r=4]={<<<5000>>>}
14:17:11.853 [jetty task-22] DEBUG org.eclipse.jetty.http.HttpGenerator - Content-Type: application/json;charset=utf-8
Content-Length: 4


14:17:11.853 [jetty task-22] DEBUG org.eclipse.jetty.http.HttpGenerator - CONTENT_LENGTH
14:17:11.853 [jetty task-22] DEBUG org.eclipse.jetty.server.HttpConnection - org.eclipse.jetty.server.HttpConnection$SendCallback@4205bad0[PROCESSING][i=HTTP/1.1{s=200,h=2,cl=4},cb=org.eclipse.jetty.server.HttpChannel$CommitCallback@727a7dcd] generate: FLUSH ([p=0,l=84,c=8192,r=84],[p=0,l=4,c=4,r=4],true)@COMPLETING
14:17:11.853 [jetty task-22] DEBUG org.eclipse.jetty.io.WriteFlusher - write: WriteFlusher@47c2fc26{IDLE}->null [HeapByteBuffer@5a112485[p=0,l=84,c=8192,r=84]={<<<HTTP/1.1 200 OK\r\n...t-Length: 4\r\n\r\n>>>User-Agent: Apach...\x00\x00\x00\x00\x00\x00\x00\x00\x00\x00\x00\x00\x00\x00\x00},HeapByteBuffer@541c2236[p=0,l=4,c=4,r=4]={<<<5000>>>}]
14:17:11.853 [jetty task-22] DEBUG org.eclipse.jetty.io.WriteFlusher - update WriteFlusher@47c2fc26{WRITING}->null:IDLE-->WRITING
14:17:11.853 [jetty task-22] DEBUG org.eclipse.jetty.io.ChannelEndPoint - flushed 88 SocketChannelEndPoint@272c3796{/127.0.0.1:55870<->/127.0.0.1:8080,OPEN,fill=-,flush=W,to=3/0}{io=0/0,kio=0,kro=1}->HttpConnection@697a39be[p=HttpParser{s=END,0 of 0},g=HttpGenerator@2f2c3380{s=COMPLETING}]=>HttpChannelOverHttp@7b07fc6f{r=1,c=true,a=DISPATCHED,uri=//localhost:8080/balance/4}
14:17:11.853 [jetty task-22] DEBUG org.eclipse.jetty.io.WriteFlusher - Flushed=true 84/84+1 WriteFlusher@47c2fc26{WRITING}->null
14:17:11.853 [jetty task-22] DEBUG org.eclipse.jetty.io.WriteFlusher - update WriteFlusher@47c2fc26{IDLE}->null:WRITING-->IDLE
14:17:11.853 [jetty task-22] DEBUG org.eclipse.jetty.server.HttpConnection - org.eclipse.jetty.server.HttpConnection$SendCallback@4205bad0[PROCESSING][i=HTTP/1.1{s=200,h=2,cl=4},cb=org.eclipse.jetty.server.HttpChannel$CommitCallback@727a7dcd] generate: DONE ([p=84,l=84,c=8192,r=0],[p=4,l=4,c=4,r=0],true)@END
14:17:11.853 [jetty task-22] DEBUG org.eclipse.jetty.server.Server - handled=true async=false committed=true on HttpChannelOverHttp@7b07fc6f{r=1,c=true,a=DISPATCHED,uri=//localhost:8080/balance/4}
14:17:11.853 [jetty task-22] DEBUG org.eclipse.jetty.server.HttpChannelState - unhandle HttpChannelState@2adfbc06{s=DISPATCHED a=NOT_ASYNC i=true r=NONE/false w=false}
14:17:11.854 [jetty task-22] DEBUG org.eclipse.jetty.server.HttpChannel - HttpChannelOverHttp@7b07fc6f{r=1,c=true,a=COMPLETING,uri=//localhost:8080/balance/4} action COMPLETE
14:17:11.854 [jetty task-22] DEBUG org.eclipse.jetty.server.HttpChannelState - onComplete HttpChannelState@2adfbc06{s=COMPLETING a=NOT_ASYNC i=false r=NONE/false w=false}
14:17:11.854 [jetty task-22] DEBUG org.eclipse.jetty.server.HttpChannel - COMPLETE for /balance/4 written=4
14:17:11.854 [jetty task-22] DEBUG org.eclipse.jetty.server.HttpChannelState - recycle HttpChannelState@2adfbc06{s=COMPLETED a=NOT_ASYNC i=false r=NONE/false w=false}
14:17:11.854 [jetty task-22] DEBUG org.eclipse.jetty.http.HttpParser - reset HttpParser{s=END,0 of 0}
14:17:11.854 [jetty task-22] DEBUG org.eclipse.jetty.http.HttpParser - END --> START
14:17:11.854 [jetty task-22] DEBUG org.eclipse.jetty.server.HttpChannel - HttpChannelOverHttp@7b07fc6f{r=1,c=false,a=IDLE,uri=null} handle exit, result COMPLETE
14:17:11.854 [jetty task-22] DEBUG org.eclipse.jetty.io.ChannelEndPoint - filled 0 SocketChannelEndPoint@272c3796{/127.0.0.1:55870<->/127.0.0.1:8080,OPEN,fill=-,flush=-,to=1/0}{io=0/0,kio=0,kro=1}->HttpConnection@697a39be[p=HttpParser{s=START,0 of -1},g=HttpGenerator@2f2c3380{s=START}]=>HttpChannelOverHttp@7b07fc6f{r=1,c=false,a=IDLE,uri=null}
14:17:11.854 [jetty task-22] DEBUG org.eclipse.jetty.io.ChannelEndPoint - filled 0 SocketChannelEndPoint@272c3796{/127.0.0.1:55870<->/127.0.0.1:8080,OPEN,fill=-,flush=-,to=1/0}{io=0/0,kio=0,kro=1}->HttpConnection@697a39be[p=HttpParser{s=START,0 of -1},g=HttpGenerator@2f2c3380{s=START}]=>HttpChannelOverHttp@7b07fc6f{r=1,c=false,a=IDLE,uri=null}
14:17:11.854 [jetty task-22] DEBUG org.eclipse.jetty.server.HttpConnection - HttpConnection@697a39be[p=HttpParser{s=START,0 of -1},g=HttpGenerator@2f2c3380{s=START}]=>HttpChannelOverHttp@7b07fc6f{r=1,c=false,a=IDLE,uri=null}<-SocketChannelEndPoint@272c3796{/127.0.0.1:55870<->/127.0.0.1:8080,OPEN,fill=-,flush=-,to=1/0}{io=0/0,kio=0,kro=1}->HttpConnection@697a39be[p=HttpParser{s=START,0 of -1},g=HttpGenerator@2f2c3380{s=START}]=>HttpChannelOverHttp@7b07fc6f{r=1,c=false,a=IDLE,uri=null} filled 0 HeapByteBuffer@5a112485[p=0,l=0,c=8192,r=0]={<<<>>>HTTP/1.1 200 OK\r\n...\x00\x00\x00\x00\x00\x00\x00\x00\x00\x00\x00\x00\x00\x00\x00}
14:17:11.854 [jetty task-22] DEBUG org.eclipse.jetty.server.HttpConnection - HttpConnection@697a39be[p=HttpParser{s=START,0 of -1},g=HttpGenerator@2f2c3380{s=START}]=>HttpChannelOverHttp@7b07fc6f{r=1,c=false,a=IDLE,uri=null}<-SocketChannelEndPoint@272c3796{/127.0.0.1:55870<->/127.0.0.1:8080,OPEN,fill=-,flush=-,to=1/0}{io=0/0,kio=0,kro=1}->HttpConnection@697a39be[p=HttpParser{s=START,0 of -1},g=HttpGenerator@2f2c3380{s=START}]=>HttpChannelOverHttp@7b07fc6f{r=1,c=false,a=IDLE,uri=null} parse HeapByteBuffer@5a112485[p=0,l=0,c=8192,r=0]={<<<>>>HTTP/1.1 200 OK\r\n...\x00\x00\x00\x00\x00\x00\x00\x00\x00\x00\x00\x00\x00\x00\x00} {}
14:17:11.854 [jetty task-22] DEBUG org.eclipse.jetty.http.HttpParser - parseNext s=START HeapByteBuffer@5a112485[p=0,l=0,c=8192,r=0]={<<<>>>HTTP/1.1 200 OK\r\n...\x00\x00\x00\x00\x00\x00\x00\x00\x00\x00\x00\x00\x00\x00\x00}
14:17:11.854 [jetty task-22] DEBUG org.eclipse.jetty.server.HttpConnection - HttpConnection@697a39be[p=HttpParser{s=START,0 of -1},g=HttpGenerator@2f2c3380{s=START}]=>HttpChannelOverHttp@7b07fc6f{r=1,c=false,a=IDLE,uri=null}<-SocketChannelEndPoint@272c3796{/127.0.0.1:55870<->/127.0.0.1:8080,OPEN,fill=-,flush=-,to=1/0}{io=0/0,kio=0,kro=1}->HttpConnection@697a39be[p=HttpParser{s=START,0 of -1},g=HttpGenerator@2f2c3380{s=START}]=>HttpChannelOverHttp@7b07fc6f{r=1,c=false,a=IDLE,uri=null} parsed false HttpParser{s=START,0 of -1}
14:17:11.854 [jetty task-22] DEBUG org.eclipse.jetty.server.HttpConnection - releaseRequestBuffer HttpConnection@697a39be[p=HttpParser{s=START,0 of -1},g=HttpGenerator@2f2c3380{s=START}]=>HttpChannelOverHttp@7b07fc6f{r=1,c=false,a=IDLE,uri=null}<-SocketChannelEndPoint@272c3796{/127.0.0.1:55870<->/127.0.0.1:8080,OPEN,fill=-,flush=-,to=1/0}{io=0/0,kio=0,kro=1}->HttpConnection@697a39be[p=HttpParser{s=START,0 of -1},g=HttpGenerator@2f2c3380{s=START}]=>HttpChannelOverHttp@7b07fc6f{r=1,c=false,a=IDLE,uri=null}
14:17:11.855 [jetty task-22] DEBUG org.eclipse.jetty.io.AbstractConnection - fillInterested HttpConnection@697a39be[p=HttpParser{s=START,0 of -1},g=HttpGenerator@2f2c3380{s=START}]=>HttpChannelOverHttp@7b07fc6f{r=1,c=false,a=IDLE,uri=null}<-SocketChannelEndPoint@272c3796{/127.0.0.1:55870<->/127.0.0.1:8080,OPEN,fill=-,flush=-,to=2/0}{io=0/0,kio=0,kro=1}->HttpConnection@697a39be[p=HttpParser{s=START,0 of -1},g=HttpGenerator@2f2c3380{s=START}]=>HttpChannelOverHttp@7b07fc6f{r=1,c=false,a=IDLE,uri=null}
14:17:11.855 [jetty task-22] DEBUG org.eclipse.jetty.io.FillInterest - FillInterest@6b0c568e{true,AC.ReadCB@697a39be{HttpConnection@697a39be[p=HttpParser{s=START,0 of -1},g=HttpGenerator@2f2c3380{s=START}]=>HttpChannelOverHttp@7b07fc6f{r=1,c=false,a=IDLE,uri=null}<-SocketChannelEndPoint@272c3796{/127.0.0.1:55870<->/127.0.0.1:8080,OPEN,fill=FI,flush=-,to=0/0}{io=0/0,kio=0,kro=1}->HttpConnection@697a39be[p=HttpParser{s=START,0 of -1},g=HttpGenerator@2f2c3380{s=START}]=>HttpChannelOverHttp@7b07fc6f{r=1,c=false,a=IDLE,uri=null}}} register AC.ReadCB@697a39be{HttpConnection@697a39be[p=HttpParser{s=START,0 of -1},g=HttpGenerator@2f2c3380{s=START}]=>HttpChannelOverHttp@7b07fc6f{r=1,c=false,a=IDLE,uri=null}<-SocketChannelEndPoint@272c3796{/127.0.0.1:55870<->/127.0.0.1:8080,OPEN,fill=FI,flush=-,to=0/0}{io=0/0,kio=0,kro=1}->HttpConnection@697a39be[p=HttpParser{s=START,0 of -1},g=HttpGenerator@2f2c3380{s=START}]=>HttpChannelOverHttp@7b07fc6f{r=1,c=false,a=IDLE,uri=null}}
14:17:11.855 [jetty task-22] DEBUG org.eclipse.jetty.io.ChannelEndPoint - changeInterests p=false 0->1 for SocketChannelEndPoint@272c3796{/127.0.0.1:55870<->/127.0.0.1:8080,OPEN,fill=FI,flush=-,to=0/0}{io=0/1,kio=0,kro=1}->HttpConnection@697a39be[p=HttpParser{s=START,0 of -1},g=HttpGenerator@2f2c3380{s=START}]=>HttpChannelOverHttp@7b07fc6f{r=1,c=false,a=IDLE,uri=null}
14:17:11.855 [jetty task-22] DEBUG org.eclipse.jetty.io.ManagedSelector - Queued change CEP:SocketChannelEndPoint@272c3796{/127.0.0.1:55870<->/127.0.0.1:8080,OPEN,fill=FI,flush=-,to=0/0}{io=0/1,kio=0,kro=1}->HttpConnection@697a39be[p=HttpParser{s=START,0 of -1},g=HttpGenerator@2f2c3380{s=START}]=>HttpChannelOverHttp@7b07fc6f{r=1,c=false,a=IDLE,uri=null}:runUpdateKey:NON_BLOCKING on org.eclipse.jetty.io.ManagedSelector@3803d43d id=1 keys=8 selected=0
14:17:11.856 [jetty task-22] DEBUG org.eclipse.jetty.server.HttpConnection - HttpConnection@697a39be[p=HttpParser{s=START,0 of -1},g=HttpGenerator@2f2c3380{s=START}]=>HttpChannelOverHttp@7b07fc6f{r=1,c=false,a=IDLE,uri=null}<-SocketChannelEndPoint@272c3796{/127.0.0.1:55870<->/127.0.0.1:8080,OPEN,fill=FI,flush=-,to=0/0}{io=0/1,kio=0,kro=1}->HttpConnection@697a39be[p=HttpParser{s=START,0 of -1},g=HttpGenerator@2f2c3380{s=START}]=>HttpChannelOverHttp@7b07fc6f{r=1,c=false,a=IDLE,uri=null} onFillable exit HttpChannelState@2adfbc06{s=IDLE a=NOT_ASYNC i=true r=NONE/false w=false} null
14:17:11.856 [jetty task-22] DEBUG org.eclipse.jetty.util.thread.strategy.ExecutingExecutionStrategy - EPC Prod/org.eclipse.jetty.io.ManagedSelector$SelectorProducer@6f90d7cf invoked CEP:SocketChannelEndPoint@272c3796{/127.0.0.1:55870<->/127.0.0.1:8080,OPEN,fill=FI,flush=-,to=1/0}{io=0/1,kio=0,kro=1}->HttpConnection@697a39be[p=HttpParser{s=START,0 of -1},g=HttpGenerator@2f2c3380{s=START}]=>HttpChannelOverHttp@7b07fc6f{r=1,c=false,a=IDLE,uri=null}:runFillable:BLOCKING
14:17:11.856 [jetty task-22] DEBUG org.eclipse.jetty.util.thread.strategy.ExecuteProduceConsume - EPC Prod/org.eclipse.jetty.io.ManagedSelector$SelectorProducer@6f90d7cf ran CEP:SocketChannelEndPoint@272c3796{/127.0.0.1:55870<->/127.0.0.1:8080,OPEN,fill=FI,flush=-,to=1/0}{io=0/1,kio=0,kro=1}->HttpConnection@697a39be[p=HttpParser{s=START,0 of -1},g=HttpGenerator@2f2c3380{s=START}]=>HttpChannelOverHttp@7b07fc6f{r=1,c=false,a=IDLE,uri=null}:runFillable:BLOCKING
14:17:11.856 [jetty task-22] DEBUG org.eclipse.jetty.util.thread.strategy.ExecuteProduceConsume - EPC Prod/org.eclipse.jetty.io.ManagedSelector$SelectorProducer@6f90d7cf produce exit
14:17:11.856 [jetty task-22] DEBUG org.eclipse.jetty.util.thread.QueuedThreadPool - ran EPC Prod/org.eclipse.jetty.io.ManagedSelector$SelectorProducer@6f90d7cf
14:17:11.856 [jetty task-23] DEBUG org.eclipse.jetty.io.ManagedSelector - Selector loop woken up from select, 0/8 selected
14:17:11.856 [jetty task-23] DEBUG org.eclipse.jetty.io.ManagedSelector - Running action CEP:SocketChannelEndPoint@272c3796{/127.0.0.1:55870<->/127.0.0.1:8080,OPEN,fill=FI,flush=-,to=1/0}{io=0/1,kio=0,kro=1}->HttpConnection@697a39be[p=HttpParser{s=START,0 of -1},g=HttpGenerator@2f2c3380{s=START}]=>HttpChannelOverHttp@7b07fc6f{r=1,c=false,a=IDLE,uri=null}:runUpdateKey:NON_BLOCKING
14:17:11.856 [jetty task-23] DEBUG org.eclipse.jetty.io.ChannelEndPoint - Key interests updated 0 -> 1 on SocketChannelEndPoint@272c3796{/127.0.0.1:55870<->/127.0.0.1:8080,OPEN,fill=FI,flush=-,to=1/0}{io=1/1,kio=1,kro=1}->HttpConnection@697a39be[p=HttpParser{s=START,0 of -1},g=HttpGenerator@2f2c3380{s=START}]=>HttpChannelOverHttp@7b07fc6f{r=1,c=false,a=IDLE,uri=null}
14:17:11.856 [jetty task-23] DEBUG org.eclipse.jetty.io.ManagedSelector - Selector loop waiting on select
14:17:11.863 [jetty task-20-acceptor-0@78b9b1c-ServerConnector@53bd4614{HTTP/1.1,[http/1.1]}{localhost:8080}] DEBUG org.eclipse.jetty.io.ManagedSelector - Queued change org.eclipse.jetty.io.ManagedSelector$Accept@75497732 on org.eclipse.jetty.io.ManagedSelector@584047b5 id=0 keys=4 selected=0
14:17:11.863 [jetty task-18] DEBUG org.eclipse.jetty.io.ManagedSelector - Selector loop woken up from select, 0/4 selected
14:17:11.863 [jetty task-18] DEBUG org.eclipse.jetty.io.ManagedSelector - Running action org.eclipse.jetty.io.ManagedSelector$Accept@75497732
14:17:11.863 [jetty task-18] DEBUG org.eclipse.jetty.io.ManagedSelector - Queued change org.eclipse.jetty.io.ManagedSelector$CreateEndPoint@6f976ca0 on org.eclipse.jetty.io.ManagedSelector@584047b5 id=0 keys=5 selected=0
14:17:11.863 [jetty task-18] DEBUG org.eclipse.jetty.util.thread.strategy.ExecuteProduceConsume - EPC Prod/org.eclipse.jetty.io.ManagedSelector$SelectorProducer@6ec67bbc produced org.eclipse.jetty.io.ManagedSelector$CreateEndPoint@6f976ca0
14:17:11.863 [jetty task-18] DEBUG org.eclipse.jetty.util.thread.strategy.ExecuteProduceConsume - EPC Pend/org.eclipse.jetty.io.ManagedSelector$SelectorProducer@6ec67bbc dispatch
14:17:11.863 [jetty task-18] DEBUG org.eclipse.jetty.util.thread.QueuedThreadPool - queue EPC Pend/org.eclipse.jetty.io.ManagedSelector$SelectorProducer@6ec67bbc
14:17:11.863 [jetty task-18] DEBUG org.eclipse.jetty.util.thread.strategy.ExecuteProduceConsume - EPC Pend/org.eclipse.jetty.io.ManagedSelector$SelectorProducer@6ec67bbc run org.eclipse.jetty.io.ManagedSelector$CreateEndPoint@6f976ca0
14:17:11.864 [jetty task-18] DEBUG org.eclipse.jetty.util.thread.strategy.ExecutingExecutionStrategy - EPC Pend/org.eclipse.jetty.io.ManagedSelector$SelectorProducer@6ec67bbc invoke  org.eclipse.jetty.io.ManagedSelector$CreateEndPoint@6f976ca0
14:17:11.864 [jetty task-16] DEBUG org.eclipse.jetty.util.thread.QueuedThreadPool - run EPC Pend/org.eclipse.jetty.io.ManagedSelector$SelectorProducer@6ec67bbc
14:17:11.864 [jetty task-16] DEBUG org.eclipse.jetty.util.thread.strategy.ExecuteProduceConsume - EPC Pend/org.eclipse.jetty.io.ManagedSelector$SelectorProducer@6ec67bbc run
14:17:11.864 [jetty task-18] DEBUG org.eclipse.jetty.io.AbstractEndPoint - onOpen SocketChannelEndPoint@4f49e23f{/127.0.0.1:55871<->/127.0.0.1:8080,OPEN,fill=-,flush=-,to=0/0}{io=0/0,kio=0,kro=0}-><null>
14:17:11.864 [jetty task-16] DEBUG org.eclipse.jetty.util.thread.strategy.ExecuteProduceConsume - EPC Prod/org.eclipse.jetty.io.ManagedSelector$SelectorProducer@6ec67bbc produce enter
14:17:11.864 [jetty task-16] DEBUG org.eclipse.jetty.util.thread.strategy.ExecuteProduceConsume - EPC Prod/org.eclipse.jetty.io.ManagedSelector$SelectorProducer@6ec67bbc producing
14:17:11.864 [jetty task-16] DEBUG org.eclipse.jetty.io.ManagedSelector - Selector loop waiting on select
14:17:11.864 [jetty task-18] DEBUG org.eclipse.jetty.server.HttpChannel - new HttpChannelOverHttp@6935edab{r=0,c=false,a=IDLE,uri=null} -> SocketChannelEndPoint@4f49e23f{/127.0.0.1:55871<->/127.0.0.1:8080,OPEN,fill=-,flush=-,to=0/0}{io=0/0,kio=0,kro=0}-><null>,null,HttpChannelState@b223a00{s=IDLE a=NOT_ASYNC i=true r=NONE/false w=false}
14:17:11.864 [jetty task-18] DEBUG org.eclipse.jetty.server.HttpConnection - New HTTP Connection HttpConnection@5f84a5a8[p=HttpParser{s=START,0 of 0},g=HttpGenerator@5fdcec7d{s=START}]=>HttpChannelOverHttp@6935edab{r=0,c=false,a=IDLE,uri=null}<-SocketChannelEndPoint@4f49e23f{/127.0.0.1:55871<->/127.0.0.1:8080,OPEN,fill=-,flush=-,to=0/0}{io=0/0,kio=0,kro=0}-><null>
14:17:11.864 [jetty task-18] DEBUG org.eclipse.jetty.io.AbstractConnection - onOpen HttpConnection@5f84a5a8[p=HttpParser{s=START,0 of 0},g=HttpGenerator@5fdcec7d{s=START}]=>HttpChannelOverHttp@6935edab{r=0,c=false,a=IDLE,uri=null}<-SocketChannelEndPoint@4f49e23f{/127.0.0.1:55871<->/127.0.0.1:8080,OPEN,fill=-,flush=-,to=0/0}{io=0/0,kio=0,kro=0}->HttpConnection@5f84a5a8[p=HttpParser{s=START,0 of 0},g=HttpGenerator@5fdcec7d{s=START}]=>HttpChannelOverHttp@6935edab{r=0,c=false,a=IDLE,uri=null}
14:17:11.864 [jetty task-18] DEBUG org.eclipse.jetty.io.AbstractConnection - fillInterested HttpConnection@5f84a5a8[p=HttpParser{s=START,0 of 0},g=HttpGenerator@5fdcec7d{s=START}]=>HttpChannelOverHttp@6935edab{r=0,c=false,a=IDLE,uri=null}<-SocketChannelEndPoint@4f49e23f{/127.0.0.1:55871<->/127.0.0.1:8080,OPEN,fill=-,flush=-,to=0/0}{io=0/0,kio=0,kro=0}->HttpConnection@5f84a5a8[p=HttpParser{s=START,0 of 0},g=HttpGenerator@5fdcec7d{s=START}]=>HttpChannelOverHttp@6935edab{r=0,c=false,a=IDLE,uri=null}
14:17:11.864 [jetty task-18] DEBUG org.eclipse.jetty.io.FillInterest - FillInterest@19c20a98{true,AC.ReadCB@5f84a5a8{HttpConnection@5f84a5a8[p=HttpParser{s=START,0 of 0},g=HttpGenerator@5fdcec7d{s=START}]=>HttpChannelOverHttp@6935edab{r=0,c=false,a=IDLE,uri=null}<-SocketChannelEndPoint@4f49e23f{/127.0.0.1:55871<->/127.0.0.1:8080,OPEN,fill=FI,flush=-,to=0/0}{io=0/0,kio=0,kro=0}->HttpConnection@5f84a5a8[p=HttpParser{s=START,0 of 0},g=HttpGenerator@5fdcec7d{s=START}]=>HttpChannelOverHttp@6935edab{r=0,c=false,a=IDLE,uri=null}}} register AC.ReadCB@5f84a5a8{HttpConnection@5f84a5a8[p=HttpParser{s=START,0 of 0},g=HttpGenerator@5fdcec7d{s=START}]=>HttpChannelOverHttp@6935edab{r=0,c=false,a=IDLE,uri=null}<-SocketChannelEndPoint@4f49e23f{/127.0.0.1:55871<->/127.0.0.1:8080,OPEN,fill=FI,flush=-,to=0/0}{io=0/0,kio=0,kro=0}->HttpConnection@5f84a5a8[p=HttpParser{s=START,0 of 0},g=HttpGenerator@5fdcec7d{s=START}]=>HttpChannelOverHttp@6935edab{r=0,c=false,a=IDLE,uri=null}}
14:17:11.865 [jetty task-18] DEBUG org.eclipse.jetty.io.ChannelEndPoint - changeInterests p=false 0->1 for SocketChannelEndPoint@4f49e23f{/127.0.0.1:55871<->/127.0.0.1:8080,OPEN,fill=FI,flush=-,to=1/0}{io=0/1,kio=0,kro=0}->HttpConnection@5f84a5a8[p=HttpParser{s=START,0 of 0},g=HttpGenerator@5fdcec7d{s=START}]=>HttpChannelOverHttp@6935edab{r=0,c=false,a=IDLE,uri=null}
14:17:11.865 [jetty task-18] DEBUG org.eclipse.jetty.io.ManagedSelector - Queued change CEP:SocketChannelEndPoint@4f49e23f{/127.0.0.1:55871<->/127.0.0.1:8080,OPEN,fill=FI,flush=-,to=1/0}{io=0/1,kio=0,kro=0}->HttpConnection@5f84a5a8[p=HttpParser{s=START,0 of 0},g=HttpGenerator@5fdcec7d{s=START}]=>HttpChannelOverHttp@6935edab{r=0,c=false,a=IDLE,uri=null}:runUpdateKey:NON_BLOCKING on org.eclipse.jetty.io.ManagedSelector@584047b5 id=0 keys=5 selected=0
14:17:11.865 [jetty task-18] DEBUG org.eclipse.jetty.io.ManagedSelector - Created SocketChannelEndPoint@4f49e23f{/127.0.0.1:55871<->/127.0.0.1:8080,OPEN,fill=FI,flush=-,to=1/0}{io=0/1,kio=0,kro=0}->HttpConnection@5f84a5a8[p=HttpParser{s=START,0 of 0},g=HttpGenerator@5fdcec7d{s=START}]=>HttpChannelOverHttp@6935edab{r=0,c=false,a=IDLE,uri=null}
14:17:11.865 [jetty task-18] DEBUG org.eclipse.jetty.util.thread.strategy.ExecutingExecutionStrategy - EPC Prod/org.eclipse.jetty.io.ManagedSelector$SelectorProducer@6ec67bbc invoked org.eclipse.jetty.io.ManagedSelector$CreateEndPoint@6f976ca0
14:17:11.865 [jetty task-18] DEBUG org.eclipse.jetty.util.thread.strategy.ExecuteProduceConsume - EPC Prod/org.eclipse.jetty.io.ManagedSelector$SelectorProducer@6ec67bbc ran org.eclipse.jetty.io.ManagedSelector$CreateEndPoint@6f976ca0
14:17:11.865 [jetty task-18] DEBUG org.eclipse.jetty.util.thread.strategy.ExecuteProduceConsume - EPC Prod/org.eclipse.jetty.io.ManagedSelector$SelectorProducer@6ec67bbc produce exit
14:17:11.865 [jetty task-16] DEBUG org.eclipse.jetty.io.ManagedSelector - Selector loop woken up from select, 0/5 selected
14:17:11.865 [jetty task-18] DEBUG org.eclipse.jetty.util.thread.QueuedThreadPool - ran EPC Prod/org.eclipse.jetty.io.ManagedSelector$SelectorProducer@6ec67bbc
14:17:11.865 [jetty task-16] DEBUG org.eclipse.jetty.io.ManagedSelector - Running action CEP:SocketChannelEndPoint@4f49e23f{/127.0.0.1:55871<->/127.0.0.1:8080,OPEN,fill=FI,flush=-,to=1/0}{io=0/1,kio=0,kro=0}->HttpConnection@5f84a5a8[p=HttpParser{s=START,0 of 0},g=HttpGenerator@5fdcec7d{s=START}]=>HttpChannelOverHttp@6935edab{r=0,c=false,a=IDLE,uri=null}:runUpdateKey:NON_BLOCKING
14:17:11.865 [jetty task-16] DEBUG org.eclipse.jetty.io.ChannelEndPoint - Key interests updated 0 -> 1 on SocketChannelEndPoint@4f49e23f{/127.0.0.1:55871<->/127.0.0.1:8080,OPEN,fill=FI,flush=-,to=1/0}{io=1/1,kio=1,kro=0}->HttpConnection@5f84a5a8[p=HttpParser{s=START,0 of 0},g=HttpGenerator@5fdcec7d{s=START}]=>HttpChannelOverHttp@6935edab{r=0,c=false,a=IDLE,uri=null}
14:17:11.865 [jetty task-16] DEBUG org.eclipse.jetty.io.ManagedSelector - Selector loop waiting on select
14:17:11.865 [jetty task-16] DEBUG org.eclipse.jetty.io.ManagedSelector - Selector loop woken up from select, 1/5 selected
14:17:11.865 [jetty task-16] DEBUG org.eclipse.jetty.io.ManagedSelector - selected sun.nio.ch.SelectionKeyImpl@2788afb2 SocketChannelEndPoint@4f49e23f{/127.0.0.1:55871<->/127.0.0.1:8080,OPEN,fill=FI,flush=-,to=1/0}{io=1/1,kio=1,kro=1}->HttpConnection@5f84a5a8[p=HttpParser{s=START,0 of 0},g=HttpGenerator@5fdcec7d{s=START}]=>HttpChannelOverHttp@6935edab{r=0,c=false,a=IDLE,uri=null} 
14:17:11.865 [jetty task-16] DEBUG org.eclipse.jetty.io.ChannelEndPoint - onSelected 1->0 r=true w=false for SocketChannelEndPoint@4f49e23f{/127.0.0.1:55871<->/127.0.0.1:8080,OPEN,fill=FI,flush=-,to=1/0}{io=1/0,kio=1,kro=1}->HttpConnection@5f84a5a8[p=HttpParser{s=START,0 of 0},g=HttpGenerator@5fdcec7d{s=START}]=>HttpChannelOverHttp@6935edab{r=0,c=false,a=IDLE,uri=null}
14:17:11.865 [jetty task-16] DEBUG org.eclipse.jetty.io.ChannelEndPoint - task CEP:SocketChannelEndPoint@4f49e23f{/127.0.0.1:55871<->/127.0.0.1:8080,OPEN,fill=FI,flush=-,to=1/0}{io=1/0,kio=1,kro=1}->HttpConnection@5f84a5a8[p=HttpParser{s=START,0 of 0},g=HttpGenerator@5fdcec7d{s=START}]=>HttpChannelOverHttp@6935edab{r=0,c=false,a=IDLE,uri=null}:runFillable:BLOCKING
14:17:11.866 [jetty task-16] DEBUG org.eclipse.jetty.util.thread.strategy.ExecuteProduceConsume - EPC Prod/org.eclipse.jetty.io.ManagedSelector$SelectorProducer@6ec67bbc produced CEP:SocketChannelEndPoint@4f49e23f{/127.0.0.1:55871<->/127.0.0.1:8080,OPEN,fill=FI,flush=-,to=1/0}{io=1/0,kio=1,kro=1}->HttpConnection@5f84a5a8[p=HttpParser{s=START,0 of 0},g=HttpGenerator@5fdcec7d{s=START}]=>HttpChannelOverHttp@6935edab{r=0,c=false,a=IDLE,uri=null}:runFillable:BLOCKING
14:17:11.866 [jetty task-16] DEBUG org.eclipse.jetty.util.thread.strategy.ExecuteProduceConsume - EPC Pend/org.eclipse.jetty.io.ManagedSelector$SelectorProducer@6ec67bbc dispatch
14:17:11.866 [jetty task-16] DEBUG org.eclipse.jetty.util.thread.QueuedThreadPool - queue EPC Pend/org.eclipse.jetty.io.ManagedSelector$SelectorProducer@6ec67bbc
14:17:11.866 [jetty task-22] DEBUG org.eclipse.jetty.util.thread.QueuedThreadPool - run EPC Pend/org.eclipse.jetty.io.ManagedSelector$SelectorProducer@6ec67bbc
14:17:11.866 [jetty task-22] DEBUG org.eclipse.jetty.util.thread.strategy.ExecuteProduceConsume - EPC Pend/org.eclipse.jetty.io.ManagedSelector$SelectorProducer@6ec67bbc run
14:17:11.866 [jetty task-22] DEBUG org.eclipse.jetty.util.thread.strategy.ExecuteProduceConsume - EPC Prod/org.eclipse.jetty.io.ManagedSelector$SelectorProducer@6ec67bbc produce enter
14:17:11.866 [jetty task-22] DEBUG org.eclipse.jetty.util.thread.strategy.ExecuteProduceConsume - EPC Prod/org.eclipse.jetty.io.ManagedSelector$SelectorProducer@6ec67bbc producing
14:17:11.866 [jetty task-16] DEBUG org.eclipse.jetty.util.thread.strategy.ExecuteProduceConsume - EPC Pend/org.eclipse.jetty.io.ManagedSelector$SelectorProducer@6ec67bbc run CEP:SocketChannelEndPoint@4f49e23f{/127.0.0.1:55871<->/127.0.0.1:8080,OPEN,fill=FI,flush=-,to=2/0}{io=1/0,kio=1,kro=1}->HttpConnection@5f84a5a8[p=HttpParser{s=START,0 of 0},g=HttpGenerator@5fdcec7d{s=START}]=>HttpChannelOverHttp@6935edab{r=0,c=false,a=IDLE,uri=null}:runFillable:BLOCKING
14:17:11.866 [jetty task-22] DEBUG org.eclipse.jetty.io.ChannelEndPoint - Key interests updated 1 -> 0 on SocketChannelEndPoint@4f49e23f{/127.0.0.1:55871<->/127.0.0.1:8080,OPEN,fill=FI,flush=-,to=2/0}{io=0/0,kio=0,kro=1}->HttpConnection@5f84a5a8[p=HttpParser{s=START,0 of 0},g=HttpGenerator@5fdcec7d{s=START}]=>HttpChannelOverHttp@6935edab{r=0,c=false,a=IDLE,uri=null}
14:17:11.866 [jetty task-16] DEBUG org.eclipse.jetty.util.thread.strategy.ExecutingExecutionStrategy - EPC Prod/org.eclipse.jetty.io.ManagedSelector$SelectorProducer@6ec67bbc invoke  CEP:SocketChannelEndPoint@4f49e23f{/127.0.0.1:55871<->/127.0.0.1:8080,OPEN,fill=FI,flush=-,to=2/0}{io=0/0,kio=0,kro=1}->HttpConnection@5f84a5a8[p=HttpParser{s=START,0 of 0},g=HttpGenerator@5fdcec7d{s=START}]=>HttpChannelOverHttp@6935edab{r=0,c=false,a=IDLE,uri=null}:runFillable:BLOCKING
14:17:11.866 [jetty task-22] DEBUG org.eclipse.jetty.io.ManagedSelector - Selector loop waiting on select
14:17:11.866 [jetty task-16] DEBUG org.eclipse.jetty.io.FillInterest - FillInterest@19c20a98{true,AC.ReadCB@5f84a5a8{HttpConnection@5f84a5a8[p=HttpParser{s=START,0 of 0},g=HttpGenerator@5fdcec7d{s=START}]=>HttpChannelOverHttp@6935edab{r=0,c=false,a=IDLE,uri=null}<-SocketChannelEndPoint@4f49e23f{/127.0.0.1:55871<->/127.0.0.1:8080,OPEN,fill=FI,flush=-,to=2/0}{io=0/0,kio=0,kro=1}->HttpConnection@5f84a5a8[p=HttpParser{s=START,0 of 0},g=HttpGenerator@5fdcec7d{s=START}]=>HttpChannelOverHttp@6935edab{r=0,c=false,a=IDLE,uri=null}}} fillable AC.ReadCB@5f84a5a8{HttpConnection@5f84a5a8[p=HttpParser{s=START,0 of 0},g=HttpGenerator@5fdcec7d{s=START}]=>HttpChannelOverHttp@6935edab{r=0,c=false,a=IDLE,uri=null}<-SocketChannelEndPoint@4f49e23f{/127.0.0.1:55871<->/127.0.0.1:8080,OPEN,fill=FI,flush=-,to=2/0}{io=0/0,kio=0,kro=1}->HttpConnection@5f84a5a8[p=HttpParser{s=START,0 of 0},g=HttpGenerator@5fdcec7d{s=START}]=>HttpChannelOverHttp@6935edab{r=0,c=false,a=IDLE,uri=null}}
14:17:11.866 [jetty task-16] DEBUG org.eclipse.jetty.server.HttpConnection - HttpConnection@5f84a5a8[p=HttpParser{s=START,0 of 0},g=HttpGenerator@5fdcec7d{s=START}]=>HttpChannelOverHttp@6935edab{r=0,c=false,a=IDLE,uri=null}<-SocketChannelEndPoint@4f49e23f{/127.0.0.1:55871<->/127.0.0.1:8080,OPEN,fill=-,flush=-,to=2/0}{io=0/0,kio=0,kro=1}->HttpConnection@5f84a5a8[p=HttpParser{s=START,0 of 0},g=HttpGenerator@5fdcec7d{s=START}]=>HttpChannelOverHttp@6935edab{r=0,c=false,a=IDLE,uri=null} onFillable enter HttpChannelState@b223a00{s=IDLE a=NOT_ASYNC i=true r=NONE/false w=false} null
14:17:11.867 [jetty task-16] DEBUG org.eclipse.jetty.io.ChannelEndPoint - filled 361 SocketChannelEndPoint@4f49e23f{/127.0.0.1:55871<->/127.0.0.1:8080,OPEN,fill=-,flush=-,to=3/0}{io=0/0,kio=0,kro=1}->HttpConnection@5f84a5a8[p=HttpParser{s=START,0 of 0},g=HttpGenerator@5fdcec7d{s=START}]=>HttpChannelOverHttp@6935edab{r=0,c=false,a=IDLE,uri=null}
14:17:11.867 [jetty task-16] DEBUG org.eclipse.jetty.server.HttpConnection - HttpConnection@5f84a5a8[p=HttpParser{s=START,0 of 0},g=HttpGenerator@5fdcec7d{s=START}]=>HttpChannelOverHttp@6935edab{r=0,c=false,a=IDLE,uri=null}<-SocketChannelEndPoint@4f49e23f{/127.0.0.1:55871<->/127.0.0.1:8080,OPEN,fill=-,flush=-,to=0/0}{io=0/0,kio=0,kro=1}->HttpConnection@5f84a5a8[p=HttpParser{s=START,0 of 0},g=HttpGenerator@5fdcec7d{s=START}]=>HttpChannelOverHttp@6935edab{r=0,c=false,a=IDLE,uri=null} filled 361 HeapByteBuffer@5a112485[p=0,l=361,c=8192,r=361]={<<<POST /transaction...amount":100000}>>>\x00\x00\x00\x00\x00\x00\x00\x00\x00\x00\x00\x00\x00\x00\x00\x00\x00...\x00\x00\x00\x00\x00\x00\x00\x00\x00\x00\x00\x00\x00\x00\x00}
14:17:11.867 [jetty task-16] DEBUG org.eclipse.jetty.server.HttpConnection - HttpConnection@5f84a5a8[p=HttpParser{s=START,0 of 0},g=HttpGenerator@5fdcec7d{s=START}]=>HttpChannelOverHttp@6935edab{r=0,c=false,a=IDLE,uri=null}<-SocketChannelEndPoint@4f49e23f{/127.0.0.1:55871<->/127.0.0.1:8080,OPEN,fill=-,flush=-,to=0/0}{io=0/0,kio=0,kro=1}->HttpConnection@5f84a5a8[p=HttpParser{s=START,0 of 0},g=HttpGenerator@5fdcec7d{s=START}]=>HttpChannelOverHttp@6935edab{r=0,c=false,a=IDLE,uri=null} parse HeapByteBuffer@5a112485[p=0,l=361,c=8192,r=361]={<<<POST /transaction...amount":100000}>>>\x00\x00\x00\x00\x00\x00\x00\x00\x00\x00\x00\x00\x00\x00\x00\x00\x00...\x00\x00\x00\x00\x00\x00\x00\x00\x00\x00\x00\x00\x00\x00\x00} {}
14:17:11.867 [jetty task-16] DEBUG org.eclipse.jetty.http.HttpParser - parseNext s=START HeapByteBuffer@5a112485[p=0,l=361,c=8192,r=361]={<<<POST /transaction...amount":100000}>>>\x00\x00\x00\x00\x00\x00\x00\x00\x00\x00\x00\x00\x00\x00\x00\x00\x00...\x00\x00\x00\x00\x00\x00\x00\x00\x00\x00\x00\x00\x00\x00\x00}
14:17:11.867 [jetty task-16] DEBUG org.eclipse.jetty.http.HttpParser - START --> SPACE1
14:17:11.867 [jetty task-16] DEBUG org.eclipse.jetty.http.HttpParser - SPACE1 --> URI
14:17:11.867 [jetty task-16] DEBUG org.eclipse.jetty.http.HttpParser - URI --> SPACE2
14:17:11.867 [jetty task-16] DEBUG org.eclipse.jetty.http.HttpParser - SPACE2 --> REQUEST_VERSION
14:17:11.867 [jetty task-16] DEBUG org.eclipse.jetty.http.HttpParser - REQUEST_VERSION --> HEADER
14:17:11.867 [jetty task-16] DEBUG org.eclipse.jetty.http.HttpParser - HEADER:null --> VALUE
14:17:11.867 [jetty task-16] DEBUG org.eclipse.jetty.http.HttpParser - HEADER:null --> IN_VALUE
14:17:11.867 [jetty task-16] DEBUG org.eclipse.jetty.http.HttpParser - HEADER:null --> FIELD
14:17:11.867 [jetty task-16] DEBUG org.eclipse.jetty.http.HttpParser - HEADER:Content-Type: application/json; charset=UTF-8 --> IN_VALUE
14:17:11.867 [jetty task-16] DEBUG org.eclipse.jetty.http.HttpParser - HEADER:Content-Type: application/json; charset=UTF-8 --> FIELD
14:17:11.867 [jetty task-16] DEBUG org.eclipse.jetty.http.HttpParser - HEADER:null --> VALUE
14:17:11.867 [jetty task-16] DEBUG org.eclipse.jetty.http.HttpParser - HEADER:null --> IN_VALUE
14:17:11.867 [jetty task-16] DEBUG org.eclipse.jetty.http.HttpParser - HEADER:null --> FIELD
14:17:11.867 [jetty task-16] DEBUG org.eclipse.jetty.http.HttpParser - HEADER:null --> VALUE
14:17:11.867 [jetty task-16] DEBUG org.eclipse.jetty.http.HttpParser - HEADER:null --> IN_VALUE
14:17:11.867 [jetty task-16] DEBUG org.eclipse.jetty.http.HttpParser - HEADER:null --> FIELD
14:17:11.867 [jetty task-16] DEBUG org.eclipse.jetty.http.HttpParser - HEADER:Connection: keep-alive --> IN_VALUE
14:17:11.867 [jetty task-16] DEBUG org.eclipse.jetty.http.HttpParser - HEADER:Connection: keep-alive --> FIELD
14:17:11.867 [jetty task-16] DEBUG org.eclipse.jetty.http.HttpParser - HEADER:null --> VALUE
14:17:11.867 [jetty task-16] DEBUG org.eclipse.jetty.http.HttpParser - HEADER:null --> IN_VALUE
14:17:11.867 [jetty task-16] DEBUG org.eclipse.jetty.http.HttpParser - HEADER:null --> FIELD
14:17:11.867 [jetty task-16] DEBUG org.eclipse.jetty.http.HttpParser - HEADER:null --> IN_VALUE
14:17:11.867 [jetty task-16] DEBUG org.eclipse.jetty.http.HttpParser - HEADER:null --> FIELD
14:17:11.867 [jetty task-16] DEBUG org.eclipse.jetty.http.HttpParser - HEADER --> CONTENT
14:17:11.867 [jetty task-16] DEBUG org.eclipse.jetty.server.HttpChannel - REQUEST for //localhost:8080/transaction on HttpChannelOverHttp@6935edab{r=1,c=false,a=IDLE,uri=//localhost:8080/transaction}
POST //localhost:8080/transaction HTTP/1.1
Accept: application/json, application/javascript, text/javascript, text/json
Content-Type: application/json; charset=UTF-8
Content-Length: 55
Host: localhost:8080
Connection: keep-alive
User-Agent: Apache-HttpClient/4.5.3 (Java/1.8.0_121)
Accept-Encoding: gzip,deflate


14:17:11.868 [jetty task-16] DEBUG org.eclipse.jetty.server.HttpConnection - HttpConnection@5f84a5a8[p=HttpParser{s=CONTENT,0 of 55},g=HttpGenerator@5fdcec7d{s=START}]=>HttpChannelOverHttp@6935edab{r=1,c=false,a=IDLE,uri=//localhost:8080/transaction}<-SocketChannelEndPoint@4f49e23f{/127.0.0.1:55871<->/127.0.0.1:8080,OPEN,fill=-,flush=-,to=1/0}{io=0/0,kio=0,kro=1}->HttpConnection@5f84a5a8[p=HttpParser{s=CONTENT,0 of 55},g=HttpGenerator@5fdcec7d{s=START}]=>HttpChannelOverHttp@6935edab{r=1,c=false,a=IDLE,uri=//localhost:8080/transaction} parsed true HttpParser{s=CONTENT,0 of 55}
14:17:11.868 [jetty task-16] DEBUG org.eclipse.jetty.server.HttpChannel - HttpChannelOverHttp@6935edab{r=1,c=false,a=IDLE,uri=//localhost:8080/transaction} handle //localhost:8080/transaction 
14:17:11.868 [jetty task-16] DEBUG org.eclipse.jetty.server.HttpChannelState - handling HttpChannelState@b223a00{s=IDLE a=NOT_ASYNC i=true r=NONE/false w=false}
14:17:11.868 [jetty task-16] DEBUG org.eclipse.jetty.server.HttpChannel - HttpChannelOverHttp@6935edab{r=1,c=false,a=DISPATCHED,uri=//localhost:8080/transaction} action DISPATCH
14:17:11.868 [jetty task-16] DEBUG org.eclipse.jetty.server.Server - REQUEST POST /transaction on HttpChannelOverHttp@6935edab{r=1,c=false,a=DISPATCHED,uri=//localhost:8080/transaction}
14:17:11.868 [jetty task-16] DEBUG org.eclipse.jetty.server.handler.ContextHandler - scope null||/transaction @ o.e.j.s.h.ContextHandler@38453928{/,null,AVAILABLE}
14:17:11.868 [jetty task-16] DEBUG org.eclipse.jetty.server.handler.ContextHandler - context=||/transaction @ o.e.j.s.h.ContextHandler@38453928{/,null,AVAILABLE}
14:17:11.869 [jetty task-16] DEBUG org.eclipse.jetty.server.HttpConnection - HttpConnection@5f84a5a8[p=HttpParser{s=CONTENT,0 of 55},g=HttpGenerator@5fdcec7d{s=START}]=>HttpChannelOverHttp@6935edab{r=1,c=false,a=DISPATCHED,uri=//localhost:8080/transaction}<-SocketChannelEndPoint@4f49e23f{/127.0.0.1:55871<->/127.0.0.1:8080,OPEN,fill=-,flush=-,to=2/0}{io=0/0,kio=0,kro=1}->HttpConnection@5f84a5a8[p=HttpParser{s=CONTENT,0 of 55},g=HttpGenerator@5fdcec7d{s=START}]=>HttpChannelOverHttp@6935edab{r=1,c=false,a=DISPATCHED,uri=//localhost:8080/transaction} parse HeapByteBuffer@5a112485[p=306,l=361,c=8192,r=55]={POST /transaction...zip,deflate\r\n\r\n<<<{"senderAccount":...amount":100000}>>>\x00\x00\x00\x00\x00\x00\x00\x00\x00\x00\x00\x00\x00\x00\x00\x00\x00...\x00\x00\x00\x00\x00\x00\x00\x00\x00\x00\x00\x00\x00\x00\x00} {}
14:17:11.869 [jetty task-16] DEBUG org.eclipse.jetty.http.HttpParser - parseNext s=CONTENT HeapByteBuffer@5a112485[p=306,l=361,c=8192,r=55]={POST /transaction...zip,deflate\r\n\r\n<<<{"senderAccount":...amount":100000}>>>\x00\x00\x00\x00\x00\x00\x00\x00\x00\x00\x00\x00\x00\x00\x00\x00\x00...\x00\x00\x00\x00\x00\x00\x00\x00\x00\x00\x00\x00\x00\x00\x00}
14:17:11.869 [jetty task-16] DEBUG org.eclipse.jetty.server.HttpChannel - HttpChannelOverHttp@6935edab{r=1,c=false,a=DISPATCHED,uri=//localhost:8080/transaction} onContent Content@46b818e{HeapByteBufferR@4a9502b0[p=306,l=361,c=8192,r=55]={POST /transaction...zip,deflate\r\n\r\n<<<{"senderAccount":...amount":100000}>>>\x00\x00\x00\x00\x00\x00\x00\x00\x00\x00\x00\x00\x00\x00\x00\x00\x00...\x00\x00\x00\x00\x00\x00\x00\x00\x00\x00\x00\x00\x00\x00\x00}}
14:17:11.869 [jetty task-16] DEBUG org.eclipse.jetty.server.HttpInput - HttpInputOverHTTP@43a4954a[c=0,q=0,[0]=null,s=STREAM] addContent Content@46b818e{HeapByteBufferR@4a9502b0[p=306,l=361,c=8192,r=55]={POST /transaction...zip,deflate\r\n\r\n<<<{"senderAccount":...amount":100000}>>>\x00\x00\x00\x00\x00\x00\x00\x00\x00\x00\x00\x00\x00\x00\x00\x00\x00...\x00\x00\x00\x00\x00\x00\x00\x00\x00\x00\x00\x00\x00\x00\x00}}
14:17:11.869 [jetty task-16] DEBUG org.eclipse.jetty.http.HttpParser - CONTENT --> END
14:17:11.869 [jetty task-16] DEBUG org.eclipse.jetty.server.HttpChannel - HttpChannelOverHttp@6935edab{r=1,c=false,a=DISPATCHED,uri=//localhost:8080/transaction} onContentComplete
14:17:11.869 [jetty task-16] DEBUG org.eclipse.jetty.server.HttpChannel - HttpChannelOverHttp@6935edab{r=1,c=false,a=DISPATCHED,uri=//localhost:8080/transaction} onRequestComplete
14:17:11.869 [jetty task-16] DEBUG org.eclipse.jetty.server.HttpInput - HttpInputOverHTTP@43a4954a[c=0,q=1,[0]=EOF,s=STREAM] addContent EOF
14:17:11.870 [jetty task-16] DEBUG org.eclipse.jetty.server.HttpConnection - HttpConnection@5f84a5a8[p=HttpParser{s=END,55 of 55},g=HttpGenerator@5fdcec7d{s=START}]=>HttpChannelOverHttp@6935edab{r=1,c=false,a=DISPATCHED,uri=//localhost:8080/transaction}<-SocketChannelEndPoint@4f49e23f{/127.0.0.1:55871<->/127.0.0.1:8080,OPEN,fill=-,flush=-,to=3/0}{io=0/0,kio=0,kro=1}->HttpConnection@5f84a5a8[p=HttpParser{s=END,55 of 55},g=HttpGenerator@5fdcec7d{s=START}]=>HttpChannelOverHttp@6935edab{r=1,c=false,a=DISPATCHED,uri=//localhost:8080/transaction} parsed false HttpParser{s=END,55 of 55}
14:17:11.870 [jetty task-16] DEBUG org.eclipse.jetty.server.HttpInput - HttpInputOverHTTP@43a4954a[c=55,q=1,[0]=EOF,s=STREAM] read 55 from Content@46b818e{HeapByteBufferR@4a9502b0[p=361,l=361,c=8192,r=0]={POST /transaction...amount":100000}<<<>>>\x00\x00\x00\x00\x00\x00\x00\x00\x00\x00\x00\x00\x00\x00\x00\x00\x00...\x00\x00\x00\x00\x00\x00\x00\x00\x00\x00\x00\x00\x00\x00\x00}}
14:17:11.870 [jetty task-16] DEBUG org.eclipse.jetty.server.HttpConnection - releaseRequestBuffer HttpConnection@5f84a5a8[p=HttpParser{s=END,55 of 55},g=HttpGenerator@5fdcec7d{s=START}]=>HttpChannelOverHttp@6935edab{r=1,c=false,a=DISPATCHED,uri=//localhost:8080/transaction}<-SocketChannelEndPoint@4f49e23f{/127.0.0.1:55871<->/127.0.0.1:8080,OPEN,fill=-,flush=-,to=3/0}{io=0/0,kio=0,kro=1}->HttpConnection@5f84a5a8[p=HttpParser{s=END,55 of 55},g=HttpGenerator@5fdcec7d{s=START}]=>HttpChannelOverHttp@6935edab{r=1,c=false,a=DISPATCHED,uri=//localhost:8080/transaction}
14:17:11.870 [jetty task-16] DEBUG org.eclipse.jetty.server.HttpChannelState - onEof HttpChannelState@b223a00{s=DISPATCHED a=NOT_ASYNC i=true r=NONE/false w=false}
14:17:11.870 [jetty task-16] DEBUG org.jooby.spi.HttpHandler - execution of: POST/transaction resulted in exception
org.jooby.Err: Bad Request(400): Insufficient funds available to process transaction
	at com.revolut.controller.TransactionController.transaction(TransactionController.java:33)
	at sun.reflect.NativeMethodAccessorImpl.invoke0(Native Method)
	at sun.reflect.NativeMethodAccessorImpl.invoke(NativeMethodAccessorImpl.java:62)
	at sun.reflect.DelegatingMethodAccessorImpl.invoke(DelegatingMethodAccessorImpl.java:43)
	at java.lang.reflect.Method.invoke(Method.java:498)
	at org.jooby.internal.mvc.MvcHandler.invoke(MvcHandler.java:260)
	at org.jooby.internal.mvc.MvcHandler.handle(MvcHandler.java:238)
	at org.jooby.Route$Handler.handle(Route.java:1956)
	at org.jooby.internal.RouteImpl.handle(RouteImpl.java:282)
	at org.jooby.internal.RouteChain.next(RouteChain.java:262)
	at org.jooby.Route$Chain.next(Route.java:2345)
	at org.jooby.internal.HttpHandlerImpl.handle(HttpHandlerImpl.java:497)
	at org.jooby.internal.jetty.JettyHandler.handle(JettyHandler.java:267)
	at org.eclipse.jetty.server.handler.HandlerWrapper.handle(HandlerWrapper.java:132)
	at org.eclipse.jetty.server.handler.ScopedHandler.nextHandle(ScopedHandler.java:190)
	at org.eclipse.jetty.server.handler.ContextHandler.doHandle(ContextHandler.java:1239)
	at org.eclipse.jetty.server.handler.ScopedHandler.nextScope(ScopedHandler.java:170)
	at org.eclipse.jetty.server.handler.ContextHandler.doScope(ContextHandler.java:1141)
	at org.eclipse.jetty.server.handler.ScopedHandler.handle(ScopedHandler.java:141)
	at org.eclipse.jetty.server.handler.HandlerWrapper.handle(HandlerWrapper.java:132)
	at org.eclipse.jetty.server.Server.handle(Server.java:564)
	at org.eclipse.jetty.server.HttpChannel.handle(HttpChannel.java:320)
	at org.eclipse.jetty.server.HttpConnection.onFillable(HttpConnection.java:251)
	at org.eclipse.jetty.io.AbstractConnection$ReadCallback.succeeded(AbstractConnection.java:279)
	at org.eclipse.jetty.io.FillInterest.fillable(FillInterest.java:110)
	at org.eclipse.jetty.io.ChannelEndPoint$2.run(ChannelEndPoint.java:124)
	at org.eclipse.jetty.util.thread.Invocable.invokePreferred(Invocable.java:122)
	at org.eclipse.jetty.util.thread.strategy.ExecutingExecutionStrategy.invoke(ExecutingExecutionStrategy.java:58)
	at org.eclipse.jetty.util.thread.strategy.ExecuteProduceConsume.produceConsume(ExecuteProduceConsume.java:201)
	at org.eclipse.jetty.util.thread.strategy.ExecuteProduceConsume.run(ExecuteProduceConsume.java:133)
	at org.eclipse.jetty.util.thread.QueuedThreadPool.runJob(QueuedThreadPool.java:672)
	at org.eclipse.jetty.util.thread.QueuedThreadPool$2.run(QueuedThreadPool.java:590)
	at java.lang.Thread.run(Thread.java:745)
14:17:11.871 [jetty task-16] DEBUG org.jooby.spi.HttpHandler - handling err with: org.jooby.Err$DefHandler@1cfc539b
14:17:11.871 [jetty task-16] ERROR org.jooby.Err - execution of: POST/transaction resulted in exception
Route:
      | Method | Path         | Source                                          | Name                               | Pattern      | Consumes | Produces |
      |--------|--------------|-------------------------------------------------|------------------------------------|--------------|----------|----------|
      | POST   | /transaction | com.revolut.controller.TransactionController:27 | /TransactionController.transaction | /transaction | [*/*]    | [*/*]    |

Stacktrace:
org.jooby.Err: Bad Request(400): Insufficient funds available to process transaction
	at com.revolut.controller.TransactionController.transaction(TransactionController.java:33)
	at sun.reflect.NativeMethodAccessorImpl.invoke0(Native Method)
	at sun.reflect.NativeMethodAccessorImpl.invoke(NativeMethodAccessorImpl.java:62)
	at sun.reflect.DelegatingMethodAccessorImpl.invoke(DelegatingMethodAccessorImpl.java:43)
	at java.lang.reflect.Method.invoke(Method.java:498)
	at org.jooby.internal.mvc.MvcHandler.invoke(MvcHandler.java:260)
	at org.jooby.internal.mvc.MvcHandler.handle(MvcHandler.java:238)
	at org.jooby.Route$Handler.handle(Route.java:1956)
	at org.jooby.internal.RouteImpl.handle(RouteImpl.java:282)
	at org.jooby.internal.RouteChain.next(RouteChain.java:262)
	at org.jooby.Route$Chain.next(Route.java:2345)
	at org.jooby.internal.HttpHandlerImpl.handle(HttpHandlerImpl.java:497)
	at org.jooby.internal.jetty.JettyHandler.handle(JettyHandler.java:267)
	at org.eclipse.jetty.server.handler.HandlerWrapper.handle(HandlerWrapper.java:132)
	at org.eclipse.jetty.server.handler.ScopedHandler.nextHandle(ScopedHandler.java:190)
	at org.eclipse.jetty.server.handler.ContextHandler.doHandle(ContextHandler.java:1239)
	at org.eclipse.jetty.server.handler.ScopedHandler.nextScope(ScopedHandler.java:170)
	at org.eclipse.jetty.server.handler.ContextHandler.doScope(ContextHandler.java:1141)
	at org.eclipse.jetty.server.handler.ScopedHandler.handle(ScopedHandler.java:141)
	at org.eclipse.jetty.server.handler.HandlerWrapper.handle(HandlerWrapper.java:132)
	at org.eclipse.jetty.server.Server.handle(Server.java:564)
	at org.eclipse.jetty.server.HttpChannel.handle(HttpChannel.java:320)
	at org.eclipse.jetty.server.HttpConnection.onFillable(HttpConnection.java:251)
	at org.eclipse.jetty.io.AbstractConnection$ReadCallback.succeeded(AbstractConnection.java:279)
	at org.eclipse.jetty.io.FillInterest.fillable(FillInterest.java:110)
	at org.eclipse.jetty.io.ChannelEndPoint$2.run(ChannelEndPoint.java:124)
	at org.eclipse.jetty.util.thread.Invocable.invokePreferred(Invocable.java:122)
	at org.eclipse.jetty.util.thread.strategy.ExecutingExecutionStrategy.invoke(ExecutingExecutionStrategy.java:58)
	at org.eclipse.jetty.util.thread.strategy.ExecuteProduceConsume.produceConsume(ExecuteProduceConsume.java:201)
	at org.eclipse.jetty.util.thread.strategy.ExecuteProduceConsume.run(ExecuteProduceConsume.java:133)
	at org.eclipse.jetty.util.thread.QueuedThreadPool.runJob(QueuedThreadPool.java:672)
	at org.eclipse.jetty.util.thread.QueuedThreadPool$2.run(QueuedThreadPool.java:590)
	at java.lang.Thread.run(Thread.java:745)
14:17:11.872 [jetty task-16] DEBUG org.eclipse.jetty.server.HttpOutput - sendContent(HeapByteBuffer@a7f7e7[p=0,l=3039,c=3039,r=3039]={<<<{"name":"err","mo...hc":810198612}}>>>})
14:17:11.872 [jetty task-16] DEBUG org.eclipse.jetty.server.HttpChannel - sendResponse info=null content=HeapByteBuffer@a7f7e7[p=0,l=3039,c=3039,r=3039]={<<<{"name":"err","mo...hc":810198612}}>>>} complete=true committing=true callback=Blocker@62c5e5c1{null}
14:17:11.872 [jetty task-16] DEBUG org.eclipse.jetty.server.HttpChannel - COMMIT for /transaction on HttpChannelOverHttp@6935edab{r=1,c=true,a=DISPATCHED,uri=//localhost:8080/transaction}
400 null HTTP/1.1
Cache-Control: must-revalidate,no-cache,no-store
Content-Type: application/json;charset=utf-8
Content-Length: 3039


14:17:11.872 [jetty task-16] DEBUG org.eclipse.jetty.server.HttpConnection - org.eclipse.jetty.server.HttpConnection$SendCallback@52c2216[PROCESSING][i=HTTP/1.1{s=400,h=3,cl=3039},cb=org.eclipse.jetty.server.HttpChannel$CommitCallback@1e7b5c1a] generate: NEED_HEADER (null,[p=0,l=3039,c=3039,r=3039],true)@START
14:17:11.872 [jetty task-16] DEBUG org.eclipse.jetty.http.HttpGenerator - generateHeaders HTTP/1.1{s=400,h=3,cl=3039} last=true content=HeapByteBuffer@a7f7e7[p=0,l=3039,c=3039,r=3039]={<<<{"name":"err","mo...hc":810198612}}>>>}
14:17:11.872 [jetty task-16] DEBUG org.eclipse.jetty.http.HttpGenerator - Cache-Control: must-revalidate,no-cache,no-store
Content-Type: application/json;charset=utf-8
Content-Length: 3039


14:17:11.872 [jetty task-16] DEBUG org.eclipse.jetty.http.HttpGenerator - CONTENT_LENGTH
14:17:11.872 [jetty task-16] DEBUG org.eclipse.jetty.server.HttpConnection - org.eclipse.jetty.server.HttpConnection$SendCallback@52c2216[PROCESSING][i=HTTP/1.1{s=400,h=3,cl=3039},cb=org.eclipse.jetty.server.HttpChannel$CommitCallback@1e7b5c1a] generate: FLUSH ([p=0,l=146,c=8192,r=146],[p=0,l=3039,c=3039,r=3039],true)@COMPLETING
14:17:11.872 [jetty task-16] DEBUG org.eclipse.jetty.io.WriteFlusher - write: WriteFlusher@21dc98fd{IDLE}->null [HeapByteBuffer@5a112485[p=0,l=146,c=8192,r=146]={<<<HTTP/1.1 400 Bad ...ength: 3039\r\n\r\n>>>UTF-8\r\nContent-Le...\x00\x00\x00\x00\x00\x00\x00\x00\x00\x00\x00\x00\x00\x00\x00},HeapByteBuffer@a7f7e7[p=0,l=3039,c=3039,r=3039]={<<<{"name":"err","mo...hc":810198612}}>>>}]
14:17:11.872 [jetty task-16] DEBUG org.eclipse.jetty.io.WriteFlusher - update WriteFlusher@21dc98fd{WRITING}->null:IDLE-->WRITING
14:17:11.872 [jetty task-16] DEBUG org.eclipse.jetty.io.ChannelEndPoint - flushed 3185 SocketChannelEndPoint@4f49e23f{/127.0.0.1:55871<->/127.0.0.1:8080,OPEN,fill=-,flush=W,to=5/0}{io=0/0,kio=0,kro=1}->HttpConnection@5f84a5a8[p=HttpParser{s=END,55 of 55},g=HttpGenerator@5fdcec7d{s=COMPLETING}]=>HttpChannelOverHttp@6935edab{r=1,c=true,a=DISPATCHED,uri=//localhost:8080/transaction}
14:17:11.872 [jetty task-16] DEBUG org.eclipse.jetty.io.WriteFlusher - Flushed=true 146/146+1 WriteFlusher@21dc98fd{WRITING}->null
14:17:11.873 [jetty task-16] DEBUG org.eclipse.jetty.io.WriteFlusher - update WriteFlusher@21dc98fd{IDLE}->null:WRITING-->IDLE
14:17:11.873 [jetty task-16] DEBUG org.eclipse.jetty.server.HttpConnection - org.eclipse.jetty.server.HttpConnection$SendCallback@52c2216[PROCESSING][i=HTTP/1.1{s=400,h=3,cl=3039},cb=org.eclipse.jetty.server.HttpChannel$CommitCallback@1e7b5c1a] generate: DONE ([p=146,l=146,c=8192,r=0],[p=3039,l=3039,c=3039,r=0],true)@END
14:17:11.873 [jetty task-16] DEBUG org.eclipse.jetty.server.Server - handled=true async=false committed=true on HttpChannelOverHttp@6935edab{r=1,c=true,a=DISPATCHED,uri=//localhost:8080/transaction}
14:17:11.873 [jetty task-16] DEBUG org.eclipse.jetty.server.HttpChannelState - unhandle HttpChannelState@b223a00{s=DISPATCHED a=NOT_ASYNC i=true r=REGISTERED/true w=false}
14:17:11.873 [jetty task-16] DEBUG org.eclipse.jetty.server.HttpChannel - HttpChannelOverHttp@6935edab{r=1,c=true,a=COMPLETING,uri=//localhost:8080/transaction} action COMPLETE
14:17:11.873 [jetty task-16] DEBUG org.eclipse.jetty.server.HttpChannelState - onComplete HttpChannelState@b223a00{s=COMPLETING a=NOT_ASYNC i=false r=REGISTERED/true w=false}
14:17:11.873 [jetty task-16] DEBUG org.eclipse.jetty.server.HttpChannel - COMPLETE for /transaction written=3039
14:17:11.873 [jetty task-16] DEBUG org.eclipse.jetty.server.HttpChannelState - recycle HttpChannelState@b223a00{s=COMPLETED a=NOT_ASYNC i=false r=REGISTERED/true w=false}
14:17:11.873 [jetty task-16] DEBUG org.eclipse.jetty.http.HttpParser - reset HttpParser{s=END,55 of 55}
14:17:11.873 [jetty task-16] DEBUG org.eclipse.jetty.http.HttpParser - END --> START
14:17:11.873 [jetty task-16] DEBUG org.eclipse.jetty.server.HttpChannel - HttpChannelOverHttp@6935edab{r=1,c=false,a=IDLE,uri=null} handle exit, result COMPLETE
14:17:11.873 [jetty task-16] DEBUG org.eclipse.jetty.io.ChannelEndPoint - filled 0 SocketChannelEndPoint@4f49e23f{/127.0.0.1:55871<->/127.0.0.1:8080,OPEN,fill=-,flush=-,to=1/0}{io=0/0,kio=0,kro=1}->HttpConnection@5f84a5a8[p=HttpParser{s=START,0 of -1},g=HttpGenerator@5fdcec7d{s=START}]=>HttpChannelOverHttp@6935edab{r=1,c=false,a=IDLE,uri=null}
14:17:11.873 [jetty task-16] DEBUG org.eclipse.jetty.io.ChannelEndPoint - filled 0 SocketChannelEndPoint@4f49e23f{/127.0.0.1:55871<->/127.0.0.1:8080,OPEN,fill=-,flush=-,to=1/0}{io=0/0,kio=0,kro=1}->HttpConnection@5f84a5a8[p=HttpParser{s=START,0 of -1},g=HttpGenerator@5fdcec7d{s=START}]=>HttpChannelOverHttp@6935edab{r=1,c=false,a=IDLE,uri=null}
14:17:11.873 [jetty task-16] DEBUG org.eclipse.jetty.server.HttpConnection - HttpConnection@5f84a5a8[p=HttpParser{s=START,0 of -1},g=HttpGenerator@5fdcec7d{s=START}]=>HttpChannelOverHttp@6935edab{r=1,c=false,a=IDLE,uri=null}<-SocketChannelEndPoint@4f49e23f{/127.0.0.1:55871<->/127.0.0.1:8080,OPEN,fill=-,flush=-,to=1/0}{io=0/0,kio=0,kro=1}->HttpConnection@5f84a5a8[p=HttpParser{s=START,0 of -1},g=HttpGenerator@5fdcec7d{s=START}]=>HttpChannelOverHttp@6935edab{r=1,c=false,a=IDLE,uri=null} filled 0 HeapByteBuffer@5a112485[p=0,l=0,c=8192,r=0]={<<<>>>HTTP/1.1 400 Bad ...\x00\x00\x00\x00\x00\x00\x00\x00\x00\x00\x00\x00\x00\x00\x00}
14:17:11.874 [jetty task-16] DEBUG org.eclipse.jetty.server.HttpConnection - HttpConnection@5f84a5a8[p=HttpParser{s=START,0 of -1},g=HttpGenerator@5fdcec7d{s=START}]=>HttpChannelOverHttp@6935edab{r=1,c=false,a=IDLE,uri=null}<-SocketChannelEndPoint@4f49e23f{/127.0.0.1:55871<->/127.0.0.1:8080,OPEN,fill=-,flush=-,to=2/0}{io=0/0,kio=0,kro=1}->HttpConnection@5f84a5a8[p=HttpParser{s=START,0 of -1},g=HttpGenerator@5fdcec7d{s=START}]=>HttpChannelOverHttp@6935edab{r=1,c=false,a=IDLE,uri=null} parse HeapByteBuffer@5a112485[p=0,l=0,c=8192,r=0]={<<<>>>HTTP/1.1 400 Bad ...\x00\x00\x00\x00\x00\x00\x00\x00\x00\x00\x00\x00\x00\x00\x00} {}
14:17:11.874 [jetty task-16] DEBUG org.eclipse.jetty.http.HttpParser - parseNext s=START HeapByteBuffer@5a112485[p=0,l=0,c=8192,r=0]={<<<>>>HTTP/1.1 400 Bad ...\x00\x00\x00\x00\x00\x00\x00\x00\x00\x00\x00\x00\x00\x00\x00}
14:17:11.874 [jetty task-16] DEBUG org.eclipse.jetty.server.HttpConnection - HttpConnection@5f84a5a8[p=HttpParser{s=START,0 of -1},g=HttpGenerator@5fdcec7d{s=START}]=>HttpChannelOverHttp@6935edab{r=1,c=false,a=IDLE,uri=null}<-SocketChannelEndPoint@4f49e23f{/127.0.0.1:55871<->/127.0.0.1:8080,OPEN,fill=-,flush=-,to=2/0}{io=0/0,kio=0,kro=1}->HttpConnection@5f84a5a8[p=HttpParser{s=START,0 of -1},g=HttpGenerator@5fdcec7d{s=START}]=>HttpChannelOverHttp@6935edab{r=1,c=false,a=IDLE,uri=null} parsed false HttpParser{s=START,0 of -1}
14:17:11.874 [jetty task-16] DEBUG org.eclipse.jetty.server.HttpConnection - releaseRequestBuffer HttpConnection@5f84a5a8[p=HttpParser{s=START,0 of -1},g=HttpGenerator@5fdcec7d{s=START}]=>HttpChannelOverHttp@6935edab{r=1,c=false,a=IDLE,uri=null}<-SocketChannelEndPoint@4f49e23f{/127.0.0.1:55871<->/127.0.0.1:8080,OPEN,fill=-,flush=-,to=2/0}{io=0/0,kio=0,kro=1}->HttpConnection@5f84a5a8[p=HttpParser{s=START,0 of -1},g=HttpGenerator@5fdcec7d{s=START}]=>HttpChannelOverHttp@6935edab{r=1,c=false,a=IDLE,uri=null}
14:17:11.875 [jetty task-16] DEBUG org.eclipse.jetty.io.AbstractConnection - fillInterested HttpConnection@5f84a5a8[p=HttpParser{s=START,0 of -1},g=HttpGenerator@5fdcec7d{s=START}]=>HttpChannelOverHttp@6935edab{r=1,c=false,a=IDLE,uri=null}<-SocketChannelEndPoint@4f49e23f{/127.0.0.1:55871<->/127.0.0.1:8080,OPEN,fill=-,flush=-,to=2/0}{io=0/0,kio=0,kro=1}->HttpConnection@5f84a5a8[p=HttpParser{s=START,0 of -1},g=HttpGenerator@5fdcec7d{s=START}]=>HttpChannelOverHttp@6935edab{r=1,c=false,a=IDLE,uri=null}
14:17:11.875 [jetty task-16] DEBUG org.eclipse.jetty.io.FillInterest - FillInterest@19c20a98{true,AC.ReadCB@5f84a5a8{HttpConnection@5f84a5a8[p=HttpParser{s=START,0 of -1},g=HttpGenerator@5fdcec7d{s=START}]=>HttpChannelOverHttp@6935edab{r=1,c=false,a=IDLE,uri=null}<-SocketChannelEndPoint@4f49e23f{/127.0.0.1:55871<->/127.0.0.1:8080,OPEN,fill=FI,flush=-,to=0/0}{io=0/0,kio=0,kro=1}->HttpConnection@5f84a5a8[p=HttpParser{s=START,0 of -1},g=HttpGenerator@5fdcec7d{s=START}]=>HttpChannelOverHttp@6935edab{r=1,c=false,a=IDLE,uri=null}}} register AC.ReadCB@5f84a5a8{HttpConnection@5f84a5a8[p=HttpParser{s=START,0 of -1},g=HttpGenerator@5fdcec7d{s=START}]=>HttpChannelOverHttp@6935edab{r=1,c=false,a=IDLE,uri=null}<-SocketChannelEndPoint@4f49e23f{/127.0.0.1:55871<->/127.0.0.1:8080,OPEN,fill=FI,flush=-,to=0/0}{io=0/0,kio=0,kro=1}->HttpConnection@5f84a5a8[p=HttpParser{s=START,0 of -1},g=HttpGenerator@5fdcec7d{s=START}]=>HttpChannelOverHttp@6935edab{r=1,c=false,a=IDLE,uri=null}}
14:17:11.875 [jetty task-16] DEBUG org.eclipse.jetty.io.ChannelEndPoint - changeInterests p=false 0->1 for SocketChannelEndPoint@4f49e23f{/127.0.0.1:55871<->/127.0.0.1:8080,OPEN,fill=FI,flush=-,to=0/0}{io=0/1,kio=0,kro=1}->HttpConnection@5f84a5a8[p=HttpParser{s=START,0 of -1},g=HttpGenerator@5fdcec7d{s=START}]=>HttpChannelOverHttp@6935edab{r=1,c=false,a=IDLE,uri=null}
14:17:11.875 [jetty task-16] DEBUG org.eclipse.jetty.io.ManagedSelector - Queued change CEP:SocketChannelEndPoint@4f49e23f{/127.0.0.1:55871<->/127.0.0.1:8080,OPEN,fill=FI,flush=-,to=0/0}{io=0/1,kio=0,kro=1}->HttpConnection@5f84a5a8[p=HttpParser{s=START,0 of -1},g=HttpGenerator@5fdcec7d{s=START}]=>HttpChannelOverHttp@6935edab{r=1,c=false,a=IDLE,uri=null}:runUpdateKey:NON_BLOCKING on org.eclipse.jetty.io.ManagedSelector@584047b5 id=0 keys=5 selected=0
14:17:11.875 [jetty task-16] DEBUG org.eclipse.jetty.server.HttpConnection - HttpConnection@5f84a5a8[p=HttpParser{s=START,0 of -1},g=HttpGenerator@5fdcec7d{s=START}]=>HttpChannelOverHttp@6935edab{r=1,c=false,a=IDLE,uri=null}<-SocketChannelEndPoint@4f49e23f{/127.0.0.1:55871<->/127.0.0.1:8080,OPEN,fill=FI,flush=-,to=0/0}{io=0/1,kio=0,kro=1}->HttpConnection@5f84a5a8[p=HttpParser{s=START,0 of -1},g=HttpGenerator@5fdcec7d{s=START}]=>HttpChannelOverHttp@6935edab{r=1,c=false,a=IDLE,uri=null} onFillable exit HttpChannelState@b223a00{s=IDLE a=NOT_ASYNC i=true r=NONE/false w=false} null
14:17:11.875 [jetty task-16] DEBUG org.eclipse.jetty.util.thread.strategy.ExecutingExecutionStrategy - EPC Prod/org.eclipse.jetty.io.ManagedSelector$SelectorProducer@6ec67bbc invoked CEP:SocketChannelEndPoint@4f49e23f{/127.0.0.1:55871<->/127.0.0.1:8080,OPEN,fill=FI,flush=-,to=0/0}{io=0/1,kio=0,kro=1}->HttpConnection@5f84a5a8[p=HttpParser{s=START,0 of -1},g=HttpGenerator@5fdcec7d{s=START}]=>HttpChannelOverHttp@6935edab{r=1,c=false,a=IDLE,uri=null}:runFillable:BLOCKING
14:17:11.876 [jetty task-16] DEBUG org.eclipse.jetty.util.thread.strategy.ExecuteProduceConsume - EPC Prod/org.eclipse.jetty.io.ManagedSelector$SelectorProducer@6ec67bbc ran CEP:SocketChannelEndPoint@4f49e23f{/127.0.0.1:55871<->/127.0.0.1:8080,OPEN,fill=FI,flush=-,to=1/0}{io=0/1,kio=0,kro=1}->HttpConnection@5f84a5a8[p=HttpParser{s=START,0 of -1},g=HttpGenerator@5fdcec7d{s=START}]=>HttpChannelOverHttp@6935edab{r=1,c=false,a=IDLE,uri=null}:runFillable:BLOCKING
14:17:11.876 [jetty task-16] DEBUG org.eclipse.jetty.util.thread.strategy.ExecuteProduceConsume - EPC Prod/org.eclipse.jetty.io.ManagedSelector$SelectorProducer@6ec67bbc produce exit
14:17:11.876 [jetty task-16] DEBUG org.eclipse.jetty.util.thread.QueuedThreadPool - ran EPC Prod/org.eclipse.jetty.io.ManagedSelector$SelectorProducer@6ec67bbc
14:17:11.876 [jetty task-22] DEBUG org.eclipse.jetty.io.ManagedSelector - Selector loop woken up from select, 0/5 selected
14:17:11.876 [jetty task-22] DEBUG org.eclipse.jetty.io.ManagedSelector - Running action CEP:SocketChannelEndPoint@4f49e23f{/127.0.0.1:55871<->/127.0.0.1:8080,OPEN,fill=FI,flush=-,to=1/0}{io=0/1,kio=0,kro=1}->HttpConnection@5f84a5a8[p=HttpParser{s=START,0 of -1},g=HttpGenerator@5fdcec7d{s=START}]=>HttpChannelOverHttp@6935edab{r=1,c=false,a=IDLE,uri=null}:runUpdateKey:NON_BLOCKING
14:17:11.876 [jetty task-22] DEBUG org.eclipse.jetty.io.ChannelEndPoint - Key interests updated 0 -> 1 on SocketChannelEndPoint@4f49e23f{/127.0.0.1:55871<->/127.0.0.1:8080,OPEN,fill=FI,flush=-,to=1/0}{io=1/1,kio=1,kro=1}->HttpConnection@5f84a5a8[p=HttpParser{s=START,0 of -1},g=HttpGenerator@5fdcec7d{s=START}]=>HttpChannelOverHttp@6935edab{r=1,c=false,a=IDLE,uri=null}
14:17:11.876 [jetty task-22] DEBUG org.eclipse.jetty.io.ManagedSelector - Selector loop waiting on select
14:17:11.886 [jetty task-20-acceptor-0@78b9b1c-ServerConnector@53bd4614{HTTP/1.1,[http/1.1]}{localhost:8080}] DEBUG org.eclipse.jetty.io.ManagedSelector - Queued change org.eclipse.jetty.io.ManagedSelector$Accept@7dfb46 on org.eclipse.jetty.io.ManagedSelector@3803d43d id=1 keys=8 selected=0
14:17:11.886 [jetty task-23] DEBUG org.eclipse.jetty.io.ManagedSelector - Selector loop woken up from select, 0/8 selected
14:17:11.886 [jetty task-23] DEBUG org.eclipse.jetty.io.ManagedSelector - Running action org.eclipse.jetty.io.ManagedSelector$Accept@7dfb46
14:17:11.886 [jetty task-23] DEBUG org.eclipse.jetty.io.ManagedSelector - Queued change org.eclipse.jetty.io.ManagedSelector$CreateEndPoint@3781cf11 on org.eclipse.jetty.io.ManagedSelector@3803d43d id=1 keys=9 selected=0
14:17:11.886 [jetty task-23] DEBUG org.eclipse.jetty.util.thread.strategy.ExecuteProduceConsume - EPC Prod/org.eclipse.jetty.io.ManagedSelector$SelectorProducer@6f90d7cf produced org.eclipse.jetty.io.ManagedSelector$CreateEndPoint@3781cf11
14:17:11.886 [jetty task-23] DEBUG org.eclipse.jetty.util.thread.strategy.ExecuteProduceConsume - EPC Pend/org.eclipse.jetty.io.ManagedSelector$SelectorProducer@6f90d7cf dispatch
14:17:11.886 [jetty task-23] DEBUG org.eclipse.jetty.util.thread.QueuedThreadPool - queue EPC Pend/org.eclipse.jetty.io.ManagedSelector$SelectorProducer@6f90d7cf
14:17:11.886 [jetty task-23] DEBUG org.eclipse.jetty.util.thread.strategy.ExecuteProduceConsume - EPC Pend/org.eclipse.jetty.io.ManagedSelector$SelectorProducer@6f90d7cf run org.eclipse.jetty.io.ManagedSelector$CreateEndPoint@3781cf11
14:17:11.886 [jetty task-23] DEBUG org.eclipse.jetty.util.thread.strategy.ExecutingExecutionStrategy - EPC Pend/org.eclipse.jetty.io.ManagedSelector$SelectorProducer@6f90d7cf invoke  org.eclipse.jetty.io.ManagedSelector$CreateEndPoint@3781cf11
14:17:11.886 [jetty task-23] DEBUG org.eclipse.jetty.io.AbstractEndPoint - onOpen SocketChannelEndPoint@334b32b{/127.0.0.1:55872<->/127.0.0.1:8080,OPEN,fill=-,flush=-,to=0/0}{io=0/0,kio=0,kro=0}-><null>
14:17:11.886 [jetty task-23] DEBUG org.eclipse.jetty.server.HttpChannel - new HttpChannelOverHttp@740337ab{r=0,c=false,a=IDLE,uri=null} -> SocketChannelEndPoint@334b32b{/127.0.0.1:55872<->/127.0.0.1:8080,OPEN,fill=-,flush=-,to=0/0}{io=0/0,kio=0,kro=0}-><null>,null,HttpChannelState@6bcec658{s=IDLE a=NOT_ASYNC i=true r=NONE/false w=false}
14:17:11.886 [jetty task-23] DEBUG org.eclipse.jetty.server.HttpConnection - New HTTP Connection HttpConnection@520e7577[p=HttpParser{s=START,0 of 0},g=HttpGenerator@740539f6{s=START}]=>HttpChannelOverHttp@740337ab{r=0,c=false,a=IDLE,uri=null}<-SocketChannelEndPoint@334b32b{/127.0.0.1:55872<->/127.0.0.1:8080,OPEN,fill=-,flush=-,to=0/0}{io=0/0,kio=0,kro=0}-><null>
14:17:11.886 [jetty task-23] DEBUG org.eclipse.jetty.io.AbstractConnection - onOpen HttpConnection@520e7577[p=HttpParser{s=START,0 of 0},g=HttpGenerator@740539f6{s=START}]=>HttpChannelOverHttp@740337ab{r=0,c=false,a=IDLE,uri=null}<-SocketChannelEndPoint@334b32b{/127.0.0.1:55872<->/127.0.0.1:8080,OPEN,fill=-,flush=-,to=0/0}{io=0/0,kio=0,kro=0}->HttpConnection@520e7577[p=HttpParser{s=START,0 of 0},g=HttpGenerator@740539f6{s=START}]=>HttpChannelOverHttp@740337ab{r=0,c=false,a=IDLE,uri=null}
14:17:11.886 [jetty task-23] DEBUG org.eclipse.jetty.io.AbstractConnection - fillInterested HttpConnection@520e7577[p=HttpParser{s=START,0 of 0},g=HttpGenerator@740539f6{s=START}]=>HttpChannelOverHttp@740337ab{r=0,c=false,a=IDLE,uri=null}<-SocketChannelEndPoint@334b32b{/127.0.0.1:55872<->/127.0.0.1:8080,OPEN,fill=-,flush=-,to=0/0}{io=0/0,kio=0,kro=0}->HttpConnection@520e7577[p=HttpParser{s=START,0 of 0},g=HttpGenerator@740539f6{s=START}]=>HttpChannelOverHttp@740337ab{r=0,c=false,a=IDLE,uri=null}
14:17:11.887 [jetty task-23] DEBUG org.eclipse.jetty.io.FillInterest - FillInterest@19d6f6b2{true,AC.ReadCB@520e7577{HttpConnection@520e7577[p=HttpParser{s=START,0 of 0},g=HttpGenerator@740539f6{s=START}]=>HttpChannelOverHttp@740337ab{r=0,c=false,a=IDLE,uri=null}<-SocketChannelEndPoint@334b32b{/127.0.0.1:55872<->/127.0.0.1:8080,OPEN,fill=FI,flush=-,to=0/0}{io=0/0,kio=0,kro=0}->HttpConnection@520e7577[p=HttpParser{s=START,0 of 0},g=HttpGenerator@740539f6{s=START}]=>HttpChannelOverHttp@740337ab{r=0,c=false,a=IDLE,uri=null}}} register AC.ReadCB@520e7577{HttpConnection@520e7577[p=HttpParser{s=START,0 of 0},g=HttpGenerator@740539f6{s=START}]=>HttpChannelOverHttp@740337ab{r=0,c=false,a=IDLE,uri=null}<-SocketChannelEndPoint@334b32b{/127.0.0.1:55872<->/127.0.0.1:8080,OPEN,fill=FI,flush=-,to=1/0}{io=0/0,kio=0,kro=0}->HttpConnection@520e7577[p=HttpParser{s=START,0 of 0},g=HttpGenerator@740539f6{s=START}]=>HttpChannelOverHttp@740337ab{r=0,c=false,a=IDLE,uri=null}}
14:17:11.887 [jetty task-23] DEBUG org.eclipse.jetty.io.ChannelEndPoint - changeInterests p=false 0->1 for SocketChannelEndPoint@334b32b{/127.0.0.1:55872<->/127.0.0.1:8080,OPEN,fill=FI,flush=-,to=1/0}{io=0/1,kio=0,kro=0}->HttpConnection@520e7577[p=HttpParser{s=START,0 of 0},g=HttpGenerator@740539f6{s=START}]=>HttpChannelOverHttp@740337ab{r=0,c=false,a=IDLE,uri=null}
14:17:11.887 [jetty task-23] DEBUG org.eclipse.jetty.io.ManagedSelector - Queued change CEP:SocketChannelEndPoint@334b32b{/127.0.0.1:55872<->/127.0.0.1:8080,OPEN,fill=FI,flush=-,to=1/0}{io=0/1,kio=0,kro=0}->HttpConnection@520e7577[p=HttpParser{s=START,0 of 0},g=HttpGenerator@740539f6{s=START}]=>HttpChannelOverHttp@740337ab{r=0,c=false,a=IDLE,uri=null}:runUpdateKey:NON_BLOCKING on org.eclipse.jetty.io.ManagedSelector@3803d43d id=1 keys=9 selected=0
14:17:11.887 [jetty task-23] DEBUG org.eclipse.jetty.io.ManagedSelector - Created SocketChannelEndPoint@334b32b{/127.0.0.1:55872<->/127.0.0.1:8080,OPEN,fill=FI,flush=-,to=1/0}{io=0/1,kio=0,kro=0}->HttpConnection@520e7577[p=HttpParser{s=START,0 of 0},g=HttpGenerator@740539f6{s=START}]=>HttpChannelOverHttp@740337ab{r=0,c=false,a=IDLE,uri=null}
14:17:11.887 [jetty task-23] DEBUG org.eclipse.jetty.util.thread.strategy.ExecutingExecutionStrategy - EPC Pend/org.eclipse.jetty.io.ManagedSelector$SelectorProducer@6f90d7cf invoked org.eclipse.jetty.io.ManagedSelector$CreateEndPoint@3781cf11
14:17:11.887 [jetty task-23] DEBUG org.eclipse.jetty.util.thread.strategy.ExecuteProduceConsume - EPC Pend/org.eclipse.jetty.io.ManagedSelector$SelectorProducer@6f90d7cf ran org.eclipse.jetty.io.ManagedSelector$CreateEndPoint@3781cf11
14:17:11.887 [jetty task-23] DEBUG org.eclipse.jetty.util.thread.strategy.ExecuteProduceConsume - EPC Prod/Pend/org.eclipse.jetty.io.ManagedSelector$SelectorProducer@6f90d7cf producing
14:17:11.888 [jetty task-23] DEBUG org.eclipse.jetty.io.ManagedSelector - Running action CEP:SocketChannelEndPoint@334b32b{/127.0.0.1:55872<->/127.0.0.1:8080,OPEN,fill=FI,flush=-,to=1/0}{io=0/1,kio=0,kro=0}->HttpConnection@520e7577[p=HttpParser{s=START,0 of 0},g=HttpGenerator@740539f6{s=START}]=>HttpChannelOverHttp@740337ab{r=0,c=false,a=IDLE,uri=null}:runUpdateKey:NON_BLOCKING
14:17:11.888 [jetty task-23] DEBUG org.eclipse.jetty.io.ChannelEndPoint - Key interests updated 0 -> 1 on SocketChannelEndPoint@334b32b{/127.0.0.1:55872<->/127.0.0.1:8080,OPEN,fill=FI,flush=-,to=2/0}{io=1/1,kio=1,kro=0}->HttpConnection@520e7577[p=HttpParser{s=START,0 of 0},g=HttpGenerator@740539f6{s=START}]=>HttpChannelOverHttp@740337ab{r=0,c=false,a=IDLE,uri=null}
14:17:11.888 [jetty task-23] DEBUG org.eclipse.jetty.io.ManagedSelector - Selector loop waiting on select
14:17:11.888 [jetty task-23] DEBUG org.eclipse.jetty.io.ManagedSelector - Selector loop woken up from select, 1/9 selected
14:17:11.888 [jetty task-23] DEBUG org.eclipse.jetty.io.ManagedSelector - selected sun.nio.ch.SelectionKeyImpl@5938dd5e SocketChannelEndPoint@334b32b{/127.0.0.1:55872<->/127.0.0.1:8080,OPEN,fill=FI,flush=-,to=2/0}{io=1/1,kio=1,kro=1}->HttpConnection@520e7577[p=HttpParser{s=START,0 of 0},g=HttpGenerator@740539f6{s=START}]=>HttpChannelOverHttp@740337ab{r=0,c=false,a=IDLE,uri=null} 
14:17:11.888 [jetty task-23] DEBUG org.eclipse.jetty.io.ChannelEndPoint - onSelected 1->0 r=true w=false for SocketChannelEndPoint@334b32b{/127.0.0.1:55872<->/127.0.0.1:8080,OPEN,fill=FI,flush=-,to=2/0}{io=1/0,kio=1,kro=1}->HttpConnection@520e7577[p=HttpParser{s=START,0 of 0},g=HttpGenerator@740539f6{s=START}]=>HttpChannelOverHttp@740337ab{r=0,c=false,a=IDLE,uri=null}
14:17:11.889 [jetty task-23] DEBUG org.eclipse.jetty.io.ChannelEndPoint - task CEP:SocketChannelEndPoint@334b32b{/127.0.0.1:55872<->/127.0.0.1:8080,OPEN,fill=FI,flush=-,to=2/0}{io=1/0,kio=1,kro=1}->HttpConnection@520e7577[p=HttpParser{s=START,0 of 0},g=HttpGenerator@740539f6{s=START}]=>HttpChannelOverHttp@740337ab{r=0,c=false,a=IDLE,uri=null}:runFillable:BLOCKING
14:17:11.889 [jetty task-23] DEBUG org.eclipse.jetty.util.thread.strategy.ExecuteProduceConsume - EPC Prod/Pend/org.eclipse.jetty.io.ManagedSelector$SelectorProducer@6f90d7cf produced CEP:SocketChannelEndPoint@334b32b{/127.0.0.1:55872<->/127.0.0.1:8080,OPEN,fill=FI,flush=-,to=3/0}{io=1/0,kio=1,kro=1}->HttpConnection@520e7577[p=HttpParser{s=START,0 of 0},g=HttpGenerator@740539f6{s=START}]=>HttpChannelOverHttp@740337ab{r=0,c=false,a=IDLE,uri=null}:runFillable:BLOCKING
14:17:11.889 [jetty task-23] DEBUG org.eclipse.jetty.util.thread.strategy.ExecuteProduceConsume - EPC Pend/org.eclipse.jetty.io.ManagedSelector$SelectorProducer@6f90d7cf run CEP:SocketChannelEndPoint@334b32b{/127.0.0.1:55872<->/127.0.0.1:8080,OPEN,fill=FI,flush=-,to=3/0}{io=1/0,kio=1,kro=1}->HttpConnection@520e7577[p=HttpParser{s=START,0 of 0},g=HttpGenerator@740539f6{s=START}]=>HttpChannelOverHttp@740337ab{r=0,c=false,a=IDLE,uri=null}:runFillable:BLOCKING
14:17:11.889 [jetty task-23] DEBUG org.eclipse.jetty.util.thread.strategy.ExecutingExecutionStrategy - EPC Pend/org.eclipse.jetty.io.ManagedSelector$SelectorProducer@6f90d7cf invoke  CEP:SocketChannelEndPoint@334b32b{/127.0.0.1:55872<->/127.0.0.1:8080,OPEN,fill=FI,flush=-,to=3/0}{io=1/0,kio=1,kro=1}->HttpConnection@520e7577[p=HttpParser{s=START,0 of 0},g=HttpGenerator@740539f6{s=START}]=>HttpChannelOverHttp@740337ab{r=0,c=false,a=IDLE,uri=null}:runFillable:BLOCKING
14:17:11.889 [jetty task-23] DEBUG org.eclipse.jetty.io.FillInterest - FillInterest@19d6f6b2{true,AC.ReadCB@520e7577{HttpConnection@520e7577[p=HttpParser{s=START,0 of 0},g=HttpGenerator@740539f6{s=START}]=>HttpChannelOverHttp@740337ab{r=0,c=false,a=IDLE,uri=null}<-SocketChannelEndPoint@334b32b{/127.0.0.1:55872<->/127.0.0.1:8080,OPEN,fill=FI,flush=-,to=3/0}{io=1/0,kio=1,kro=1}->HttpConnection@520e7577[p=HttpParser{s=START,0 of 0},g=HttpGenerator@740539f6{s=START}]=>HttpChannelOverHttp@740337ab{r=0,c=false,a=IDLE,uri=null}}} fillable AC.ReadCB@520e7577{HttpConnection@520e7577[p=HttpParser{s=START,0 of 0},g=HttpGenerator@740539f6{s=START}]=>HttpChannelOverHttp@740337ab{r=0,c=false,a=IDLE,uri=null}<-SocketChannelEndPoint@334b32b{/127.0.0.1:55872<->/127.0.0.1:8080,OPEN,fill=FI,flush=-,to=3/0}{io=1/0,kio=1,kro=1}->HttpConnection@520e7577[p=HttpParser{s=START,0 of 0},g=HttpGenerator@740539f6{s=START}]=>HttpChannelOverHttp@740337ab{r=0,c=false,a=IDLE,uri=null}}
14:17:11.889 [jetty task-23] DEBUG org.eclipse.jetty.server.HttpConnection - HttpConnection@520e7577[p=HttpParser{s=START,0 of 0},g=HttpGenerator@740539f6{s=START}]=>HttpChannelOverHttp@740337ab{r=0,c=false,a=IDLE,uri=null}<-SocketChannelEndPoint@334b32b{/127.0.0.1:55872<->/127.0.0.1:8080,OPEN,fill=-,flush=-,to=3/0}{io=1/0,kio=1,kro=1}->HttpConnection@520e7577[p=HttpParser{s=START,0 of 0},g=HttpGenerator@740539f6{s=START}]=>HttpChannelOverHttp@740337ab{r=0,c=false,a=IDLE,uri=null} onFillable enter HttpChannelState@6bcec658{s=IDLE a=NOT_ASYNC i=true r=NONE/false w=false} null
14:17:11.889 [jetty task-23] DEBUG org.eclipse.jetty.io.ChannelEndPoint - filled 171 SocketChannelEndPoint@334b32b{/127.0.0.1:55872<->/127.0.0.1:8080,OPEN,fill=-,flush=-,to=3/0}{io=1/0,kio=1,kro=1}->HttpConnection@520e7577[p=HttpParser{s=START,0 of 0},g=HttpGenerator@740539f6{s=START}]=>HttpChannelOverHttp@740337ab{r=0,c=false,a=IDLE,uri=null}
14:17:11.890 [jetty task-23] DEBUG org.eclipse.jetty.server.HttpConnection - HttpConnection@520e7577[p=HttpParser{s=START,0 of 0},g=HttpGenerator@740539f6{s=START}]=>HttpChannelOverHttp@740337ab{r=0,c=false,a=IDLE,uri=null}<-SocketChannelEndPoint@334b32b{/127.0.0.1:55872<->/127.0.0.1:8080,OPEN,fill=-,flush=-,to=1/0}{io=1/0,kio=1,kro=1}->HttpConnection@520e7577[p=HttpParser{s=START,0 of 0},g=HttpGenerator@740539f6{s=START}]=>HttpChannelOverHttp@740337ab{r=0,c=false,a=IDLE,uri=null} filled 171 HeapByteBuffer@5a112485[p=0,l=171,c=8192,r=171]={<<<GET /balance/3 HT...zip,deflate\r\n\r\n>>>\r\nHost: localhost...\x00\x00\x00\x00\x00\x00\x00\x00\x00\x00\x00\x00\x00\x00\x00}
14:17:11.890 [jetty task-23] DEBUG org.eclipse.jetty.server.HttpConnection - HttpConnection@520e7577[p=HttpParser{s=START,0 of 0},g=HttpGenerator@740539f6{s=START}]=>HttpChannelOverHttp@740337ab{r=0,c=false,a=IDLE,uri=null}<-SocketChannelEndPoint@334b32b{/127.0.0.1:55872<->/127.0.0.1:8080,OPEN,fill=-,flush=-,to=1/0}{io=1/0,kio=1,kro=1}->HttpConnection@520e7577[p=HttpParser{s=START,0 of 0},g=HttpGenerator@740539f6{s=START}]=>HttpChannelOverHttp@740337ab{r=0,c=false,a=IDLE,uri=null} parse HeapByteBuffer@5a112485[p=0,l=171,c=8192,r=171]={<<<GET /balance/3 HT...zip,deflate\r\n\r\n>>>\r\nHost: localhost...\x00\x00\x00\x00\x00\x00\x00\x00\x00\x00\x00\x00\x00\x00\x00} {}
14:17:11.890 [jetty task-23] DEBUG org.eclipse.jetty.http.HttpParser - parseNext s=START HeapByteBuffer@5a112485[p=0,l=171,c=8192,r=171]={<<<GET /balance/3 HT...zip,deflate\r\n\r\n>>>\r\nHost: localhost...\x00\x00\x00\x00\x00\x00\x00\x00\x00\x00\x00\x00\x00\x00\x00}
14:17:11.890 [jetty task-23] DEBUG org.eclipse.jetty.http.HttpParser - START --> SPACE1
14:17:11.890 [jetty task-23] DEBUG org.eclipse.jetty.http.HttpParser - SPACE1 --> URI
14:17:11.890 [jetty task-23] DEBUG org.eclipse.jetty.http.HttpParser - URI --> SPACE2
14:17:11.890 [jetty task-23] DEBUG org.eclipse.jetty.http.HttpParser - SPACE2 --> REQUEST_VERSION
14:17:11.890 [jetty task-23] DEBUG org.eclipse.jetty.http.HttpParser - REQUEST_VERSION --> HEADER
14:17:11.890 [jetty task-23] DEBUG org.eclipse.jetty.http.HttpParser - HEADER:Accept: */* --> IN_VALUE
14:17:11.890 [jetty task-23] DEBUG org.eclipse.jetty.http.HttpParser - HEADER:Accept: */* --> FIELD
14:17:11.890 [jetty task-23] DEBUG org.eclipse.jetty.http.HttpParser - HEADER:null --> VALUE
14:17:11.890 [jetty task-23] DEBUG org.eclipse.jetty.http.HttpParser - HEADER:null --> IN_VALUE
14:17:11.890 [jetty task-23] DEBUG org.eclipse.jetty.http.HttpParser - HEADER:null --> FIELD
14:17:11.890 [jetty task-23] DEBUG org.eclipse.jetty.http.HttpParser - HEADER:Connection: keep-alive --> IN_VALUE
14:17:11.890 [jetty task-23] DEBUG org.eclipse.jetty.http.HttpParser - HEADER:Connection: keep-alive --> FIELD
14:17:11.890 [jetty task-23] DEBUG org.eclipse.jetty.http.HttpParser - HEADER:null --> VALUE
14:17:11.890 [jetty task-23] DEBUG org.eclipse.jetty.http.HttpParser - HEADER:null --> IN_VALUE
14:17:11.890 [jetty task-23] DEBUG org.eclipse.jetty.http.HttpParser - HEADER:null --> FIELD
14:17:11.890 [jetty task-23] DEBUG org.eclipse.jetty.http.HttpParser - HEADER:null --> IN_VALUE
14:17:11.890 [jetty task-23] DEBUG org.eclipse.jetty.http.HttpParser - HEADER:null --> FIELD
14:17:11.890 [jetty task-23] DEBUG org.eclipse.jetty.http.HttpParser - HEADER --> END
14:17:11.890 [jetty task-23] DEBUG org.eclipse.jetty.server.HttpChannel - REQUEST for //localhost:8080/balance/3 on HttpChannelOverHttp@740337ab{r=1,c=false,a=IDLE,uri=//localhost:8080/balance/3}
GET //localhost:8080/balance/3 HTTP/1.1
Accept: */*
Host: localhost:8080
Connection: keep-alive
User-Agent: Apache-HttpClient/4.5.3 (Java/1.8.0_121)
Accept-Encoding: gzip,deflate


14:17:11.890 [jetty task-23] DEBUG org.eclipse.jetty.server.HttpChannel - HttpChannelOverHttp@740337ab{r=1,c=false,a=IDLE,uri=//localhost:8080/balance/3} onContentComplete
14:17:11.890 [jetty task-23] DEBUG org.eclipse.jetty.server.HttpChannel - HttpChannelOverHttp@740337ab{r=1,c=false,a=IDLE,uri=//localhost:8080/balance/3} onRequestComplete
14:17:11.890 [jetty task-23] DEBUG org.eclipse.jetty.server.HttpInput - HttpInputOverHTTP@4371fd6[c=0,q=0,[0]=null,s=STREAM] addContent EOF
14:17:11.890 [jetty task-23] DEBUG org.eclipse.jetty.server.HttpConnection - HttpConnection@520e7577[p=HttpParser{s=END,0 of 0},g=HttpGenerator@740539f6{s=START}]=>HttpChannelOverHttp@740337ab{r=1,c=false,a=IDLE,uri=//localhost:8080/balance/3}<-SocketChannelEndPoint@334b32b{/127.0.0.1:55872<->/127.0.0.1:8080,OPEN,fill=-,flush=-,to=1/0}{io=1/0,kio=1,kro=1}->HttpConnection@520e7577[p=HttpParser{s=END,0 of 0},g=HttpGenerator@740539f6{s=START}]=>HttpChannelOverHttp@740337ab{r=1,c=false,a=IDLE,uri=//localhost:8080/balance/3} parsed true HttpParser{s=END,0 of 0}
14:17:11.891 [jetty task-23] DEBUG org.eclipse.jetty.server.HttpConnection - releaseRequestBuffer HttpConnection@520e7577[p=HttpParser{s=END,0 of 0},g=HttpGenerator@740539f6{s=START}]=>HttpChannelOverHttp@740337ab{r=1,c=false,a=IDLE,uri=//localhost:8080/balance/3}<-SocketChannelEndPoint@334b32b{/127.0.0.1:55872<->/127.0.0.1:8080,OPEN,fill=-,flush=-,to=2/0}{io=1/0,kio=1,kro=1}->HttpConnection@520e7577[p=HttpParser{s=END,0 of 0},g=HttpGenerator@740539f6{s=START}]=>HttpChannelOverHttp@740337ab{r=1,c=false,a=IDLE,uri=//localhost:8080/balance/3}
14:17:11.891 [jetty task-23] DEBUG org.eclipse.jetty.server.HttpChannel - HttpChannelOverHttp@740337ab{r=1,c=false,a=IDLE,uri=//localhost:8080/balance/3} handle //localhost:8080/balance/3 
14:17:11.891 [jetty task-23] DEBUG org.eclipse.jetty.server.HttpChannelState - handling HttpChannelState@6bcec658{s=IDLE a=NOT_ASYNC i=true r=NONE/false w=false}
14:17:11.891 [jetty task-23] DEBUG org.eclipse.jetty.server.HttpChannel - HttpChannelOverHttp@740337ab{r=1,c=false,a=DISPATCHED,uri=//localhost:8080/balance/3} action DISPATCH
14:17:11.891 [jetty task-23] DEBUG org.eclipse.jetty.server.Server - REQUEST GET /balance/3 on HttpChannelOverHttp@740337ab{r=1,c=false,a=DISPATCHED,uri=//localhost:8080/balance/3}
14:17:11.891 [jetty task-23] DEBUG org.eclipse.jetty.server.handler.ContextHandler - scope null||/balance/3 @ o.e.j.s.h.ContextHandler@38453928{/,null,AVAILABLE}
14:17:11.891 [jetty task-23] DEBUG org.eclipse.jetty.server.handler.ContextHandler - context=||/balance/3 @ o.e.j.s.h.ContextHandler@38453928{/,null,AVAILABLE}
14:17:11.891 [jetty task-23] DEBUG org.eclipse.jetty.server.HttpOutput - sendContent(HeapByteBuffer@25b367ea[p=0,l=4,c=4,r=4]={<<<1000>>>})
14:17:11.891 [jetty task-23] DEBUG org.eclipse.jetty.server.HttpChannel - sendResponse info=null content=HeapByteBuffer@25b367ea[p=0,l=4,c=4,r=4]={<<<1000>>>} complete=true committing=true callback=Blocker@78a43023{null}
14:17:11.891 [jetty task-23] DEBUG org.eclipse.jetty.server.HttpChannel - COMMIT for /balance/3 on HttpChannelOverHttp@740337ab{r=1,c=true,a=DISPATCHED,uri=//localhost:8080/balance/3}
200 null HTTP/1.1
Content-Type: application/json;charset=utf-8
Content-Length: 4


14:17:11.891 [jetty task-23] DEBUG org.eclipse.jetty.server.HttpConnection - org.eclipse.jetty.server.HttpConnection$SendCallback@56e93ae3[PROCESSING][i=HTTP/1.1{s=200,h=2,cl=4},cb=org.eclipse.jetty.server.HttpChannel$CommitCallback@6a1c5647] generate: NEED_HEADER (null,[p=0,l=4,c=4,r=4],true)@START
14:17:11.891 [jetty task-23] DEBUG org.eclipse.jetty.http.HttpGenerator - generateHeaders HTTP/1.1{s=200,h=2,cl=4} last=true content=HeapByteBuffer@25b367ea[p=0,l=4,c=4,r=4]={<<<1000>>>}
14:17:11.892 [jetty task-23] DEBUG org.eclipse.jetty.http.HttpGenerator - Content-Type: application/json;charset=utf-8
Content-Length: 4


14:17:11.892 [jetty task-23] DEBUG org.eclipse.jetty.http.HttpGenerator - CONTENT_LENGTH
14:17:11.892 [jetty task-23] DEBUG org.eclipse.jetty.server.HttpConnection - org.eclipse.jetty.server.HttpConnection$SendCallback@56e93ae3[PROCESSING][i=HTTP/1.1{s=200,h=2,cl=4},cb=org.eclipse.jetty.server.HttpChannel$CommitCallback@6a1c5647] generate: FLUSH ([p=0,l=84,c=8192,r=84],[p=0,l=4,c=4,r=4],true)@COMPLETING
14:17:11.892 [jetty task-23] DEBUG org.eclipse.jetty.io.WriteFlusher - write: WriteFlusher@54aee0d9{IDLE}->null [HeapByteBuffer@5a112485[p=0,l=84,c=8192,r=84]={<<<HTTP/1.1 200 OK\r\n...t-Length: 4\r\n\r\n>>>User-Agent: Apach...\x00\x00\x00\x00\x00\x00\x00\x00\x00\x00\x00\x00\x00\x00\x00},HeapByteBuffer@25b367ea[p=0,l=4,c=4,r=4]={<<<1000>>>}]
14:17:11.892 [jetty task-23] DEBUG org.eclipse.jetty.io.WriteFlusher - update WriteFlusher@54aee0d9{WRITING}->null:IDLE-->WRITING
14:17:11.892 [jetty task-23] DEBUG org.eclipse.jetty.io.ChannelEndPoint - flushed 88 SocketChannelEndPoint@334b32b{/127.0.0.1:55872<->/127.0.0.1:8080,OPEN,fill=-,flush=W,to=3/0}{io=1/0,kio=1,kro=1}->HttpConnection@520e7577[p=HttpParser{s=END,0 of 0},g=HttpGenerator@740539f6{s=COMPLETING}]=>HttpChannelOverHttp@740337ab{r=1,c=true,a=DISPATCHED,uri=//localhost:8080/balance/3}
14:17:11.892 [jetty task-23] DEBUG org.eclipse.jetty.io.WriteFlusher - Flushed=true 84/84+1 WriteFlusher@54aee0d9{WRITING}->null
14:17:11.892 [jetty task-23] DEBUG org.eclipse.jetty.io.WriteFlusher - update WriteFlusher@54aee0d9{IDLE}->null:WRITING-->IDLE
14:17:11.892 [jetty task-23] DEBUG org.eclipse.jetty.server.HttpConnection - org.eclipse.jetty.server.HttpConnection$SendCallback@56e93ae3[PROCESSING][i=HTTP/1.1{s=200,h=2,cl=4},cb=org.eclipse.jetty.server.HttpChannel$CommitCallback@6a1c5647] generate: DONE ([p=84,l=84,c=8192,r=0],[p=4,l=4,c=4,r=0],true)@END
14:17:11.892 [jetty task-23] DEBUG org.eclipse.jetty.server.Server - handled=true async=false committed=true on HttpChannelOverHttp@740337ab{r=1,c=true,a=DISPATCHED,uri=//localhost:8080/balance/3}
14:17:11.892 [jetty task-23] DEBUG org.eclipse.jetty.server.HttpChannelState - unhandle HttpChannelState@6bcec658{s=DISPATCHED a=NOT_ASYNC i=true r=NONE/false w=false}
14:17:11.892 [jetty task-23] DEBUG org.eclipse.jetty.server.HttpChannel - HttpChannelOverHttp@740337ab{r=1,c=true,a=COMPLETING,uri=//localhost:8080/balance/3} action COMPLETE
14:17:11.892 [jetty task-23] DEBUG org.eclipse.jetty.server.HttpChannelState - onComplete HttpChannelState@6bcec658{s=COMPLETING a=NOT_ASYNC i=false r=NONE/false w=false}
14:17:11.892 [jetty task-23] DEBUG org.eclipse.jetty.server.HttpChannel - COMPLETE for /balance/3 written=4
14:17:11.892 [jetty task-23] DEBUG org.eclipse.jetty.server.HttpChannelState - recycle HttpChannelState@6bcec658{s=COMPLETED a=NOT_ASYNC i=false r=NONE/false w=false}
14:17:11.892 [jetty task-23] DEBUG org.eclipse.jetty.http.HttpParser - reset HttpParser{s=END,0 of 0}
14:17:11.892 [jetty task-23] DEBUG org.eclipse.jetty.http.HttpParser - END --> START
14:17:11.892 [jetty task-23] DEBUG org.eclipse.jetty.server.HttpChannel - HttpChannelOverHttp@740337ab{r=1,c=false,a=IDLE,uri=null} handle exit, result COMPLETE
14:17:11.892 [jetty task-23] DEBUG org.eclipse.jetty.io.ChannelEndPoint - filled 0 SocketChannelEndPoint@334b32b{/127.0.0.1:55872<->/127.0.0.1:8080,OPEN,fill=-,flush=-,to=0/0}{io=1/0,kio=1,kro=1}->HttpConnection@520e7577[p=HttpParser{s=START,0 of -1},g=HttpGenerator@740539f6{s=START}]=>HttpChannelOverHttp@740337ab{r=1,c=false,a=IDLE,uri=null}
14:17:11.893 [jetty task-23] DEBUG org.eclipse.jetty.io.ChannelEndPoint - filled 0 SocketChannelEndPoint@334b32b{/127.0.0.1:55872<->/127.0.0.1:8080,OPEN,fill=-,flush=-,to=0/0}{io=1/0,kio=1,kro=1}->HttpConnection@520e7577[p=HttpParser{s=START,0 of -1},g=HttpGenerator@740539f6{s=START}]=>HttpChannelOverHttp@740337ab{r=1,c=false,a=IDLE,uri=null}
14:17:11.893 [jetty task-23] DEBUG org.eclipse.jetty.server.HttpConnection - HttpConnection@520e7577[p=HttpParser{s=START,0 of -1},g=HttpGenerator@740539f6{s=START}]=>HttpChannelOverHttp@740337ab{r=1,c=false,a=IDLE,uri=null}<-SocketChannelEndPoint@334b32b{/127.0.0.1:55872<->/127.0.0.1:8080,OPEN,fill=-,flush=-,to=1/0}{io=1/0,kio=1,kro=1}->HttpConnection@520e7577[p=HttpParser{s=START,0 of -1},g=HttpGenerator@740539f6{s=START}]=>HttpChannelOverHttp@740337ab{r=1,c=false,a=IDLE,uri=null} filled 0 HeapByteBuffer@5a112485[p=0,l=0,c=8192,r=0]={<<<>>>HTTP/1.1 200 OK\r\n...\x00\x00\x00\x00\x00\x00\x00\x00\x00\x00\x00\x00\x00\x00\x00}
14:17:11.894 [jetty task-23] DEBUG org.eclipse.jetty.server.HttpConnection - HttpConnection@520e7577[p=HttpParser{s=START,0 of -1},g=HttpGenerator@740539f6{s=START}]=>HttpChannelOverHttp@740337ab{r=1,c=false,a=IDLE,uri=null}<-SocketChannelEndPoint@334b32b{/127.0.0.1:55872<->/127.0.0.1:8080,OPEN,fill=-,flush=-,to=2/0}{io=1/0,kio=1,kro=1}->HttpConnection@520e7577[p=HttpParser{s=START,0 of -1},g=HttpGenerator@740539f6{s=START}]=>HttpChannelOverHttp@740337ab{r=1,c=false,a=IDLE,uri=null} parse HeapByteBuffer@5a112485[p=0,l=0,c=8192,r=0]={<<<>>>HTTP/1.1 200 OK\r\n...\x00\x00\x00\x00\x00\x00\x00\x00\x00\x00\x00\x00\x00\x00\x00} {}
14:17:11.894 [jetty task-23] DEBUG org.eclipse.jetty.http.HttpParser - parseNext s=START HeapByteBuffer@5a112485[p=0,l=0,c=8192,r=0]={<<<>>>HTTP/1.1 200 OK\r\n...\x00\x00\x00\x00\x00\x00\x00\x00\x00\x00\x00\x00\x00\x00\x00}
14:17:11.894 [jetty task-23] DEBUG org.eclipse.jetty.server.HttpConnection - HttpConnection@520e7577[p=HttpParser{s=START,0 of -1},g=HttpGenerator@740539f6{s=START}]=>HttpChannelOverHttp@740337ab{r=1,c=false,a=IDLE,uri=null}<-SocketChannelEndPoint@334b32b{/127.0.0.1:55872<->/127.0.0.1:8080,OPEN,fill=-,flush=-,to=2/0}{io=1/0,kio=1,kro=1}->HttpConnection@520e7577[p=HttpParser{s=START,0 of -1},g=HttpGenerator@740539f6{s=START}]=>HttpChannelOverHttp@740337ab{r=1,c=false,a=IDLE,uri=null} parsed false HttpParser{s=START,0 of -1}
14:17:11.894 [jetty task-23] DEBUG org.eclipse.jetty.server.HttpConnection - releaseRequestBuffer HttpConnection@520e7577[p=HttpParser{s=START,0 of -1},g=HttpGenerator@740539f6{s=START}]=>HttpChannelOverHttp@740337ab{r=1,c=false,a=IDLE,uri=null}<-SocketChannelEndPoint@334b32b{/127.0.0.1:55872<->/127.0.0.1:8080,OPEN,fill=-,flush=-,to=2/0}{io=1/0,kio=1,kro=1}->HttpConnection@520e7577[p=HttpParser{s=START,0 of -1},g=HttpGenerator@740539f6{s=START}]=>HttpChannelOverHttp@740337ab{r=1,c=false,a=IDLE,uri=null}
14:17:11.894 [jetty task-23] DEBUG org.eclipse.jetty.io.AbstractConnection - fillInterested HttpConnection@520e7577[p=HttpParser{s=START,0 of -1},g=HttpGenerator@740539f6{s=START}]=>HttpChannelOverHttp@740337ab{r=1,c=false,a=IDLE,uri=null}<-SocketChannelEndPoint@334b32b{/127.0.0.1:55872<->/127.0.0.1:8080,OPEN,fill=-,flush=-,to=2/0}{io=1/0,kio=1,kro=1}->HttpConnection@520e7577[p=HttpParser{s=START,0 of -1},g=HttpGenerator@740539f6{s=START}]=>HttpChannelOverHttp@740337ab{r=1,c=false,a=IDLE,uri=null}
14:17:11.895 [jetty task-23] DEBUG org.eclipse.jetty.io.FillInterest - FillInterest@19d6f6b2{true,AC.ReadCB@520e7577{HttpConnection@520e7577[p=HttpParser{s=START,0 of -1},g=HttpGenerator@740539f6{s=START}]=>HttpChannelOverHttp@740337ab{r=1,c=false,a=IDLE,uri=null}<-SocketChannelEndPoint@334b32b{/127.0.0.1:55872<->/127.0.0.1:8080,OPEN,fill=FI,flush=-,to=0/0}{io=1/0,kio=1,kro=1}->HttpConnection@520e7577[p=HttpParser{s=START,0 of -1},g=HttpGenerator@740539f6{s=START}]=>HttpChannelOverHttp@740337ab{r=1,c=false,a=IDLE,uri=null}}} register AC.ReadCB@520e7577{HttpConnection@520e7577[p=HttpParser{s=START,0 of -1},g=HttpGenerator@740539f6{s=START}]=>HttpChannelOverHttp@740337ab{r=1,c=false,a=IDLE,uri=null}<-SocketChannelEndPoint@334b32b{/127.0.0.1:55872<->/127.0.0.1:8080,OPEN,fill=FI,flush=-,to=0/0}{io=1/0,kio=1,kro=1}->HttpConnection@520e7577[p=HttpParser{s=START,0 of -1},g=HttpGenerator@740539f6{s=START}]=>HttpChannelOverHttp@740337ab{r=1,c=false,a=IDLE,uri=null}}
14:17:11.895 [jetty task-23] DEBUG org.eclipse.jetty.io.ChannelEndPoint - changeInterests p=true 0->1 for SocketChannelEndPoint@334b32b{/127.0.0.1:55872<->/127.0.0.1:8080,OPEN,fill=FI,flush=-,to=1/0}{io=1/1,kio=1,kro=1}->HttpConnection@520e7577[p=HttpParser{s=START,0 of -1},g=HttpGenerator@740539f6{s=START}]=>HttpChannelOverHttp@740337ab{r=1,c=false,a=IDLE,uri=null}
14:17:11.895 [jetty task-23] DEBUG org.eclipse.jetty.server.HttpConnection - HttpConnection@520e7577[p=HttpParser{s=START,0 of -1},g=HttpGenerator@740539f6{s=START}]=>HttpChannelOverHttp@740337ab{r=1,c=false,a=IDLE,uri=null}<-SocketChannelEndPoint@334b32b{/127.0.0.1:55872<->/127.0.0.1:8080,OPEN,fill=FI,flush=-,to=1/0}{io=1/1,kio=1,kro=1}->HttpConnection@520e7577[p=HttpParser{s=START,0 of -1},g=HttpGenerator@740539f6{s=START}]=>HttpChannelOverHttp@740337ab{r=1,c=false,a=IDLE,uri=null} onFillable exit HttpChannelState@6bcec658{s=IDLE a=NOT_ASYNC i=true r=NONE/false w=false} null
14:17:11.895 [jetty task-23] DEBUG org.eclipse.jetty.util.thread.strategy.ExecutingExecutionStrategy - EPC Pend/org.eclipse.jetty.io.ManagedSelector$SelectorProducer@6f90d7cf invoked CEP:SocketChannelEndPoint@334b32b{/127.0.0.1:55872<->/127.0.0.1:8080,OPEN,fill=FI,flush=-,to=1/0}{io=1/1,kio=1,kro=1}->HttpConnection@520e7577[p=HttpParser{s=START,0 of -1},g=HttpGenerator@740539f6{s=START}]=>HttpChannelOverHttp@740337ab{r=1,c=false,a=IDLE,uri=null}:runFillable:BLOCKING
14:17:11.895 [jetty task-23] DEBUG org.eclipse.jetty.util.thread.strategy.ExecuteProduceConsume - EPC Pend/org.eclipse.jetty.io.ManagedSelector$SelectorProducer@6f90d7cf ran CEP:SocketChannelEndPoint@334b32b{/127.0.0.1:55872<->/127.0.0.1:8080,OPEN,fill=FI,flush=-,to=1/0}{io=1/1,kio=1,kro=1}->HttpConnection@520e7577[p=HttpParser{s=START,0 of -1},g=HttpGenerator@740539f6{s=START}]=>HttpChannelOverHttp@740337ab{r=1,c=false,a=IDLE,uri=null}:runFillable:BLOCKING
14:17:11.895 [jetty task-23] DEBUG org.eclipse.jetty.util.thread.strategy.ExecuteProduceConsume - EPC Prod/Pend/org.eclipse.jetty.io.ManagedSelector$SelectorProducer@6f90d7cf producing
14:17:11.896 [jetty task-23] DEBUG org.eclipse.jetty.io.ChannelEndPoint - Key interests updated 1 -> 1 on SocketChannelEndPoint@334b32b{/127.0.0.1:55872<->/127.0.0.1:8080,OPEN,fill=FI,flush=-,to=1/0}{io=1/1,kio=1,kro=1}->HttpConnection@520e7577[p=HttpParser{s=START,0 of -1},g=HttpGenerator@740539f6{s=START}]=>HttpChannelOverHttp@740337ab{r=1,c=false,a=IDLE,uri=null}
14:17:11.896 [jetty task-23] DEBUG org.eclipse.jetty.io.ManagedSelector - Selector loop waiting on select
14:17:11.897 [jetty task-18] DEBUG org.eclipse.jetty.util.thread.QueuedThreadPool - run EPC Prod/Pend/org.eclipse.jetty.io.ManagedSelector$SelectorProducer@6f90d7cf
14:17:11.898 [jetty task-18] DEBUG org.eclipse.jetty.util.thread.strategy.ExecuteProduceConsume - EPC Prod/Pend/org.eclipse.jetty.io.ManagedSelector$SelectorProducer@6f90d7cf run
14:17:11.898 [jetty task-18] DEBUG org.eclipse.jetty.util.thread.QueuedThreadPool - ran EPC Prod/org.eclipse.jetty.io.ManagedSelector$SelectorProducer@6f90d7cf
14:17:11.900 [jetty task-20-acceptor-0@78b9b1c-ServerConnector@53bd4614{HTTP/1.1,[http/1.1]}{localhost:8080}] DEBUG org.eclipse.jetty.io.ManagedSelector - Queued change org.eclipse.jetty.io.ManagedSelector$Accept@185774bc on org.eclipse.jetty.io.ManagedSelector@3803d43d id=1 keys=9 selected=0
14:17:11.901 [jetty task-23] DEBUG org.eclipse.jetty.io.ManagedSelector - Selector loop woken up from select, 0/9 selected
14:17:11.901 [jetty task-23] DEBUG org.eclipse.jetty.io.ManagedSelector - Running action org.eclipse.jetty.io.ManagedSelector$Accept@185774bc
14:17:11.901 [jetty task-23] DEBUG org.eclipse.jetty.io.ManagedSelector - Queued change org.eclipse.jetty.io.ManagedSelector$CreateEndPoint@12f3fa3c on org.eclipse.jetty.io.ManagedSelector@3803d43d id=1 keys=10 selected=0
14:17:11.901 [jetty task-23] DEBUG org.eclipse.jetty.util.thread.strategy.ExecuteProduceConsume - EPC Prod/org.eclipse.jetty.io.ManagedSelector$SelectorProducer@6f90d7cf produced org.eclipse.jetty.io.ManagedSelector$CreateEndPoint@12f3fa3c
14:17:11.901 [jetty task-23] DEBUG org.eclipse.jetty.util.thread.strategy.ExecuteProduceConsume - EPC Pend/org.eclipse.jetty.io.ManagedSelector$SelectorProducer@6f90d7cf dispatch
14:17:11.901 [jetty task-23] DEBUG org.eclipse.jetty.util.thread.QueuedThreadPool - queue EPC Pend/org.eclipse.jetty.io.ManagedSelector$SelectorProducer@6f90d7cf
14:17:11.901 [jetty task-23] DEBUG org.eclipse.jetty.util.thread.strategy.ExecuteProduceConsume - EPC Pend/org.eclipse.jetty.io.ManagedSelector$SelectorProducer@6f90d7cf run org.eclipse.jetty.io.ManagedSelector$CreateEndPoint@12f3fa3c
14:17:11.901 [jetty task-23] DEBUG org.eclipse.jetty.util.thread.strategy.ExecutingExecutionStrategy - EPC Pend/org.eclipse.jetty.io.ManagedSelector$SelectorProducer@6f90d7cf invoke  org.eclipse.jetty.io.ManagedSelector$CreateEndPoint@12f3fa3c
14:17:11.901 [jetty task-23] DEBUG org.eclipse.jetty.io.AbstractEndPoint - onOpen SocketChannelEndPoint@1ad5384b{/127.0.0.1:55873<->/127.0.0.1:8080,OPEN,fill=-,flush=-,to=0/0}{io=0/0,kio=0,kro=0}-><null>
14:17:11.901 [jetty task-23] DEBUG org.eclipse.jetty.server.HttpChannel - new HttpChannelOverHttp@395eabe0{r=0,c=false,a=IDLE,uri=null} -> SocketChannelEndPoint@1ad5384b{/127.0.0.1:55873<->/127.0.0.1:8080,OPEN,fill=-,flush=-,to=0/0}{io=0/0,kio=0,kro=0}-><null>,null,HttpChannelState@232c8b53{s=IDLE a=NOT_ASYNC i=true r=NONE/false w=false}
14:17:11.901 [jetty task-23] DEBUG org.eclipse.jetty.server.HttpConnection - New HTTP Connection HttpConnection@2e83b710[p=HttpParser{s=START,0 of 0},g=HttpGenerator@1da7d5eb{s=START}]=>HttpChannelOverHttp@395eabe0{r=0,c=false,a=IDLE,uri=null}<-SocketChannelEndPoint@1ad5384b{/127.0.0.1:55873<->/127.0.0.1:8080,OPEN,fill=-,flush=-,to=0/0}{io=0/0,kio=0,kro=0}-><null>
14:17:11.901 [jetty task-23] DEBUG org.eclipse.jetty.io.AbstractConnection - onOpen HttpConnection@2e83b710[p=HttpParser{s=START,0 of 0},g=HttpGenerator@1da7d5eb{s=START}]=>HttpChannelOverHttp@395eabe0{r=0,c=false,a=IDLE,uri=null}<-SocketChannelEndPoint@1ad5384b{/127.0.0.1:55873<->/127.0.0.1:8080,OPEN,fill=-,flush=-,to=0/0}{io=0/0,kio=0,kro=0}->HttpConnection@2e83b710[p=HttpParser{s=START,0 of 0},g=HttpGenerator@1da7d5eb{s=START}]=>HttpChannelOverHttp@395eabe0{r=0,c=false,a=IDLE,uri=null}
14:17:11.901 [jetty task-23] DEBUG org.eclipse.jetty.io.AbstractConnection - fillInterested HttpConnection@2e83b710[p=HttpParser{s=START,0 of 0},g=HttpGenerator@1da7d5eb{s=START}]=>HttpChannelOverHttp@395eabe0{r=0,c=false,a=IDLE,uri=null}<-SocketChannelEndPoint@1ad5384b{/127.0.0.1:55873<->/127.0.0.1:8080,OPEN,fill=-,flush=-,to=0/0}{io=0/0,kio=0,kro=0}->HttpConnection@2e83b710[p=HttpParser{s=START,0 of 0},g=HttpGenerator@1da7d5eb{s=START}]=>HttpChannelOverHttp@395eabe0{r=0,c=false,a=IDLE,uri=null}
14:17:11.901 [jetty task-16] DEBUG org.eclipse.jetty.util.thread.QueuedThreadPool - run EPC Pend/org.eclipse.jetty.io.ManagedSelector$SelectorProducer@6f90d7cf
14:17:11.902 [jetty task-16] DEBUG org.eclipse.jetty.util.thread.strategy.ExecuteProduceConsume - EPC Pend/org.eclipse.jetty.io.ManagedSelector$SelectorProducer@6f90d7cf run
14:17:11.902 [jetty task-23] DEBUG org.eclipse.jetty.io.FillInterest - FillInterest@51ea6c14{true,AC.ReadCB@2e83b710{HttpConnection@2e83b710[p=HttpParser{s=START,0 of 0},g=HttpGenerator@1da7d5eb{s=START}]=>HttpChannelOverHttp@395eabe0{r=0,c=false,a=IDLE,uri=null}<-SocketChannelEndPoint@1ad5384b{/127.0.0.1:55873<->/127.0.0.1:8080,OPEN,fill=FI,flush=-,to=1/0}{io=0/0,kio=0,kro=0}->HttpConnection@2e83b710[p=HttpParser{s=START,0 of 0},g=HttpGenerator@1da7d5eb{s=START}]=>HttpChannelOverHttp@395eabe0{r=0,c=false,a=IDLE,uri=null}}} register AC.ReadCB@2e83b710{HttpConnection@2e83b710[p=HttpParser{s=START,0 of 0},g=HttpGenerator@1da7d5eb{s=START}]=>HttpChannelOverHttp@395eabe0{r=0,c=false,a=IDLE,uri=null}<-SocketChannelEndPoint@1ad5384b{/127.0.0.1:55873<->/127.0.0.1:8080,OPEN,fill=FI,flush=-,to=1/0}{io=0/0,kio=0,kro=0}->HttpConnection@2e83b710[p=HttpParser{s=START,0 of 0},g=HttpGenerator@1da7d5eb{s=START}]=>HttpChannelOverHttp@395eabe0{r=0,c=false,a=IDLE,uri=null}}
14:17:11.902 [jetty task-16] DEBUG org.eclipse.jetty.util.thread.strategy.ExecuteProduceConsume - EPC Prod/org.eclipse.jetty.io.ManagedSelector$SelectorProducer@6f90d7cf produce enter
14:17:11.902 [jetty task-16] DEBUG org.eclipse.jetty.util.thread.strategy.ExecuteProduceConsume - EPC Prod/org.eclipse.jetty.io.ManagedSelector$SelectorProducer@6f90d7cf producing
14:17:11.902 [jetty task-16] DEBUG org.eclipse.jetty.io.ManagedSelector - Selector loop waiting on select
14:17:11.902 [jetty task-23] DEBUG org.eclipse.jetty.io.ChannelEndPoint - changeInterests p=false 0->1 for SocketChannelEndPoint@1ad5384b{/127.0.0.1:55873<->/127.0.0.1:8080,OPEN,fill=FI,flush=-,to=1/0}{io=0/1,kio=0,kro=0}->HttpConnection@2e83b710[p=HttpParser{s=START,0 of 0},g=HttpGenerator@1da7d5eb{s=START}]=>HttpChannelOverHttp@395eabe0{r=0,c=false,a=IDLE,uri=null}
14:17:11.902 [jetty task-23] DEBUG org.eclipse.jetty.io.ManagedSelector - Queued change CEP:SocketChannelEndPoint@1ad5384b{/127.0.0.1:55873<->/127.0.0.1:8080,OPEN,fill=FI,flush=-,to=1/0}{io=0/1,kio=0,kro=0}->HttpConnection@2e83b710[p=HttpParser{s=START,0 of 0},g=HttpGenerator@1da7d5eb{s=START}]=>HttpChannelOverHttp@395eabe0{r=0,c=false,a=IDLE,uri=null}:runUpdateKey:NON_BLOCKING on org.eclipse.jetty.io.ManagedSelector@3803d43d id=1 keys=10 selected=0
14:17:11.902 [jetty task-23] DEBUG org.eclipse.jetty.io.ManagedSelector - Created SocketChannelEndPoint@1ad5384b{/127.0.0.1:55873<->/127.0.0.1:8080,OPEN,fill=FI,flush=-,to=1/0}{io=0/1,kio=0,kro=0}->HttpConnection@2e83b710[p=HttpParser{s=START,0 of 0},g=HttpGenerator@1da7d5eb{s=START}]=>HttpChannelOverHttp@395eabe0{r=0,c=false,a=IDLE,uri=null}
14:17:11.902 [jetty task-23] DEBUG org.eclipse.jetty.util.thread.strategy.ExecutingExecutionStrategy - EPC Prod/org.eclipse.jetty.io.ManagedSelector$SelectorProducer@6f90d7cf invoked org.eclipse.jetty.io.ManagedSelector$CreateEndPoint@12f3fa3c
14:17:11.902 [jetty task-23] DEBUG org.eclipse.jetty.util.thread.strategy.ExecuteProduceConsume - EPC Prod/org.eclipse.jetty.io.ManagedSelector$SelectorProducer@6f90d7cf ran org.eclipse.jetty.io.ManagedSelector$CreateEndPoint@12f3fa3c
14:17:11.902 [jetty task-23] DEBUG org.eclipse.jetty.util.thread.strategy.ExecuteProduceConsume - EPC Prod/org.eclipse.jetty.io.ManagedSelector$SelectorProducer@6f90d7cf produce exit
14:17:11.902 [jetty task-23] DEBUG org.eclipse.jetty.util.thread.QueuedThreadPool - ran EPC Prod/org.eclipse.jetty.io.ManagedSelector$SelectorProducer@6f90d7cf
14:17:11.902 [jetty task-16] DEBUG org.eclipse.jetty.io.ManagedSelector - Selector loop woken up from select, 0/10 selected
14:17:11.902 [jetty task-16] DEBUG org.eclipse.jetty.io.ManagedSelector - Running action CEP:SocketChannelEndPoint@1ad5384b{/127.0.0.1:55873<->/127.0.0.1:8080,OPEN,fill=FI,flush=-,to=1/0}{io=0/1,kio=0,kro=0}->HttpConnection@2e83b710[p=HttpParser{s=START,0 of 0},g=HttpGenerator@1da7d5eb{s=START}]=>HttpChannelOverHttp@395eabe0{r=0,c=false,a=IDLE,uri=null}:runUpdateKey:NON_BLOCKING
14:17:11.903 [jetty task-16] DEBUG org.eclipse.jetty.io.ChannelEndPoint - Key interests updated 0 -> 1 on SocketChannelEndPoint@1ad5384b{/127.0.0.1:55873<->/127.0.0.1:8080,OPEN,fill=FI,flush=-,to=2/0}{io=1/1,kio=1,kro=0}->HttpConnection@2e83b710[p=HttpParser{s=START,0 of 0},g=HttpGenerator@1da7d5eb{s=START}]=>HttpChannelOverHttp@395eabe0{r=0,c=false,a=IDLE,uri=null}
14:17:11.903 [jetty task-16] DEBUG org.eclipse.jetty.io.ManagedSelector - Selector loop waiting on select
14:17:11.903 [jetty task-16] DEBUG org.eclipse.jetty.io.ManagedSelector - Selector loop woken up from select, 1/10 selected
14:17:11.903 [jetty task-16] DEBUG org.eclipse.jetty.io.ManagedSelector - selected sun.nio.ch.SelectionKeyImpl@dd2e747 SocketChannelEndPoint@1ad5384b{/127.0.0.1:55873<->/127.0.0.1:8080,OPEN,fill=FI,flush=-,to=2/0}{io=1/1,kio=1,kro=1}->HttpConnection@2e83b710[p=HttpParser{s=START,0 of 0},g=HttpGenerator@1da7d5eb{s=START}]=>HttpChannelOverHttp@395eabe0{r=0,c=false,a=IDLE,uri=null} 
14:17:11.903 [jetty task-16] DEBUG org.eclipse.jetty.io.ChannelEndPoint - onSelected 1->0 r=true w=false for SocketChannelEndPoint@1ad5384b{/127.0.0.1:55873<->/127.0.0.1:8080,OPEN,fill=FI,flush=-,to=2/0}{io=1/0,kio=1,kro=1}->HttpConnection@2e83b710[p=HttpParser{s=START,0 of 0},g=HttpGenerator@1da7d5eb{s=START}]=>HttpChannelOverHttp@395eabe0{r=0,c=false,a=IDLE,uri=null}
14:17:11.903 [jetty task-16] DEBUG org.eclipse.jetty.io.ChannelEndPoint - task CEP:SocketChannelEndPoint@1ad5384b{/127.0.0.1:55873<->/127.0.0.1:8080,OPEN,fill=FI,flush=-,to=2/0}{io=1/0,kio=1,kro=1}->HttpConnection@2e83b710[p=HttpParser{s=START,0 of 0},g=HttpGenerator@1da7d5eb{s=START}]=>HttpChannelOverHttp@395eabe0{r=0,c=false,a=IDLE,uri=null}:runFillable:BLOCKING
14:17:11.903 [jetty task-16] DEBUG org.eclipse.jetty.util.thread.strategy.ExecuteProduceConsume - EPC Prod/org.eclipse.jetty.io.ManagedSelector$SelectorProducer@6f90d7cf produced CEP:SocketChannelEndPoint@1ad5384b{/127.0.0.1:55873<->/127.0.0.1:8080,OPEN,fill=FI,flush=-,to=2/0}{io=1/0,kio=1,kro=1}->HttpConnection@2e83b710[p=HttpParser{s=START,0 of 0},g=HttpGenerator@1da7d5eb{s=START}]=>HttpChannelOverHttp@395eabe0{r=0,c=false,a=IDLE,uri=null}:runFillable:BLOCKING
14:17:11.903 [jetty task-16] DEBUG org.eclipse.jetty.util.thread.strategy.ExecuteProduceConsume - EPC Pend/org.eclipse.jetty.io.ManagedSelector$SelectorProducer@6f90d7cf dispatch
14:17:11.903 [jetty task-16] DEBUG org.eclipse.jetty.util.thread.QueuedThreadPool - queue EPC Pend/org.eclipse.jetty.io.ManagedSelector$SelectorProducer@6f90d7cf
14:17:11.903 [jetty task-16] DEBUG org.eclipse.jetty.util.thread.strategy.ExecuteProduceConsume - EPC Pend/org.eclipse.jetty.io.ManagedSelector$SelectorProducer@6f90d7cf run CEP:SocketChannelEndPoint@1ad5384b{/127.0.0.1:55873<->/127.0.0.1:8080,OPEN,fill=FI,flush=-,to=2/0}{io=1/0,kio=1,kro=1}->HttpConnection@2e83b710[p=HttpParser{s=START,0 of 0},g=HttpGenerator@1da7d5eb{s=START}]=>HttpChannelOverHttp@395eabe0{r=0,c=false,a=IDLE,uri=null}:runFillable:BLOCKING
14:17:11.903 [jetty task-18] DEBUG org.eclipse.jetty.util.thread.QueuedThreadPool - run EPC Pend/org.eclipse.jetty.io.ManagedSelector$SelectorProducer@6f90d7cf
14:17:11.903 [jetty task-16] DEBUG org.eclipse.jetty.util.thread.strategy.ExecutingExecutionStrategy - EPC Pend/org.eclipse.jetty.io.ManagedSelector$SelectorProducer@6f90d7cf invoke  CEP:SocketChannelEndPoint@1ad5384b{/127.0.0.1:55873<->/127.0.0.1:8080,OPEN,fill=FI,flush=-,to=2/0}{io=1/0,kio=1,kro=1}->HttpConnection@2e83b710[p=HttpParser{s=START,0 of 0},g=HttpGenerator@1da7d5eb{s=START}]=>HttpChannelOverHttp@395eabe0{r=0,c=false,a=IDLE,uri=null}:runFillable:BLOCKING
14:17:11.903 [jetty task-18] DEBUG org.eclipse.jetty.util.thread.strategy.ExecuteProduceConsume - EPC Pend/org.eclipse.jetty.io.ManagedSelector$SelectorProducer@6f90d7cf run
14:17:11.904 [jetty task-16] DEBUG org.eclipse.jetty.io.FillInterest - FillInterest@51ea6c14{true,AC.ReadCB@2e83b710{HttpConnection@2e83b710[p=HttpParser{s=START,0 of 0},g=HttpGenerator@1da7d5eb{s=START}]=>HttpChannelOverHttp@395eabe0{r=0,c=false,a=IDLE,uri=null}<-SocketChannelEndPoint@1ad5384b{/127.0.0.1:55873<->/127.0.0.1:8080,OPEN,fill=FI,flush=-,to=3/0}{io=1/0,kio=1,kro=1}->HttpConnection@2e83b710[p=HttpParser{s=START,0 of 0},g=HttpGenerator@1da7d5eb{s=START}]=>HttpChannelOverHttp@395eabe0{r=0,c=false,a=IDLE,uri=null}}} fillable AC.ReadCB@2e83b710{HttpConnection@2e83b710[p=HttpParser{s=START,0 of 0},g=HttpGenerator@1da7d5eb{s=START}]=>HttpChannelOverHttp@395eabe0{r=0,c=false,a=IDLE,uri=null}<-SocketChannelEndPoint@1ad5384b{/127.0.0.1:55873<->/127.0.0.1:8080,OPEN,fill=FI,flush=-,to=3/0}{io=1/0,kio=1,kro=1}->HttpConnection@2e83b710[p=HttpParser{s=START,0 of 0},g=HttpGenerator@1da7d5eb{s=START}]=>HttpChannelOverHttp@395eabe0{r=0,c=false,a=IDLE,uri=null}}
14:17:11.904 [jetty task-18] DEBUG org.eclipse.jetty.util.thread.strategy.ExecuteProduceConsume - EPC Prod/org.eclipse.jetty.io.ManagedSelector$SelectorProducer@6f90d7cf produce enter
14:17:11.904 [jetty task-18] DEBUG org.eclipse.jetty.util.thread.strategy.ExecuteProduceConsume - EPC Prod/org.eclipse.jetty.io.ManagedSelector$SelectorProducer@6f90d7cf producing
14:17:11.904 [jetty task-16] DEBUG org.eclipse.jetty.server.HttpConnection - HttpConnection@2e83b710[p=HttpParser{s=START,0 of 0},g=HttpGenerator@1da7d5eb{s=START}]=>HttpChannelOverHttp@395eabe0{r=0,c=false,a=IDLE,uri=null}<-SocketChannelEndPoint@1ad5384b{/127.0.0.1:55873<->/127.0.0.1:8080,OPEN,fill=-,flush=-,to=3/0}{io=1/0,kio=1,kro=1}->HttpConnection@2e83b710[p=HttpParser{s=START,0 of 0},g=HttpGenerator@1da7d5eb{s=START}]=>HttpChannelOverHttp@395eabe0{r=0,c=false,a=IDLE,uri=null} onFillable enter HttpChannelState@232c8b53{s=IDLE a=NOT_ASYNC i=true r=NONE/false w=false} null
14:17:11.904 [jetty task-18] DEBUG org.eclipse.jetty.io.ChannelEndPoint - Key interests updated 1 -> 0 on SocketChannelEndPoint@1ad5384b{/127.0.0.1:55873<->/127.0.0.1:8080,OPEN,fill=-,flush=-,to=3/0}{io=0/0,kio=0,kro=1}->HttpConnection@2e83b710[p=HttpParser{s=START,0 of 0},g=HttpGenerator@1da7d5eb{s=START}]=>HttpChannelOverHttp@395eabe0{r=0,c=false,a=IDLE,uri=null}
14:17:11.904 [jetty task-18] DEBUG org.eclipse.jetty.io.ManagedSelector - Selector loop waiting on select
14:17:11.904 [jetty task-16] DEBUG org.eclipse.jetty.io.ChannelEndPoint - filled 171 SocketChannelEndPoint@1ad5384b{/127.0.0.1:55873<->/127.0.0.1:8080,OPEN,fill=-,flush=-,to=3/0}{io=0/0,kio=0,kro=1}->HttpConnection@2e83b710[p=HttpParser{s=START,0 of 0},g=HttpGenerator@1da7d5eb{s=START}]=>HttpChannelOverHttp@395eabe0{r=0,c=false,a=IDLE,uri=null}
14:17:11.904 [jetty task-16] DEBUG org.eclipse.jetty.server.HttpConnection - HttpConnection@2e83b710[p=HttpParser{s=START,0 of 0},g=HttpGenerator@1da7d5eb{s=START}]=>HttpChannelOverHttp@395eabe0{r=0,c=false,a=IDLE,uri=null}<-SocketChannelEndPoint@1ad5384b{/127.0.0.1:55873<->/127.0.0.1:8080,OPEN,fill=-,flush=-,to=0/0}{io=0/0,kio=0,kro=1}->HttpConnection@2e83b710[p=HttpParser{s=START,0 of 0},g=HttpGenerator@1da7d5eb{s=START}]=>HttpChannelOverHttp@395eabe0{r=0,c=false,a=IDLE,uri=null} filled 171 HeapByteBuffer@5a112485[p=0,l=171,c=8192,r=171]={<<<GET /balance/4 HT...zip,deflate\r\n\r\n>>>\r\nHost: localhost...\x00\x00\x00\x00\x00\x00\x00\x00\x00\x00\x00\x00\x00\x00\x00}
14:17:11.904 [jetty task-16] DEBUG org.eclipse.jetty.server.HttpConnection - HttpConnection@2e83b710[p=HttpParser{s=START,0 of 0},g=HttpGenerator@1da7d5eb{s=START}]=>HttpChannelOverHttp@395eabe0{r=0,c=false,a=IDLE,uri=null}<-SocketChannelEndPoint@1ad5384b{/127.0.0.1:55873<->/127.0.0.1:8080,OPEN,fill=-,flush=-,to=0/0}{io=0/0,kio=0,kro=1}->HttpConnection@2e83b710[p=HttpParser{s=START,0 of 0},g=HttpGenerator@1da7d5eb{s=START}]=>HttpChannelOverHttp@395eabe0{r=0,c=false,a=IDLE,uri=null} parse HeapByteBuffer@5a112485[p=0,l=171,c=8192,r=171]={<<<GET /balance/4 HT...zip,deflate\r\n\r\n>>>\r\nHost: localhost...\x00\x00\x00\x00\x00\x00\x00\x00\x00\x00\x00\x00\x00\x00\x00} {}
14:17:11.904 [jetty task-16] DEBUG org.eclipse.jetty.http.HttpParser - parseNext s=START HeapByteBuffer@5a112485[p=0,l=171,c=8192,r=171]={<<<GET /balance/4 HT...zip,deflate\r\n\r\n>>>\r\nHost: localhost...\x00\x00\x00\x00\x00\x00\x00\x00\x00\x00\x00\x00\x00\x00\x00}
14:17:11.904 [jetty task-16] DEBUG org.eclipse.jetty.http.HttpParser - START --> SPACE1
14:17:11.904 [jetty task-16] DEBUG org.eclipse.jetty.http.HttpParser - SPACE1 --> URI
14:17:11.905 [jetty task-16] DEBUG org.eclipse.jetty.http.HttpParser - URI --> SPACE2
14:17:11.905 [jetty task-16] DEBUG org.eclipse.jetty.http.HttpParser - SPACE2 --> REQUEST_VERSION
14:17:11.905 [jetty task-16] DEBUG org.eclipse.jetty.http.HttpParser - REQUEST_VERSION --> HEADER
14:17:11.905 [jetty task-16] DEBUG org.eclipse.jetty.http.HttpParser - HEADER:Accept: */* --> IN_VALUE
14:17:11.905 [jetty task-16] DEBUG org.eclipse.jetty.http.HttpParser - HEADER:Accept: */* --> FIELD
14:17:11.905 [jetty task-16] DEBUG org.eclipse.jetty.http.HttpParser - HEADER:null --> VALUE
14:17:11.905 [jetty task-16] DEBUG org.eclipse.jetty.http.HttpParser - HEADER:null --> IN_VALUE
14:17:11.905 [jetty task-16] DEBUG org.eclipse.jetty.http.HttpParser - HEADER:null --> FIELD
14:17:11.905 [jetty task-16] DEBUG org.eclipse.jetty.http.HttpParser - HEADER:Connection: keep-alive --> IN_VALUE
14:17:11.905 [jetty task-16] DEBUG org.eclipse.jetty.http.HttpParser - HEADER:Connection: keep-alive --> FIELD
14:17:11.905 [jetty task-16] DEBUG org.eclipse.jetty.http.HttpParser - HEADER:null --> VALUE
14:17:11.905 [jetty task-16] DEBUG org.eclipse.jetty.http.HttpParser - HEADER:null --> IN_VALUE
14:17:11.905 [jetty task-16] DEBUG org.eclipse.jetty.http.HttpParser - HEADER:null --> FIELD
14:17:11.905 [jetty task-16] DEBUG org.eclipse.jetty.http.HttpParser - HEADER:null --> IN_VALUE
14:17:11.905 [jetty task-16] DEBUG org.eclipse.jetty.http.HttpParser - HEADER:null --> FIELD
14:17:11.905 [jetty task-16] DEBUG org.eclipse.jetty.http.HttpParser - HEADER --> END
14:17:11.905 [jetty task-16] DEBUG org.eclipse.jetty.server.HttpChannel - REQUEST for //localhost:8080/balance/4 on HttpChannelOverHttp@395eabe0{r=1,c=false,a=IDLE,uri=//localhost:8080/balance/4}
GET //localhost:8080/balance/4 HTTP/1.1
Accept: */*
Host: localhost:8080
Connection: keep-alive
User-Agent: Apache-HttpClient/4.5.3 (Java/1.8.0_121)
Accept-Encoding: gzip,deflate


14:17:11.905 [jetty task-16] DEBUG org.eclipse.jetty.server.HttpChannel - HttpChannelOverHttp@395eabe0{r=1,c=false,a=IDLE,uri=//localhost:8080/balance/4} onContentComplete
14:17:11.905 [jetty task-16] DEBUG org.eclipse.jetty.server.HttpChannel - HttpChannelOverHttp@395eabe0{r=1,c=false,a=IDLE,uri=//localhost:8080/balance/4} onRequestComplete
14:17:11.905 [jetty task-16] DEBUG org.eclipse.jetty.server.HttpInput - HttpInputOverHTTP@6c7a9aea[c=0,q=0,[0]=null,s=STREAM] addContent EOF
14:17:11.905 [jetty task-16] DEBUG org.eclipse.jetty.server.HttpConnection - HttpConnection@2e83b710[p=HttpParser{s=END,0 of 0},g=HttpGenerator@1da7d5eb{s=START}]=>HttpChannelOverHttp@395eabe0{r=1,c=false,a=IDLE,uri=//localhost:8080/balance/4}<-SocketChannelEndPoint@1ad5384b{/127.0.0.1:55873<->/127.0.0.1:8080,OPEN,fill=-,flush=-,to=1/0}{io=0/0,kio=0,kro=1}->HttpConnection@2e83b710[p=HttpParser{s=END,0 of 0},g=HttpGenerator@1da7d5eb{s=START}]=>HttpChannelOverHttp@395eabe0{r=1,c=false,a=IDLE,uri=//localhost:8080/balance/4} parsed true HttpParser{s=END,0 of 0}
14:17:11.905 [jetty task-16] DEBUG org.eclipse.jetty.server.HttpConnection - releaseRequestBuffer HttpConnection@2e83b710[p=HttpParser{s=END,0 of 0},g=HttpGenerator@1da7d5eb{s=START}]=>HttpChannelOverHttp@395eabe0{r=1,c=false,a=IDLE,uri=//localhost:8080/balance/4}<-SocketChannelEndPoint@1ad5384b{/127.0.0.1:55873<->/127.0.0.1:8080,OPEN,fill=-,flush=-,to=1/0}{io=0/0,kio=0,kro=1}->HttpConnection@2e83b710[p=HttpParser{s=END,0 of 0},g=HttpGenerator@1da7d5eb{s=START}]=>HttpChannelOverHttp@395eabe0{r=1,c=false,a=IDLE,uri=//localhost:8080/balance/4}
14:17:11.905 [jetty task-16] DEBUG org.eclipse.jetty.server.HttpChannel - HttpChannelOverHttp@395eabe0{r=1,c=false,a=IDLE,uri=//localhost:8080/balance/4} handle //localhost:8080/balance/4 
14:17:11.905 [jetty task-16] DEBUG org.eclipse.jetty.server.HttpChannelState - handling HttpChannelState@232c8b53{s=IDLE a=NOT_ASYNC i=true r=NONE/false w=false}
14:17:11.905 [jetty task-16] DEBUG org.eclipse.jetty.server.HttpChannel - HttpChannelOverHttp@395eabe0{r=1,c=false,a=DISPATCHED,uri=//localhost:8080/balance/4} action DISPATCH
14:17:11.905 [jetty task-16] DEBUG org.eclipse.jetty.server.Server - REQUEST GET /balance/4 on HttpChannelOverHttp@395eabe0{r=1,c=false,a=DISPATCHED,uri=//localhost:8080/balance/4}
14:17:11.905 [jetty task-16] DEBUG org.eclipse.jetty.server.handler.ContextHandler - scope null||/balance/4 @ o.e.j.s.h.ContextHandler@38453928{/,null,AVAILABLE}
14:17:11.905 [jetty task-16] DEBUG org.eclipse.jetty.server.handler.ContextHandler - context=||/balance/4 @ o.e.j.s.h.ContextHandler@38453928{/,null,AVAILABLE}
14:17:11.906 [jetty task-16] DEBUG org.eclipse.jetty.server.HttpOutput - sendContent(HeapByteBuffer@8a239e1[p=0,l=4,c=4,r=4]={<<<5000>>>})
14:17:11.906 [jetty task-16] DEBUG org.eclipse.jetty.server.HttpChannel - sendResponse info=null content=HeapByteBuffer@8a239e1[p=0,l=4,c=4,r=4]={<<<5000>>>} complete=true committing=true callback=Blocker@4c7d3f63{null}
14:17:11.906 [jetty task-16] DEBUG org.eclipse.jetty.server.HttpChannel - COMMIT for /balance/4 on HttpChannelOverHttp@395eabe0{r=1,c=true,a=DISPATCHED,uri=//localhost:8080/balance/4}
200 null HTTP/1.1
Content-Type: application/json;charset=utf-8
Content-Length: 4


14:17:11.906 [jetty task-16] DEBUG org.eclipse.jetty.server.HttpConnection - org.eclipse.jetty.server.HttpConnection$SendCallback@9a34d61[PROCESSING][i=HTTP/1.1{s=200,h=2,cl=4},cb=org.eclipse.jetty.server.HttpChannel$CommitCallback@31b62b75] generate: NEED_HEADER (null,[p=0,l=4,c=4,r=4],true)@START
14:17:11.906 [jetty task-16] DEBUG org.eclipse.jetty.http.HttpGenerator - generateHeaders HTTP/1.1{s=200,h=2,cl=4} last=true content=HeapByteBuffer@8a239e1[p=0,l=4,c=4,r=4]={<<<5000>>>}
14:17:11.906 [jetty task-16] DEBUG org.eclipse.jetty.http.HttpGenerator - Content-Type: application/json;charset=utf-8
Content-Length: 4


14:17:11.906 [jetty task-16] DEBUG org.eclipse.jetty.http.HttpGenerator - CONTENT_LENGTH
14:17:11.906 [jetty task-16] DEBUG org.eclipse.jetty.server.HttpConnection - org.eclipse.jetty.server.HttpConnection$SendCallback@9a34d61[PROCESSING][i=HTTP/1.1{s=200,h=2,cl=4},cb=org.eclipse.jetty.server.HttpChannel$CommitCallback@31b62b75] generate: FLUSH ([p=0,l=84,c=8192,r=84],[p=0,l=4,c=4,r=4],true)@COMPLETING
14:17:11.906 [jetty task-16] DEBUG org.eclipse.jetty.io.WriteFlusher - write: WriteFlusher@28426193{IDLE}->null [HeapByteBuffer@5a112485[p=0,l=84,c=8192,r=84]={<<<HTTP/1.1 200 OK\r\n...t-Length: 4\r\n\r\n>>>User-Agent: Apach...\x00\x00\x00\x00\x00\x00\x00\x00\x00\x00\x00\x00\x00\x00\x00},HeapByteBuffer@8a239e1[p=0,l=4,c=4,r=4]={<<<5000>>>}]
14:17:11.906 [jetty task-16] DEBUG org.eclipse.jetty.io.WriteFlusher - update WriteFlusher@28426193{WRITING}->null:IDLE-->WRITING
14:17:11.906 [jetty task-16] DEBUG org.eclipse.jetty.io.ChannelEndPoint - flushed 88 SocketChannelEndPoint@1ad5384b{/127.0.0.1:55873<->/127.0.0.1:8080,OPEN,fill=-,flush=W,to=2/0}{io=0/0,kio=0,kro=1}->HttpConnection@2e83b710[p=HttpParser{s=END,0 of 0},g=HttpGenerator@1da7d5eb{s=COMPLETING}]=>HttpChannelOverHttp@395eabe0{r=1,c=true,a=DISPATCHED,uri=//localhost:8080/balance/4}
14:17:11.907 [jetty task-16] DEBUG org.eclipse.jetty.io.WriteFlusher - Flushed=true 84/84+1 WriteFlusher@28426193{WRITING}->null
14:17:11.907 [jetty task-16] DEBUG org.eclipse.jetty.io.WriteFlusher - update WriteFlusher@28426193{IDLE}->null:WRITING-->IDLE
14:17:11.907 [jetty task-16] DEBUG org.eclipse.jetty.server.HttpConnection - org.eclipse.jetty.server.HttpConnection$SendCallback@9a34d61[PROCESSING][i=HTTP/1.1{s=200,h=2,cl=4},cb=org.eclipse.jetty.server.HttpChannel$CommitCallback@31b62b75] generate: DONE ([p=84,l=84,c=8192,r=0],[p=4,l=4,c=4,r=0],true)@END
14:17:11.907 [jetty task-16] DEBUG org.eclipse.jetty.server.Server - handled=true async=false committed=true on HttpChannelOverHttp@395eabe0{r=1,c=true,a=DISPATCHED,uri=//localhost:8080/balance/4}
14:17:11.907 [jetty task-16] DEBUG org.eclipse.jetty.server.HttpChannelState - unhandle HttpChannelState@232c8b53{s=DISPATCHED a=NOT_ASYNC i=true r=NONE/false w=false}
14:17:11.907 [jetty task-16] DEBUG org.eclipse.jetty.server.HttpChannel - HttpChannelOverHttp@395eabe0{r=1,c=true,a=COMPLETING,uri=//localhost:8080/balance/4} action COMPLETE
14:17:11.907 [jetty task-16] DEBUG org.eclipse.jetty.server.HttpChannelState - onComplete HttpChannelState@232c8b53{s=COMPLETING a=NOT_ASYNC i=false r=NONE/false w=false}
14:17:11.907 [jetty task-16] DEBUG org.eclipse.jetty.server.HttpChannel - COMPLETE for /balance/4 written=4
14:17:11.907 [jetty task-16] DEBUG org.eclipse.jetty.server.HttpChannelState - recycle HttpChannelState@232c8b53{s=COMPLETED a=NOT_ASYNC i=false r=NONE/false w=false}
14:17:11.907 [jetty task-16] DEBUG org.eclipse.jetty.http.HttpParser - reset HttpParser{s=END,0 of 0}
14:17:11.907 [jetty task-16] DEBUG org.eclipse.jetty.http.HttpParser - END --> START
14:17:11.907 [jetty task-16] DEBUG org.eclipse.jetty.server.HttpChannel - HttpChannelOverHttp@395eabe0{r=1,c=false,a=IDLE,uri=null} handle exit, result COMPLETE
14:17:11.907 [jetty task-16] DEBUG org.eclipse.jetty.io.ChannelEndPoint - filled 0 SocketChannelEndPoint@1ad5384b{/127.0.0.1:55873<->/127.0.0.1:8080,OPEN,fill=-,flush=-,to=0/0}{io=0/0,kio=0,kro=1}->HttpConnection@2e83b710[p=HttpParser{s=START,0 of -1},g=HttpGenerator@1da7d5eb{s=START}]=>HttpChannelOverHttp@395eabe0{r=1,c=false,a=IDLE,uri=null}
14:17:11.907 [jetty task-16] DEBUG org.eclipse.jetty.io.ChannelEndPoint - filled 0 SocketChannelEndPoint@1ad5384b{/127.0.0.1:55873<->/127.0.0.1:8080,OPEN,fill=-,flush=-,to=0/0}{io=0/0,kio=0,kro=1}->HttpConnection@2e83b710[p=HttpParser{s=START,0 of -1},g=HttpGenerator@1da7d5eb{s=START}]=>HttpChannelOverHttp@395eabe0{r=1,c=false,a=IDLE,uri=null}
14:17:11.907 [jetty task-16] DEBUG org.eclipse.jetty.server.HttpConnection - HttpConnection@2e83b710[p=HttpParser{s=START,0 of -1},g=HttpGenerator@1da7d5eb{s=START}]=>HttpChannelOverHttp@395eabe0{r=1,c=false,a=IDLE,uri=null}<-SocketChannelEndPoint@1ad5384b{/127.0.0.1:55873<->/127.0.0.1:8080,OPEN,fill=-,flush=-,to=0/0}{io=0/0,kio=0,kro=1}->HttpConnection@2e83b710[p=HttpParser{s=START,0 of -1},g=HttpGenerator@1da7d5eb{s=START}]=>HttpChannelOverHttp@395eabe0{r=1,c=false,a=IDLE,uri=null} filled 0 HeapByteBuffer@5a112485[p=0,l=0,c=8192,r=0]={<<<>>>HTTP/1.1 200 OK\r\n...\x00\x00\x00\x00\x00\x00\x00\x00\x00\x00\x00\x00\x00\x00\x00}
14:17:11.907 [jetty task-16] DEBUG org.eclipse.jetty.server.HttpConnection - HttpConnection@2e83b710[p=HttpParser{s=START,0 of -1},g=HttpGenerator@1da7d5eb{s=START}]=>HttpChannelOverHttp@395eabe0{r=1,c=false,a=IDLE,uri=null}<-SocketChannelEndPoint@1ad5384b{/127.0.0.1:55873<->/127.0.0.1:8080,OPEN,fill=-,flush=-,to=0/0}{io=0/0,kio=0,kro=1}->HttpConnection@2e83b710[p=HttpParser{s=START,0 of -1},g=HttpGenerator@1da7d5eb{s=START}]=>HttpChannelOverHttp@395eabe0{r=1,c=false,a=IDLE,uri=null} parse HeapByteBuffer@5a112485[p=0,l=0,c=8192,r=0]={<<<>>>HTTP/1.1 200 OK\r\n...\x00\x00\x00\x00\x00\x00\x00\x00\x00\x00\x00\x00\x00\x00\x00} {}
14:17:11.907 [jetty task-16] DEBUG org.eclipse.jetty.http.HttpParser - parseNext s=START HeapByteBuffer@5a112485[p=0,l=0,c=8192,r=0]={<<<>>>HTTP/1.1 200 OK\r\n...\x00\x00\x00\x00\x00\x00\x00\x00\x00\x00\x00\x00\x00\x00\x00}
14:17:11.908 [jetty task-16] DEBUG org.eclipse.jetty.server.HttpConnection - HttpConnection@2e83b710[p=HttpParser{s=START,0 of -1},g=HttpGenerator@1da7d5eb{s=START}]=>HttpChannelOverHttp@395eabe0{r=1,c=false,a=IDLE,uri=null}<-SocketChannelEndPoint@1ad5384b{/127.0.0.1:55873<->/127.0.0.1:8080,OPEN,fill=-,flush=-,to=1/0}{io=0/0,kio=0,kro=1}->HttpConnection@2e83b710[p=HttpParser{s=START,0 of -1},g=HttpGenerator@1da7d5eb{s=START}]=>HttpChannelOverHttp@395eabe0{r=1,c=false,a=IDLE,uri=null} parsed false HttpParser{s=START,0 of -1}
14:17:11.908 [jetty task-16] DEBUG org.eclipse.jetty.server.HttpConnection - releaseRequestBuffer HttpConnection@2e83b710[p=HttpParser{s=START,0 of -1},g=HttpGenerator@1da7d5eb{s=START}]=>HttpChannelOverHttp@395eabe0{r=1,c=false,a=IDLE,uri=null}<-SocketChannelEndPoint@1ad5384b{/127.0.0.1:55873<->/127.0.0.1:8080,OPEN,fill=-,flush=-,to=1/0}{io=0/0,kio=0,kro=1}->HttpConnection@2e83b710[p=HttpParser{s=START,0 of -1},g=HttpGenerator@1da7d5eb{s=START}]=>HttpChannelOverHttp@395eabe0{r=1,c=false,a=IDLE,uri=null}
14:17:11.908 [jetty task-16] DEBUG org.eclipse.jetty.io.AbstractConnection - fillInterested HttpConnection@2e83b710[p=HttpParser{s=START,0 of -1},g=HttpGenerator@1da7d5eb{s=START}]=>HttpChannelOverHttp@395eabe0{r=1,c=false,a=IDLE,uri=null}<-SocketChannelEndPoint@1ad5384b{/127.0.0.1:55873<->/127.0.0.1:8080,OPEN,fill=-,flush=-,to=1/0}{io=0/0,kio=0,kro=1}->HttpConnection@2e83b710[p=HttpParser{s=START,0 of -1},g=HttpGenerator@1da7d5eb{s=START}]=>HttpChannelOverHttp@395eabe0{r=1,c=false,a=IDLE,uri=null}
14:17:11.908 [jetty task-16] DEBUG org.eclipse.jetty.io.FillInterest - FillInterest@51ea6c14{true,AC.ReadCB@2e83b710{HttpConnection@2e83b710[p=HttpParser{s=START,0 of -1},g=HttpGenerator@1da7d5eb{s=START}]=>HttpChannelOverHttp@395eabe0{r=1,c=false,a=IDLE,uri=null}<-SocketChannelEndPoint@1ad5384b{/127.0.0.1:55873<->/127.0.0.1:8080,OPEN,fill=FI,flush=-,to=0/0}{io=0/0,kio=0,kro=1}->HttpConnection@2e83b710[p=HttpParser{s=START,0 of -1},g=HttpGenerator@1da7d5eb{s=START}]=>HttpChannelOverHttp@395eabe0{r=1,c=false,a=IDLE,uri=null}}} register AC.ReadCB@2e83b710{HttpConnection@2e83b710[p=HttpParser{s=START,0 of -1},g=HttpGenerator@1da7d5eb{s=START}]=>HttpChannelOverHttp@395eabe0{r=1,c=false,a=IDLE,uri=null}<-SocketChannelEndPoint@1ad5384b{/127.0.0.1:55873<->/127.0.0.1:8080,OPEN,fill=FI,flush=-,to=0/0}{io=0/0,kio=0,kro=1}->HttpConnection@2e83b710[p=HttpParser{s=START,0 of -1},g=HttpGenerator@1da7d5eb{s=START}]=>HttpChannelOverHttp@395eabe0{r=1,c=false,a=IDLE,uri=null}}
14:17:11.908 [jetty task-16] DEBUG org.eclipse.jetty.io.ChannelEndPoint - changeInterests p=false 0->1 for SocketChannelEndPoint@1ad5384b{/127.0.0.1:55873<->/127.0.0.1:8080,OPEN,fill=FI,flush=-,to=0/0}{io=0/1,kio=0,kro=1}->HttpConnection@2e83b710[p=HttpParser{s=START,0 of -1},g=HttpGenerator@1da7d5eb{s=START}]=>HttpChannelOverHttp@395eabe0{r=1,c=false,a=IDLE,uri=null}
14:17:11.908 [jetty task-16] DEBUG org.eclipse.jetty.io.ManagedSelector - Queued change CEP:SocketChannelEndPoint@1ad5384b{/127.0.0.1:55873<->/127.0.0.1:8080,OPEN,fill=FI,flush=-,to=0/0}{io=0/1,kio=0,kro=1}->HttpConnection@2e83b710[p=HttpParser{s=START,0 of -1},g=HttpGenerator@1da7d5eb{s=START}]=>HttpChannelOverHttp@395eabe0{r=1,c=false,a=IDLE,uri=null}:runUpdateKey:NON_BLOCKING on org.eclipse.jetty.io.ManagedSelector@3803d43d id=1 keys=10 selected=0
14:17:11.909 [jetty task-16] DEBUG org.eclipse.jetty.server.HttpConnection - HttpConnection@2e83b710[p=HttpParser{s=START,0 of -1},g=HttpGenerator@1da7d5eb{s=START}]=>HttpChannelOverHttp@395eabe0{r=1,c=false,a=IDLE,uri=null}<-SocketChannelEndPoint@1ad5384b{/127.0.0.1:55873<->/127.0.0.1:8080,OPEN,fill=FI,flush=-,to=1/0}{io=0/1,kio=0,kro=1}->HttpConnection@2e83b710[p=HttpParser{s=START,0 of -1},g=HttpGenerator@1da7d5eb{s=START}]=>HttpChannelOverHttp@395eabe0{r=1,c=false,a=IDLE,uri=null} onFillable exit HttpChannelState@232c8b53{s=IDLE a=NOT_ASYNC i=true r=NONE/false w=false} null
14:17:11.909 [jetty task-16] DEBUG org.eclipse.jetty.util.thread.strategy.ExecutingExecutionStrategy - EPC Prod/org.eclipse.jetty.io.ManagedSelector$SelectorProducer@6f90d7cf invoked CEP:SocketChannelEndPoint@1ad5384b{/127.0.0.1:55873<->/127.0.0.1:8080,OPEN,fill=FI,flush=-,to=1/0}{io=0/1,kio=0,kro=1}->HttpConnection@2e83b710[p=HttpParser{s=START,0 of -1},g=HttpGenerator@1da7d5eb{s=START}]=>HttpChannelOverHttp@395eabe0{r=1,c=false,a=IDLE,uri=null}:runFillable:BLOCKING
14:17:11.909 [jetty task-16] DEBUG org.eclipse.jetty.util.thread.strategy.ExecuteProduceConsume - EPC Prod/org.eclipse.jetty.io.ManagedSelector$SelectorProducer@6f90d7cf ran CEP:SocketChannelEndPoint@1ad5384b{/127.0.0.1:55873<->/127.0.0.1:8080,OPEN,fill=FI,flush=-,to=1/0}{io=0/1,kio=0,kro=1}->HttpConnection@2e83b710[p=HttpParser{s=START,0 of -1},g=HttpGenerator@1da7d5eb{s=START}]=>HttpChannelOverHttp@395eabe0{r=1,c=false,a=IDLE,uri=null}:runFillable:BLOCKING
14:17:11.909 [jetty task-16] DEBUG org.eclipse.jetty.util.thread.strategy.ExecuteProduceConsume - EPC Prod/org.eclipse.jetty.io.ManagedSelector$SelectorProducer@6f90d7cf produce exit
14:17:11.909 [jetty task-16] DEBUG org.eclipse.jetty.util.thread.QueuedThreadPool - ran EPC Prod/org.eclipse.jetty.io.ManagedSelector$SelectorProducer@6f90d7cf
14:17:11.909 [jetty task-18] DEBUG org.eclipse.jetty.io.ManagedSelector - Selector loop woken up from select, 0/10 selected
14:17:11.910 [jetty task-18] DEBUG org.eclipse.jetty.io.ManagedSelector - Running action CEP:SocketChannelEndPoint@1ad5384b{/127.0.0.1:55873<->/127.0.0.1:8080,OPEN,fill=FI,flush=-,to=2/0}{io=0/1,kio=0,kro=1}->HttpConnection@2e83b710[p=HttpParser{s=START,0 of -1},g=HttpGenerator@1da7d5eb{s=START}]=>HttpChannelOverHttp@395eabe0{r=1,c=false,a=IDLE,uri=null}:runUpdateKey:NON_BLOCKING
14:17:11.910 [Test worker] DEBUG org.eclipse.jetty.util.component.AbstractLifeCycle - stopping org.eclipse.jetty.server.Server@11daaf
14:17:11.910 [jetty task-18] DEBUG org.eclipse.jetty.io.ChannelEndPoint - Key interests updated 0 -> 1 on SocketChannelEndPoint@1ad5384b{/127.0.0.1:55873<->/127.0.0.1:8080,OPEN,fill=FI,flush=-,to=2/0}{io=1/1,kio=1,kro=1}->HttpConnection@2e83b710[p=HttpParser{s=START,0 of -1},g=HttpGenerator@1da7d5eb{s=START}]=>HttpChannelOverHttp@395eabe0{r=1,c=false,a=IDLE,uri=null}
14:17:11.910 [Test worker] DEBUG org.eclipse.jetty.server.Server - doStop org.eclipse.jetty.server.Server@11daaf
14:17:11.910 [jetty task-18] DEBUG org.eclipse.jetty.io.ManagedSelector - Selector loop waiting on select
14:17:11.911 [Test worker] DEBUG org.eclipse.jetty.server.Server - Graceful shutdown org.eclipse.jetty.server.Server@11daaf by 
14:17:11.912 [Test worker] DEBUG org.eclipse.jetty.util.component.AbstractLifeCycle - stopping ServerConnector@53bd4614{HTTP/1.1,[http/1.1]}{localhost:8080}
14:17:11.912 [jetty task-20] DEBUG org.eclipse.jetty.util.thread.QueuedThreadPool - ran jetty task-20-acceptor-0@78b9b1c-ServerConnector@53bd4614{HTTP/1.1,[http/1.1]}{localhost:8080}
14:17:11.912 [Test worker] DEBUG org.eclipse.jetty.util.component.AbstractLifeCycle - stopping org.eclipse.jetty.server.ServerConnector$ServerConnectorManager@30ab28be
14:17:11.912 [Test worker] DEBUG org.eclipse.jetty.util.component.AbstractLifeCycle - stopping org.eclipse.jetty.io.ManagedSelector@3803d43d id=1 keys=10 selected=0
14:17:11.912 [Test worker] DEBUG org.eclipse.jetty.io.ManagedSelector - Stopping org.eclipse.jetty.io.ManagedSelector@3803d43d id=1 keys=10 selected=0
14:17:11.913 [Test worker] DEBUG org.eclipse.jetty.io.ManagedSelector - Queued change org.eclipse.jetty.io.ManagedSelector$CloseEndPoints@1c41e177 on org.eclipse.jetty.io.ManagedSelector@3803d43d id=1 keys=10 selected=0
14:17:11.913 [jetty task-18] DEBUG org.eclipse.jetty.io.ManagedSelector - Selector loop woken up from select, 0/10 selected
14:17:11.913 [jetty task-18] DEBUG org.eclipse.jetty.io.ManagedSelector - Running action org.eclipse.jetty.io.ManagedSelector$CloseEndPoints@1c41e177
14:17:11.913 [jetty task-18] DEBUG org.eclipse.jetty.io.ManagedSelector - Closing 10 endPoints on org.eclipse.jetty.io.ManagedSelector@3803d43d id=1 keys=10 selected=0
14:17:11.914 [jetty task-18] DEBUG org.eclipse.jetty.io.ManagedSelector - Queued change org.eclipse.jetty.io.ManagedSelector$EndPointCloser@41fe39f4 on org.eclipse.jetty.io.ManagedSelector@3803d43d id=1 keys=10 selected=0
14:17:11.914 [jetty task-18] DEBUG org.eclipse.jetty.io.ManagedSelector - Queued change org.eclipse.jetty.io.ManagedSelector$EndPointCloser@48617d99 on org.eclipse.jetty.io.ManagedSelector@3803d43d id=1 keys=10 selected=0
14:17:11.914 [jetty task-18] DEBUG org.eclipse.jetty.io.ManagedSelector - Queued change org.eclipse.jetty.io.ManagedSelector$EndPointCloser@1d12531e on org.eclipse.jetty.io.ManagedSelector@3803d43d id=1 keys=10 selected=0
14:17:11.914 [jetty task-18] DEBUG org.eclipse.jetty.io.ManagedSelector - Queued change org.eclipse.jetty.io.ManagedSelector$EndPointCloser@2833c913 on org.eclipse.jetty.io.ManagedSelector@3803d43d id=1 keys=10 selected=0
14:17:11.914 [jetty task-18] DEBUG org.eclipse.jetty.io.ManagedSelector - Queued change org.eclipse.jetty.io.ManagedSelector$EndPointCloser@18326478 on org.eclipse.jetty.io.ManagedSelector@3803d43d id=1 keys=10 selected=0
14:17:11.914 [jetty task-18] DEBUG org.eclipse.jetty.io.ManagedSelector - Queued change org.eclipse.jetty.io.ManagedSelector$EndPointCloser@5b7c5f52 on org.eclipse.jetty.io.ManagedSelector@3803d43d id=1 keys=10 selected=0
14:17:11.914 [jetty task-18] DEBUG org.eclipse.jetty.io.ManagedSelector - Queued change org.eclipse.jetty.io.ManagedSelector$EndPointCloser@54f96d80 on org.eclipse.jetty.io.ManagedSelector@3803d43d id=1 keys=10 selected=0
14:17:11.914 [jetty task-18] DEBUG org.eclipse.jetty.io.ManagedSelector - Queued change org.eclipse.jetty.io.ManagedSelector$EndPointCloser@62345d5d on org.eclipse.jetty.io.ManagedSelector@3803d43d id=1 keys=10 selected=0
14:17:11.914 [jetty task-18] DEBUG org.eclipse.jetty.io.ManagedSelector - Queued change org.eclipse.jetty.io.ManagedSelector$EndPointCloser@69aee4c7 on org.eclipse.jetty.io.ManagedSelector@3803d43d id=1 keys=10 selected=0
14:17:11.914 [jetty task-18] DEBUG org.eclipse.jetty.io.ManagedSelector - Queued change org.eclipse.jetty.io.ManagedSelector$EndPointCloser@5011b06f on org.eclipse.jetty.io.ManagedSelector@3803d43d id=1 keys=10 selected=0
14:17:11.914 [jetty task-18] DEBUG org.eclipse.jetty.io.ManagedSelector - Closed 10 endPoints on org.eclipse.jetty.io.ManagedSelector@3803d43d id=1 keys=10 selected=0
14:17:11.914 [jetty task-18] DEBUG org.eclipse.jetty.util.thread.strategy.ExecuteProduceConsume - EPC Prod/org.eclipse.jetty.io.ManagedSelector$SelectorProducer@6f90d7cf produced org.eclipse.jetty.io.ManagedSelector$EndPointCloser@41fe39f4
14:17:11.914 [jetty task-18] DEBUG org.eclipse.jetty.util.thread.strategy.ExecuteProduceConsume - EPC Pend/org.eclipse.jetty.io.ManagedSelector$SelectorProducer@6f90d7cf dispatch
14:17:11.914 [jetty task-18] DEBUG org.eclipse.jetty.util.thread.QueuedThreadPool - queue EPC Pend/org.eclipse.jetty.io.ManagedSelector$SelectorProducer@6f90d7cf
14:17:11.914 [jetty task-18] DEBUG org.eclipse.jetty.util.thread.strategy.ExecuteProduceConsume - EPC Pend/org.eclipse.jetty.io.ManagedSelector$SelectorProducer@6f90d7cf run org.eclipse.jetty.io.ManagedSelector$EndPointCloser@41fe39f4
14:17:11.914 [jetty task-18] DEBUG org.eclipse.jetty.util.thread.strategy.ExecutingExecutionStrategy - EPC Pend/org.eclipse.jetty.io.ManagedSelector$SelectorProducer@6f90d7cf invoke  org.eclipse.jetty.io.ManagedSelector$EndPointCloser@41fe39f4
14:17:11.914 [jetty task-18] DEBUG org.eclipse.jetty.io.ChannelEndPoint - doClose SocketChannelEndPoint@6b9b1a0c{/127.0.0.1:55864<->/127.0.0.1:8080,CLOSED,fill=FI,flush=-,to=281/0}{io=1/1,kio=1,kro=1}->HttpConnection@3396b0fb[p=HttpParser{s=START,0 of -1},g=HttpGenerator@6e87ff{s=START}]=>HttpChannelOverHttp@71793d79{r=1,c=false,a=IDLE,uri=null}
14:17:11.914 [jetty task-18] DEBUG org.eclipse.jetty.io.WriteFlusher - ignored: WriteFlusher@5f5160d5{IDLE}->null {}
14:17:11.915 [jetty task-18] DEBUG org.eclipse.jetty.io.FillInterest - FillInterest@3844f07e{true,AC.ReadCB@3396b0fb{HttpConnection@3396b0fb[p=HttpParser{s=START,0 of -1},g=HttpGenerator@6e87ff{s=START}]=>HttpChannelOverHttp@71793d79{r=1,c=false,a=IDLE,uri=null}<-SocketChannelEndPoint@6b9b1a0c{/127.0.0.1:55864<->/127.0.0.1:8080,CLOSED,fill=FI,flush=-,to=282/0}{io=1/1,kio=-1,kro=-1}->HttpConnection@3396b0fb[p=HttpParser{s=START,0 of -1},g=HttpGenerator@6e87ff{s=START}]=>HttpChannelOverHttp@71793d79{r=1,c=false,a=IDLE,uri=null}}} onClose AC.ReadCB@3396b0fb{HttpConnection@3396b0fb[p=HttpParser{s=START,0 of -1},g=HttpGenerator@6e87ff{s=START}]=>HttpChannelOverHttp@71793d79{r=1,c=false,a=IDLE,uri=null}<-SocketChannelEndPoint@6b9b1a0c{/127.0.0.1:55864<->/127.0.0.1:8080,CLOSED,fill=FI,flush=-,to=282/0}{io=1/1,kio=-1,kro=-1}->HttpConnection@3396b0fb[p=HttpParser{s=START,0 of -1},g=HttpGenerator@6e87ff{s=START}]=>HttpChannelOverHttp@71793d79{r=1,c=false,a=IDLE,uri=null}}
14:17:11.915 [jetty task-18] DEBUG org.eclipse.jetty.http.HttpParser - close HttpParser{s=START,0 of -1}
14:17:11.915 [jetty task-18] DEBUG org.eclipse.jetty.http.HttpParser - START --> CLOSE
14:17:11.915 [jetty task-18] DEBUG org.eclipse.jetty.io.AbstractConnection - HttpConnection@3396b0fb[p=HttpParser{s=CLOSE,0 of -1},g=HttpGenerator@6e87ff{s=START}]=>HttpChannelOverHttp@71793d79{r=1,c=false,a=IDLE,uri=null}<-SocketChannelEndPoint@6b9b1a0c{/127.0.0.1:55864<->/127.0.0.1:8080,CLOSED,fill=-,flush=-,to=282/0}{io=1/1,kio=-1,kro=-1}->HttpConnection@3396b0fb[p=HttpParser{s=CLOSE,0 of -1},g=HttpGenerator@6e87ff{s=START}]=>HttpChannelOverHttp@71793d79{r=1,c=false,a=IDLE,uri=null} onFillInterestedFailed {}
14:17:11.916 [jetty task-18] DEBUG org.eclipse.jetty.io.ManagedSelector - Queued change org.eclipse.jetty.io.ManagedSelector$$Lambda$172/1281113573@594679bc on org.eclipse.jetty.io.ManagedSelector@3803d43d id=1 keys=10 selected=0
14:17:11.916 [jetty task-18] DEBUG org.eclipse.jetty.util.thread.strategy.ExecutingExecutionStrategy - EPC Pend/org.eclipse.jetty.io.ManagedSelector$SelectorProducer@6f90d7cf invoked org.eclipse.jetty.io.ManagedSelector$EndPointCloser@41fe39f4
14:17:11.916 [jetty task-18] DEBUG org.eclipse.jetty.util.thread.strategy.ExecuteProduceConsume - EPC Pend/org.eclipse.jetty.io.ManagedSelector$SelectorProducer@6f90d7cf ran org.eclipse.jetty.io.ManagedSelector$EndPointCloser@41fe39f4
14:17:11.916 [jetty task-18] DEBUG org.eclipse.jetty.util.thread.strategy.ExecuteProduceConsume - EPC Prod/Pend/org.eclipse.jetty.io.ManagedSelector$SelectorProducer@6f90d7cf producing
14:17:11.916 [jetty task-18] DEBUG org.eclipse.jetty.util.thread.strategy.ExecuteProduceConsume - EPC Prod/Pend/org.eclipse.jetty.io.ManagedSelector$SelectorProducer@6f90d7cf produced org.eclipse.jetty.io.ManagedSelector$EndPointCloser@48617d99
14:17:11.916 [jetty task-18] DEBUG org.eclipse.jetty.util.thread.strategy.ExecuteProduceConsume - EPC Pend/org.eclipse.jetty.io.ManagedSelector$SelectorProducer@6f90d7cf run org.eclipse.jetty.io.ManagedSelector$EndPointCloser@48617d99
14:17:11.916 [jetty task-18] DEBUG org.eclipse.jetty.util.thread.strategy.ExecutingExecutionStrategy - EPC Pend/org.eclipse.jetty.io.ManagedSelector$SelectorProducer@6f90d7cf invoke  org.eclipse.jetty.io.ManagedSelector$EndPointCloser@48617d99
14:17:11.916 [jetty task-18] DEBUG org.eclipse.jetty.io.ChannelEndPoint - doClose SocketChannelEndPoint@1e5fa6ec{/127.0.0.1:55862<->/127.0.0.1:8080,CLOSED,fill=FI,flush=-,to=476/0}{io=1/1,kio=1,kro=1}->HttpConnection@7203a2ad[p=HttpParser{s=START,0 of -1},g=HttpGenerator@118802c7{s=START}]=>HttpChannelOverHttp@46ebc0b2{r=1,c=false,a=IDLE,uri=null}
14:17:11.916 [jetty task-18] DEBUG org.eclipse.jetty.io.WriteFlusher - ignored: WriteFlusher@696e72d4{IDLE}->null {}
14:17:11.916 [jetty task-18] DEBUG org.eclipse.jetty.io.FillInterest - FillInterest@97eae14{true,AC.ReadCB@7203a2ad{HttpConnection@7203a2ad[p=HttpParser{s=START,0 of -1},g=HttpGenerator@118802c7{s=START}]=>HttpChannelOverHttp@46ebc0b2{r=1,c=false,a=IDLE,uri=null}<-SocketChannelEndPoint@1e5fa6ec{/127.0.0.1:55862<->/127.0.0.1:8080,CLOSED,fill=FI,flush=-,to=476/0}{io=1/1,kio=-1,kro=-1}->HttpConnection@7203a2ad[p=HttpParser{s=START,0 of -1},g=HttpGenerator@118802c7{s=START}]=>HttpChannelOverHttp@46ebc0b2{r=1,c=false,a=IDLE,uri=null}}} onClose AC.ReadCB@7203a2ad{HttpConnection@7203a2ad[p=HttpParser{s=START,0 of -1},g=HttpGenerator@118802c7{s=START}]=>HttpChannelOverHttp@46ebc0b2{r=1,c=false,a=IDLE,uri=null}<-SocketChannelEndPoint@1e5fa6ec{/127.0.0.1:55862<->/127.0.0.1:8080,CLOSED,fill=FI,flush=-,to=476/0}{io=1/1,kio=-1,kro=-1}->HttpConnection@7203a2ad[p=HttpParser{s=START,0 of -1},g=HttpGenerator@118802c7{s=START}]=>HttpChannelOverHttp@46ebc0b2{r=1,c=false,a=IDLE,uri=null}}
14:17:11.916 [jetty task-18] DEBUG org.eclipse.jetty.http.HttpParser - close HttpParser{s=START,0 of -1}
14:17:11.916 [jetty task-18] DEBUG org.eclipse.jetty.http.HttpParser - START --> CLOSE
14:17:11.916 [jetty task-18] DEBUG org.eclipse.jetty.io.AbstractConnection - HttpConnection@7203a2ad[p=HttpParser{s=CLOSE,0 of -1},g=HttpGenerator@118802c7{s=START}]=>HttpChannelOverHttp@46ebc0b2{r=1,c=false,a=IDLE,uri=null}<-SocketChannelEndPoint@1e5fa6ec{/127.0.0.1:55862<->/127.0.0.1:8080,CLOSED,fill=-,flush=-,to=476/0}{io=1/1,kio=-1,kro=-1}->HttpConnection@7203a2ad[p=HttpParser{s=CLOSE,0 of -1},g=HttpGenerator@118802c7{s=START}]=>HttpChannelOverHttp@46ebc0b2{r=1,c=false,a=IDLE,uri=null} onFillInterestedFailed {}
14:17:11.917 [jetty task-18] DEBUG org.eclipse.jetty.io.ManagedSelector - Queued change org.eclipse.jetty.io.ManagedSelector$$Lambda$172/1281113573@7fe11bf7 on org.eclipse.jetty.io.ManagedSelector@3803d43d id=1 keys=10 selected=0
14:17:11.917 [jetty task-18] DEBUG org.eclipse.jetty.util.thread.strategy.ExecutingExecutionStrategy - EPC Pend/org.eclipse.jetty.io.ManagedSelector$SelectorProducer@6f90d7cf invoked org.eclipse.jetty.io.ManagedSelector$EndPointCloser@48617d99
14:17:11.917 [jetty task-18] DEBUG org.eclipse.jetty.util.thread.strategy.ExecuteProduceConsume - EPC Pend/org.eclipse.jetty.io.ManagedSelector$SelectorProducer@6f90d7cf ran org.eclipse.jetty.io.ManagedSelector$EndPointCloser@48617d99
14:17:11.917 [jetty task-18] DEBUG org.eclipse.jetty.util.thread.strategy.ExecuteProduceConsume - EPC Prod/Pend/org.eclipse.jetty.io.ManagedSelector$SelectorProducer@6f90d7cf producing
14:17:11.917 [jetty task-18] DEBUG org.eclipse.jetty.util.thread.strategy.ExecuteProduceConsume - EPC Prod/Pend/org.eclipse.jetty.io.ManagedSelector$SelectorProducer@6f90d7cf produced org.eclipse.jetty.io.ManagedSelector$EndPointCloser@1d12531e
14:17:11.917 [jetty task-18] DEBUG org.eclipse.jetty.util.thread.strategy.ExecuteProduceConsume - EPC Pend/org.eclipse.jetty.io.ManagedSelector$SelectorProducer@6f90d7cf run org.eclipse.jetty.io.ManagedSelector$EndPointCloser@1d12531e
14:17:11.917 [jetty task-18] DEBUG org.eclipse.jetty.util.thread.strategy.ExecutingExecutionStrategy - EPC Pend/org.eclipse.jetty.io.ManagedSelector$SelectorProducer@6f90d7cf invoke  org.eclipse.jetty.io.ManagedSelector$EndPointCloser@1d12531e
14:17:11.917 [jetty task-18] DEBUG org.eclipse.jetty.io.ChannelEndPoint - doClose SocketChannelEndPoint@7bab885c{/127.0.0.1:55867<->/127.0.0.1:8080,CLOSED,fill=FI,flush=-,to=120/0}{io=1/1,kio=1,kro=1}->HttpConnection@1a75c0d9[p=HttpParser{s=START,0 of -1},g=HttpGenerator@3d3b52a3{s=START}]=>HttpChannelOverHttp@2f93b79e{r=1,c=false,a=IDLE,uri=null}
14:17:11.917 [jetty task-18] DEBUG org.eclipse.jetty.io.WriteFlusher - ignored: WriteFlusher@8283558{IDLE}->null {}
14:17:11.917 [jetty task-18] DEBUG org.eclipse.jetty.io.FillInterest - FillInterest@fa63ddd{true,AC.ReadCB@1a75c0d9{HttpConnection@1a75c0d9[p=HttpParser{s=START,0 of -1},g=HttpGenerator@3d3b52a3{s=START}]=>HttpChannelOverHttp@2f93b79e{r=1,c=false,a=IDLE,uri=null}<-SocketChannelEndPoint@7bab885c{/127.0.0.1:55867<->/127.0.0.1:8080,CLOSED,fill=FI,flush=-,to=120/0}{io=1/1,kio=-1,kro=-1}->HttpConnection@1a75c0d9[p=HttpParser{s=START,0 of -1},g=HttpGenerator@3d3b52a3{s=START}]=>HttpChannelOverHttp@2f93b79e{r=1,c=false,a=IDLE,uri=null}}} onClose AC.ReadCB@1a75c0d9{HttpConnection@1a75c0d9[p=HttpParser{s=START,0 of -1},g=HttpGenerator@3d3b52a3{s=START}]=>HttpChannelOverHttp@2f93b79e{r=1,c=false,a=IDLE,uri=null}<-SocketChannelEndPoint@7bab885c{/127.0.0.1:55867<->/127.0.0.1:8080,CLOSED,fill=FI,flush=-,to=120/0}{io=1/1,kio=-1,kro=-1}->HttpConnection@1a75c0d9[p=HttpParser{s=START,0 of -1},g=HttpGenerator@3d3b52a3{s=START}]=>HttpChannelOverHttp@2f93b79e{r=1,c=false,a=IDLE,uri=null}}
14:17:11.917 [jetty task-18] DEBUG org.eclipse.jetty.http.HttpParser - close HttpParser{s=START,0 of -1}
14:17:11.917 [jetty task-18] DEBUG org.eclipse.jetty.http.HttpParser - START --> CLOSE
14:17:11.917 [jetty task-18] DEBUG org.eclipse.jetty.io.AbstractConnection - HttpConnection@1a75c0d9[p=HttpParser{s=CLOSE,0 of -1},g=HttpGenerator@3d3b52a3{s=START}]=>HttpChannelOverHttp@2f93b79e{r=1,c=false,a=IDLE,uri=null}<-SocketChannelEndPoint@7bab885c{/127.0.0.1:55867<->/127.0.0.1:8080,CLOSED,fill=-,flush=-,to=120/0}{io=1/1,kio=-1,kro=-1}->HttpConnection@1a75c0d9[p=HttpParser{s=CLOSE,0 of -1},g=HttpGenerator@3d3b52a3{s=START}]=>HttpChannelOverHttp@2f93b79e{r=1,c=false,a=IDLE,uri=null} onFillInterestedFailed {}
14:17:11.917 [jetty task-18] DEBUG org.eclipse.jetty.io.ManagedSelector - Queued change org.eclipse.jetty.io.ManagedSelector$$Lambda$172/1281113573@75d3c98e on org.eclipse.jetty.io.ManagedSelector@3803d43d id=1 keys=10 selected=0
14:17:11.917 [jetty task-18] DEBUG org.eclipse.jetty.util.thread.strategy.ExecutingExecutionStrategy - EPC Pend/org.eclipse.jetty.io.ManagedSelector$SelectorProducer@6f90d7cf invoked org.eclipse.jetty.io.ManagedSelector$EndPointCloser@1d12531e
14:17:11.917 [jetty task-18] DEBUG org.eclipse.jetty.util.thread.strategy.ExecuteProduceConsume - EPC Pend/org.eclipse.jetty.io.ManagedSelector$SelectorProducer@6f90d7cf ran org.eclipse.jetty.io.ManagedSelector$EndPointCloser@1d12531e
14:17:11.917 [jetty task-18] DEBUG org.eclipse.jetty.util.thread.strategy.ExecuteProduceConsume - EPC Prod/Pend/org.eclipse.jetty.io.ManagedSelector$SelectorProducer@6f90d7cf producing
14:17:11.917 [jetty task-18] DEBUG org.eclipse.jetty.util.thread.strategy.ExecuteProduceConsume - EPC Prod/Pend/org.eclipse.jetty.io.ManagedSelector$SelectorProducer@6f90d7cf produced org.eclipse.jetty.io.ManagedSelector$EndPointCloser@2833c913
14:17:11.917 [jetty task-18] DEBUG org.eclipse.jetty.util.thread.strategy.ExecuteProduceConsume - EPC Pend/org.eclipse.jetty.io.ManagedSelector$SelectorProducer@6f90d7cf run org.eclipse.jetty.io.ManagedSelector$EndPointCloser@2833c913
14:17:11.917 [jetty task-18] DEBUG org.eclipse.jetty.util.thread.strategy.ExecutingExecutionStrategy - EPC Pend/org.eclipse.jetty.io.ManagedSelector$SelectorProducer@6f90d7cf invoke  org.eclipse.jetty.io.ManagedSelector$EndPointCloser@2833c913
14:17:11.918 [jetty task-18] DEBUG org.eclipse.jetty.io.ChannelEndPoint - doClose SocketChannelEndPoint@272c3796{/127.0.0.1:55870<->/127.0.0.1:8080,CLOSED,fill=FI,flush=-,to=62/0}{io=1/1,kio=1,kro=1}->HttpConnection@697a39be[p=HttpParser{s=START,0 of -1},g=HttpGenerator@2f2c3380{s=START}]=>HttpChannelOverHttp@7b07fc6f{r=1,c=false,a=IDLE,uri=null}
14:17:11.918 [jetty task-23] DEBUG org.eclipse.jetty.util.thread.QueuedThreadPool - run EPC Pend/org.eclipse.jetty.io.ManagedSelector$SelectorProducer@6f90d7cf
14:17:11.918 [jetty task-23] DEBUG org.eclipse.jetty.util.thread.strategy.ExecuteProduceConsume - EPC Pend/org.eclipse.jetty.io.ManagedSelector$SelectorProducer@6f90d7cf run
14:17:11.918 [jetty task-18] DEBUG org.eclipse.jetty.io.WriteFlusher - ignored: WriteFlusher@47c2fc26{IDLE}->null {}
14:17:11.918 [jetty task-23] DEBUG org.eclipse.jetty.util.thread.strategy.ExecuteProduceConsume - EPC Prod/org.eclipse.jetty.io.ManagedSelector$SelectorProducer@6f90d7cf produce enter
14:17:11.918 [jetty task-18] DEBUG org.eclipse.jetty.io.FillInterest - FillInterest@6b0c568e{true,AC.ReadCB@697a39be{HttpConnection@697a39be[p=HttpParser{s=START,0 of -1},g=HttpGenerator@2f2c3380{s=START}]=>HttpChannelOverHttp@7b07fc6f{r=1,c=false,a=IDLE,uri=null}<-SocketChannelEndPoint@272c3796{/127.0.0.1:55870<->/127.0.0.1:8080,CLOSED,fill=FI,flush=-,to=63/0}{io=1/1,kio=-1,kro=-1}->HttpConnection@697a39be[p=HttpParser{s=START,0 of -1},g=HttpGenerator@2f2c3380{s=START}]=>HttpChannelOverHttp@7b07fc6f{r=1,c=false,a=IDLE,uri=null}}} onClose AC.ReadCB@697a39be{HttpConnection@697a39be[p=HttpParser{s=START,0 of -1},g=HttpGenerator@2f2c3380{s=START}]=>HttpChannelOverHttp@7b07fc6f{r=1,c=false,a=IDLE,uri=null}<-SocketChannelEndPoint@272c3796{/127.0.0.1:55870<->/127.0.0.1:8080,CLOSED,fill=FI,flush=-,to=63/0}{io=1/1,kio=-1,kro=-1}->HttpConnection@697a39be[p=HttpParser{s=START,0 of -1},g=HttpGenerator@2f2c3380{s=START}]=>HttpChannelOverHttp@7b07fc6f{r=1,c=false,a=IDLE,uri=null}}
14:17:11.918 [jetty task-23] DEBUG org.eclipse.jetty.util.thread.strategy.ExecuteProduceConsume - EPC Prod/org.eclipse.jetty.io.ManagedSelector$SelectorProducer@6f90d7cf producing
14:17:11.918 [jetty task-18] DEBUG org.eclipse.jetty.http.HttpParser - close HttpParser{s=START,0 of -1}
14:17:11.918 [jetty task-23] DEBUG org.eclipse.jetty.util.thread.strategy.ExecuteProduceConsume - EPC Prod/org.eclipse.jetty.io.ManagedSelector$SelectorProducer@6f90d7cf produced org.eclipse.jetty.io.ManagedSelector$EndPointCloser@18326478
14:17:11.918 [jetty task-18] DEBUG org.eclipse.jetty.http.HttpParser - START --> CLOSE
14:17:11.918 [jetty task-23] DEBUG org.eclipse.jetty.util.thread.strategy.ExecuteProduceConsume - EPC Pend/org.eclipse.jetty.io.ManagedSelector$SelectorProducer@6f90d7cf dispatch
14:17:11.918 [jetty task-18] DEBUG org.eclipse.jetty.io.AbstractConnection - HttpConnection@697a39be[p=HttpParser{s=CLOSE,0 of -1},g=HttpGenerator@2f2c3380{s=START}]=>HttpChannelOverHttp@7b07fc6f{r=1,c=false,a=IDLE,uri=null}<-SocketChannelEndPoint@272c3796{/127.0.0.1:55870<->/127.0.0.1:8080,CLOSED,fill=-,flush=-,to=63/0}{io=1/1,kio=-1,kro=-1}->HttpConnection@697a39be[p=HttpParser{s=CLOSE,0 of -1},g=HttpGenerator@2f2c3380{s=START}]=>HttpChannelOverHttp@7b07fc6f{r=1,c=false,a=IDLE,uri=null} onFillInterestedFailed {}
14:17:11.918 [jetty task-23] DEBUG org.eclipse.jetty.util.thread.QueuedThreadPool - queue EPC Pend/org.eclipse.jetty.io.ManagedSelector$SelectorProducer@6f90d7cf
14:17:11.918 [jetty task-18] DEBUG org.eclipse.jetty.io.ManagedSelector - Queued change org.eclipse.jetty.io.ManagedSelector$$Lambda$172/1281113573@584d71c4 on org.eclipse.jetty.io.ManagedSelector@3803d43d id=1 keys=10 selected=0
14:17:11.918 [jetty task-23] DEBUG org.eclipse.jetty.util.thread.strategy.ExecuteProduceConsume - EPC Pend/org.eclipse.jetty.io.ManagedSelector$SelectorProducer@6f90d7cf run org.eclipse.jetty.io.ManagedSelector$EndPointCloser@18326478
14:17:11.919 [jetty task-18] DEBUG org.eclipse.jetty.util.thread.strategy.ExecutingExecutionStrategy - EPC Pend/org.eclipse.jetty.io.ManagedSelector$SelectorProducer@6f90d7cf invoked org.eclipse.jetty.io.ManagedSelector$EndPointCloser@2833c913
14:17:11.919 [jetty task-16] DEBUG org.eclipse.jetty.util.thread.QueuedThreadPool - run EPC Pend/org.eclipse.jetty.io.ManagedSelector$SelectorProducer@6f90d7cf
14:17:11.919 [jetty task-23] DEBUG org.eclipse.jetty.util.thread.strategy.ExecutingExecutionStrategy - EPC Pend/org.eclipse.jetty.io.ManagedSelector$SelectorProducer@6f90d7cf invoke  org.eclipse.jetty.io.ManagedSelector$EndPointCloser@18326478
14:17:11.919 [jetty task-18] DEBUG org.eclipse.jetty.util.thread.strategy.ExecuteProduceConsume - EPC Pend/org.eclipse.jetty.io.ManagedSelector$SelectorProducer@6f90d7cf ran org.eclipse.jetty.io.ManagedSelector$EndPointCloser@2833c913
14:17:11.919 [jetty task-16] DEBUG org.eclipse.jetty.util.thread.strategy.ExecuteProduceConsume - EPC Pend/org.eclipse.jetty.io.ManagedSelector$SelectorProducer@6f90d7cf run
14:17:11.919 [jetty task-23] DEBUG org.eclipse.jetty.io.ChannelEndPoint - doClose SocketChannelEndPoint@1ad5384b{/127.0.0.1:55873<->/127.0.0.1:8080,CLOSED,fill=FI,flush=-,to=11/0}{io=1/1,kio=1,kro=1}->HttpConnection@2e83b710[p=HttpParser{s=START,0 of -1},g=HttpGenerator@1da7d5eb{s=START}]=>HttpChannelOverHttp@395eabe0{r=1,c=false,a=IDLE,uri=null}
14:17:11.919 [jetty task-18] DEBUG org.eclipse.jetty.util.thread.strategy.ExecuteProduceConsume - EPC Prod/Pend/org.eclipse.jetty.io.ManagedSelector$SelectorProducer@6f90d7cf producing
14:17:11.919 [jetty task-16] DEBUG org.eclipse.jetty.util.thread.QueuedThreadPool - ran EPC Prod/org.eclipse.jetty.io.ManagedSelector$SelectorProducer@6f90d7cf
14:17:11.919 [jetty task-23] DEBUG org.eclipse.jetty.io.WriteFlusher - ignored: WriteFlusher@28426193{IDLE}->null {}
14:17:11.919 [jetty task-18] DEBUG org.eclipse.jetty.util.thread.strategy.ExecuteProduceConsume - EPC Prod/org.eclipse.jetty.io.ManagedSelector$SelectorProducer@6f90d7cf produced org.eclipse.jetty.io.ManagedSelector$EndPointCloser@5b7c5f52
14:17:11.919 [jetty task-23] DEBUG org.eclipse.jetty.io.FillInterest - FillInterest@51ea6c14{true,AC.ReadCB@2e83b710{HttpConnection@2e83b710[p=HttpParser{s=START,0 of -1},g=HttpGenerator@1da7d5eb{s=START}]=>HttpChannelOverHttp@395eabe0{r=1,c=false,a=IDLE,uri=null}<-SocketChannelEndPoint@1ad5384b{/127.0.0.1:55873<->/127.0.0.1:8080,CLOSED,fill=FI,flush=-,to=11/0}{io=1/1,kio=-1,kro=-1}->HttpConnection@2e83b710[p=HttpParser{s=START,0 of -1},g=HttpGenerator@1da7d5eb{s=START}]=>HttpChannelOverHttp@395eabe0{r=1,c=false,a=IDLE,uri=null}}} onClose AC.ReadCB@2e83b710{HttpConnection@2e83b710[p=HttpParser{s=START,0 of -1},g=HttpGenerator@1da7d5eb{s=START}]=>HttpChannelOverHttp@395eabe0{r=1,c=false,a=IDLE,uri=null}<-SocketChannelEndPoint@1ad5384b{/127.0.0.1:55873<->/127.0.0.1:8080,CLOSED,fill=FI,flush=-,to=11/0}{io=1/1,kio=-1,kro=-1}->HttpConnection@2e83b710[p=HttpParser{s=START,0 of -1},g=HttpGenerator@1da7d5eb{s=START}]=>HttpChannelOverHttp@395eabe0{r=1,c=false,a=IDLE,uri=null}}
14:17:11.919 [jetty task-18] DEBUG org.eclipse.jetty.util.thread.strategy.ExecuteProduceConsume - EPC Pend/org.eclipse.jetty.io.ManagedSelector$SelectorProducer@6f90d7cf dispatch
14:17:11.919 [jetty task-23] DEBUG org.eclipse.jetty.http.HttpParser - close HttpParser{s=START,0 of -1}
14:17:11.919 [jetty task-18] DEBUG org.eclipse.jetty.util.thread.QueuedThreadPool - queue EPC Pend/org.eclipse.jetty.io.ManagedSelector$SelectorProducer@6f90d7cf
14:17:11.919 [jetty task-23] DEBUG org.eclipse.jetty.http.HttpParser - START --> CLOSE
14:17:11.920 [jetty task-18] DEBUG org.eclipse.jetty.util.thread.strategy.ExecuteProduceConsume - EPC Pend/org.eclipse.jetty.io.ManagedSelector$SelectorProducer@6f90d7cf run org.eclipse.jetty.io.ManagedSelector$EndPointCloser@5b7c5f52
14:17:11.920 [jetty task-23] DEBUG org.eclipse.jetty.io.AbstractConnection - HttpConnection@2e83b710[p=HttpParser{s=CLOSE,0 of -1},g=HttpGenerator@1da7d5eb{s=START}]=>HttpChannelOverHttp@395eabe0{r=1,c=false,a=IDLE,uri=null}<-SocketChannelEndPoint@1ad5384b{/127.0.0.1:55873<->/127.0.0.1:8080,CLOSED,fill=-,flush=-,to=12/0}{io=1/1,kio=-1,kro=-1}->HttpConnection@2e83b710[p=HttpParser{s=CLOSE,0 of -1},g=HttpGenerator@1da7d5eb{s=START}]=>HttpChannelOverHttp@395eabe0{r=1,c=false,a=IDLE,uri=null} onFillInterestedFailed {}
14:17:11.920 [jetty task-16] DEBUG org.eclipse.jetty.util.thread.QueuedThreadPool - run EPC Pend/org.eclipse.jetty.io.ManagedSelector$SelectorProducer@6f90d7cf
14:17:11.920 [jetty task-18] DEBUG org.eclipse.jetty.util.thread.strategy.ExecutingExecutionStrategy - EPC Pend/org.eclipse.jetty.io.ManagedSelector$SelectorProducer@6f90d7cf invoke  org.eclipse.jetty.io.ManagedSelector$EndPointCloser@5b7c5f52
14:17:11.920 [jetty task-23] DEBUG org.eclipse.jetty.io.ManagedSelector - Queued change org.eclipse.jetty.io.ManagedSelector$$Lambda$172/1281113573@16db1369 on org.eclipse.jetty.io.ManagedSelector@3803d43d id=1 keys=10 selected=0
14:17:11.920 [jetty task-16] DEBUG org.eclipse.jetty.util.thread.strategy.ExecuteProduceConsume - EPC Pend/org.eclipse.jetty.io.ManagedSelector$SelectorProducer@6f90d7cf run
14:17:11.920 [jetty task-18] DEBUG org.eclipse.jetty.io.ChannelEndPoint - doClose SocketChannelEndPoint@334b32b{/127.0.0.1:55872<->/127.0.0.1:8080,CLOSED,fill=FI,flush=-,to=26/0}{io=1/1,kio=1,kro=1}->HttpConnection@520e7577[p=HttpParser{s=START,0 of -1},g=HttpGenerator@740539f6{s=START}]=>HttpChannelOverHttp@740337ab{r=1,c=false,a=IDLE,uri=null}
14:17:11.920 [jetty task-23] DEBUG org.eclipse.jetty.util.thread.strategy.ExecutingExecutionStrategy - EPC Pend/org.eclipse.jetty.io.ManagedSelector$SelectorProducer@6f90d7cf invoked org.eclipse.jetty.io.ManagedSelector$EndPointCloser@18326478
14:17:11.920 [jetty task-16] DEBUG org.eclipse.jetty.util.thread.strategy.ExecuteProduceConsume - EPC Prod/org.eclipse.jetty.io.ManagedSelector$SelectorProducer@6f90d7cf produce enter
14:17:11.920 [jetty task-18] DEBUG org.eclipse.jetty.io.WriteFlusher - ignored: WriteFlusher@54aee0d9{IDLE}->null {}
14:17:11.920 [jetty task-23] DEBUG org.eclipse.jetty.util.thread.strategy.ExecuteProduceConsume - EPC Prod/org.eclipse.jetty.io.ManagedSelector$SelectorProducer@6f90d7cf ran org.eclipse.jetty.io.ManagedSelector$EndPointCloser@18326478
14:17:11.920 [jetty task-16] DEBUG org.eclipse.jetty.util.thread.strategy.ExecuteProduceConsume - EPC Prod/org.eclipse.jetty.io.ManagedSelector$SelectorProducer@6f90d7cf producing
14:17:11.921 [jetty task-18] DEBUG org.eclipse.jetty.io.FillInterest - FillInterest@19d6f6b2{true,AC.ReadCB@520e7577{HttpConnection@520e7577[p=HttpParser{s=START,0 of -1},g=HttpGenerator@740539f6{s=START}]=>HttpChannelOverHttp@740337ab{r=1,c=false,a=IDLE,uri=null}<-SocketChannelEndPoint@334b32b{/127.0.0.1:55872<->/127.0.0.1:8080,CLOSED,fill=FI,flush=-,to=26/0}{io=1/1,kio=-1,kro=-1}->HttpConnection@520e7577[p=HttpParser{s=START,0 of -1},g=HttpGenerator@740539f6{s=START}]=>HttpChannelOverHttp@740337ab{r=1,c=false,a=IDLE,uri=null}}} onClose AC.ReadCB@520e7577{HttpConnection@520e7577[p=HttpParser{s=START,0 of -1},g=HttpGenerator@740539f6{s=START}]=>HttpChannelOverHttp@740337ab{r=1,c=false,a=IDLE,uri=null}<-SocketChannelEndPoint@334b32b{/127.0.0.1:55872<->/127.0.0.1:8080,CLOSED,fill=FI,flush=-,to=26/0}{io=1/1,kio=-1,kro=-1}->HttpConnection@520e7577[p=HttpParser{s=START,0 of -1},g=HttpGenerator@740539f6{s=START}]=>HttpChannelOverHttp@740337ab{r=1,c=false,a=IDLE,uri=null}}
14:17:11.921 [jetty task-23] DEBUG org.eclipse.jetty.util.thread.strategy.ExecuteProduceConsume - EPC Prod/org.eclipse.jetty.io.ManagedSelector$SelectorProducer@6f90d7cf produce exit
14:17:11.921 [jetty task-16] DEBUG org.eclipse.jetty.util.thread.strategy.ExecuteProduceConsume - EPC Prod/org.eclipse.jetty.io.ManagedSelector$SelectorProducer@6f90d7cf produced org.eclipse.jetty.io.ManagedSelector$EndPointCloser@54f96d80
14:17:11.921 [jetty task-18] DEBUG org.eclipse.jetty.http.HttpParser - close HttpParser{s=START,0 of -1}
14:17:11.921 [jetty task-23] DEBUG org.eclipse.jetty.util.thread.QueuedThreadPool - ran EPC Prod/org.eclipse.jetty.io.ManagedSelector$SelectorProducer@6f90d7cf
14:17:11.921 [jetty task-16] DEBUG org.eclipse.jetty.util.thread.strategy.ExecuteProduceConsume - EPC Pend/org.eclipse.jetty.io.ManagedSelector$SelectorProducer@6f90d7cf dispatch
14:17:11.921 [jetty task-18] DEBUG org.eclipse.jetty.http.HttpParser - START --> CLOSE
14:17:11.921 [jetty task-16] DEBUG org.eclipse.jetty.util.thread.QueuedThreadPool - queue EPC Pend/org.eclipse.jetty.io.ManagedSelector$SelectorProducer@6f90d7cf
14:17:11.921 [jetty task-18] DEBUG org.eclipse.jetty.io.AbstractConnection - HttpConnection@520e7577[p=HttpParser{s=CLOSE,0 of -1},g=HttpGenerator@740539f6{s=START}]=>HttpChannelOverHttp@740337ab{r=1,c=false,a=IDLE,uri=null}<-SocketChannelEndPoint@334b32b{/127.0.0.1:55872<->/127.0.0.1:8080,CLOSED,fill=-,flush=-,to=27/0}{io=1/1,kio=-1,kro=-1}->HttpConnection@520e7577[p=HttpParser{s=CLOSE,0 of -1},g=HttpGenerator@740539f6{s=START}]=>HttpChannelOverHttp@740337ab{r=1,c=false,a=IDLE,uri=null} onFillInterestedFailed {}
14:17:11.921 [jetty task-16] DEBUG org.eclipse.jetty.util.thread.strategy.ExecuteProduceConsume - EPC Pend/org.eclipse.jetty.io.ManagedSelector$SelectorProducer@6f90d7cf run org.eclipse.jetty.io.ManagedSelector$EndPointCloser@54f96d80
14:17:11.921 [jetty task-18] DEBUG org.eclipse.jetty.io.ManagedSelector - Queued change org.eclipse.jetty.io.ManagedSelector$$Lambda$172/1281113573@322c78e8 on org.eclipse.jetty.io.ManagedSelector@3803d43d id=1 keys=10 selected=0
14:17:11.921 [jetty task-23] DEBUG org.eclipse.jetty.util.thread.QueuedThreadPool - run EPC Pend/org.eclipse.jetty.io.ManagedSelector$SelectorProducer@6f90d7cf
14:17:11.921 [jetty task-16] DEBUG org.eclipse.jetty.util.thread.strategy.ExecutingExecutionStrategy - EPC Pend/org.eclipse.jetty.io.ManagedSelector$SelectorProducer@6f90d7cf invoke  org.eclipse.jetty.io.ManagedSelector$EndPointCloser@54f96d80
14:17:11.921 [jetty task-18] DEBUG org.eclipse.jetty.util.thread.strategy.ExecutingExecutionStrategy - EPC Pend/org.eclipse.jetty.io.ManagedSelector$SelectorProducer@6f90d7cf invoked org.eclipse.jetty.io.ManagedSelector$EndPointCloser@5b7c5f52
14:17:11.921 [jetty task-23] DEBUG org.eclipse.jetty.util.thread.strategy.ExecuteProduceConsume - EPC Pend/org.eclipse.jetty.io.ManagedSelector$SelectorProducer@6f90d7cf run
14:17:11.921 [jetty task-18] DEBUG org.eclipse.jetty.util.thread.strategy.ExecuteProduceConsume - EPC Pend/org.eclipse.jetty.io.ManagedSelector$SelectorProducer@6f90d7cf ran org.eclipse.jetty.io.ManagedSelector$EndPointCloser@5b7c5f52
14:17:11.921 [jetty task-23] DEBUG org.eclipse.jetty.util.thread.strategy.ExecuteProduceConsume - EPC Prod/org.eclipse.jetty.io.ManagedSelector$SelectorProducer@6f90d7cf produce enter
14:17:11.922 [jetty task-18] DEBUG org.eclipse.jetty.util.thread.strategy.ExecuteProduceConsume - EPC Prod/org.eclipse.jetty.io.ManagedSelector$SelectorProducer@6f90d7cf produce exit
14:17:11.922 [jetty task-16] DEBUG org.eclipse.jetty.io.ChannelEndPoint - doClose SocketChannelEndPoint@2031d9c9{/127.0.0.1:55861<->/127.0.0.1:8080,CLOSED,fill=FI,flush=-,to=557/0}{io=1/1,kio=1,kro=1}->HttpConnection@1b949d16[p=HttpParser{s=START,0 of -1},g=HttpGenerator@35c5f03c{s=START}]=>HttpChannelOverHttp@783fb51d{r=1,c=false,a=IDLE,uri=null}
14:17:11.922 [jetty task-23] DEBUG org.eclipse.jetty.util.thread.strategy.ExecuteProduceConsume - EPC Prod/org.eclipse.jetty.io.ManagedSelector$SelectorProducer@6f90d7cf producing
14:17:11.922 [jetty task-18] DEBUG org.eclipse.jetty.util.thread.QueuedThreadPool - ran EPC Prod/org.eclipse.jetty.io.ManagedSelector$SelectorProducer@6f90d7cf
14:17:11.922 [jetty task-16] DEBUG org.eclipse.jetty.io.WriteFlusher - ignored: WriteFlusher@7ba4691c{IDLE}->null {}
14:17:11.922 [jetty task-23] DEBUG org.eclipse.jetty.util.thread.strategy.ExecuteProduceConsume - EPC Prod/org.eclipse.jetty.io.ManagedSelector$SelectorProducer@6f90d7cf produced org.eclipse.jetty.io.ManagedSelector$EndPointCloser@62345d5d
14:17:11.922 [jetty task-16] DEBUG org.eclipse.jetty.io.FillInterest - FillInterest@30572cc4{true,AC.ReadCB@1b949d16{HttpConnection@1b949d16[p=HttpParser{s=START,0 of -1},g=HttpGenerator@35c5f03c{s=START}]=>HttpChannelOverHttp@783fb51d{r=1,c=false,a=IDLE,uri=null}<-SocketChannelEndPoint@2031d9c9{/127.0.0.1:55861<->/127.0.0.1:8080,CLOSED,fill=FI,flush=-,to=558/0}{io=1/1,kio=-1,kro=-1}->HttpConnection@1b949d16[p=HttpParser{s=START,0 of -1},g=HttpGenerator@35c5f03c{s=START}]=>HttpChannelOverHttp@783fb51d{r=1,c=false,a=IDLE,uri=null}}} onClose AC.ReadCB@1b949d16{HttpConnection@1b949d16[p=HttpParser{s=START,0 of -1},g=HttpGenerator@35c5f03c{s=START}]=>HttpChannelOverHttp@783fb51d{r=1,c=false,a=IDLE,uri=null}<-SocketChannelEndPoint@2031d9c9{/127.0.0.1:55861<->/127.0.0.1:8080,CLOSED,fill=FI,flush=-,to=558/0}{io=1/1,kio=-1,kro=-1}->HttpConnection@1b949d16[p=HttpParser{s=START,0 of -1},g=HttpGenerator@35c5f03c{s=START}]=>HttpChannelOverHttp@783fb51d{r=1,c=false,a=IDLE,uri=null}}
14:17:11.922 [jetty task-23] DEBUG org.eclipse.jetty.util.thread.strategy.ExecuteProduceConsume - EPC Pend/org.eclipse.jetty.io.ManagedSelector$SelectorProducer@6f90d7cf dispatch
14:17:11.922 [jetty task-16] DEBUG org.eclipse.jetty.http.HttpParser - close HttpParser{s=START,0 of -1}
14:17:11.922 [jetty task-23] DEBUG org.eclipse.jetty.util.thread.QueuedThreadPool - queue EPC Pend/org.eclipse.jetty.io.ManagedSelector$SelectorProducer@6f90d7cf
14:17:11.922 [jetty task-16] DEBUG org.eclipse.jetty.http.HttpParser - START --> CLOSE
14:17:11.922 [jetty task-23] DEBUG org.eclipse.jetty.util.thread.strategy.ExecuteProduceConsume - EPC Pend/org.eclipse.jetty.io.ManagedSelector$SelectorProducer@6f90d7cf run org.eclipse.jetty.io.ManagedSelector$EndPointCloser@62345d5d
14:17:11.923 [jetty task-16] DEBUG org.eclipse.jetty.io.AbstractConnection - HttpConnection@1b949d16[p=HttpParser{s=CLOSE,0 of -1},g=HttpGenerator@35c5f03c{s=START}]=>HttpChannelOverHttp@783fb51d{r=1,c=false,a=IDLE,uri=null}<-SocketChannelEndPoint@2031d9c9{/127.0.0.1:55861<->/127.0.0.1:8080,CLOSED,fill=-,flush=-,to=558/0}{io=1/1,kio=-1,kro=-1}->HttpConnection@1b949d16[p=HttpParser{s=CLOSE,0 of -1},g=HttpGenerator@35c5f03c{s=START}]=>HttpChannelOverHttp@783fb51d{r=1,c=false,a=IDLE,uri=null} onFillInterestedFailed {}
14:17:11.923 [jetty task-23] DEBUG org.eclipse.jetty.util.thread.strategy.ExecutingExecutionStrategy - EPC Pend/org.eclipse.jetty.io.ManagedSelector$SelectorProducer@6f90d7cf invoke  org.eclipse.jetty.io.ManagedSelector$EndPointCloser@62345d5d
14:17:11.923 [jetty task-18] DEBUG org.eclipse.jetty.util.thread.QueuedThreadPool - run EPC Pend/org.eclipse.jetty.io.ManagedSelector$SelectorProducer@6f90d7cf
14:17:11.923 [jetty task-16] DEBUG org.eclipse.jetty.io.ManagedSelector - Queued change org.eclipse.jetty.io.ManagedSelector$$Lambda$172/1281113573@1ed72476 on org.eclipse.jetty.io.ManagedSelector@3803d43d id=1 keys=10 selected=0
14:17:11.923 [jetty task-18] DEBUG org.eclipse.jetty.util.thread.strategy.ExecuteProduceConsume - EPC Pend/org.eclipse.jetty.io.ManagedSelector$SelectorProducer@6f90d7cf run
14:17:11.923 [jetty task-16] DEBUG org.eclipse.jetty.util.thread.strategy.ExecutingExecutionStrategy - EPC Pend/org.eclipse.jetty.io.ManagedSelector$SelectorProducer@6f90d7cf invoked org.eclipse.jetty.io.ManagedSelector$EndPointCloser@54f96d80
14:17:11.923 [jetty task-18] DEBUG org.eclipse.jetty.util.thread.strategy.ExecuteProduceConsume - EPC Prod/org.eclipse.jetty.io.ManagedSelector$SelectorProducer@6f90d7cf produce enter
14:17:11.923 [jetty task-23] DEBUG org.eclipse.jetty.io.ChannelEndPoint - doClose SocketChannelEndPoint@206a2e76{/127.0.0.1:55860<->/127.0.0.1:8080,CLOSED,fill=FI,flush=-,to=662/0}{io=1/1,kio=1,kro=1}->HttpConnection@31ad40e4[p=HttpParser{s=START,0 of -1},g=HttpGenerator@4045d139{s=START}]=>HttpChannelOverHttp@49adbb1b{r=1,c=false,a=IDLE,uri=null}
14:17:11.923 [jetty task-16] DEBUG org.eclipse.jetty.util.thread.strategy.ExecuteProduceConsume - EPC Prod/org.eclipse.jetty.io.ManagedSelector$SelectorProducer@6f90d7cf ran org.eclipse.jetty.io.ManagedSelector$EndPointCloser@54f96d80
14:17:11.923 [jetty task-18] DEBUG org.eclipse.jetty.util.thread.strategy.ExecuteProduceConsume - EPC Prod/org.eclipse.jetty.io.ManagedSelector$SelectorProducer@6f90d7cf producing
14:17:11.923 [jetty task-16] DEBUG org.eclipse.jetty.util.thread.strategy.ExecuteProduceConsume - EPC Prod/org.eclipse.jetty.io.ManagedSelector$SelectorProducer@6f90d7cf produce exit
14:17:11.923 [jetty task-18] DEBUG org.eclipse.jetty.util.thread.strategy.ExecuteProduceConsume - EPC Prod/org.eclipse.jetty.io.ManagedSelector$SelectorProducer@6f90d7cf produced org.eclipse.jetty.io.ManagedSelector$EndPointCloser@69aee4c7
14:17:11.923 [jetty task-16] DEBUG org.eclipse.jetty.util.thread.QueuedThreadPool - ran EPC Prod/org.eclipse.jetty.io.ManagedSelector$SelectorProducer@6f90d7cf
14:17:11.923 [jetty task-18] DEBUG org.eclipse.jetty.util.thread.strategy.ExecuteProduceConsume - EPC Pend/org.eclipse.jetty.io.ManagedSelector$SelectorProducer@6f90d7cf dispatch
14:17:11.923 [jetty task-23] DEBUG org.eclipse.jetty.io.WriteFlusher - ignored: WriteFlusher@7625de6c{IDLE}->null {}
14:17:11.923 [jetty task-18] DEBUG org.eclipse.jetty.util.thread.QueuedThreadPool - queue EPC Pend/org.eclipse.jetty.io.ManagedSelector$SelectorProducer@6f90d7cf
14:17:11.923 [jetty task-18] DEBUG org.eclipse.jetty.util.thread.strategy.ExecuteProduceConsume - EPC Pend/org.eclipse.jetty.io.ManagedSelector$SelectorProducer@6f90d7cf run org.eclipse.jetty.io.ManagedSelector$EndPointCloser@69aee4c7
14:17:11.923 [jetty task-18] DEBUG org.eclipse.jetty.util.thread.strategy.ExecutingExecutionStrategy - EPC Pend/org.eclipse.jetty.io.ManagedSelector$SelectorProducer@6f90d7cf invoke  org.eclipse.jetty.io.ManagedSelector$EndPointCloser@69aee4c7
14:17:11.923 [jetty task-18] DEBUG org.eclipse.jetty.io.ChannelEndPoint - doClose SocketChannelEndPoint@121ac592{/127.0.0.1:55866<->/127.0.0.1:8080,CLOSED,fill=FI,flush=-,to=235/0}{io=1/1,kio=1,kro=1}->HttpConnection@4c365de[p=HttpParser{s=START,0 of -1},g=HttpGenerator@40b10681{s=START}]=>HttpChannelOverHttp@469948cc{r=1,c=false,a=IDLE,uri=null}
14:17:11.923 [jetty task-18] DEBUG org.eclipse.jetty.io.WriteFlusher - ignored: WriteFlusher@6005227c{IDLE}->null {}
14:17:11.923 [jetty task-23] DEBUG org.eclipse.jetty.io.FillInterest - FillInterest@6414cf49{true,AC.ReadCB@31ad40e4{HttpConnection@31ad40e4[p=HttpParser{s=START,0 of -1},g=HttpGenerator@4045d139{s=START}]=>HttpChannelOverHttp@49adbb1b{r=1,c=false,a=IDLE,uri=null}<-SocketChannelEndPoint@206a2e76{/127.0.0.1:55860<->/127.0.0.1:8080,CLOSED,fill=FI,flush=-,to=662/0}{io=1/1,kio=-1,kro=-1}->HttpConnection@31ad40e4[p=HttpParser{s=START,0 of -1},g=HttpGenerator@4045d139{s=START}]=>HttpChannelOverHttp@49adbb1b{r=1,c=false,a=IDLE,uri=null}}} onClose AC.ReadCB@31ad40e4{HttpConnection@31ad40e4[p=HttpParser{s=START,0 of -1},g=HttpGenerator@4045d139{s=START}]=>HttpChannelOverHttp@49adbb1b{r=1,c=false,a=IDLE,uri=null}<-SocketChannelEndPoint@206a2e76{/127.0.0.1:55860<->/127.0.0.1:8080,CLOSED,fill=FI,flush=-,to=662/0}{io=1/1,kio=-1,kro=-1}->HttpConnection@31ad40e4[p=HttpParser{s=START,0 of -1},g=HttpGenerator@4045d139{s=START}]=>HttpChannelOverHttp@49adbb1b{r=1,c=false,a=IDLE,uri=null}}
14:17:11.924 [jetty task-23] DEBUG org.eclipse.jetty.http.HttpParser - close HttpParser{s=START,0 of -1}
14:17:11.924 [jetty task-23] DEBUG org.eclipse.jetty.http.HttpParser - START --> CLOSE
14:17:11.924 [jetty task-16] DEBUG org.eclipse.jetty.util.thread.QueuedThreadPool - run EPC Pend/org.eclipse.jetty.io.ManagedSelector$SelectorProducer@6f90d7cf
14:17:11.924 [jetty task-16] DEBUG org.eclipse.jetty.util.thread.strategy.ExecuteProduceConsume - EPC Pend/org.eclipse.jetty.io.ManagedSelector$SelectorProducer@6f90d7cf run
14:17:11.924 [jetty task-16] DEBUG org.eclipse.jetty.util.thread.strategy.ExecuteProduceConsume - EPC Prod/org.eclipse.jetty.io.ManagedSelector$SelectorProducer@6f90d7cf produce enter
14:17:11.924 [jetty task-16] DEBUG org.eclipse.jetty.util.thread.strategy.ExecuteProduceConsume - EPC Prod/org.eclipse.jetty.io.ManagedSelector$SelectorProducer@6f90d7cf producing
14:17:11.924 [jetty task-16] DEBUG org.eclipse.jetty.util.thread.strategy.ExecuteProduceConsume - EPC Prod/org.eclipse.jetty.io.ManagedSelector$SelectorProducer@6f90d7cf produced org.eclipse.jetty.io.ManagedSelector$EndPointCloser@5011b06f
14:17:11.924 [jetty task-16] DEBUG org.eclipse.jetty.util.thread.strategy.ExecuteProduceConsume - EPC Pend/org.eclipse.jetty.io.ManagedSelector$SelectorProducer@6f90d7cf dispatch
14:17:11.924 [jetty task-18] DEBUG org.eclipse.jetty.io.FillInterest - FillInterest@4ce2f973{true,AC.ReadCB@4c365de{HttpConnection@4c365de[p=HttpParser{s=START,0 of -1},g=HttpGenerator@40b10681{s=START}]=>HttpChannelOverHttp@469948cc{r=1,c=false,a=IDLE,uri=null}<-SocketChannelEndPoint@121ac592{/127.0.0.1:55866<->/127.0.0.1:8080,CLOSED,fill=FI,flush=-,to=235/0}{io=1/1,kio=-1,kro=-1}->HttpConnection@4c365de[p=HttpParser{s=START,0 of -1},g=HttpGenerator@40b10681{s=START}]=>HttpChannelOverHttp@469948cc{r=1,c=false,a=IDLE,uri=null}}} onClose AC.ReadCB@4c365de{HttpConnection@4c365de[p=HttpParser{s=START,0 of -1},g=HttpGenerator@40b10681{s=START}]=>HttpChannelOverHttp@469948cc{r=1,c=false,a=IDLE,uri=null}<-SocketChannelEndPoint@121ac592{/127.0.0.1:55866<->/127.0.0.1:8080,CLOSED,fill=FI,flush=-,to=236/0}{io=1/1,kio=-1,kro=-1}->HttpConnection@4c365de[p=HttpParser{s=START,0 of -1},g=HttpGenerator@40b10681{s=START}]=>HttpChannelOverHttp@469948cc{r=1,c=false,a=IDLE,uri=null}}
14:17:11.924 [jetty task-16] DEBUG org.eclipse.jetty.util.thread.QueuedThreadPool - queue EPC Pend/org.eclipse.jetty.io.ManagedSelector$SelectorProducer@6f90d7cf
14:17:11.924 [jetty task-23] DEBUG org.eclipse.jetty.io.AbstractConnection - HttpConnection@31ad40e4[p=HttpParser{s=CLOSE,0 of -1},g=HttpGenerator@4045d139{s=START}]=>HttpChannelOverHttp@49adbb1b{r=1,c=false,a=IDLE,uri=null}<-SocketChannelEndPoint@206a2e76{/127.0.0.1:55860<->/127.0.0.1:8080,CLOSED,fill=-,flush=-,to=663/0}{io=1/1,kio=-1,kro=-1}->HttpConnection@31ad40e4[p=HttpParser{s=CLOSE,0 of -1},g=HttpGenerator@4045d139{s=START}]=>HttpChannelOverHttp@49adbb1b{r=1,c=false,a=IDLE,uri=null} onFillInterestedFailed {}
14:17:11.924 [jetty task-18] DEBUG org.eclipse.jetty.http.HttpParser - close HttpParser{s=START,0 of -1}
14:17:11.924 [jetty task-16] DEBUG org.eclipse.jetty.util.thread.strategy.ExecuteProduceConsume - EPC Pend/org.eclipse.jetty.io.ManagedSelector$SelectorProducer@6f90d7cf run org.eclipse.jetty.io.ManagedSelector$EndPointCloser@5011b06f
14:17:11.924 [jetty task-18] DEBUG org.eclipse.jetty.http.HttpParser - START --> CLOSE
14:17:11.924 [jetty task-23] DEBUG org.eclipse.jetty.io.ManagedSelector - Queued change org.eclipse.jetty.io.ManagedSelector$$Lambda$172/1281113573@6f88c59 on org.eclipse.jetty.io.ManagedSelector@3803d43d id=1 keys=10 selected=0
14:17:11.924 [jetty task-16] DEBUG org.eclipse.jetty.util.thread.strategy.ExecutingExecutionStrategy - EPC Pend/org.eclipse.jetty.io.ManagedSelector$SelectorProducer@6f90d7cf invoke  org.eclipse.jetty.io.ManagedSelector$EndPointCloser@5011b06f
14:17:11.924 [jetty task-23] DEBUG org.eclipse.jetty.util.thread.strategy.ExecutingExecutionStrategy - EPC Pend/org.eclipse.jetty.io.ManagedSelector$SelectorProducer@6f90d7cf invoked org.eclipse.jetty.io.ManagedSelector$EndPointCloser@62345d5d
14:17:11.924 [jetty task-16] DEBUG org.eclipse.jetty.io.ChannelEndPoint - doClose SocketChannelEndPoint@e827b1d{/127.0.0.1:55868<->/127.0.0.1:8080,CLOSED,fill=FI,flush=-,to=106/0}{io=1/1,kio=1,kro=1}->HttpConnection@d06bbac[p=HttpParser{s=START,0 of -1},g=HttpGenerator@10c16382{s=START}]=>HttpChannelOverHttp@47c91d60{r=1,c=false,a=IDLE,uri=null}
14:17:11.924 [jetty task-18] DEBUG org.eclipse.jetty.io.AbstractConnection - HttpConnection@4c365de[p=HttpParser{s=CLOSE,0 of -1},g=HttpGenerator@40b10681{s=START}]=>HttpChannelOverHttp@469948cc{r=1,c=false,a=IDLE,uri=null}<-SocketChannelEndPoint@121ac592{/127.0.0.1:55866<->/127.0.0.1:8080,CLOSED,fill=-,flush=-,to=236/0}{io=1/1,kio=-1,kro=-1}->HttpConnection@4c365de[p=HttpParser{s=CLOSE,0 of -1},g=HttpGenerator@40b10681{s=START}]=>HttpChannelOverHttp@469948cc{r=1,c=false,a=IDLE,uri=null} onFillInterestedFailed {}
14:17:11.924 [jetty task-23] DEBUG org.eclipse.jetty.util.thread.strategy.ExecuteProduceConsume - EPC Pend/org.eclipse.jetty.io.ManagedSelector$SelectorProducer@6f90d7cf ran org.eclipse.jetty.io.ManagedSelector$EndPointCloser@62345d5d
14:17:11.924 [jetty task-18] DEBUG org.eclipse.jetty.io.ManagedSelector - Queued change org.eclipse.jetty.io.ManagedSelector$$Lambda$172/1281113573@2e11dd72 on org.eclipse.jetty.io.ManagedSelector@3803d43d id=1 keys=10 selected=0
14:17:11.924 [jetty task-16] DEBUG org.eclipse.jetty.io.WriteFlusher - ignored: WriteFlusher@587fd4a1{IDLE}->null {}
14:17:11.924 [jetty task-23] DEBUG org.eclipse.jetty.util.thread.strategy.ExecuteProduceConsume - EPC Prod/Pend/org.eclipse.jetty.io.ManagedSelector$SelectorProducer@6f90d7cf producing
14:17:11.924 [jetty task-18] DEBUG org.eclipse.jetty.util.thread.strategy.ExecutingExecutionStrategy - EPC Prod/Pend/org.eclipse.jetty.io.ManagedSelector$SelectorProducer@6f90d7cf invoked org.eclipse.jetty.io.ManagedSelector$EndPointCloser@69aee4c7
14:17:11.924 [jetty task-23] DEBUG org.eclipse.jetty.util.thread.strategy.ExecuteProduceConsume - EPC Prod/Pend/org.eclipse.jetty.io.ManagedSelector$SelectorProducer@6f90d7cf produced org.eclipse.jetty.io.ManagedSelector$$Lambda$172/1281113573@594679bc
14:17:11.924 [jetty task-18] DEBUG org.eclipse.jetty.util.thread.strategy.ExecuteProduceConsume - EPC Prod/Pend/org.eclipse.jetty.io.ManagedSelector$SelectorProducer@6f90d7cf ran org.eclipse.jetty.io.ManagedSelector$EndPointCloser@69aee4c7
14:17:11.924 [jetty task-23] DEBUG org.eclipse.jetty.util.thread.strategy.ExecuteProduceConsume - EPC Pend/org.eclipse.jetty.io.ManagedSelector$SelectorProducer@6f90d7cf run org.eclipse.jetty.io.ManagedSelector$$Lambda$172/1281113573@594679bc
14:17:11.924 [jetty task-18] DEBUG org.eclipse.jetty.util.thread.strategy.ExecuteProduceConsume - EPC Prod/Pend/org.eclipse.jetty.io.ManagedSelector$SelectorProducer@6f90d7cf producing
14:17:11.924 [jetty task-23] DEBUG org.eclipse.jetty.util.thread.strategy.ExecutingExecutionStrategy - EPC Prod/Pend/org.eclipse.jetty.io.ManagedSelector$SelectorProducer@6f90d7cf invoke  org.eclipse.jetty.io.ManagedSelector$$Lambda$172/1281113573@594679bc
14:17:11.924 [jetty task-18] DEBUG org.eclipse.jetty.util.thread.strategy.ExecuteProduceConsume - EPC Prod/Pend/org.eclipse.jetty.io.ManagedSelector$SelectorProducer@6f90d7cf produced org.eclipse.jetty.io.ManagedSelector$$Lambda$172/1281113573@7fe11bf7
14:17:11.925 [jetty task-23] DEBUG org.eclipse.jetty.io.ManagedSelector - Destroyed SocketChannelEndPoint@6b9b1a0c{/127.0.0.1:55864<->/127.0.0.1:8080,CLOSED,fill=-,flush=-,to=291/0}{io=1/1,kio=-1,kro=-1}->HttpConnection@3396b0fb[p=HttpParser{s=CLOSE,0 of -1},g=HttpGenerator@6e87ff{s=START}]=>HttpChannelOverHttp@71793d79{r=1,c=false,a=IDLE,uri=null}
14:17:11.925 [jetty task-18] DEBUG org.eclipse.jetty.util.thread.strategy.ExecuteProduceConsume - EPC Pend/org.eclipse.jetty.io.ManagedSelector$SelectorProducer@6f90d7cf run org.eclipse.jetty.io.ManagedSelector$$Lambda$172/1281113573@7fe11bf7
14:17:11.925 [jetty task-16] DEBUG org.eclipse.jetty.io.FillInterest - FillInterest@1fec5ee7{true,AC.ReadCB@d06bbac{HttpConnection@d06bbac[p=HttpParser{s=START,0 of -1},g=HttpGenerator@10c16382{s=START}]=>HttpChannelOverHttp@47c91d60{r=1,c=false,a=IDLE,uri=null}<-SocketChannelEndPoint@e827b1d{/127.0.0.1:55868<->/127.0.0.1:8080,CLOSED,fill=FI,flush=-,to=106/0}{io=1/1,kio=-1,kro=-1}->HttpConnection@d06bbac[p=HttpParser{s=START,0 of -1},g=HttpGenerator@10c16382{s=START}]=>HttpChannelOverHttp@47c91d60{r=1,c=false,a=IDLE,uri=null}}} onClose AC.ReadCB@d06bbac{HttpConnection@d06bbac[p=HttpParser{s=START,0 of -1},g=HttpGenerator@10c16382{s=START}]=>HttpChannelOverHttp@47c91d60{r=1,c=false,a=IDLE,uri=null}<-SocketChannelEndPoint@e827b1d{/127.0.0.1:55868<->/127.0.0.1:8080,CLOSED,fill=FI,flush=-,to=107/0}{io=1/1,kio=-1,kro=-1}->HttpConnection@d06bbac[p=HttpParser{s=START,0 of -1},g=HttpGenerator@10c16382{s=START}]=>HttpChannelOverHttp@47c91d60{r=1,c=false,a=IDLE,uri=null}}
14:17:11.925 [jetty task-18] DEBUG org.eclipse.jetty.util.thread.strategy.ExecutingExecutionStrategy - EPC Pend/org.eclipse.jetty.io.ManagedSelector$SelectorProducer@6f90d7cf invoke  org.eclipse.jetty.io.ManagedSelector$$Lambda$172/1281113573@7fe11bf7
14:17:11.925 [jetty task-16] DEBUG org.eclipse.jetty.http.HttpParser - close HttpParser{s=START,0 of -1}
14:17:11.925 [jetty task-23] DEBUG org.eclipse.jetty.io.AbstractConnection - onClose HttpConnection@3396b0fb[p=HttpParser{s=CLOSE,0 of -1},g=HttpGenerator@6e87ff{s=START}]=>HttpChannelOverHttp@71793d79{r=1,c=false,a=IDLE,uri=null}<-SocketChannelEndPoint@6b9b1a0c{/127.0.0.1:55864<->/127.0.0.1:8080,CLOSED,fill=-,flush=-,to=292/0}{io=1/1,kio=-1,kro=-1}->HttpConnection@3396b0fb[p=HttpParser{s=CLOSE,0 of -1},g=HttpGenerator@6e87ff{s=START}]=>HttpChannelOverHttp@71793d79{r=1,c=false,a=IDLE,uri=null}
14:17:11.925 [jetty task-18] DEBUG org.eclipse.jetty.io.ManagedSelector - Destroyed SocketChannelEndPoint@1e5fa6ec{/127.0.0.1:55862<->/127.0.0.1:8080,CLOSED,fill=-,flush=-,to=485/0}{io=1/1,kio=-1,kro=-1}->HttpConnection@7203a2ad[p=HttpParser{s=CLOSE,0 of -1},g=HttpGenerator@118802c7{s=START}]=>HttpChannelOverHttp@46ebc0b2{r=1,c=false,a=IDLE,uri=null}
14:17:11.925 [jetty task-16] DEBUG org.eclipse.jetty.http.HttpParser - START --> CLOSE
14:17:11.925 [jetty task-23] DEBUG org.eclipse.jetty.util.thread.strategy.ExecutingExecutionStrategy - EPC Pend/org.eclipse.jetty.io.ManagedSelector$SelectorProducer@6f90d7cf invoked org.eclipse.jetty.io.ManagedSelector$$Lambda$172/1281113573@594679bc
14:17:11.925 [jetty task-18] DEBUG org.eclipse.jetty.io.AbstractConnection - onClose HttpConnection@7203a2ad[p=HttpParser{s=CLOSE,0 of -1},g=HttpGenerator@118802c7{s=START}]=>HttpChannelOverHttp@46ebc0b2{r=1,c=false,a=IDLE,uri=null}<-SocketChannelEndPoint@1e5fa6ec{/127.0.0.1:55862<->/127.0.0.1:8080,CLOSED,fill=-,flush=-,to=485/0}{io=1/1,kio=-1,kro=-1}->HttpConnection@7203a2ad[p=HttpParser{s=CLOSE,0 of -1},g=HttpGenerator@118802c7{s=START}]=>HttpChannelOverHttp@46ebc0b2{r=1,c=false,a=IDLE,uri=null}
14:17:11.925 [jetty task-23] DEBUG org.eclipse.jetty.util.thread.strategy.ExecuteProduceConsume - EPC Pend/org.eclipse.jetty.io.ManagedSelector$SelectorProducer@6f90d7cf ran org.eclipse.jetty.io.ManagedSelector$$Lambda$172/1281113573@594679bc
14:17:11.925 [jetty task-16] DEBUG org.eclipse.jetty.io.AbstractConnection - HttpConnection@d06bbac[p=HttpParser{s=CLOSE,0 of -1},g=HttpGenerator@10c16382{s=START}]=>HttpChannelOverHttp@47c91d60{r=1,c=false,a=IDLE,uri=null}<-SocketChannelEndPoint@e827b1d{/127.0.0.1:55868<->/127.0.0.1:8080,CLOSED,fill=-,flush=-,to=107/0}{io=1/1,kio=-1,kro=-1}->HttpConnection@d06bbac[p=HttpParser{s=CLOSE,0 of -1},g=HttpGenerator@10c16382{s=START}]=>HttpChannelOverHttp@47c91d60{r=1,c=false,a=IDLE,uri=null} onFillInterestedFailed {}
14:17:11.925 [jetty task-18] DEBUG org.eclipse.jetty.util.thread.strategy.ExecutingExecutionStrategy - EPC Pend/org.eclipse.jetty.io.ManagedSelector$SelectorProducer@6f90d7cf invoked org.eclipse.jetty.io.ManagedSelector$$Lambda$172/1281113573@7fe11bf7
14:17:11.925 [jetty task-23] DEBUG org.eclipse.jetty.util.thread.strategy.ExecuteProduceConsume - EPC Prod/Pend/org.eclipse.jetty.io.ManagedSelector$SelectorProducer@6f90d7cf producing
14:17:11.925 [jetty task-18] DEBUG org.eclipse.jetty.util.thread.strategy.ExecuteProduceConsume - EPC Prod/Pend/org.eclipse.jetty.io.ManagedSelector$SelectorProducer@6f90d7cf ran org.eclipse.jetty.io.ManagedSelector$$Lambda$172/1281113573@7fe11bf7
14:17:11.925 [jetty task-16] DEBUG org.eclipse.jetty.io.ManagedSelector - Queued change org.eclipse.jetty.io.ManagedSelector$$Lambda$172/1281113573@266e6690 on org.eclipse.jetty.io.ManagedSelector@3803d43d id=1 keys=10 selected=0
14:17:11.925 [jetty task-23] DEBUG org.eclipse.jetty.util.thread.strategy.ExecuteProduceConsume - EPC Prod/Pend/org.eclipse.jetty.io.ManagedSelector$SelectorProducer@6f90d7cf produced org.eclipse.jetty.io.ManagedSelector$$Lambda$172/1281113573@75d3c98e
14:17:11.925 [jetty task-18] DEBUG org.eclipse.jetty.util.thread.strategy.ExecuteProduceConsume - EPC Prod/Pend/org.eclipse.jetty.io.ManagedSelector$SelectorProducer@6f90d7cf produce exit
14:17:11.925 [jetty task-16] DEBUG org.eclipse.jetty.util.thread.strategy.ExecutingExecutionStrategy - EPC Prod/Pend/org.eclipse.jetty.io.ManagedSelector$SelectorProducer@6f90d7cf invoked org.eclipse.jetty.io.ManagedSelector$EndPointCloser@5011b06f
14:17:11.925 [jetty task-23] DEBUG org.eclipse.jetty.util.thread.strategy.ExecuteProduceConsume - EPC Pend/org.eclipse.jetty.io.ManagedSelector$SelectorProducer@6f90d7cf run org.eclipse.jetty.io.ManagedSelector$$Lambda$172/1281113573@75d3c98e
14:17:11.925 [jetty task-18] DEBUG org.eclipse.jetty.util.thread.QueuedThreadPool - ran EPC Pend/org.eclipse.jetty.io.ManagedSelector$SelectorProducer@6f90d7cf
14:17:11.925 [jetty task-16] DEBUG org.eclipse.jetty.util.thread.strategy.ExecuteProduceConsume - EPC Pend/org.eclipse.jetty.io.ManagedSelector$SelectorProducer@6f90d7cf ran org.eclipse.jetty.io.ManagedSelector$EndPointCloser@5011b06f
14:17:11.925 [jetty task-23] DEBUG org.eclipse.jetty.util.thread.strategy.ExecutingExecutionStrategy - EPC Pend/org.eclipse.jetty.io.ManagedSelector$SelectorProducer@6f90d7cf invoke  org.eclipse.jetty.io.ManagedSelector$$Lambda$172/1281113573@75d3c98e
14:17:11.925 [jetty task-18] DEBUG org.eclipse.jetty.util.thread.QueuedThreadPool - run EPC Pend/org.eclipse.jetty.io.ManagedSelector$SelectorProducer@6f90d7cf
14:17:11.925 [jetty task-16] DEBUG org.eclipse.jetty.util.thread.strategy.ExecuteProduceConsume - EPC Prod/Pend/org.eclipse.jetty.io.ManagedSelector$SelectorProducer@6f90d7cf producing
14:17:11.926 [jetty task-23] DEBUG org.eclipse.jetty.io.ManagedSelector - Destroyed SocketChannelEndPoint@7bab885c{/127.0.0.1:55867<->/127.0.0.1:8080,CLOSED,fill=-,flush=-,to=129/0}{io=1/1,kio=-1,kro=-1}->HttpConnection@1a75c0d9[p=HttpParser{s=CLOSE,0 of -1},g=HttpGenerator@3d3b52a3{s=START}]=>HttpChannelOverHttp@2f93b79e{r=1,c=false,a=IDLE,uri=null}
14:17:11.926 [jetty task-18] DEBUG org.eclipse.jetty.util.thread.strategy.ExecuteProduceConsume - EPC Prod/Pend/org.eclipse.jetty.io.ManagedSelector$SelectorProducer@6f90d7cf run
14:17:11.926 [jetty task-16] DEBUG org.eclipse.jetty.util.thread.strategy.ExecuteProduceConsume - EPC Prod/Pend/org.eclipse.jetty.io.ManagedSelector$SelectorProducer@6f90d7cf produced org.eclipse.jetty.io.ManagedSelector$$Lambda$172/1281113573@584d71c4
14:17:11.926 [jetty task-23] DEBUG org.eclipse.jetty.io.AbstractConnection - onClose HttpConnection@1a75c0d9[p=HttpParser{s=CLOSE,0 of -1},g=HttpGenerator@3d3b52a3{s=START}]=>HttpChannelOverHttp@2f93b79e{r=1,c=false,a=IDLE,uri=null}<-SocketChannelEndPoint@7bab885c{/127.0.0.1:55867<->/127.0.0.1:8080,CLOSED,fill=-,flush=-,to=129/0}{io=1/1,kio=-1,kro=-1}->HttpConnection@1a75c0d9[p=HttpParser{s=CLOSE,0 of -1},g=HttpGenerator@3d3b52a3{s=START}]=>HttpChannelOverHttp@2f93b79e{r=1,c=false,a=IDLE,uri=null}
14:17:11.926 [jetty task-18] DEBUG org.eclipse.jetty.util.thread.QueuedThreadPool - ran EPC Prod/org.eclipse.jetty.io.ManagedSelector$SelectorProducer@6f90d7cf
14:17:11.926 [jetty task-16] DEBUG org.eclipse.jetty.util.thread.strategy.ExecuteProduceConsume - EPC Pend/org.eclipse.jetty.io.ManagedSelector$SelectorProducer@6f90d7cf dispatch
14:17:11.926 [jetty task-23] DEBUG org.eclipse.jetty.util.thread.strategy.ExecutingExecutionStrategy - EPC Pend/org.eclipse.jetty.io.ManagedSelector$SelectorProducer@6f90d7cf invoked org.eclipse.jetty.io.ManagedSelector$$Lambda$172/1281113573@75d3c98e
14:17:11.926 [jetty task-16] DEBUG org.eclipse.jetty.util.thread.QueuedThreadPool - queue EPC Pend/org.eclipse.jetty.io.ManagedSelector$SelectorProducer@6f90d7cf
14:17:11.926 [jetty task-23] DEBUG org.eclipse.jetty.util.thread.strategy.ExecuteProduceConsume - EPC Pend/org.eclipse.jetty.io.ManagedSelector$SelectorProducer@6f90d7cf ran org.eclipse.jetty.io.ManagedSelector$$Lambda$172/1281113573@75d3c98e
14:17:11.926 [Test worker] DEBUG org.eclipse.jetty.io.ManagedSelector - Queued change org.eclipse.jetty.io.ManagedSelector$CloseSelector@7950aaea on org.eclipse.jetty.io.ManagedSelector@3803d43d id=1 keys=10 selected=0
14:17:11.926 [jetty task-16] DEBUG org.eclipse.jetty.util.thread.strategy.ExecuteProduceConsume - EPC Pend/org.eclipse.jetty.io.ManagedSelector$SelectorProducer@6f90d7cf run org.eclipse.jetty.io.ManagedSelector$$Lambda$172/1281113573@584d71c4
14:17:11.926 [jetty task-23] DEBUG org.eclipse.jetty.util.thread.strategy.ExecuteProduceConsume - EPC Prod/Pend/org.eclipse.jetty.io.ManagedSelector$SelectorProducer@6f90d7cf producing
14:17:11.926 [jetty task-18] DEBUG org.eclipse.jetty.util.thread.QueuedThreadPool - run EPC Prod/Pend/org.eclipse.jetty.io.ManagedSelector$SelectorProducer@6f90d7cf
14:17:11.926 [jetty task-16] DEBUG org.eclipse.jetty.util.thread.strategy.ExecutingExecutionStrategy - EPC Prod/Pend/org.eclipse.jetty.io.ManagedSelector$SelectorProducer@6f90d7cf invoke  org.eclipse.jetty.io.ManagedSelector$$Lambda$172/1281113573@584d71c4
14:17:11.926 [jetty task-23] DEBUG org.eclipse.jetty.util.thread.strategy.ExecuteProduceConsume - EPC Prod/Pend/org.eclipse.jetty.io.ManagedSelector$SelectorProducer@6f90d7cf produced org.eclipse.jetty.io.ManagedSelector$$Lambda$172/1281113573@16db1369
14:17:11.926 [jetty task-18] DEBUG org.eclipse.jetty.util.thread.strategy.ExecuteProduceConsume - EPC Prod/Pend/org.eclipse.jetty.io.ManagedSelector$SelectorProducer@6f90d7cf run
14:17:11.926 [jetty task-23] DEBUG org.eclipse.jetty.util.thread.strategy.ExecuteProduceConsume - EPC Pend/org.eclipse.jetty.io.ManagedSelector$SelectorProducer@6f90d7cf run org.eclipse.jetty.io.ManagedSelector$$Lambda$172/1281113573@16db1369
14:17:11.926 [jetty task-18] DEBUG org.eclipse.jetty.util.thread.strategy.ExecuteProduceConsume - EPC Prod/org.eclipse.jetty.io.ManagedSelector$SelectorProducer@6f90d7cf produce enter
14:17:11.926 [jetty task-23] DEBUG org.eclipse.jetty.util.thread.strategy.ExecutingExecutionStrategy - EPC Prod/org.eclipse.jetty.io.ManagedSelector$SelectorProducer@6f90d7cf invoke  org.eclipse.jetty.io.ManagedSelector$$Lambda$172/1281113573@16db1369
14:17:11.926 [jetty task-18] DEBUG org.eclipse.jetty.util.thread.strategy.ExecuteProduceConsume - EPC Prod/org.eclipse.jetty.io.ManagedSelector$SelectorProducer@6f90d7cf producing
14:17:11.926 [jetty task-16] DEBUG org.eclipse.jetty.io.ManagedSelector - Destroyed SocketChannelEndPoint@272c3796{/127.0.0.1:55870<->/127.0.0.1:8080,CLOSED,fill=-,flush=-,to=71/0}{io=1/1,kio=-1,kro=-1}->HttpConnection@697a39be[p=HttpParser{s=CLOSE,0 of -1},g=HttpGenerator@2f2c3380{s=START}]=>HttpChannelOverHttp@7b07fc6f{r=1,c=false,a=IDLE,uri=null}
14:17:11.926 [jetty task-18] DEBUG org.eclipse.jetty.util.thread.strategy.ExecuteProduceConsume - EPC Prod/org.eclipse.jetty.io.ManagedSelector$SelectorProducer@6f90d7cf produced org.eclipse.jetty.io.ManagedSelector$$Lambda$172/1281113573@322c78e8
14:17:11.927 [jetty task-23] DEBUG org.eclipse.jetty.io.ManagedSelector - Destroyed SocketChannelEndPoint@1ad5384b{/127.0.0.1:55873<->/127.0.0.1:8080,CLOSED,fill=-,flush=-,to=18/0}{io=1/1,kio=-1,kro=-1}->HttpConnection@2e83b710[p=HttpParser{s=CLOSE,0 of -1},g=HttpGenerator@1da7d5eb{s=START}]=>HttpChannelOverHttp@395eabe0{r=1,c=false,a=IDLE,uri=null}
14:17:11.927 [jetty task-18] DEBUG org.eclipse.jetty.util.thread.strategy.ExecuteProduceConsume - EPC Pend/org.eclipse.jetty.io.ManagedSelector$SelectorProducer@6f90d7cf dispatch
14:17:11.927 [jetty task-16] DEBUG org.eclipse.jetty.io.AbstractConnection - onClose HttpConnection@697a39be[p=HttpParser{s=CLOSE,0 of -1},g=HttpGenerator@2f2c3380{s=START}]=>HttpChannelOverHttp@7b07fc6f{r=1,c=false,a=IDLE,uri=null}<-SocketChannelEndPoint@272c3796{/127.0.0.1:55870<->/127.0.0.1:8080,CLOSED,fill=-,flush=-,to=72/0}{io=1/1,kio=-1,kro=-1}->HttpConnection@697a39be[p=HttpParser{s=CLOSE,0 of -1},g=HttpGenerator@2f2c3380{s=START}]=>HttpChannelOverHttp@7b07fc6f{r=1,c=false,a=IDLE,uri=null}
14:17:11.927 [jetty task-18] DEBUG org.eclipse.jetty.util.thread.QueuedThreadPool - queue EPC Pend/org.eclipse.jetty.io.ManagedSelector$SelectorProducer@6f90d7cf
14:17:11.927 [jetty task-16] DEBUG org.eclipse.jetty.util.thread.strategy.ExecutingExecutionStrategy - EPC Pend/org.eclipse.jetty.io.ManagedSelector$SelectorProducer@6f90d7cf invoked org.eclipse.jetty.io.ManagedSelector$$Lambda$172/1281113573@584d71c4
14:17:11.927 [jetty task-18] DEBUG org.eclipse.jetty.util.thread.strategy.ExecuteProduceConsume - EPC Pend/org.eclipse.jetty.io.ManagedSelector$SelectorProducer@6f90d7cf run org.eclipse.jetty.io.ManagedSelector$$Lambda$172/1281113573@322c78e8
14:17:11.927 [jetty task-23] DEBUG org.eclipse.jetty.io.AbstractConnection - onClose HttpConnection@2e83b710[p=HttpParser{s=CLOSE,0 of -1},g=HttpGenerator@1da7d5eb{s=START}]=>HttpChannelOverHttp@395eabe0{r=1,c=false,a=IDLE,uri=null}<-SocketChannelEndPoint@1ad5384b{/127.0.0.1:55873<->/127.0.0.1:8080,CLOSED,fill=-,flush=-,to=19/0}{io=1/1,kio=-1,kro=-1}->HttpConnection@2e83b710[p=HttpParser{s=CLOSE,0 of -1},g=HttpGenerator@1da7d5eb{s=START}]=>HttpChannelOverHttp@395eabe0{r=1,c=false,a=IDLE,uri=null}
14:17:11.927 [jetty task-16] DEBUG org.eclipse.jetty.util.thread.strategy.ExecuteProduceConsume - EPC Pend/org.eclipse.jetty.io.ManagedSelector$SelectorProducer@6f90d7cf ran org.eclipse.jetty.io.ManagedSelector$$Lambda$172/1281113573@584d71c4
14:17:11.927 [jetty task-18] DEBUG org.eclipse.jetty.util.thread.strategy.ExecutingExecutionStrategy - EPC Pend/org.eclipse.jetty.io.ManagedSelector$SelectorProducer@6f90d7cf invoke  org.eclipse.jetty.io.ManagedSelector$$Lambda$172/1281113573@322c78e8
14:17:11.927 [jetty task-23] DEBUG org.eclipse.jetty.util.thread.strategy.ExecutingExecutionStrategy - EPC Pend/org.eclipse.jetty.io.ManagedSelector$SelectorProducer@6f90d7cf invoked org.eclipse.jetty.io.ManagedSelector$$Lambda$172/1281113573@16db1369
14:17:11.927 [jetty task-16] DEBUG org.eclipse.jetty.util.thread.strategy.ExecuteProduceConsume - EPC Prod/Pend/org.eclipse.jetty.io.ManagedSelector$SelectorProducer@6f90d7cf producing
14:17:11.927 [jetty task-23] DEBUG org.eclipse.jetty.util.thread.strategy.ExecuteProduceConsume - EPC Prod/Pend/org.eclipse.jetty.io.ManagedSelector$SelectorProducer@6f90d7cf ran org.eclipse.jetty.io.ManagedSelector$$Lambda$172/1281113573@16db1369
14:17:11.927 [jetty task-16] DEBUG org.eclipse.jetty.util.thread.strategy.ExecuteProduceConsume - EPC Prod/Pend/org.eclipse.jetty.io.ManagedSelector$SelectorProducer@6f90d7cf produced org.eclipse.jetty.io.ManagedSelector$$Lambda$172/1281113573@1ed72476
14:17:11.927 [jetty task-23] DEBUG org.eclipse.jetty.util.thread.strategy.ExecuteProduceConsume - EPC Prod/Pend/org.eclipse.jetty.io.ManagedSelector$SelectorProducer@6f90d7cf produce exit
14:17:11.927 [jetty task-16] DEBUG org.eclipse.jetty.util.thread.strategy.ExecuteProduceConsume - EPC Pend/org.eclipse.jetty.io.ManagedSelector$SelectorProducer@6f90d7cf run org.eclipse.jetty.io.ManagedSelector$$Lambda$172/1281113573@1ed72476
14:17:11.927 [jetty task-18] DEBUG org.eclipse.jetty.io.ManagedSelector - Destroyed SocketChannelEndPoint@334b32b{/127.0.0.1:55872<->/127.0.0.1:8080,CLOSED,fill=-,flush=-,to=33/0}{io=1/1,kio=-1,kro=-1}->HttpConnection@520e7577[p=HttpParser{s=CLOSE,0 of -1},g=HttpGenerator@740539f6{s=START}]=>HttpChannelOverHttp@740337ab{r=1,c=false,a=IDLE,uri=null}
14:17:11.927 [jetty task-23] DEBUG org.eclipse.jetty.util.thread.QueuedThreadPool - ran EPC Pend/org.eclipse.jetty.io.ManagedSelector$SelectorProducer@6f90d7cf
14:17:11.927 [jetty task-16] DEBUG org.eclipse.jetty.util.thread.strategy.ExecutingExecutionStrategy - EPC Pend/org.eclipse.jetty.io.ManagedSelector$SelectorProducer@6f90d7cf invoke  org.eclipse.jetty.io.ManagedSelector$$Lambda$172/1281113573@1ed72476
14:17:11.927 [jetty task-23] DEBUG org.eclipse.jetty.util.thread.QueuedThreadPool - run EPC Pend/org.eclipse.jetty.io.ManagedSelector$SelectorProducer@6f90d7cf
14:17:11.927 [jetty task-16] DEBUG org.eclipse.jetty.io.ManagedSelector - Destroyed SocketChannelEndPoint@2031d9c9{/127.0.0.1:55861<->/127.0.0.1:8080,CLOSED,fill=-,flush=-,to=563/0}{io=1/1,kio=-1,kro=-1}->HttpConnection@1b949d16[p=HttpParser{s=CLOSE,0 of -1},g=HttpGenerator@35c5f03c{s=START}]=>HttpChannelOverHttp@783fb51d{r=1,c=false,a=IDLE,uri=null}
14:17:11.927 [jetty task-18] DEBUG org.eclipse.jetty.io.AbstractConnection - onClose HttpConnection@520e7577[p=HttpParser{s=CLOSE,0 of -1},g=HttpGenerator@740539f6{s=START}]=>HttpChannelOverHttp@740337ab{r=1,c=false,a=IDLE,uri=null}<-SocketChannelEndPoint@334b32b{/127.0.0.1:55872<->/127.0.0.1:8080,CLOSED,fill=-,flush=-,to=33/0}{io=1/1,kio=-1,kro=-1}->HttpConnection@520e7577[p=HttpParser{s=CLOSE,0 of -1},g=HttpGenerator@740539f6{s=START}]=>HttpChannelOverHttp@740337ab{r=1,c=false,a=IDLE,uri=null}
14:17:11.927 [jetty task-23] DEBUG org.eclipse.jetty.util.thread.strategy.ExecuteProduceConsume - EPC Pend/org.eclipse.jetty.io.ManagedSelector$SelectorProducer@6f90d7cf run
14:17:11.927 [jetty task-18] DEBUG org.eclipse.jetty.util.thread.strategy.ExecutingExecutionStrategy - EPC Pend/org.eclipse.jetty.io.ManagedSelector$SelectorProducer@6f90d7cf invoked org.eclipse.jetty.io.ManagedSelector$$Lambda$172/1281113573@322c78e8
14:17:11.927 [jetty task-23] DEBUG org.eclipse.jetty.util.thread.strategy.ExecuteProduceConsume - EPC Prod/org.eclipse.jetty.io.ManagedSelector$SelectorProducer@6f90d7cf produce enter
14:17:11.927 [jetty task-16] DEBUG org.eclipse.jetty.io.AbstractConnection - onClose HttpConnection@1b949d16[p=HttpParser{s=CLOSE,0 of -1},g=HttpGenerator@35c5f03c{s=START}]=>HttpChannelOverHttp@783fb51d{r=1,c=false,a=IDLE,uri=null}<-SocketChannelEndPoint@2031d9c9{/127.0.0.1:55861<->/127.0.0.1:8080,CLOSED,fill=-,flush=-,to=563/0}{io=1/1,kio=-1,kro=-1}->HttpConnection@1b949d16[p=HttpParser{s=CLOSE,0 of -1},g=HttpGenerator@35c5f03c{s=START}]=>HttpChannelOverHttp@783fb51d{r=1,c=false,a=IDLE,uri=null}
14:17:11.927 [jetty task-18] DEBUG org.eclipse.jetty.util.thread.strategy.ExecuteProduceConsume - EPC Prod/org.eclipse.jetty.io.ManagedSelector$SelectorProducer@6f90d7cf ran org.eclipse.jetty.io.ManagedSelector$$Lambda$172/1281113573@322c78e8
14:17:11.927 [jetty task-23] DEBUG org.eclipse.jetty.util.thread.strategy.ExecuteProduceConsume - EPC Prod/org.eclipse.jetty.io.ManagedSelector$SelectorProducer@6f90d7cf producing
14:17:11.927 [jetty task-16] DEBUG org.eclipse.jetty.util.thread.strategy.ExecutingExecutionStrategy - EPC Prod/org.eclipse.jetty.io.ManagedSelector$SelectorProducer@6f90d7cf invoked org.eclipse.jetty.io.ManagedSelector$$Lambda$172/1281113573@1ed72476
14:17:11.927 [jetty task-18] DEBUG org.eclipse.jetty.util.thread.strategy.ExecuteProduceConsume - EPC Prod/org.eclipse.jetty.io.ManagedSelector$SelectorProducer@6f90d7cf produce exit
14:17:11.927 [jetty task-23] DEBUG org.eclipse.jetty.util.thread.strategy.ExecuteProduceConsume - EPC Prod/org.eclipse.jetty.io.ManagedSelector$SelectorProducer@6f90d7cf produced org.eclipse.jetty.io.ManagedSelector$$Lambda$172/1281113573@6f88c59
14:17:11.928 [jetty task-16] DEBUG org.eclipse.jetty.util.thread.strategy.ExecuteProduceConsume - EPC Prod/org.eclipse.jetty.io.ManagedSelector$SelectorProducer@6f90d7cf ran org.eclipse.jetty.io.ManagedSelector$$Lambda$172/1281113573@1ed72476
14:17:11.928 [jetty task-18] DEBUG org.eclipse.jetty.util.thread.QueuedThreadPool - ran EPC Prod/org.eclipse.jetty.io.ManagedSelector$SelectorProducer@6f90d7cf
14:17:11.928 [jetty task-23] DEBUG org.eclipse.jetty.util.thread.strategy.ExecuteProduceConsume - EPC Pend/org.eclipse.jetty.io.ManagedSelector$SelectorProducer@6f90d7cf dispatch
14:17:11.928 [jetty task-16] DEBUG org.eclipse.jetty.util.thread.strategy.ExecuteProduceConsume - EPC Prod/Pend/org.eclipse.jetty.io.ManagedSelector$SelectorProducer@6f90d7cf producing
14:17:11.928 [jetty task-23] DEBUG org.eclipse.jetty.util.thread.QueuedThreadPool - queue EPC Prod/Pend/org.eclipse.jetty.io.ManagedSelector$SelectorProducer@6f90d7cf
14:17:11.928 [jetty task-16] DEBUG org.eclipse.jetty.util.thread.strategy.ExecuteProduceConsume - EPC Prod/Pend/org.eclipse.jetty.io.ManagedSelector$SelectorProducer@6f90d7cf produced org.eclipse.jetty.io.ManagedSelector$$Lambda$172/1281113573@2e11dd72
14:17:11.928 [jetty task-23] DEBUG org.eclipse.jetty.util.thread.strategy.ExecuteProduceConsume - EPC Prod/Pend/org.eclipse.jetty.io.ManagedSelector$SelectorProducer@6f90d7cf run org.eclipse.jetty.io.ManagedSelector$$Lambda$172/1281113573@6f88c59
14:17:11.928 [jetty task-16] DEBUG org.eclipse.jetty.util.thread.strategy.ExecuteProduceConsume - EPC Pend/org.eclipse.jetty.io.ManagedSelector$SelectorProducer@6f90d7cf run org.eclipse.jetty.io.ManagedSelector$$Lambda$172/1281113573@2e11dd72
14:17:11.928 [jetty task-23] DEBUG org.eclipse.jetty.util.thread.strategy.ExecutingExecutionStrategy - EPC Pend/org.eclipse.jetty.io.ManagedSelector$SelectorProducer@6f90d7cf invoke  org.eclipse.jetty.io.ManagedSelector$$Lambda$172/1281113573@6f88c59
14:17:11.928 [jetty task-16] DEBUG org.eclipse.jetty.util.thread.strategy.ExecutingExecutionStrategy - EPC Pend/org.eclipse.jetty.io.ManagedSelector$SelectorProducer@6f90d7cf invoke  org.eclipse.jetty.io.ManagedSelector$$Lambda$172/1281113573@2e11dd72
14:17:11.928 [jetty task-18] DEBUG org.eclipse.jetty.util.thread.QueuedThreadPool - run EPC Pend/org.eclipse.jetty.io.ManagedSelector$SelectorProducer@6f90d7cf
14:17:11.928 [jetty task-23] DEBUG org.eclipse.jetty.io.ManagedSelector - Destroyed SocketChannelEndPoint@206a2e76{/127.0.0.1:55860<->/127.0.0.1:8080,CLOSED,fill=-,flush=-,to=667/0}{io=1/1,kio=-1,kro=-1}->HttpConnection@31ad40e4[p=HttpParser{s=CLOSE,0 of -1},g=HttpGenerator@4045d139{s=START}]=>HttpChannelOverHttp@49adbb1b{r=1,c=false,a=IDLE,uri=null}
14:17:11.928 [jetty task-18] DEBUG org.eclipse.jetty.util.thread.strategy.ExecuteProduceConsume - EPC Pend/org.eclipse.jetty.io.ManagedSelector$SelectorProducer@6f90d7cf run
14:17:11.928 [jetty task-16] DEBUG org.eclipse.jetty.io.ManagedSelector - Destroyed SocketChannelEndPoint@121ac592{/127.0.0.1:55866<->/127.0.0.1:8080,CLOSED,fill=-,flush=-,to=240/0}{io=1/1,kio=-1,kro=-1}->HttpConnection@4c365de[p=HttpParser{s=CLOSE,0 of -1},g=HttpGenerator@40b10681{s=START}]=>HttpChannelOverHttp@469948cc{r=1,c=false,a=IDLE,uri=null}
14:17:11.928 [jetty task-18] DEBUG org.eclipse.jetty.util.thread.strategy.ExecuteProduceConsume - EPC Prod/org.eclipse.jetty.io.ManagedSelector$SelectorProducer@6f90d7cf produce enter
14:17:11.928 [jetty task-23] DEBUG org.eclipse.jetty.io.AbstractConnection - onClose HttpConnection@31ad40e4[p=HttpParser{s=CLOSE,0 of -1},g=HttpGenerator@4045d139{s=START}]=>HttpChannelOverHttp@49adbb1b{r=1,c=false,a=IDLE,uri=null}<-SocketChannelEndPoint@206a2e76{/127.0.0.1:55860<->/127.0.0.1:8080,CLOSED,fill=-,flush=-,to=667/0}{io=1/1,kio=-1,kro=-1}->HttpConnection@31ad40e4[p=HttpParser{s=CLOSE,0 of -1},g=HttpGenerator@4045d139{s=START}]=>HttpChannelOverHttp@49adbb1b{r=1,c=false,a=IDLE,uri=null}
14:17:11.928 [jetty task-18] DEBUG org.eclipse.jetty.util.thread.strategy.ExecuteProduceConsume - EPC Prod/org.eclipse.jetty.io.ManagedSelector$SelectorProducer@6f90d7cf producing
14:17:11.928 [jetty task-23] DEBUG org.eclipse.jetty.util.thread.strategy.ExecutingExecutionStrategy - EPC Prod/org.eclipse.jetty.io.ManagedSelector$SelectorProducer@6f90d7cf invoked org.eclipse.jetty.io.ManagedSelector$$Lambda$172/1281113573@6f88c59
14:17:11.928 [jetty task-16] DEBUG org.eclipse.jetty.io.AbstractConnection - onClose HttpConnection@4c365de[p=HttpParser{s=CLOSE,0 of -1},g=HttpGenerator@40b10681{s=START}]=>HttpChannelOverHttp@469948cc{r=1,c=false,a=IDLE,uri=null}<-SocketChannelEndPoint@121ac592{/127.0.0.1:55866<->/127.0.0.1:8080,CLOSED,fill=-,flush=-,to=240/0}{io=1/1,kio=-1,kro=-1}->HttpConnection@4c365de[p=HttpParser{s=CLOSE,0 of -1},g=HttpGenerator@40b10681{s=START}]=>HttpChannelOverHttp@469948cc{r=1,c=false,a=IDLE,uri=null}
14:17:11.928 [jetty task-18] DEBUG org.eclipse.jetty.util.thread.strategy.ExecuteProduceConsume - EPC Prod/org.eclipse.jetty.io.ManagedSelector$SelectorProducer@6f90d7cf produced org.eclipse.jetty.io.ManagedSelector$$Lambda$172/1281113573@266e6690
14:17:11.928 [jetty task-23] DEBUG org.eclipse.jetty.util.thread.strategy.ExecuteProduceConsume - EPC Prod/org.eclipse.jetty.io.ManagedSelector$SelectorProducer@6f90d7cf ran org.eclipse.jetty.io.ManagedSelector$$Lambda$172/1281113573@6f88c59
14:17:11.928 [jetty task-16] DEBUG org.eclipse.jetty.util.thread.strategy.ExecutingExecutionStrategy - EPC Prod/org.eclipse.jetty.io.ManagedSelector$SelectorProducer@6f90d7cf invoked org.eclipse.jetty.io.ManagedSelector$$Lambda$172/1281113573@2e11dd72
14:17:11.928 [jetty task-18] DEBUG org.eclipse.jetty.util.thread.strategy.ExecuteProduceConsume - EPC Pend/org.eclipse.jetty.io.ManagedSelector$SelectorProducer@6f90d7cf dispatch
14:17:11.928 [jetty task-23] DEBUG org.eclipse.jetty.util.thread.strategy.ExecuteProduceConsume - EPC Prod/Pend/org.eclipse.jetty.io.ManagedSelector$SelectorProducer@6f90d7cf producing
14:17:11.928 [jetty task-16] DEBUG org.eclipse.jetty.util.thread.strategy.ExecuteProduceConsume - EPC Prod/Pend/org.eclipse.jetty.io.ManagedSelector$SelectorProducer@6f90d7cf ran org.eclipse.jetty.io.ManagedSelector$$Lambda$172/1281113573@2e11dd72
14:17:11.928 [jetty task-18] DEBUG org.eclipse.jetty.util.thread.QueuedThreadPool - queue EPC Prod/Pend/org.eclipse.jetty.io.ManagedSelector$SelectorProducer@6f90d7cf
14:17:11.928 [jetty task-16] DEBUG org.eclipse.jetty.util.thread.strategy.ExecuteProduceConsume - EPC Prod/Pend/org.eclipse.jetty.io.ManagedSelector$SelectorProducer@6f90d7cf produce exit
14:17:11.928 [jetty task-23] DEBUG org.eclipse.jetty.io.ManagedSelector - Running action org.eclipse.jetty.io.ManagedSelector$CloseSelector@7950aaea
14:17:11.928 [jetty task-18] DEBUG org.eclipse.jetty.util.thread.strategy.ExecuteProduceConsume - EPC Prod/Pend/org.eclipse.jetty.io.ManagedSelector$SelectorProducer@6f90d7cf run org.eclipse.jetty.io.ManagedSelector$$Lambda$172/1281113573@266e6690
14:17:11.928 [jetty task-16] DEBUG org.eclipse.jetty.util.thread.QueuedThreadPool - ran EPC Prod/Pend/org.eclipse.jetty.io.ManagedSelector$SelectorProducer@6f90d7cf
14:17:11.928 [jetty task-18] DEBUG org.eclipse.jetty.util.thread.strategy.ExecutingExecutionStrategy - EPC Prod/Pend/org.eclipse.jetty.io.ManagedSelector$SelectorProducer@6f90d7cf invoke  org.eclipse.jetty.io.ManagedSelector$$Lambda$172/1281113573@266e6690
14:17:11.928 [jetty task-16] DEBUG org.eclipse.jetty.util.thread.QueuedThreadPool - run EPC Prod/Pend/org.eclipse.jetty.io.ManagedSelector$SelectorProducer@6f90d7cf
14:17:11.928 [jetty task-18] DEBUG org.eclipse.jetty.io.ManagedSelector - Destroyed SocketChannelEndPoint@e827b1d{/127.0.0.1:55868<->/127.0.0.1:8080,CLOSED,fill=-,flush=-,to=110/0}{io=1/1,kio=-1,kro=-1}->HttpConnection@d06bbac[p=HttpParser{s=CLOSE,0 of -1},g=HttpGenerator@10c16382{s=START}]=>HttpChannelOverHttp@47c91d60{r=1,c=false,a=IDLE,uri=null}
14:17:11.929 [jetty task-16] DEBUG org.eclipse.jetty.util.thread.strategy.ExecuteProduceConsume - EPC Prod/Pend/org.eclipse.jetty.io.ManagedSelector$SelectorProducer@6f90d7cf run
14:17:11.929 [jetty task-23] DEBUG org.eclipse.jetty.util.thread.strategy.ExecuteProduceConsume - EPC Prod/Pend/org.eclipse.jetty.io.ManagedSelector$SelectorProducer@6f90d7cf produced null
14:17:11.929 [jetty task-16] DEBUG org.eclipse.jetty.util.thread.QueuedThreadPool - ran EPC Prod/org.eclipse.jetty.io.ManagedSelector$SelectorProducer@6f90d7cf
14:17:11.929 [jetty task-18] DEBUG org.eclipse.jetty.io.AbstractConnection - onClose HttpConnection@d06bbac[p=HttpParser{s=CLOSE,0 of -1},g=HttpGenerator@10c16382{s=START}]=>HttpChannelOverHttp@47c91d60{r=1,c=false,a=IDLE,uri=null}<-SocketChannelEndPoint@e827b1d{/127.0.0.1:55868<->/127.0.0.1:8080,CLOSED,fill=-,flush=-,to=111/0}{io=1/1,kio=-1,kro=-1}->HttpConnection@d06bbac[p=HttpParser{s=CLOSE,0 of -1},g=HttpGenerator@10c16382{s=START}]=>HttpChannelOverHttp@47c91d60{r=1,c=false,a=IDLE,uri=null}
14:17:11.929 [Test worker] DEBUG org.eclipse.jetty.io.ManagedSelector - Stopped org.eclipse.jetty.io.ManagedSelector@3803d43d id=1 keys=-1 selected=-1
14:17:11.929 [jetty task-23] DEBUG org.eclipse.jetty.util.thread.strategy.ExecuteProduceConsume - EPC Idle/org.eclipse.jetty.io.ManagedSelector$SelectorProducer@6f90d7cf produce exit
14:17:11.929 [jetty task-18] DEBUG org.eclipse.jetty.util.thread.strategy.ExecutingExecutionStrategy - EPC Idle/org.eclipse.jetty.io.ManagedSelector$SelectorProducer@6f90d7cf invoked org.eclipse.jetty.io.ManagedSelector$$Lambda$172/1281113573@266e6690
14:17:11.929 [jetty task-23] DEBUG org.eclipse.jetty.util.thread.QueuedThreadPool - ran EPC Idle/org.eclipse.jetty.io.ManagedSelector$SelectorProducer@6f90d7cf
14:17:11.929 [Test worker] DEBUG org.eclipse.jetty.util.component.AbstractLifeCycle - STOPPED org.eclipse.jetty.io.ManagedSelector@3803d43d id=1 keys=-1 selected=-1
14:17:11.929 [jetty task-18] DEBUG org.eclipse.jetty.util.thread.strategy.ExecuteProduceConsume - EPC Idle/org.eclipse.jetty.io.ManagedSelector$SelectorProducer@6f90d7cf ran org.eclipse.jetty.io.ManagedSelector$$Lambda$172/1281113573@266e6690
14:17:11.929 [jetty task-18] DEBUG org.eclipse.jetty.util.thread.strategy.ExecuteProduceConsume - EPC Idle/org.eclipse.jetty.io.ManagedSelector$SelectorProducer@6f90d7cf produce exit
14:17:11.929 [Test worker] DEBUG org.eclipse.jetty.util.component.AbstractLifeCycle - stopping org.eclipse.jetty.io.ManagedSelector@584047b5 id=0 keys=5 selected=0
14:17:11.929 [jetty task-18] DEBUG org.eclipse.jetty.util.thread.QueuedThreadPool - ran EPC Idle/org.eclipse.jetty.io.ManagedSelector$SelectorProducer@6f90d7cf
14:17:11.929 [Test worker] DEBUG org.eclipse.jetty.io.ManagedSelector - Stopping org.eclipse.jetty.io.ManagedSelector@584047b5 id=0 keys=5 selected=0
14:17:11.929 [Test worker] DEBUG org.eclipse.jetty.io.ManagedSelector - Queued change org.eclipse.jetty.io.ManagedSelector$CloseEndPoints@6a09a6ee on org.eclipse.jetty.io.ManagedSelector@584047b5 id=0 keys=5 selected=0
14:17:11.929 [jetty task-22] DEBUG org.eclipse.jetty.io.ManagedSelector - Selector loop woken up from select, 0/5 selected
14:17:11.929 [jetty task-22] DEBUG org.eclipse.jetty.io.ManagedSelector - Running action org.eclipse.jetty.io.ManagedSelector$CloseEndPoints@6a09a6ee
14:17:11.929 [jetty task-22] DEBUG org.eclipse.jetty.io.ManagedSelector - Closing 5 endPoints on org.eclipse.jetty.io.ManagedSelector@584047b5 id=0 keys=5 selected=0
14:17:11.929 [jetty task-22] DEBUG org.eclipse.jetty.io.ManagedSelector - Queued change org.eclipse.jetty.io.ManagedSelector$EndPointCloser@31257dfb on org.eclipse.jetty.io.ManagedSelector@584047b5 id=0 keys=5 selected=0
14:17:11.929 [jetty task-22] DEBUG org.eclipse.jetty.io.ManagedSelector - Queued change org.eclipse.jetty.io.ManagedSelector$EndPointCloser@5e999235 on org.eclipse.jetty.io.ManagedSelector@584047b5 id=0 keys=5 selected=0
14:17:11.929 [jetty task-22] DEBUG org.eclipse.jetty.io.ManagedSelector - Queued change org.eclipse.jetty.io.ManagedSelector$EndPointCloser@7f2c183e on org.eclipse.jetty.io.ManagedSelector@584047b5 id=0 keys=5 selected=0
14:17:11.929 [jetty task-22] DEBUG org.eclipse.jetty.io.ManagedSelector - Queued change org.eclipse.jetty.io.ManagedSelector$EndPointCloser@2f5ff831 on org.eclipse.jetty.io.ManagedSelector@584047b5 id=0 keys=5 selected=0
14:17:11.929 [jetty task-22] DEBUG org.eclipse.jetty.io.ManagedSelector - Queued change org.eclipse.jetty.io.ManagedSelector$EndPointCloser@358f9284 on org.eclipse.jetty.io.ManagedSelector@584047b5 id=0 keys=5 selected=0
14:17:11.929 [jetty task-22] DEBUG org.eclipse.jetty.io.ManagedSelector - Closed 5 endPoints on org.eclipse.jetty.io.ManagedSelector@584047b5 id=0 keys=5 selected=0
14:17:11.929 [jetty task-22] DEBUG org.eclipse.jetty.util.thread.strategy.ExecuteProduceConsume - EPC Prod/org.eclipse.jetty.io.ManagedSelector$SelectorProducer@6ec67bbc produced org.eclipse.jetty.io.ManagedSelector$EndPointCloser@31257dfb
14:17:11.929 [jetty task-22] DEBUG org.eclipse.jetty.util.thread.strategy.ExecuteProduceConsume - EPC Pend/org.eclipse.jetty.io.ManagedSelector$SelectorProducer@6ec67bbc dispatch
14:17:11.929 [jetty task-22] DEBUG org.eclipse.jetty.util.thread.QueuedThreadPool - queue EPC Pend/org.eclipse.jetty.io.ManagedSelector$SelectorProducer@6ec67bbc
14:17:11.929 [jetty task-22] DEBUG org.eclipse.jetty.util.thread.strategy.ExecuteProduceConsume - EPC Pend/org.eclipse.jetty.io.ManagedSelector$SelectorProducer@6ec67bbc run org.eclipse.jetty.io.ManagedSelector$EndPointCloser@31257dfb
14:17:11.929 [jetty task-22] DEBUG org.eclipse.jetty.util.thread.strategy.ExecutingExecutionStrategy - EPC Pend/org.eclipse.jetty.io.ManagedSelector$SelectorProducer@6ec67bbc invoke  org.eclipse.jetty.io.ManagedSelector$EndPointCloser@31257dfb
14:17:11.929 [jetty task-22] DEBUG org.eclipse.jetty.io.ChannelEndPoint - doClose SocketChannelEndPoint@1f451c9e{/127.0.0.1:55863<->/127.0.0.1:8080,CLOSED,fill=FI,flush=-,to=321/0}{io=1/1,kio=1,kro=1}->HttpConnection@6bd77bce[p=HttpParser{s=START,0 of -1},g=HttpGenerator@5cc13bc6{s=START}]=>HttpChannelOverHttp@5a478112{r=1,c=false,a=IDLE,uri=null}
14:17:11.930 [jetty task-22] DEBUG org.eclipse.jetty.io.WriteFlusher - ignored: WriteFlusher@57e99170{IDLE}->null {}
14:17:11.930 [jetty task-22] DEBUG org.eclipse.jetty.io.FillInterest - FillInterest@3a687e5d{true,AC.ReadCB@6bd77bce{HttpConnection@6bd77bce[p=HttpParser{s=START,0 of -1},g=HttpGenerator@5cc13bc6{s=START}]=>HttpChannelOverHttp@5a478112{r=1,c=false,a=IDLE,uri=null}<-SocketChannelEndPoint@1f451c9e{/127.0.0.1:55863<->/127.0.0.1:8080,CLOSED,fill=FI,flush=-,to=322/0}{io=1/1,kio=-1,kro=-1}->HttpConnection@6bd77bce[p=HttpParser{s=START,0 of -1},g=HttpGenerator@5cc13bc6{s=START}]=>HttpChannelOverHttp@5a478112{r=1,c=false,a=IDLE,uri=null}}} onClose AC.ReadCB@6bd77bce{HttpConnection@6bd77bce[p=HttpParser{s=START,0 of -1},g=HttpGenerator@5cc13bc6{s=START}]=>HttpChannelOverHttp@5a478112{r=1,c=false,a=IDLE,uri=null}<-SocketChannelEndPoint@1f451c9e{/127.0.0.1:55863<->/127.0.0.1:8080,CLOSED,fill=FI,flush=-,to=322/0}{io=1/1,kio=-1,kro=-1}->HttpConnection@6bd77bce[p=HttpParser{s=START,0 of -1},g=HttpGenerator@5cc13bc6{s=START}]=>HttpChannelOverHttp@5a478112{r=1,c=false,a=IDLE,uri=null}}
14:17:11.930 [jetty task-22] DEBUG org.eclipse.jetty.http.HttpParser - close HttpParser{s=START,0 of -1}
14:17:11.930 [jetty task-22] DEBUG org.eclipse.jetty.http.HttpParser - START --> CLOSE
14:17:11.930 [jetty task-22] DEBUG org.eclipse.jetty.io.AbstractConnection - HttpConnection@6bd77bce[p=HttpParser{s=CLOSE,0 of -1},g=HttpGenerator@5cc13bc6{s=START}]=>HttpChannelOverHttp@5a478112{r=1,c=false,a=IDLE,uri=null}<-SocketChannelEndPoint@1f451c9e{/127.0.0.1:55863<->/127.0.0.1:8080,CLOSED,fill=-,flush=-,to=322/0}{io=1/1,kio=-1,kro=-1}->HttpConnection@6bd77bce[p=HttpParser{s=CLOSE,0 of -1},g=HttpGenerator@5cc13bc6{s=START}]=>HttpChannelOverHttp@5a478112{r=1,c=false,a=IDLE,uri=null} onFillInterestedFailed {}
14:17:11.930 [jetty task-22] DEBUG org.eclipse.jetty.io.ManagedSelector - Queued change org.eclipse.jetty.io.ManagedSelector$$Lambda$172/1281113573@2715a63a on org.eclipse.jetty.io.ManagedSelector@584047b5 id=0 keys=5 selected=0
14:17:11.930 [jetty task-22] DEBUG org.eclipse.jetty.util.thread.strategy.ExecutingExecutionStrategy - EPC Pend/org.eclipse.jetty.io.ManagedSelector$SelectorProducer@6ec67bbc invoked org.eclipse.jetty.io.ManagedSelector$EndPointCloser@31257dfb
14:17:11.930 [jetty task-22] DEBUG org.eclipse.jetty.util.thread.strategy.ExecuteProduceConsume - EPC Pend/org.eclipse.jetty.io.ManagedSelector$SelectorProducer@6ec67bbc ran org.eclipse.jetty.io.ManagedSelector$EndPointCloser@31257dfb
14:17:11.930 [jetty task-22] DEBUG org.eclipse.jetty.util.thread.strategy.ExecuteProduceConsume - EPC Prod/Pend/org.eclipse.jetty.io.ManagedSelector$SelectorProducer@6ec67bbc producing
14:17:11.930 [jetty task-22] DEBUG org.eclipse.jetty.util.thread.strategy.ExecuteProduceConsume - EPC Prod/Pend/org.eclipse.jetty.io.ManagedSelector$SelectorProducer@6ec67bbc produced org.eclipse.jetty.io.ManagedSelector$EndPointCloser@5e999235
14:17:11.930 [jetty task-22] DEBUG org.eclipse.jetty.util.thread.strategy.ExecuteProduceConsume - EPC Pend/org.eclipse.jetty.io.ManagedSelector$SelectorProducer@6ec67bbc run org.eclipse.jetty.io.ManagedSelector$EndPointCloser@5e999235
14:17:11.930 [jetty task-22] DEBUG org.eclipse.jetty.util.thread.strategy.ExecutingExecutionStrategy - EPC Pend/org.eclipse.jetty.io.ManagedSelector$SelectorProducer@6ec67bbc invoke  org.eclipse.jetty.io.ManagedSelector$EndPointCloser@5e999235
14:17:11.931 [jetty task-22] DEBUG org.eclipse.jetty.io.ChannelEndPoint - doClose SocketChannelEndPoint@2e1031fa{/127.0.0.1:55859<->/127.0.0.1:8080,CLOSED,fill=FI,flush=-,to=813/0}{io=1/1,kio=1,kro=1}->HttpConnection@330fe33[p=HttpParser{s=START,0 of -1},g=HttpGenerator@1e749c33{s=START}]=>HttpChannelOverHttp@a42a012{r=1,c=false,a=IDLE,uri=null}
14:17:11.931 [jetty task-22] DEBUG org.eclipse.jetty.io.WriteFlusher - ignored: WriteFlusher@35cc5cbf{IDLE}->null {}
14:17:11.931 [jetty task-22] DEBUG org.eclipse.jetty.io.FillInterest - FillInterest@9a44aa1{true,AC.ReadCB@330fe33{HttpConnection@330fe33[p=HttpParser{s=START,0 of -1},g=HttpGenerator@1e749c33{s=START}]=>HttpChannelOverHttp@a42a012{r=1,c=false,a=IDLE,uri=null}<-SocketChannelEndPoint@2e1031fa{/127.0.0.1:55859<->/127.0.0.1:8080,CLOSED,fill=FI,flush=-,to=814/0}{io=1/1,kio=-1,kro=-1}->HttpConnection@330fe33[p=HttpParser{s=START,0 of -1},g=HttpGenerator@1e749c33{s=START}]=>HttpChannelOverHttp@a42a012{r=1,c=false,a=IDLE,uri=null}}} onClose AC.ReadCB@330fe33{HttpConnection@330fe33[p=HttpParser{s=START,0 of -1},g=HttpGenerator@1e749c33{s=START}]=>HttpChannelOverHttp@a42a012{r=1,c=false,a=IDLE,uri=null}<-SocketChannelEndPoint@2e1031fa{/127.0.0.1:55859<->/127.0.0.1:8080,CLOSED,fill=FI,flush=-,to=814/0}{io=1/1,kio=-1,kro=-1}->HttpConnection@330fe33[p=HttpParser{s=START,0 of -1},g=HttpGenerator@1e749c33{s=START}]=>HttpChannelOverHttp@a42a012{r=1,c=false,a=IDLE,uri=null}}
14:17:11.931 [jetty task-22] DEBUG org.eclipse.jetty.http.HttpParser - close HttpParser{s=START,0 of -1}
14:17:11.931 [jetty task-22] DEBUG org.eclipse.jetty.http.HttpParser - START --> CLOSE
14:17:11.931 [jetty task-22] DEBUG org.eclipse.jetty.io.AbstractConnection - HttpConnection@330fe33[p=HttpParser{s=CLOSE,0 of -1},g=HttpGenerator@1e749c33{s=START}]=>HttpChannelOverHttp@a42a012{r=1,c=false,a=IDLE,uri=null}<-SocketChannelEndPoint@2e1031fa{/127.0.0.1:55859<->/127.0.0.1:8080,CLOSED,fill=-,flush=-,to=814/0}{io=1/1,kio=-1,kro=-1}->HttpConnection@330fe33[p=HttpParser{s=CLOSE,0 of -1},g=HttpGenerator@1e749c33{s=START}]=>HttpChannelOverHttp@a42a012{r=1,c=false,a=IDLE,uri=null} onFillInterestedFailed {}
14:17:11.931 [jetty task-22] DEBUG org.eclipse.jetty.io.ManagedSelector - Queued change org.eclipse.jetty.io.ManagedSelector$$Lambda$172/1281113573@38e7b70e on org.eclipse.jetty.io.ManagedSelector@584047b5 id=0 keys=5 selected=0
14:17:11.931 [jetty task-22] DEBUG org.eclipse.jetty.util.thread.strategy.ExecutingExecutionStrategy - EPC Pend/org.eclipse.jetty.io.ManagedSelector$SelectorProducer@6ec67bbc invoked org.eclipse.jetty.io.ManagedSelector$EndPointCloser@5e999235
14:17:11.931 [jetty task-22] DEBUG org.eclipse.jetty.util.thread.strategy.ExecuteProduceConsume - EPC Pend/org.eclipse.jetty.io.ManagedSelector$SelectorProducer@6ec67bbc ran org.eclipse.jetty.io.ManagedSelector$EndPointCloser@5e999235
14:17:11.931 [jetty task-22] DEBUG org.eclipse.jetty.util.thread.strategy.ExecuteProduceConsume - EPC Prod/Pend/org.eclipse.jetty.io.ManagedSelector$SelectorProducer@6ec67bbc producing
14:17:11.931 [jetty task-22] DEBUG org.eclipse.jetty.util.thread.strategy.ExecuteProduceConsume - EPC Prod/Pend/org.eclipse.jetty.io.ManagedSelector$SelectorProducer@6ec67bbc produced org.eclipse.jetty.io.ManagedSelector$EndPointCloser@7f2c183e
14:17:11.931 [jetty task-22] DEBUG org.eclipse.jetty.util.thread.strategy.ExecuteProduceConsume - EPC Pend/org.eclipse.jetty.io.ManagedSelector$SelectorProducer@6ec67bbc run org.eclipse.jetty.io.ManagedSelector$EndPointCloser@7f2c183e
14:17:11.931 [jetty task-22] DEBUG org.eclipse.jetty.util.thread.strategy.ExecutingExecutionStrategy - EPC Pend/org.eclipse.jetty.io.ManagedSelector$SelectorProducer@6ec67bbc invoke  org.eclipse.jetty.io.ManagedSelector$EndPointCloser@7f2c183e
14:17:11.931 [jetty task-22] DEBUG org.eclipse.jetty.io.ChannelEndPoint - doClose SocketChannelEndPoint@62df741c{/127.0.0.1:55869<->/127.0.0.1:8080,CLOSED,fill=FI,flush=-,to=96/0}{io=1/1,kio=1,kro=1}->HttpConnection@9004351[p=HttpParser{s=START,0 of -1},g=HttpGenerator@1066b9f9{s=START}]=>HttpChannelOverHttp@3695a3f3{r=1,c=false,a=IDLE,uri=null}
14:17:11.932 [jetty task-22] DEBUG org.eclipse.jetty.io.WriteFlusher - ignored: WriteFlusher@79e1d422{IDLE}->null {}
14:17:11.932 [jetty task-22] DEBUG org.eclipse.jetty.io.FillInterest - FillInterest@b771a3d{true,AC.ReadCB@9004351{HttpConnection@9004351[p=HttpParser{s=START,0 of -1},g=HttpGenerator@1066b9f9{s=START}]=>HttpChannelOverHttp@3695a3f3{r=1,c=false,a=IDLE,uri=null}<-SocketChannelEndPoint@62df741c{/127.0.0.1:55869<->/127.0.0.1:8080,CLOSED,fill=FI,flush=-,to=97/0}{io=1/1,kio=-1,kro=-1}->HttpConnection@9004351[p=HttpParser{s=START,0 of -1},g=HttpGenerator@1066b9f9{s=START}]=>HttpChannelOverHttp@3695a3f3{r=1,c=false,a=IDLE,uri=null}}} onClose AC.ReadCB@9004351{HttpConnection@9004351[p=HttpParser{s=START,0 of -1},g=HttpGenerator@1066b9f9{s=START}]=>HttpChannelOverHttp@3695a3f3{r=1,c=false,a=IDLE,uri=null}<-SocketChannelEndPoint@62df741c{/127.0.0.1:55869<->/127.0.0.1:8080,CLOSED,fill=FI,flush=-,to=97/0}{io=1/1,kio=-1,kro=-1}->HttpConnection@9004351[p=HttpParser{s=START,0 of -1},g=HttpGenerator@1066b9f9{s=START}]=>HttpChannelOverHttp@3695a3f3{r=1,c=false,a=IDLE,uri=null}}
14:17:11.932 [jetty task-22] DEBUG org.eclipse.jetty.http.HttpParser - close HttpParser{s=START,0 of -1}
14:17:11.932 [jetty task-22] DEBUG org.eclipse.jetty.http.HttpParser - START --> CLOSE
14:17:11.932 [jetty task-22] DEBUG org.eclipse.jetty.io.AbstractConnection - HttpConnection@9004351[p=HttpParser{s=CLOSE,0 of -1},g=HttpGenerator@1066b9f9{s=START}]=>HttpChannelOverHttp@3695a3f3{r=1,c=false,a=IDLE,uri=null}<-SocketChannelEndPoint@62df741c{/127.0.0.1:55869<->/127.0.0.1:8080,CLOSED,fill=-,flush=-,to=97/0}{io=1/1,kio=-1,kro=-1}->HttpConnection@9004351[p=HttpParser{s=CLOSE,0 of -1},g=HttpGenerator@1066b9f9{s=START}]=>HttpChannelOverHttp@3695a3f3{r=1,c=false,a=IDLE,uri=null} onFillInterestedFailed {}
14:17:11.933 [jetty task-22] DEBUG org.eclipse.jetty.io.ManagedSelector - Queued change org.eclipse.jetty.io.ManagedSelector$$Lambda$172/1281113573@68a94e53 on org.eclipse.jetty.io.ManagedSelector@584047b5 id=0 keys=5 selected=0
14:17:11.933 [jetty task-22] DEBUG org.eclipse.jetty.util.thread.strategy.ExecutingExecutionStrategy - EPC Pend/org.eclipse.jetty.io.ManagedSelector$SelectorProducer@6ec67bbc invoked org.eclipse.jetty.io.ManagedSelector$EndPointCloser@7f2c183e
14:17:11.933 [jetty task-22] DEBUG org.eclipse.jetty.util.thread.strategy.ExecuteProduceConsume - EPC Pend/org.eclipse.jetty.io.ManagedSelector$SelectorProducer@6ec67bbc ran org.eclipse.jetty.io.ManagedSelector$EndPointCloser@7f2c183e
14:17:11.933 [jetty task-22] DEBUG org.eclipse.jetty.util.thread.strategy.ExecuteProduceConsume - EPC Prod/Pend/org.eclipse.jetty.io.ManagedSelector$SelectorProducer@6ec67bbc producing
14:17:11.933 [jetty task-22] DEBUG org.eclipse.jetty.util.thread.strategy.ExecuteProduceConsume - EPC Prod/Pend/org.eclipse.jetty.io.ManagedSelector$SelectorProducer@6ec67bbc produced org.eclipse.jetty.io.ManagedSelector$EndPointCloser@2f5ff831
14:17:11.933 [jetty task-22] DEBUG org.eclipse.jetty.util.thread.strategy.ExecuteProduceConsume - EPC Pend/org.eclipse.jetty.io.ManagedSelector$SelectorProducer@6ec67bbc run org.eclipse.jetty.io.ManagedSelector$EndPointCloser@2f5ff831
14:17:11.933 [jetty task-22] DEBUG org.eclipse.jetty.util.thread.strategy.ExecutingExecutionStrategy - EPC Pend/org.eclipse.jetty.io.ManagedSelector$SelectorProducer@6ec67bbc invoke  org.eclipse.jetty.io.ManagedSelector$EndPointCloser@2f5ff831
14:17:11.933 [jetty task-22] DEBUG org.eclipse.jetty.io.ChannelEndPoint - doClose SocketChannelEndPoint@4f49e23f{/127.0.0.1:55871<->/127.0.0.1:8080,CLOSED,fill=FI,flush=-,to=58/0}{io=1/1,kio=1,kro=1}->HttpConnection@5f84a5a8[p=HttpParser{s=START,0 of -1},g=HttpGenerator@5fdcec7d{s=START}]=>HttpChannelOverHttp@6935edab{r=1,c=false,a=IDLE,uri=null}
14:17:11.933 [jetty task-22] DEBUG org.eclipse.jetty.io.WriteFlusher - ignored: WriteFlusher@21dc98fd{IDLE}->null {}
14:17:11.933 [jetty task-22] DEBUG org.eclipse.jetty.io.FillInterest - FillInterest@19c20a98{true,AC.ReadCB@5f84a5a8{HttpConnection@5f84a5a8[p=HttpParser{s=START,0 of -1},g=HttpGenerator@5fdcec7d{s=START}]=>HttpChannelOverHttp@6935edab{r=1,c=false,a=IDLE,uri=null}<-SocketChannelEndPoint@4f49e23f{/127.0.0.1:55871<->/127.0.0.1:8080,CLOSED,fill=FI,flush=-,to=58/0}{io=1/1,kio=-1,kro=-1}->HttpConnection@5f84a5a8[p=HttpParser{s=START,0 of -1},g=HttpGenerator@5fdcec7d{s=START}]=>HttpChannelOverHttp@6935edab{r=1,c=false,a=IDLE,uri=null}}} onClose AC.ReadCB@5f84a5a8{HttpConnection@5f84a5a8[p=HttpParser{s=START,0 of -1},g=HttpGenerator@5fdcec7d{s=START}]=>HttpChannelOverHttp@6935edab{r=1,c=false,a=IDLE,uri=null}<-SocketChannelEndPoint@4f49e23f{/127.0.0.1:55871<->/127.0.0.1:8080,CLOSED,fill=FI,flush=-,to=58/0}{io=1/1,kio=-1,kro=-1}->HttpConnection@5f84a5a8[p=HttpParser{s=START,0 of -1},g=HttpGenerator@5fdcec7d{s=START}]=>HttpChannelOverHttp@6935edab{r=1,c=false,a=IDLE,uri=null}}
14:17:11.933 [jetty task-22] DEBUG org.eclipse.jetty.http.HttpParser - close HttpParser{s=START,0 of -1}
14:17:11.933 [jetty task-22] DEBUG org.eclipse.jetty.http.HttpParser - START --> CLOSE
14:17:11.933 [jetty task-22] DEBUG org.eclipse.jetty.io.AbstractConnection - HttpConnection@5f84a5a8[p=HttpParser{s=CLOSE,0 of -1},g=HttpGenerator@5fdcec7d{s=START}]=>HttpChannelOverHttp@6935edab{r=1,c=false,a=IDLE,uri=null}<-SocketChannelEndPoint@4f49e23f{/127.0.0.1:55871<->/127.0.0.1:8080,CLOSED,fill=-,flush=-,to=58/0}{io=1/1,kio=-1,kro=-1}->HttpConnection@5f84a5a8[p=HttpParser{s=CLOSE,0 of -1},g=HttpGenerator@5fdcec7d{s=START}]=>HttpChannelOverHttp@6935edab{r=1,c=false,a=IDLE,uri=null} onFillInterestedFailed {}
14:17:11.933 [jetty task-22] DEBUG org.eclipse.jetty.io.ManagedSelector - Queued change org.eclipse.jetty.io.ManagedSelector$$Lambda$172/1281113573@21fbea70 on org.eclipse.jetty.io.ManagedSelector@584047b5 id=0 keys=5 selected=0
14:17:11.934 [jetty task-22] DEBUG org.eclipse.jetty.util.thread.strategy.ExecutingExecutionStrategy - EPC Pend/org.eclipse.jetty.io.ManagedSelector$SelectorProducer@6ec67bbc invoked org.eclipse.jetty.io.ManagedSelector$EndPointCloser@2f5ff831
14:17:11.934 [jetty task-22] DEBUG org.eclipse.jetty.util.thread.strategy.ExecuteProduceConsume - EPC Pend/org.eclipse.jetty.io.ManagedSelector$SelectorProducer@6ec67bbc ran org.eclipse.jetty.io.ManagedSelector$EndPointCloser@2f5ff831
14:17:11.934 [jetty task-22] DEBUG org.eclipse.jetty.util.thread.strategy.ExecuteProduceConsume - EPC Prod/Pend/org.eclipse.jetty.io.ManagedSelector$SelectorProducer@6ec67bbc producing
14:17:11.934 [jetty task-22] DEBUG org.eclipse.jetty.util.thread.strategy.ExecuteProduceConsume - EPC Prod/Pend/org.eclipse.jetty.io.ManagedSelector$SelectorProducer@6ec67bbc produced org.eclipse.jetty.io.ManagedSelector$EndPointCloser@358f9284
14:17:11.934 [jetty task-22] DEBUG org.eclipse.jetty.util.thread.strategy.ExecuteProduceConsume - EPC Pend/org.eclipse.jetty.io.ManagedSelector$SelectorProducer@6ec67bbc run org.eclipse.jetty.io.ManagedSelector$EndPointCloser@358f9284
14:17:11.934 [jetty task-22] DEBUG org.eclipse.jetty.util.thread.strategy.ExecutingExecutionStrategy - EPC Pend/org.eclipse.jetty.io.ManagedSelector$SelectorProducer@6ec67bbc invoke  org.eclipse.jetty.io.ManagedSelector$EndPointCloser@358f9284
14:17:11.934 [jetty task-22] DEBUG org.eclipse.jetty.io.ChannelEndPoint - doClose SocketChannelEndPoint@303b7f16{/127.0.0.1:55865<->/127.0.0.1:8080,CLOSED,fill=FI,flush=-,to=268/0}{io=1/1,kio=1,kro=1}->HttpConnection@32b975a0[p=HttpParser{s=START,0 of -1},g=HttpGenerator@59916f2e{s=START}]=>HttpChannelOverHttp@1b61caf2{r=1,c=false,a=IDLE,uri=null}
14:17:11.934 [jetty task-22] DEBUG org.eclipse.jetty.io.WriteFlusher - ignored: WriteFlusher@2c4f147b{IDLE}->null {}
14:17:11.934 [jetty task-22] DEBUG org.eclipse.jetty.io.FillInterest - FillInterest@4c3208b4{true,AC.ReadCB@32b975a0{HttpConnection@32b975a0[p=HttpParser{s=START,0 of -1},g=HttpGenerator@59916f2e{s=START}]=>HttpChannelOverHttp@1b61caf2{r=1,c=false,a=IDLE,uri=null}<-SocketChannelEndPoint@303b7f16{/127.0.0.1:55865<->/127.0.0.1:8080,CLOSED,fill=FI,flush=-,to=268/0}{io=1/1,kio=-1,kro=-1}->HttpConnection@32b975a0[p=HttpParser{s=START,0 of -1},g=HttpGenerator@59916f2e{s=START}]=>HttpChannelOverHttp@1b61caf2{r=1,c=false,a=IDLE,uri=null}}} onClose AC.ReadCB@32b975a0{HttpConnection@32b975a0[p=HttpParser{s=START,0 of -1},g=HttpGenerator@59916f2e{s=START}]=>HttpChannelOverHttp@1b61caf2{r=1,c=false,a=IDLE,uri=null}<-SocketChannelEndPoint@303b7f16{/127.0.0.1:55865<->/127.0.0.1:8080,CLOSED,fill=FI,flush=-,to=268/0}{io=1/1,kio=-1,kro=-1}->HttpConnection@32b975a0[p=HttpParser{s=START,0 of -1},g=HttpGenerator@59916f2e{s=START}]=>HttpChannelOverHttp@1b61caf2{r=1,c=false,a=IDLE,uri=null}}
14:17:11.934 [jetty task-22] DEBUG org.eclipse.jetty.http.HttpParser - close HttpParser{s=START,0 of -1}
14:17:11.934 [jetty task-22] DEBUG org.eclipse.jetty.http.HttpParser - START --> CLOSE
14:17:11.934 [jetty task-22] DEBUG org.eclipse.jetty.io.AbstractConnection - HttpConnection@32b975a0[p=HttpParser{s=CLOSE,0 of -1},g=HttpGenerator@59916f2e{s=START}]=>HttpChannelOverHttp@1b61caf2{r=1,c=false,a=IDLE,uri=null}<-SocketChannelEndPoint@303b7f16{/127.0.0.1:55865<->/127.0.0.1:8080,CLOSED,fill=-,flush=-,to=268/0}{io=1/1,kio=-1,kro=-1}->HttpConnection@32b975a0[p=HttpParser{s=CLOSE,0 of -1},g=HttpGenerator@59916f2e{s=START}]=>HttpChannelOverHttp@1b61caf2{r=1,c=false,a=IDLE,uri=null} onFillInterestedFailed {}
14:17:11.934 [jetty task-22] DEBUG org.eclipse.jetty.io.ManagedSelector - Queued change org.eclipse.jetty.io.ManagedSelector$$Lambda$172/1281113573@2bd5bc03 on org.eclipse.jetty.io.ManagedSelector@584047b5 id=0 keys=5 selected=0
14:17:11.934 [jetty task-22] DEBUG org.eclipse.jetty.util.thread.strategy.ExecutingExecutionStrategy - EPC Pend/org.eclipse.jetty.io.ManagedSelector$SelectorProducer@6ec67bbc invoked org.eclipse.jetty.io.ManagedSelector$EndPointCloser@358f9284
14:17:11.934 [jetty task-22] DEBUG org.eclipse.jetty.util.thread.strategy.ExecuteProduceConsume - EPC Pend/org.eclipse.jetty.io.ManagedSelector$SelectorProducer@6ec67bbc ran org.eclipse.jetty.io.ManagedSelector$EndPointCloser@358f9284
14:17:11.934 [jetty task-22] DEBUG org.eclipse.jetty.util.thread.strategy.ExecuteProduceConsume - EPC Prod/Pend/org.eclipse.jetty.io.ManagedSelector$SelectorProducer@6ec67bbc producing
14:17:11.934 [jetty task-22] DEBUG org.eclipse.jetty.util.thread.strategy.ExecuteProduceConsume - EPC Prod/Pend/org.eclipse.jetty.io.ManagedSelector$SelectorProducer@6ec67bbc produced org.eclipse.jetty.io.ManagedSelector$$Lambda$172/1281113573@2715a63a
14:17:11.935 [jetty task-22] DEBUG org.eclipse.jetty.util.thread.strategy.ExecuteProduceConsume - EPC Pend/org.eclipse.jetty.io.ManagedSelector$SelectorProducer@6ec67bbc run org.eclipse.jetty.io.ManagedSelector$$Lambda$172/1281113573@2715a63a
14:17:11.935 [jetty task-22] DEBUG org.eclipse.jetty.util.thread.strategy.ExecutingExecutionStrategy - EPC Pend/org.eclipse.jetty.io.ManagedSelector$SelectorProducer@6ec67bbc invoke  org.eclipse.jetty.io.ManagedSelector$$Lambda$172/1281113573@2715a63a
14:17:11.935 [jetty task-22] DEBUG org.eclipse.jetty.io.ManagedSelector - Destroyed SocketChannelEndPoint@1f451c9e{/127.0.0.1:55863<->/127.0.0.1:8080,CLOSED,fill=-,flush=-,to=327/0}{io=1/1,kio=-1,kro=-1}->HttpConnection@6bd77bce[p=HttpParser{s=CLOSE,0 of -1},g=HttpGenerator@5cc13bc6{s=START}]=>HttpChannelOverHttp@5a478112{r=1,c=false,a=IDLE,uri=null}
14:17:11.935 [jetty task-22] DEBUG org.eclipse.jetty.io.AbstractConnection - onClose HttpConnection@6bd77bce[p=HttpParser{s=CLOSE,0 of -1},g=HttpGenerator@5cc13bc6{s=START}]=>HttpChannelOverHttp@5a478112{r=1,c=false,a=IDLE,uri=null}<-SocketChannelEndPoint@1f451c9e{/127.0.0.1:55863<->/127.0.0.1:8080,CLOSED,fill=-,flush=-,to=327/0}{io=1/1,kio=-1,kro=-1}->HttpConnection@6bd77bce[p=HttpParser{s=CLOSE,0 of -1},g=HttpGenerator@5cc13bc6{s=START}]=>HttpChannelOverHttp@5a478112{r=1,c=false,a=IDLE,uri=null}
14:17:11.935 [jetty task-22] DEBUG org.eclipse.jetty.util.thread.strategy.ExecutingExecutionStrategy - EPC Pend/org.eclipse.jetty.io.ManagedSelector$SelectorProducer@6ec67bbc invoked org.eclipse.jetty.io.ManagedSelector$$Lambda$172/1281113573@2715a63a
14:17:11.935 [jetty task-22] DEBUG org.eclipse.jetty.util.thread.strategy.ExecuteProduceConsume - EPC Pend/org.eclipse.jetty.io.ManagedSelector$SelectorProducer@6ec67bbc ran org.eclipse.jetty.io.ManagedSelector$$Lambda$172/1281113573@2715a63a
14:17:11.935 [jetty task-22] DEBUG org.eclipse.jetty.util.thread.strategy.ExecuteProduceConsume - EPC Prod/Pend/org.eclipse.jetty.io.ManagedSelector$SelectorProducer@6ec67bbc producing
14:17:11.935 [jetty task-22] DEBUG org.eclipse.jetty.util.thread.strategy.ExecuteProduceConsume - EPC Prod/Pend/org.eclipse.jetty.io.ManagedSelector$SelectorProducer@6ec67bbc produced org.eclipse.jetty.io.ManagedSelector$$Lambda$172/1281113573@38e7b70e
14:17:11.935 [jetty task-22] DEBUG org.eclipse.jetty.util.thread.strategy.ExecuteProduceConsume - EPC Pend/org.eclipse.jetty.io.ManagedSelector$SelectorProducer@6ec67bbc run org.eclipse.jetty.io.ManagedSelector$$Lambda$172/1281113573@38e7b70e
14:17:11.935 [jetty task-22] DEBUG org.eclipse.jetty.util.thread.strategy.ExecutingExecutionStrategy - EPC Pend/org.eclipse.jetty.io.ManagedSelector$SelectorProducer@6ec67bbc invoke  org.eclipse.jetty.io.ManagedSelector$$Lambda$172/1281113573@38e7b70e
14:17:11.935 [jetty task-22] DEBUG org.eclipse.jetty.io.ManagedSelector - Destroyed SocketChannelEndPoint@2e1031fa{/127.0.0.1:55859<->/127.0.0.1:8080,CLOSED,fill=-,flush=-,to=818/0}{io=1/1,kio=-1,kro=-1}->HttpConnection@330fe33[p=HttpParser{s=CLOSE,0 of -1},g=HttpGenerator@1e749c33{s=START}]=>HttpChannelOverHttp@a42a012{r=1,c=false,a=IDLE,uri=null}
14:17:11.935 [jetty task-22] DEBUG org.eclipse.jetty.io.AbstractConnection - onClose HttpConnection@330fe33[p=HttpParser{s=CLOSE,0 of -1},g=HttpGenerator@1e749c33{s=START}]=>HttpChannelOverHttp@a42a012{r=1,c=false,a=IDLE,uri=null}<-SocketChannelEndPoint@2e1031fa{/127.0.0.1:55859<->/127.0.0.1:8080,CLOSED,fill=-,flush=-,to=818/0}{io=1/1,kio=-1,kro=-1}->HttpConnection@330fe33[p=HttpParser{s=CLOSE,0 of -1},g=HttpGenerator@1e749c33{s=START}]=>HttpChannelOverHttp@a42a012{r=1,c=false,a=IDLE,uri=null}
14:17:11.935 [jetty task-22] DEBUG org.eclipse.jetty.util.thread.strategy.ExecutingExecutionStrategy - EPC Pend/org.eclipse.jetty.io.ManagedSelector$SelectorProducer@6ec67bbc invoked org.eclipse.jetty.io.ManagedSelector$$Lambda$172/1281113573@38e7b70e
14:17:11.935 [jetty task-22] DEBUG org.eclipse.jetty.util.thread.strategy.ExecuteProduceConsume - EPC Pend/org.eclipse.jetty.io.ManagedSelector$SelectorProducer@6ec67bbc ran org.eclipse.jetty.io.ManagedSelector$$Lambda$172/1281113573@38e7b70e
14:17:11.935 [jetty task-22] DEBUG org.eclipse.jetty.util.thread.strategy.ExecuteProduceConsume - EPC Prod/Pend/org.eclipse.jetty.io.ManagedSelector$SelectorProducer@6ec67bbc producing
14:17:11.935 [jetty task-22] DEBUG org.eclipse.jetty.util.thread.strategy.ExecuteProduceConsume - EPC Prod/Pend/org.eclipse.jetty.io.ManagedSelector$SelectorProducer@6ec67bbc produced org.eclipse.jetty.io.ManagedSelector$$Lambda$172/1281113573@68a94e53
14:17:11.935 [jetty task-22] DEBUG org.eclipse.jetty.util.thread.strategy.ExecuteProduceConsume - EPC Pend/org.eclipse.jetty.io.ManagedSelector$SelectorProducer@6ec67bbc run org.eclipse.jetty.io.ManagedSelector$$Lambda$172/1281113573@68a94e53
14:17:11.935 [jetty task-22] DEBUG org.eclipse.jetty.util.thread.strategy.ExecutingExecutionStrategy - EPC Pend/org.eclipse.jetty.io.ManagedSelector$SelectorProducer@6ec67bbc invoke  org.eclipse.jetty.io.ManagedSelector$$Lambda$172/1281113573@68a94e53
14:17:11.935 [jetty task-22] DEBUG org.eclipse.jetty.io.ManagedSelector - Destroyed SocketChannelEndPoint@62df741c{/127.0.0.1:55869<->/127.0.0.1:8080,CLOSED,fill=-,flush=-,to=100/0}{io=1/1,kio=-1,kro=-1}->HttpConnection@9004351[p=HttpParser{s=CLOSE,0 of -1},g=HttpGenerator@1066b9f9{s=START}]=>HttpChannelOverHttp@3695a3f3{r=1,c=false,a=IDLE,uri=null}
14:17:11.935 [jetty task-22] DEBUG org.eclipse.jetty.io.AbstractConnection - onClose HttpConnection@9004351[p=HttpParser{s=CLOSE,0 of -1},g=HttpGenerator@1066b9f9{s=START}]=>HttpChannelOverHttp@3695a3f3{r=1,c=false,a=IDLE,uri=null}<-SocketChannelEndPoint@62df741c{/127.0.0.1:55869<->/127.0.0.1:8080,CLOSED,fill=-,flush=-,to=100/0}{io=1/1,kio=-1,kro=-1}->HttpConnection@9004351[p=HttpParser{s=CLOSE,0 of -1},g=HttpGenerator@1066b9f9{s=START}]=>HttpChannelOverHttp@3695a3f3{r=1,c=false,a=IDLE,uri=null}
14:17:11.936 [jetty task-22] DEBUG org.eclipse.jetty.util.thread.strategy.ExecutingExecutionStrategy - EPC Pend/org.eclipse.jetty.io.ManagedSelector$SelectorProducer@6ec67bbc invoked org.eclipse.jetty.io.ManagedSelector$$Lambda$172/1281113573@68a94e53
14:17:11.936 [jetty task-22] DEBUG org.eclipse.jetty.util.thread.strategy.ExecuteProduceConsume - EPC Pend/org.eclipse.jetty.io.ManagedSelector$SelectorProducer@6ec67bbc ran org.eclipse.jetty.io.ManagedSelector$$Lambda$172/1281113573@68a94e53
14:17:11.936 [jetty task-22] DEBUG org.eclipse.jetty.util.thread.strategy.ExecuteProduceConsume - EPC Prod/Pend/org.eclipse.jetty.io.ManagedSelector$SelectorProducer@6ec67bbc producing
14:17:11.936 [jetty task-22] DEBUG org.eclipse.jetty.util.thread.strategy.ExecuteProduceConsume - EPC Prod/Pend/org.eclipse.jetty.io.ManagedSelector$SelectorProducer@6ec67bbc produced org.eclipse.jetty.io.ManagedSelector$$Lambda$172/1281113573@21fbea70
14:17:11.936 [jetty task-22] DEBUG org.eclipse.jetty.util.thread.strategy.ExecuteProduceConsume - EPC Pend/org.eclipse.jetty.io.ManagedSelector$SelectorProducer@6ec67bbc run org.eclipse.jetty.io.ManagedSelector$$Lambda$172/1281113573@21fbea70
14:17:11.936 [jetty task-22] DEBUG org.eclipse.jetty.util.thread.strategy.ExecutingExecutionStrategy - EPC Pend/org.eclipse.jetty.io.ManagedSelector$SelectorProducer@6ec67bbc invoke  org.eclipse.jetty.io.ManagedSelector$$Lambda$172/1281113573@21fbea70
14:17:11.936 [jetty task-22] DEBUG org.eclipse.jetty.io.ManagedSelector - Destroyed SocketChannelEndPoint@4f49e23f{/127.0.0.1:55871<->/127.0.0.1:8080,CLOSED,fill=-,flush=-,to=61/0}{io=1/1,kio=-1,kro=-1}->HttpConnection@5f84a5a8[p=HttpParser{s=CLOSE,0 of -1},g=HttpGenerator@5fdcec7d{s=START}]=>HttpChannelOverHttp@6935edab{r=1,c=false,a=IDLE,uri=null}
14:17:11.936 [jetty task-22] DEBUG org.eclipse.jetty.io.AbstractConnection - onClose HttpConnection@5f84a5a8[p=HttpParser{s=CLOSE,0 of -1},g=HttpGenerator@5fdcec7d{s=START}]=>HttpChannelOverHttp@6935edab{r=1,c=false,a=IDLE,uri=null}<-SocketChannelEndPoint@4f49e23f{/127.0.0.1:55871<->/127.0.0.1:8080,CLOSED,fill=-,flush=-,to=61/0}{io=1/1,kio=-1,kro=-1}->HttpConnection@5f84a5a8[p=HttpParser{s=CLOSE,0 of -1},g=HttpGenerator@5fdcec7d{s=START}]=>HttpChannelOverHttp@6935edab{r=1,c=false,a=IDLE,uri=null}
14:17:11.936 [jetty task-22] DEBUG org.eclipse.jetty.util.thread.strategy.ExecutingExecutionStrategy - EPC Pend/org.eclipse.jetty.io.ManagedSelector$SelectorProducer@6ec67bbc invoked org.eclipse.jetty.io.ManagedSelector$$Lambda$172/1281113573@21fbea70
14:17:11.936 [jetty task-22] DEBUG org.eclipse.jetty.util.thread.strategy.ExecuteProduceConsume - EPC Pend/org.eclipse.jetty.io.ManagedSelector$SelectorProducer@6ec67bbc ran org.eclipse.jetty.io.ManagedSelector$$Lambda$172/1281113573@21fbea70
14:17:11.936 [jetty task-22] DEBUG org.eclipse.jetty.util.thread.strategy.ExecuteProduceConsume - EPC Prod/Pend/org.eclipse.jetty.io.ManagedSelector$SelectorProducer@6ec67bbc producing
14:17:11.936 [jetty task-22] DEBUG org.eclipse.jetty.util.thread.strategy.ExecuteProduceConsume - EPC Prod/Pend/org.eclipse.jetty.io.ManagedSelector$SelectorProducer@6ec67bbc produced org.eclipse.jetty.io.ManagedSelector$$Lambda$172/1281113573@2bd5bc03
14:17:11.936 [jetty task-22] DEBUG org.eclipse.jetty.util.thread.strategy.ExecuteProduceConsume - EPC Pend/org.eclipse.jetty.io.ManagedSelector$SelectorProducer@6ec67bbc run org.eclipse.jetty.io.ManagedSelector$$Lambda$172/1281113573@2bd5bc03
14:17:11.936 [jetty task-22] DEBUG org.eclipse.jetty.util.thread.strategy.ExecutingExecutionStrategy - EPC Pend/org.eclipse.jetty.io.ManagedSelector$SelectorProducer@6ec67bbc invoke  org.eclipse.jetty.io.ManagedSelector$$Lambda$172/1281113573@2bd5bc03
14:17:11.936 [jetty task-22] DEBUG org.eclipse.jetty.io.ManagedSelector - Destroyed SocketChannelEndPoint@303b7f16{/127.0.0.1:55865<->/127.0.0.1:8080,CLOSED,fill=-,flush=-,to=270/0}{io=1/1,kio=-1,kro=-1}->HttpConnection@32b975a0[p=HttpParser{s=CLOSE,0 of -1},g=HttpGenerator@59916f2e{s=START}]=>HttpChannelOverHttp@1b61caf2{r=1,c=false,a=IDLE,uri=null}
14:17:11.936 [jetty task-22] DEBUG org.eclipse.jetty.io.AbstractConnection - onClose HttpConnection@32b975a0[p=HttpParser{s=CLOSE,0 of -1},g=HttpGenerator@59916f2e{s=START}]=>HttpChannelOverHttp@1b61caf2{r=1,c=false,a=IDLE,uri=null}<-SocketChannelEndPoint@303b7f16{/127.0.0.1:55865<->/127.0.0.1:8080,CLOSED,fill=-,flush=-,to=270/0}{io=1/1,kio=-1,kro=-1}->HttpConnection@32b975a0[p=HttpParser{s=CLOSE,0 of -1},g=HttpGenerator@59916f2e{s=START}]=>HttpChannelOverHttp@1b61caf2{r=1,c=false,a=IDLE,uri=null}
14:17:11.936 [jetty task-22] DEBUG org.eclipse.jetty.util.thread.strategy.ExecutingExecutionStrategy - EPC Pend/org.eclipse.jetty.io.ManagedSelector$SelectorProducer@6ec67bbc invoked org.eclipse.jetty.io.ManagedSelector$$Lambda$172/1281113573@2bd5bc03
14:17:11.936 [jetty task-22] DEBUG org.eclipse.jetty.util.thread.strategy.ExecuteProduceConsume - EPC Pend/org.eclipse.jetty.io.ManagedSelector$SelectorProducer@6ec67bbc ran org.eclipse.jetty.io.ManagedSelector$$Lambda$172/1281113573@2bd5bc03
14:17:11.936 [jetty task-22] DEBUG org.eclipse.jetty.util.thread.strategy.ExecuteProduceConsume - EPC Prod/Pend/org.eclipse.jetty.io.ManagedSelector$SelectorProducer@6ec67bbc producing
14:17:11.936 [jetty task-22] DEBUG org.eclipse.jetty.io.ManagedSelector - Selector loop waiting on select
14:17:11.936 [jetty task-16] DEBUG org.eclipse.jetty.util.thread.QueuedThreadPool - run EPC Prod/Pend/org.eclipse.jetty.io.ManagedSelector$SelectorProducer@6ec67bbc
14:17:11.936 [jetty task-16] DEBUG org.eclipse.jetty.util.thread.strategy.ExecuteProduceConsume - EPC Prod/Pend/org.eclipse.jetty.io.ManagedSelector$SelectorProducer@6ec67bbc run
14:17:11.936 [jetty task-16] DEBUG org.eclipse.jetty.util.thread.QueuedThreadPool - ran EPC Prod/org.eclipse.jetty.io.ManagedSelector$SelectorProducer@6ec67bbc
14:17:11.936 [Test worker] DEBUG org.eclipse.jetty.io.ManagedSelector - Queued change org.eclipse.jetty.io.ManagedSelector$CloseSelector@177507bb on org.eclipse.jetty.io.ManagedSelector@584047b5 id=0 keys=0 selected=0
14:17:11.936 [jetty task-22] DEBUG org.eclipse.jetty.io.ManagedSelector - Selector loop woken up from select, 0/0 selected
14:17:11.936 [jetty task-22] DEBUG org.eclipse.jetty.io.ManagedSelector - Running action org.eclipse.jetty.io.ManagedSelector$CloseSelector@177507bb
14:17:11.936 [jetty task-22] DEBUG org.eclipse.jetty.util.thread.strategy.ExecuteProduceConsume - EPC Prod/org.eclipse.jetty.io.ManagedSelector$SelectorProducer@6ec67bbc produced null
14:17:11.936 [jetty task-22] DEBUG org.eclipse.jetty.util.thread.strategy.ExecuteProduceConsume - EPC Idle/org.eclipse.jetty.io.ManagedSelector$SelectorProducer@6ec67bbc produce exit
14:17:11.936 [jetty task-22] DEBUG org.eclipse.jetty.util.thread.QueuedThreadPool - ran EPC Idle/org.eclipse.jetty.io.ManagedSelector$SelectorProducer@6ec67bbc
14:17:11.936 [Test worker] DEBUG org.eclipse.jetty.io.ManagedSelector - Stopped org.eclipse.jetty.io.ManagedSelector@584047b5 id=0 keys=-1 selected=-1
14:17:11.936 [Test worker] DEBUG org.eclipse.jetty.util.component.AbstractLifeCycle - STOPPED org.eclipse.jetty.io.ManagedSelector@584047b5 id=0 keys=-1 selected=-1
14:17:11.936 [Test worker] DEBUG org.eclipse.jetty.util.component.AbstractLifeCycle - STOPPED org.eclipse.jetty.server.ServerConnector$ServerConnectorManager@30ab28be
14:17:11.936 [Test worker] DEBUG org.eclipse.jetty.util.component.AbstractLifeCycle - stopping HttpConnectionFactory@4edb3e8d[HTTP/1.1]
14:17:11.937 [Test worker] DEBUG org.eclipse.jetty.util.component.AbstractLifeCycle - STOPPED HttpConnectionFactory@4edb3e8d[HTTP/1.1]
14:17:11.937 [Test worker] DEBUG org.eclipse.jetty.util.component.AbstractLifeCycle - stopping org.eclipse.jetty.util.thread.ScheduledExecutorScheduler@47909c2d
14:17:11.937 [Test worker] DEBUG org.eclipse.jetty.util.component.AbstractLifeCycle - STOPPED org.eclipse.jetty.util.thread.ScheduledExecutorScheduler@47909c2d
14:17:11.937 [Test worker] INFO org.eclipse.jetty.server.AbstractConnector - Stopped ServerConnector@53bd4614{HTTP/1.1,[http/1.1]}{localhost:8080}
14:17:11.937 [Test worker] DEBUG org.eclipse.jetty.util.component.AbstractLifeCycle - STOPPED ServerConnector@53bd4614{HTTP/1.1,[http/1.1]}{localhost:8080}
14:17:11.937 [Test worker] DEBUG org.eclipse.jetty.server.handler.AbstractHandler - stopping org.eclipse.jetty.server.Server@11daaf
14:17:11.937 [Test worker] DEBUG org.eclipse.jetty.util.component.AbstractLifeCycle - stopping org.eclipse.jetty.server.handler.ErrorHandler@2f7963f8
14:17:11.937 [Test worker] DEBUG org.eclipse.jetty.server.handler.AbstractHandler - stopping org.eclipse.jetty.server.handler.ErrorHandler@2f7963f8
14:17:11.937 [Test worker] DEBUG org.eclipse.jetty.util.component.AbstractLifeCycle - STOPPED org.eclipse.jetty.server.handler.ErrorHandler@2f7963f8
14:17:11.937 [Test worker] DEBUG org.eclipse.jetty.util.component.AbstractLifeCycle - stopping o.e.j.s.h.ContextHandler@38453928{/,null,SHUTDOWN}
14:17:11.937 [Test worker] DEBUG org.eclipse.jetty.server.handler.AbstractHandler - stopping o.e.j.s.h.ContextHandler@38453928{/,null,UNAVAILABLE}
14:17:11.937 [Test worker] DEBUG org.eclipse.jetty.util.component.AbstractLifeCycle - stopping org.jooby.internal.jetty.JettyHandler@3f024c6a
14:17:11.937 [Test worker] DEBUG org.eclipse.jetty.server.handler.AbstractHandler - stopping org.jooby.internal.jetty.JettyHandler@3f024c6a
14:17:11.937 [Test worker] DEBUG org.eclipse.jetty.util.component.AbstractLifeCycle - stopping org.eclipse.jetty.websocket.server.WebSocketServerFactory@762f7b73
14:17:11.937 [Test worker] DEBUG org.eclipse.jetty.util.component.AbstractLifeCycle - stopping org.eclipse.jetty.util.thread.ScheduledExecutorScheduler@3e2dfe61
14:17:11.937 [Test worker] DEBUG org.eclipse.jetty.util.component.AbstractLifeCycle - STOPPED org.eclipse.jetty.util.thread.ScheduledExecutorScheduler@3e2dfe61
14:17:11.937 [Test worker] DEBUG org.eclipse.jetty.util.component.AbstractLifeCycle - STOPPED org.eclipse.jetty.websocket.server.WebSocketServerFactory@762f7b73
14:17:11.937 [Test worker] DEBUG org.eclipse.jetty.util.component.AbstractLifeCycle - STOPPED org.jooby.internal.jetty.JettyHandler@3f024c6a
14:17:11.938 [Test worker] INFO org.eclipse.jetty.server.handler.ContextHandler - Stopped o.e.j.s.h.ContextHandler@38453928{/,null,UNAVAILABLE}
14:17:11.938 [Test worker] DEBUG org.eclipse.jetty.util.component.AbstractLifeCycle - STOPPED o.e.j.s.h.ContextHandler@38453928{/,null,UNAVAILABLE}
14:17:11.938 [Test worker] DEBUG org.eclipse.jetty.util.component.AbstractLifeCycle - stopping jetty task{STARTED,4<=14<=32,i=4,q=0}
14:17:11.985 [jetty task-19-lowPrioritySelector] DEBUG org.eclipse.jetty.util.thread.strategy.ProduceExecuteConsume - org.eclipse.jetty.io.ManagedSelector$SelectorProducer@6f90d7cf produced null
14:17:11.985 [jetty task-19] DEBUG org.eclipse.jetty.util.thread.QueuedThreadPool - ran org.eclipse.jetty.io.ManagedSelector$$Lambda$112/443976155@12a5df8
14:17:11.986 [jetty task-17-lowPrioritySelector] DEBUG org.eclipse.jetty.util.thread.strategy.ProduceExecuteConsume - org.eclipse.jetty.io.ManagedSelector$SelectorProducer@6ec67bbc produced null
14:17:11.986 [jetty task-17] DEBUG org.eclipse.jetty.util.thread.QueuedThreadPool - ran org.eclipse.jetty.io.ManagedSelector$$Lambda$112/443976155@6e91a6b7
14:17:11.986 [Test worker] DEBUG org.eclipse.jetty.util.component.AbstractLifeCycle - STOPPED jetty task{STOPPED,4<=14<=32,i=0,q=0}
14:17:11.986 [Test worker] DEBUG org.eclipse.jetty.util.component.AbstractLifeCycle - STOPPED org.eclipse.jetty.server.Server@11daaf
14:17:11.987 [Test worker] INFO com.revolut.Application - Stopped
]]></system-out>
  <system-err><![CDATA[]]></system-err>
</testsuite>
