<?xml version="1.0" encoding="UTF-8"?>
<testsuite name="com.revolut.service.TransferServiceTest" tests="3" skipped="0" failures="0" errors="0" timestamp="2019-09-22T13:17:12" hostname="Home-Lenovo" time="0.017">
  <properties/>
  <testcase name="testTransferWithFunds" classname="com.revolut.service.TransferServiceTest" time="0.0"/>
  <testcase name="testTransferFundsConcurrent" classname="com.revolut.service.TransferServiceTest" time="0.016"/>
  <testcase name="testTransferWithInsufficentFunds" classname="com.revolut.service.TransferServiceTest" time="0.0"/>
  <system-out><![CDATA[]]></system-out>
  <system-err><![CDATA[]]></system-err>
</testsuite>
