<?xml version="1.0" encoding="UTF-8"?>
<testsuite name="com.revolut.service.BalanceServiceTest" tests="1" skipped="0" failures="0" errors="0" timestamp="2019-09-22T13:17:12" hostname="Home-Lenovo" time="0.001">
  <properties/>
  <testcase name="testGetBalance" classname="com.revolut.service.BalanceServiceTest" time="0.001"/>
  <system-out><![CDATA[]]></system-out>
  <system-err><![CDATA[]]></system-err>
</testsuite>
